<?xml version="1.0" encoding="UTF-8"?>
<robot generator="Robot 3.1.2 (Python 3.8.0 on win32)" generated="20200109 17:02:22.638" rpa="false">
<suite id="s1" name="BulkPatching Robot" source="C:\Users\quocanh.ho\git\BulkPatching_Robot">
<suite id="s1-s1" name="BulkPatching Robot" source="C:\Users\quocanh.ho\git\BulkPatching_Robot\BulkPatching_Robot">
<suite id="s1-s1-s1" name="Test Resources" source="C:\Users\quocanh.ho\git\BulkPatching_Robot\BulkPatching_Robot\Test_Resources">
<suite id="s1-s1-s1-s1" name="Test Suites" source="C:\Users\quocanh.ho\git\BulkPatching_Robot\BulkPatching_Robot\Test_Resources\Test_Suites">
<suite id="s1-s1-s1-s1-s1" name="4.Exit Bulk Patchings Screen" source="C:\Users\quocanh.ho\git\BulkPatching_Robot\BulkPatching_Robot\Test_Resources\Test_Suites\4.Exit_Bulk_Patchings_Screen">
<suite id="s1-s1-s1-s1-s1-s1" name="4.4.2.CheckAllPatchesOnBulkPatchingListArePatchedSuccessfullyAfterWaitingForTimeout" source="C:\Users\quocanh.ho\git\BulkPatching_Robot\BulkPatching_Robot\Test_Resources\Test_Suites\4.Exit_Bulk_Patchings_Screen\4.4.2.CheckAllPatchesOnBulkPatchingListArePatchedSuccessfullyAfterWaitingForTimeout.robot">
<test id="s1-s1-s1-s1-s1-s1-t1" name="Exit_Bulk_04_02_09_Verify that all patches on Bulk patching list are patched successfully after Time out if patching on a 96LC panel">
<kw name="Run Keywords" library="BuiltIn" type="setup">
<doc>Executes all the given keywords in a sequence.</doc>
<arguments>
<arg>Open SSH Connection and Login</arg>
<arg>Open WebUI And Go To Home Screen</arg>
</arguments>
<kw name="Open SSH Connection and Login" library="SSHDefinitions">
<kw name="Open Connection" library="SSHLibrary">
<doc>Opens a new SSH connection to the given ``host`` and ``port``.</doc>
<arguments>
<arg>${HOST_A}</arg>
</arguments>
<status status="PASS" starttime="20200109 17:02:23.233" endtime="20200109 17:02:23.233"></status>
</kw>
<kw name="Login" library="SSHLibrary">
<doc>Logs into the SSH server with the given ``username`` and ``password``.</doc>
<arguments>
<arg>${USERNAME}</arg>
<arg>${PASSWORD}</arg>
</arguments>
<msg timestamp="20200109 17:02:23.233" level="INFO">Logging into '192.168.171.201:22' as 'root'.</msg>
<msg timestamp="20200109 17:02:25.093" level="INFO">Read output: #</msg>
<status status="PASS" starttime="20200109 17:02:23.233" endtime="20200109 17:02:25.093"></status>
</kw>
<status status="PASS" starttime="20200109 17:02:23.233" endtime="20200109 17:02:25.093"></status>
</kw>
<kw name="Open WebUI And Go To Home Screen" library="GeneralPage">
<tags>
<tag>host_A</tag>
<tag>host_B</tag>
</tags>
<kw name="Catenate" library="BuiltIn">
<doc>Catenates the given items together and returns the resulted string.</doc>
<arguments>
<arg>SEPARATOR=</arg>
<arg>http://</arg>
<arg>${HOST A}</arg>
<arg>:8888</arg>
</arguments>
<assign>
<var>${WebUI url}</var>
</assign>
<msg timestamp="20200109 17:02:25.093" level="INFO">${WebUI url} = http://192.168.171.201:8888</msg>
<status status="PASS" starttime="20200109 17:02:25.093" endtime="20200109 17:02:25.093"></status>
</kw>
<kw name="Open Browser" library="SeleniumLibrary">
<doc>Opens a new browser instance to the optional ``url``.</doc>
<arguments>
<arg>${WebUI url}</arg>
<arg>${BROWSER}</arg>
</arguments>
<msg timestamp="20200109 17:02:25.093" level="INFO">Opening browser 'Chrome' to base url 'http://192.168.171.201:8888'.</msg>
<status status="PASS" starttime="20200109 17:02:25.093" endtime="20200109 17:02:28.180"></status>
</kw>
<kw name="Maximize Browser Window" library="SeleniumLibrary">
<doc>Maximizes current browser window.</doc>
<status status="PASS" starttime="20200109 17:02:28.181" endtime="20200109 17:02:29.319"></status>
</kw>
<kw name="Sleep" library="BuiltIn">
<doc>Pauses the test executed for the given time.</doc>
<arguments>
<arg>${PAGE LOAD TIMEOUT}</arg>
</arguments>
<msg timestamp="20200109 17:02:30.325" level="INFO">Slept 1 second</msg>
<status status="PASS" starttime="20200109 17:02:29.319" endtime="20200109 17:02:30.325"></status>
</kw>
<kw name="Set Web UI to Stand By State" library="GeneralPage">
<kw name="Get Element Count" library="SeleniumLibrary">
<doc>Returns the number of elements matching ``locator``.</doc>
<arguments>
<arg>${btnExit}</arg>
</arguments>
<assign>
<var>${count Exit button}</var>
</assign>
<msg timestamp="20200109 17:02:30.356" level="INFO">${count Exit button} = 0</msg>
<status status="PASS" starttime="20200109 17:02:30.325" endtime="20200109 17:02:30.356"></status>
</kw>
<kw name="Run Keyword If" library="BuiltIn">
<doc>Runs the given keyword with the given arguments, if ``condition`` is true.</doc>
<arguments>
<arg>${count Exit button} &gt; 0</arg>
<arg>Exit Screen</arg>
</arguments>
<status status="PASS" starttime="20200109 17:02:30.356" endtime="20200109 17:02:30.356"></status>
</kw>
<kw name="Get Element Count" library="SeleniumLibrary">
<doc>Returns the number of elements matching ``locator``.</doc>
<arguments>
<arg>${btnCancel}</arg>
</arguments>
<assign>
<var>${count Cancel button}</var>
</assign>
<msg timestamp="20200109 17:02:30.388" level="INFO">${count Cancel button} = 0</msg>
<status status="PASS" starttime="20200109 17:02:30.356" endtime="20200109 17:02:30.388"></status>
</kw>
<kw name="Run Keyword If" library="BuiltIn">
<doc>Runs the given keyword with the given arguments, if ``condition`` is true.</doc>
<arguments>
<arg>${count Cancel button} &gt; 0</arg>
<arg>Exit Screen</arg>
</arguments>
<status status="PASS" starttime="20200109 17:02:30.388" endtime="20200109 17:02:30.388"></status>
</kw>
<kw name="Get Element Count" library="SeleniumLibrary">
<doc>Returns the number of elements matching ``locator``.</doc>
<arguments>
<arg>${lblimVisionX}</arg>
</arguments>
<assign>
<var>${count Home screen}</var>
</assign>
<msg timestamp="20200109 17:02:30.403" level="INFO">${count Home screen} = 0</msg>
<status status="PASS" starttime="20200109 17:02:30.388" endtime="20200109 17:02:30.403"></status>
</kw>
<kw name="Run Keyword If" library="BuiltIn">
<doc>Runs the given keyword with the given arguments, if ``condition`` is true.</doc>
<arguments>
<arg>${count Home screen} &gt; 0</arg>
<arg>Run Keywords</arg>
<arg>Click Web Button</arg>
<arg>${btnHome}</arg>
<arg>AND</arg>
<arg>Wait For Page Load</arg>
</arguments>
<status status="PASS" starttime="20200109 17:02:30.403" endtime="20200109 17:02:30.403"></status>
</kw>
<status status="PASS" starttime="20200109 17:02:30.325" endtime="20200109 17:02:30.403"></status>
</kw>
<kw name="Go To Home Screen" library="GeneralPage">
<kw name="Click Web Button" library="GeneralPage">
<arguments>
<arg>${btnHome}</arg>
</arguments>
<kw name="Get Element Count" library="SeleniumLibrary">
<doc>Returns the number of elements matching ``locator``.</doc>
<arguments>
<arg>${btnName}</arg>
</arguments>
<assign>
<var>${button exist}</var>
</assign>
<msg timestamp="20200109 17:02:30.434" level="INFO">${button exist} = 1</msg>
<status status="PASS" starttime="20200109 17:02:30.403" endtime="20200109 17:02:30.434"></status>
</kw>
<kw name="Run Keyword If" library="BuiltIn">
<doc>Runs the given keyword with the given arguments, if ``condition`` is true.</doc>
<arguments>
<arg>${button exist} == 1</arg>
<arg>Run Keyword And Continue On Failure</arg>
<arg>Run Keywords</arg>
<arg>Click Element</arg>
<arg>${btnName}</arg>
<arg>AND</arg>
<arg>Wait For Page Load</arg>
</arguments>
<kw name="Run Keyword And Continue On Failure" library="BuiltIn">
<doc>Runs the keyword and continues execution even if a failure occurs.</doc>
<arguments>
<arg>Run Keywords</arg>
<arg>Click Element</arg>
<arg>${btnName}</arg>
<arg>AND</arg>
<arg>Wait For Page Load</arg>
</arguments>
<kw name="Run Keywords" library="BuiltIn">
<doc>Executes all the given keywords in a sequence.</doc>
<arguments>
<arg>Click Element</arg>
<arg>${btnName}</arg>
<arg>AND</arg>
<arg>Wait For Page Load</arg>
</arguments>
<kw name="Click Element" library="SeleniumLibrary">
<doc>Click the element identified by ``locator``.</doc>
<arguments>
<arg>${btnName}</arg>
</arguments>
<msg timestamp="20200109 17:02:30.450" level="INFO">Clicking element '//div[@id='home-lang']'.</msg>
<status status="PASS" starttime="20200109 17:02:30.434" endtime="20200109 17:02:30.598"></status>
</kw>
<kw name="Wait For Page Load" library="GeneralPage">
<kw name="Sleep" library="BuiltIn">
<doc>Pauses the test executed for the given time.</doc>
<arguments>
<arg>${PAGE LOAD TIMEOUT}</arg>
</arguments>
<msg timestamp="20200109 17:02:31.612" level="INFO">Slept 1 second</msg>
<status status="PASS" starttime="20200109 17:02:30.603" endtime="20200109 17:02:31.613"></status>
</kw>
<status status="PASS" starttime="20200109 17:02:30.600" endtime="20200109 17:02:31.614"></status>
</kw>
<status status="PASS" starttime="20200109 17:02:30.434" endtime="20200109 17:02:31.615"></status>
</kw>
<status status="PASS" starttime="20200109 17:02:30.434" endtime="20200109 17:02:31.615"></status>
</kw>
<status status="PASS" starttime="20200109 17:02:30.434" endtime="20200109 17:02:31.616"></status>
</kw>
<status status="PASS" starttime="20200109 17:02:30.403" endtime="20200109 17:02:31.617"></status>
</kw>
<status status="PASS" starttime="20200109 17:02:30.403" endtime="20200109 17:02:31.617"></status>
</kw>
<status status="PASS" starttime="20200109 17:02:25.093" endtime="20200109 17:02:31.618"></status>
</kw>
<status status="PASS" starttime="20200109 17:02:23.233" endtime="20200109 17:02:31.618"></status>
</kw>
<kw name="Given Go To Bulk Patching Screen" library="HomePage">
<kw name="Click Element" library="SeleniumLibrary">
<doc>Click the element identified by ``locator``.</doc>
<arguments>
<arg>${btnBulk Patching}</arg>
</arguments>
<msg timestamp="20200109 17:02:31.622" level="INFO">Clicking element '//input[@id='bulk-patch-btn']'.</msg>
<status status="PASS" starttime="20200109 17:02:31.621" endtime="20200109 17:02:31.761"></status>
</kw>
<kw name="Wait For Page Load" library="GeneralPage">
<kw name="Sleep" library="BuiltIn">
<doc>Pauses the test executed for the given time.</doc>
<arguments>
<arg>${PAGE LOAD TIMEOUT}</arg>
</arguments>
<msg timestamp="20200109 17:02:32.777" level="INFO">Slept 1 second</msg>
<status status="PASS" starttime="20200109 17:02:31.762" endtime="20200109 17:02:32.777"></status>
</kw>
<status status="PASS" starttime="20200109 17:02:31.762" endtime="20200109 17:02:32.777"></status>
</kw>
<status status="PASS" starttime="20200109 17:02:31.620" endtime="20200109 17:02:32.777"></status>
</kw>
<kw name="When Plugin Serial 24F Tip to Rack &quot;1&quot; Panel &quot;6&quot; Row &quot;1&quot; Module &quot;A&quot; from Port &quot;1&quot; to Port &quot;3&quot;" library="VirtualPanelDefinitions">
<kw name="Convert To Integer" library="BuiltIn">
<doc>Converts the given item to an integer number.</doc>
<arguments>
<arg>${port1ID}</arg>
</arguments>
<assign>
<var>${from port}</var>
</assign>
<msg timestamp="20200109 17:02:32.777" level="INFO">${from port} = 1</msg>
<status status="PASS" starttime="20200109 17:02:32.777" endtime="20200109 17:02:32.777"></status>
</kw>
<kw name="Convert To Integer" library="BuiltIn">
<doc>Converts the given item to an integer number.</doc>
<arguments>
<arg>${port2ID}</arg>
</arguments>
<assign>
<var>${to port}</var>
</assign>
<msg timestamp="20200109 17:02:32.777" level="INFO">${to port} = 3</msg>
<status status="PASS" starttime="20200109 17:02:32.777" endtime="20200109 17:02:32.777"></status>
</kw>
<kw name="${i} IN RANGE [ ${from port} | ${to port+1} ]" type="for">
<kw name="${i} = 1" type="foritem">
<kw name="Plugin 24F Tip to Rack &quot;${rackID}&quot; Panel &quot;${panelID}&quot; Row &quot;${row}&quot; Module &quot;${module}&quot; Port &quot;${i}&quot;" library="VirtualPanelDefinitions">
<kw name="Get 24F Panel Index" library="VirtualPanelDefinitions">
<arguments>
<arg>${rackID}</arg>
<arg>${panelID}</arg>
<arg>${row}</arg>
<arg>${module}</arg>
</arguments>
<assign>
<var>${panel index}</var>
</assign>
<kw name="Get Length" library="BuiltIn">
<doc>Returns and logs the length of the given item as an integer.</doc>
<arguments>
<arg>${VPpanels}</arg>
</arguments>
<assign>
<var>${panels number}</var>
</assign>
<msg timestamp="20200109 17:02:32.777" level="INFO">Length is 12</msg>
<msg timestamp="20200109 17:02:32.777" level="INFO">${panels number} = 12</msg>
<status status="PASS" starttime="20200109 17:02:32.777" endtime="20200109 17:02:32.777"></status>
</kw>
<kw name="Run Keyword If" library="BuiltIn">
<doc>Runs the given keyword with the given arguments, if ``condition`` is true.</doc>
<arguments>
<arg>'${input module}' == 'A' or '${input module}' == 'a' or '${input module}' == 'B' or '${input module}' == 'b'</arg>
<arg>Set Variable</arg>
<arg>AB</arg>
<arg>ELSE IF</arg>
<arg>'${input module}' == 'C' or '${input module}' == 'c' or '${input module}' == 'D' or '${input module}' == 'd'</arg>
<arg>Set Variable</arg>
<arg>CD</arg>
</arguments>
<assign>
<var>${temp module}</var>
</assign>
<kw name="Set Variable" library="BuiltIn">
<doc>Returns the given values which can then be assigned to a variables.</doc>
<arguments>
<arg>AB</arg>
</arguments>
<status status="PASS" starttime="20200109 17:02:32.792" endtime="20200109 17:02:32.792"></status>
</kw>
<msg timestamp="20200109 17:02:32.792" level="INFO">${temp module} = AB</msg>
<status status="PASS" starttime="20200109 17:02:32.792" endtime="20200109 17:02:32.792"></status>
</kw>
<kw name="${panel index} IN RANGE [ ${panels number-1} ]" type="for">
<kw name="${panel index} = 0" type="foritem">
<kw name="Run Keyword If" library="BuiltIn">
<doc>Runs the given keyword with the given arguments, if ``condition`` is true.</doc>
<arguments>
<arg>'${VPpanels[${panel index+1}][&amp;{dic panels table}[panel type]]}' == '${VIRTUAL PANELS TYPE}[24F]' and '${VPpanels[${panel index+1}][&amp;{dic panels table}[rackID]]}' == '${input rackID}' and '${VPpanels[${panel index+1}][&amp;{dic panels table}[panelID]]}' == '${input panelID}' and '${VPpanels[${panel index+1}][&amp;{dic panels table}[row]]}' == '${input row}' and '${VPpanels[${panel index+1}][&amp;{dic panels table}[module]]}' == '${temp module}'</arg>
<arg>Exit For Loop</arg>
</arguments>
<status status="PASS" starttime="20200109 17:02:32.792" endtime="20200109 17:02:32.792"></status>
</kw>
<status status="PASS" starttime="20200109 17:02:32.792" endtime="20200109 17:02:32.792"></status>
</kw>
<kw name="${panel index} = 1" type="foritem">
<kw name="Run Keyword If" library="BuiltIn">
<doc>Runs the given keyword with the given arguments, if ``condition`` is true.</doc>
<arguments>
<arg>'${VPpanels[${panel index+1}][&amp;{dic panels table}[panel type]]}' == '${VIRTUAL PANELS TYPE}[24F]' and '${VPpanels[${panel index+1}][&amp;{dic panels table}[rackID]]}' == '${input rackID}' and '${VPpanels[${panel index+1}][&amp;{dic panels table}[panelID]]}' == '${input panelID}' and '${VPpanels[${panel index+1}][&amp;{dic panels table}[row]]}' == '${input row}' and '${VPpanels[${panel index+1}][&amp;{dic panels table}[module]]}' == '${temp module}'</arg>
<arg>Exit For Loop</arg>
</arguments>
<status status="PASS" starttime="20200109 17:02:32.792" endtime="20200109 17:02:32.808"></status>
</kw>
<status status="PASS" starttime="20200109 17:02:32.792" endtime="20200109 17:02:32.808"></status>
</kw>
<kw name="${panel index} = 2" type="foritem">
<kw name="Run Keyword If" library="BuiltIn">
<doc>Runs the given keyword with the given arguments, if ``condition`` is true.</doc>
<arguments>
<arg>'${VPpanels[${panel index+1}][&amp;{dic panels table}[panel type]]}' == '${VIRTUAL PANELS TYPE}[24F]' and '${VPpanels[${panel index+1}][&amp;{dic panels table}[rackID]]}' == '${input rackID}' and '${VPpanels[${panel index+1}][&amp;{dic panels table}[panelID]]}' == '${input panelID}' and '${VPpanels[${panel index+1}][&amp;{dic panels table}[row]]}' == '${input row}' and '${VPpanels[${panel index+1}][&amp;{dic panels table}[module]]}' == '${temp module}'</arg>
<arg>Exit For Loop</arg>
</arguments>
<status status="PASS" starttime="20200109 17:02:32.808" endtime="20200109 17:02:32.808"></status>
</kw>
<status status="PASS" starttime="20200109 17:02:32.808" endtime="20200109 17:02:32.808"></status>
</kw>
<kw name="${panel index} = 3" type="foritem">
<kw name="Run Keyword If" library="BuiltIn">
<doc>Runs the given keyword with the given arguments, if ``condition`` is true.</doc>
<arguments>
<arg>'${VPpanels[${panel index+1}][&amp;{dic panels table}[panel type]]}' == '${VIRTUAL PANELS TYPE}[24F]' and '${VPpanels[${panel index+1}][&amp;{dic panels table}[rackID]]}' == '${input rackID}' and '${VPpanels[${panel index+1}][&amp;{dic panels table}[panelID]]}' == '${input panelID}' and '${VPpanels[${panel index+1}][&amp;{dic panels table}[row]]}' == '${input row}' and '${VPpanels[${panel index+1}][&amp;{dic panels table}[module]]}' == '${temp module}'</arg>
<arg>Exit For Loop</arg>
</arguments>
<status status="PASS" starttime="20200109 17:02:32.808" endtime="20200109 17:02:32.808"></status>
</kw>
<status status="PASS" starttime="20200109 17:02:32.808" endtime="20200109 17:02:32.808"></status>
</kw>
<kw name="${panel index} = 4" type="foritem">
<kw name="Run Keyword If" library="BuiltIn">
<doc>Runs the given keyword with the given arguments, if ``condition`` is true.</doc>
<arguments>
<arg>'${VPpanels[${panel index+1}][&amp;{dic panels table}[panel type]]}' == '${VIRTUAL PANELS TYPE}[24F]' and '${VPpanels[${panel index+1}][&amp;{dic panels table}[rackID]]}' == '${input rackID}' and '${VPpanels[${panel index+1}][&amp;{dic panels table}[panelID]]}' == '${input panelID}' and '${VPpanels[${panel index+1}][&amp;{dic panels table}[row]]}' == '${input row}' and '${VPpanels[${panel index+1}][&amp;{dic panels table}[module]]}' == '${temp module}'</arg>
<arg>Exit For Loop</arg>
</arguments>
<status status="PASS" starttime="20200109 17:02:32.808" endtime="20200109 17:02:32.808"></status>
</kw>
<status status="PASS" starttime="20200109 17:02:32.808" endtime="20200109 17:02:32.808"></status>
</kw>
<kw name="${panel index} = 5" type="foritem">
<kw name="Run Keyword If" library="BuiltIn">
<doc>Runs the given keyword with the given arguments, if ``condition`` is true.</doc>
<arguments>
<arg>'${VPpanels[${panel index+1}][&amp;{dic panels table}[panel type]]}' == '${VIRTUAL PANELS TYPE}[24F]' and '${VPpanels[${panel index+1}][&amp;{dic panels table}[rackID]]}' == '${input rackID}' and '${VPpanels[${panel index+1}][&amp;{dic panels table}[panelID]]}' == '${input panelID}' and '${VPpanels[${panel index+1}][&amp;{dic panels table}[row]]}' == '${input row}' and '${VPpanels[${panel index+1}][&amp;{dic panels table}[module]]}' == '${temp module}'</arg>
<arg>Exit For Loop</arg>
</arguments>
<status status="PASS" starttime="20200109 17:02:32.808" endtime="20200109 17:02:32.808"></status>
</kw>
<status status="PASS" starttime="20200109 17:02:32.808" endtime="20200109 17:02:32.808"></status>
</kw>
<kw name="${panel index} = 6" type="foritem">
<kw name="Run Keyword If" library="BuiltIn">
<doc>Runs the given keyword with the given arguments, if ``condition`` is true.</doc>
<arguments>
<arg>'${VPpanels[${panel index+1}][&amp;{dic panels table}[panel type]]}' == '${VIRTUAL PANELS TYPE}[24F]' and '${VPpanels[${panel index+1}][&amp;{dic panels table}[rackID]]}' == '${input rackID}' and '${VPpanels[${panel index+1}][&amp;{dic panels table}[panelID]]}' == '${input panelID}' and '${VPpanels[${panel index+1}][&amp;{dic panels table}[row]]}' == '${input row}' and '${VPpanels[${panel index+1}][&amp;{dic panels table}[module]]}' == '${temp module}'</arg>
<arg>Exit For Loop</arg>
</arguments>
<status status="PASS" starttime="20200109 17:02:32.808" endtime="20200109 17:02:32.824"></status>
</kw>
<status status="PASS" starttime="20200109 17:02:32.808" endtime="20200109 17:02:32.824"></status>
</kw>
<kw name="${panel index} = 7" type="foritem">
<kw name="Run Keyword If" library="BuiltIn">
<doc>Runs the given keyword with the given arguments, if ``condition`` is true.</doc>
<arguments>
<arg>'${VPpanels[${panel index+1}][&amp;{dic panels table}[panel type]]}' == '${VIRTUAL PANELS TYPE}[24F]' and '${VPpanels[${panel index+1}][&amp;{dic panels table}[rackID]]}' == '${input rackID}' and '${VPpanels[${panel index+1}][&amp;{dic panels table}[panelID]]}' == '${input panelID}' and '${VPpanels[${panel index+1}][&amp;{dic panels table}[row]]}' == '${input row}' and '${VPpanels[${panel index+1}][&amp;{dic panels table}[module]]}' == '${temp module}'</arg>
<arg>Exit For Loop</arg>
</arguments>
<status status="PASS" starttime="20200109 17:02:32.824" endtime="20200109 17:02:32.824"></status>
</kw>
<status status="PASS" starttime="20200109 17:02:32.824" endtime="20200109 17:02:32.824"></status>
</kw>
<kw name="${panel index} = 8" type="foritem">
<kw name="Run Keyword If" library="BuiltIn">
<doc>Runs the given keyword with the given arguments, if ``condition`` is true.</doc>
<arguments>
<arg>'${VPpanels[${panel index+1}][&amp;{dic panels table}[panel type]]}' == '${VIRTUAL PANELS TYPE}[24F]' and '${VPpanels[${panel index+1}][&amp;{dic panels table}[rackID]]}' == '${input rackID}' and '${VPpanels[${panel index+1}][&amp;{dic panels table}[panelID]]}' == '${input panelID}' and '${VPpanels[${panel index+1}][&amp;{dic panels table}[row]]}' == '${input row}' and '${VPpanels[${panel index+1}][&amp;{dic panels table}[module]]}' == '${temp module}'</arg>
<arg>Exit For Loop</arg>
</arguments>
<status status="PASS" starttime="20200109 17:02:32.824" endtime="20200109 17:02:32.824"></status>
</kw>
<status status="PASS" starttime="20200109 17:02:32.824" endtime="20200109 17:02:32.824"></status>
</kw>
<kw name="${panel index} = 9" type="foritem">
<kw name="Run Keyword If" library="BuiltIn">
<doc>Runs the given keyword with the given arguments, if ``condition`` is true.</doc>
<arguments>
<arg>'${VPpanels[${panel index+1}][&amp;{dic panels table}[panel type]]}' == '${VIRTUAL PANELS TYPE}[24F]' and '${VPpanels[${panel index+1}][&amp;{dic panels table}[rackID]]}' == '${input rackID}' and '${VPpanels[${panel index+1}][&amp;{dic panels table}[panelID]]}' == '${input panelID}' and '${VPpanels[${panel index+1}][&amp;{dic panels table}[row]]}' == '${input row}' and '${VPpanels[${panel index+1}][&amp;{dic panels table}[module]]}' == '${temp module}'</arg>
<arg>Exit For Loop</arg>
</arguments>
<kw name="Exit For Loop" library="BuiltIn">
<doc>Stops executing the enclosing for loop.</doc>
<msg timestamp="20200109 17:02:32.824" level="INFO">Exiting for loop altogether.</msg>
<status status="PASS" starttime="20200109 17:02:32.824" endtime="20200109 17:02:32.824"></status>
</kw>
<status status="PASS" starttime="20200109 17:02:32.824" endtime="20200109 17:02:32.824"></status>
</kw>
<status status="PASS" starttime="20200109 17:02:32.824" endtime="20200109 17:02:32.824"></status>
</kw>
<status status="PASS" starttime="20200109 17:02:32.792" endtime="20200109 17:02:32.824"></status>
</kw>
<msg timestamp="20200109 17:02:32.824" level="INFO">${panel index} = 10</msg>
<status status="PASS" starttime="20200109 17:02:32.777" endtime="20200109 17:02:32.824"></status>
</kw>
<kw name="Log" library="BuiltIn">
<doc>Logs the given message with the given level.</doc>
<arguments>
<arg>${panel index}</arg>
</arguments>
<msg timestamp="20200109 17:02:32.824" level="INFO">10</msg>
<status status="PASS" starttime="20200109 17:02:32.824" endtime="20200109 17:02:32.824"></status>
</kw>
<kw name="Catenate" library="BuiltIn">
<doc>Catenates the given items together and returns the resulted string.</doc>
<arguments>
<arg>vp_cmd_helper --plugin --rack</arg>
<arg>${rackID}</arg>
<arg>--panel</arg>
<arg>${panel index}</arg>
<arg>--module</arg>
<arg>${module}</arg>
<arg>--port</arg>
<arg>${portID}</arg>
</arguments>
<assign>
<var>${completed command}</var>
</assign>
<msg timestamp="20200109 17:02:32.824" level="INFO">${completed command} = vp_cmd_helper --plugin --rack 1 --panel 10 --module A --port 1</msg>
<status status="PASS" starttime="20200109 17:02:32.824" endtime="20200109 17:02:32.824"></status>
</kw>
<kw name="Log" library="BuiltIn">
<doc>Logs the given message with the given level.</doc>
<arguments>
<arg>${completed command}</arg>
</arguments>
<msg timestamp="20200109 17:02:32.824" level="INFO">vp_cmd_helper --plugin --rack 1 --panel 10 --module A --port 1</msg>
<status status="PASS" starttime="20200109 17:02:32.824" endtime="20200109 17:02:32.824"></status>
</kw>
<kw name="Enter Virtual Command ${completed command}" library="SSHDefinitions">
<kw name="Write" library="SSHLibrary">
<doc>Writes the given ``text`` on the remote machine and appends a newline.</doc>
<arguments>
<arg>${command}</arg>
</arguments>
<msg timestamp="20200109 17:02:32.902" level="INFO">vp_cmd_helper --plugin --rack 1 --panel 10 --module A --port 1</msg>
<status status="PASS" starttime="20200109 17:02:32.839" endtime="20200109 17:02:32.902"></status>
</kw>
<kw name="Read" library="SSHLibrary">
<doc>Consumes and returns everything available on the server output.</doc>
<arguments>
<arg>loglevel=Trace</arg>
<arg>delay=1s</arg>
</arguments>
<assign>
<var>${stdout}</var>
</assign>
<msg timestamp="20200109 17:02:34.919" level="INFO">${stdout} = result=success
command=plugin
test_setup=on
bus_connect=on
bus_power=on
rack=1
panel=10
type=96lc
panel_state=RUN
modulekit=AB
serial=36FFFF200001
count=11
# </msg>
<status status="PASS" starttime="20200109 17:02:32.902" endtime="20200109 17:02:34.919"></status>
</kw>
<kw name="Log" library="BuiltIn">
<doc>Logs the given message with the given level.</doc>
<arguments>
<arg>${stdout}</arg>
</arguments>
<msg timestamp="20200109 17:02:34.919" level="INFO">result=success
command=plugin
test_setup=on
bus_connect=on
bus_power=on
rack=1
panel=10
type=96lc
panel_state=RUN
modulekit=AB
serial=36FFFF200001
count=11
# </msg>
<status status="PASS" starttime="20200109 17:02:34.919" endtime="20200109 17:02:34.919"></status>
</kw>
<status status="PASS" starttime="20200109 17:02:32.824" endtime="20200109 17:02:34.919"></status>
</kw>
<status status="PASS" starttime="20200109 17:02:32.777" endtime="20200109 17:02:34.919"></status>
</kw>
<status status="PASS" starttime="20200109 17:02:32.777" endtime="20200109 17:02:34.919"></status>
</kw>
<kw name="${i} = 2" type="foritem">
<kw name="Plugin 24F Tip to Rack &quot;${rackID}&quot; Panel &quot;${panelID}&quot; Row &quot;${row}&quot; Module &quot;${module}&quot; Port &quot;${i}&quot;" library="VirtualPanelDefinitions">
<kw name="Get 24F Panel Index" library="VirtualPanelDefinitions">
<arguments>
<arg>${rackID}</arg>
<arg>${panelID}</arg>
<arg>${row}</arg>
<arg>${module}</arg>
</arguments>
<assign>
<var>${panel index}</var>
</assign>
<kw name="Get Length" library="BuiltIn">
<doc>Returns and logs the length of the given item as an integer.</doc>
<arguments>
<arg>${VPpanels}</arg>
</arguments>
<assign>
<var>${panels number}</var>
</assign>
<msg timestamp="20200109 17:02:34.919" level="INFO">Length is 12</msg>
<msg timestamp="20200109 17:02:34.919" level="INFO">${panels number} = 12</msg>
<status status="PASS" starttime="20200109 17:02:34.919" endtime="20200109 17:02:34.919"></status>
</kw>
<kw name="Run Keyword If" library="BuiltIn">
<doc>Runs the given keyword with the given arguments, if ``condition`` is true.</doc>
<arguments>
<arg>'${input module}' == 'A' or '${input module}' == 'a' or '${input module}' == 'B' or '${input module}' == 'b'</arg>
<arg>Set Variable</arg>
<arg>AB</arg>
<arg>ELSE IF</arg>
<arg>'${input module}' == 'C' or '${input module}' == 'c' or '${input module}' == 'D' or '${input module}' == 'd'</arg>
<arg>Set Variable</arg>
<arg>CD</arg>
</arguments>
<assign>
<var>${temp module}</var>
</assign>
<kw name="Set Variable" library="BuiltIn">
<doc>Returns the given values which can then be assigned to a variables.</doc>
<arguments>
<arg>AB</arg>
</arguments>
<status status="PASS" starttime="20200109 17:02:34.919" endtime="20200109 17:02:34.919"></status>
</kw>
<msg timestamp="20200109 17:02:34.919" level="INFO">${temp module} = AB</msg>
<status status="PASS" starttime="20200109 17:02:34.919" endtime="20200109 17:02:34.934"></status>
</kw>
<kw name="${panel index} IN RANGE [ ${panels number-1} ]" type="for">
<kw name="${panel index} = 0" type="foritem">
<kw name="Run Keyword If" library="BuiltIn">
<doc>Runs the given keyword with the given arguments, if ``condition`` is true.</doc>
<arguments>
<arg>'${VPpanels[${panel index+1}][&amp;{dic panels table}[panel type]]}' == '${VIRTUAL PANELS TYPE}[24F]' and '${VPpanels[${panel index+1}][&amp;{dic panels table}[rackID]]}' == '${input rackID}' and '${VPpanels[${panel index+1}][&amp;{dic panels table}[panelID]]}' == '${input panelID}' and '${VPpanels[${panel index+1}][&amp;{dic panels table}[row]]}' == '${input row}' and '${VPpanels[${panel index+1}][&amp;{dic panels table}[module]]}' == '${temp module}'</arg>
<arg>Exit For Loop</arg>
</arguments>
<status status="PASS" starttime="20200109 17:02:34.934" endtime="20200109 17:02:34.934"></status>
</kw>
<status status="PASS" starttime="20200109 17:02:34.934" endtime="20200109 17:02:34.934"></status>
</kw>
<kw name="${panel index} = 1" type="foritem">
<kw name="Run Keyword If" library="BuiltIn">
<doc>Runs the given keyword with the given arguments, if ``condition`` is true.</doc>
<arguments>
<arg>'${VPpanels[${panel index+1}][&amp;{dic panels table}[panel type]]}' == '${VIRTUAL PANELS TYPE}[24F]' and '${VPpanels[${panel index+1}][&amp;{dic panels table}[rackID]]}' == '${input rackID}' and '${VPpanels[${panel index+1}][&amp;{dic panels table}[panelID]]}' == '${input panelID}' and '${VPpanels[${panel index+1}][&amp;{dic panels table}[row]]}' == '${input row}' and '${VPpanels[${panel index+1}][&amp;{dic panels table}[module]]}' == '${temp module}'</arg>
<arg>Exit For Loop</arg>
</arguments>
<status status="PASS" starttime="20200109 17:02:34.934" endtime="20200109 17:02:34.934"></status>
</kw>
<status status="PASS" starttime="20200109 17:02:34.934" endtime="20200109 17:02:34.934"></status>
</kw>
<kw name="${panel index} = 2" type="foritem">
<kw name="Run Keyword If" library="BuiltIn">
<doc>Runs the given keyword with the given arguments, if ``condition`` is true.</doc>
<arguments>
<arg>'${VPpanels[${panel index+1}][&amp;{dic panels table}[panel type]]}' == '${VIRTUAL PANELS TYPE}[24F]' and '${VPpanels[${panel index+1}][&amp;{dic panels table}[rackID]]}' == '${input rackID}' and '${VPpanels[${panel index+1}][&amp;{dic panels table}[panelID]]}' == '${input panelID}' and '${VPpanels[${panel index+1}][&amp;{dic panels table}[row]]}' == '${input row}' and '${VPpanels[${panel index+1}][&amp;{dic panels table}[module]]}' == '${temp module}'</arg>
<arg>Exit For Loop</arg>
</arguments>
<status status="PASS" starttime="20200109 17:02:34.934" endtime="20200109 17:02:34.950"></status>
</kw>
<status status="PASS" starttime="20200109 17:02:34.934" endtime="20200109 17:02:34.950"></status>
</kw>
<kw name="${panel index} = 3" type="foritem">
<kw name="Run Keyword If" library="BuiltIn">
<doc>Runs the given keyword with the given arguments, if ``condition`` is true.</doc>
<arguments>
<arg>'${VPpanels[${panel index+1}][&amp;{dic panels table}[panel type]]}' == '${VIRTUAL PANELS TYPE}[24F]' and '${VPpanels[${panel index+1}][&amp;{dic panels table}[rackID]]}' == '${input rackID}' and '${VPpanels[${panel index+1}][&amp;{dic panels table}[panelID]]}' == '${input panelID}' and '${VPpanels[${panel index+1}][&amp;{dic panels table}[row]]}' == '${input row}' and '${VPpanels[${panel index+1}][&amp;{dic panels table}[module]]}' == '${temp module}'</arg>
<arg>Exit For Loop</arg>
</arguments>
<status status="PASS" starttime="20200109 17:02:34.950" endtime="20200109 17:02:34.950"></status>
</kw>
<status status="PASS" starttime="20200109 17:02:34.950" endtime="20200109 17:02:34.950"></status>
</kw>
<kw name="${panel index} = 4" type="foritem">
<kw name="Run Keyword If" library="BuiltIn">
<doc>Runs the given keyword with the given arguments, if ``condition`` is true.</doc>
<arguments>
<arg>'${VPpanels[${panel index+1}][&amp;{dic panels table}[panel type]]}' == '${VIRTUAL PANELS TYPE}[24F]' and '${VPpanels[${panel index+1}][&amp;{dic panels table}[rackID]]}' == '${input rackID}' and '${VPpanels[${panel index+1}][&amp;{dic panels table}[panelID]]}' == '${input panelID}' and '${VPpanels[${panel index+1}][&amp;{dic panels table}[row]]}' == '${input row}' and '${VPpanels[${panel index+1}][&amp;{dic panels table}[module]]}' == '${temp module}'</arg>
<arg>Exit For Loop</arg>
</arguments>
<status status="PASS" starttime="20200109 17:02:34.950" endtime="20200109 17:02:34.950"></status>
</kw>
<status status="PASS" starttime="20200109 17:02:34.950" endtime="20200109 17:02:34.950"></status>
</kw>
<kw name="${panel index} = 5" type="foritem">
<kw name="Run Keyword If" library="BuiltIn">
<doc>Runs the given keyword with the given arguments, if ``condition`` is true.</doc>
<arguments>
<arg>'${VPpanels[${panel index+1}][&amp;{dic panels table}[panel type]]}' == '${VIRTUAL PANELS TYPE}[24F]' and '${VPpanels[${panel index+1}][&amp;{dic panels table}[rackID]]}' == '${input rackID}' and '${VPpanels[${panel index+1}][&amp;{dic panels table}[panelID]]}' == '${input panelID}' and '${VPpanels[${panel index+1}][&amp;{dic panels table}[row]]}' == '${input row}' and '${VPpanels[${panel index+1}][&amp;{dic panels table}[module]]}' == '${temp module}'</arg>
<arg>Exit For Loop</arg>
</arguments>
<status status="PASS" starttime="20200109 17:02:34.950" endtime="20200109 17:02:34.966"></status>
</kw>
<status status="PASS" starttime="20200109 17:02:34.950" endtime="20200109 17:02:34.966"></status>
</kw>
<kw name="${panel index} = 6" type="foritem">
<kw name="Run Keyword If" library="BuiltIn">
<doc>Runs the given keyword with the given arguments, if ``condition`` is true.</doc>
<arguments>
<arg>'${VPpanels[${panel index+1}][&amp;{dic panels table}[panel type]]}' == '${VIRTUAL PANELS TYPE}[24F]' and '${VPpanels[${panel index+1}][&amp;{dic panels table}[rackID]]}' == '${input rackID}' and '${VPpanels[${panel index+1}][&amp;{dic panels table}[panelID]]}' == '${input panelID}' and '${VPpanels[${panel index+1}][&amp;{dic panels table}[row]]}' == '${input row}' and '${VPpanels[${panel index+1}][&amp;{dic panels table}[module]]}' == '${temp module}'</arg>
<arg>Exit For Loop</arg>
</arguments>
<status status="PASS" starttime="20200109 17:02:34.966" endtime="20200109 17:02:34.966"></status>
</kw>
<status status="PASS" starttime="20200109 17:02:34.966" endtime="20200109 17:02:34.966"></status>
</kw>
<kw name="${panel index} = 7" type="foritem">
<kw name="Run Keyword If" library="BuiltIn">
<doc>Runs the given keyword with the given arguments, if ``condition`` is true.</doc>
<arguments>
<arg>'${VPpanels[${panel index+1}][&amp;{dic panels table}[panel type]]}' == '${VIRTUAL PANELS TYPE}[24F]' and '${VPpanels[${panel index+1}][&amp;{dic panels table}[rackID]]}' == '${input rackID}' and '${VPpanels[${panel index+1}][&amp;{dic panels table}[panelID]]}' == '${input panelID}' and '${VPpanels[${panel index+1}][&amp;{dic panels table}[row]]}' == '${input row}' and '${VPpanels[${panel index+1}][&amp;{dic panels table}[module]]}' == '${temp module}'</arg>
<arg>Exit For Loop</arg>
</arguments>
<status status="PASS" starttime="20200109 17:02:34.966" endtime="20200109 17:02:34.966"></status>
</kw>
<status status="PASS" starttime="20200109 17:02:34.966" endtime="20200109 17:02:34.966"></status>
</kw>
<kw name="${panel index} = 8" type="foritem">
<kw name="Run Keyword If" library="BuiltIn">
<doc>Runs the given keyword with the given arguments, if ``condition`` is true.</doc>
<arguments>
<arg>'${VPpanels[${panel index+1}][&amp;{dic panels table}[panel type]]}' == '${VIRTUAL PANELS TYPE}[24F]' and '${VPpanels[${panel index+1}][&amp;{dic panels table}[rackID]]}' == '${input rackID}' and '${VPpanels[${panel index+1}][&amp;{dic panels table}[panelID]]}' == '${input panelID}' and '${VPpanels[${panel index+1}][&amp;{dic panels table}[row]]}' == '${input row}' and '${VPpanels[${panel index+1}][&amp;{dic panels table}[module]]}' == '${temp module}'</arg>
<arg>Exit For Loop</arg>
</arguments>
<status status="PASS" starttime="20200109 17:02:34.966" endtime="20200109 17:02:34.966"></status>
</kw>
<status status="PASS" starttime="20200109 17:02:34.966" endtime="20200109 17:02:34.966"></status>
</kw>
<kw name="${panel index} = 9" type="foritem">
<kw name="Run Keyword If" library="BuiltIn">
<doc>Runs the given keyword with the given arguments, if ``condition`` is true.</doc>
<arguments>
<arg>'${VPpanels[${panel index+1}][&amp;{dic panels table}[panel type]]}' == '${VIRTUAL PANELS TYPE}[24F]' and '${VPpanels[${panel index+1}][&amp;{dic panels table}[rackID]]}' == '${input rackID}' and '${VPpanels[${panel index+1}][&amp;{dic panels table}[panelID]]}' == '${input panelID}' and '${VPpanels[${panel index+1}][&amp;{dic panels table}[row]]}' == '${input row}' and '${VPpanels[${panel index+1}][&amp;{dic panels table}[module]]}' == '${temp module}'</arg>
<arg>Exit For Loop</arg>
</arguments>
<kw name="Exit For Loop" library="BuiltIn">
<doc>Stops executing the enclosing for loop.</doc>
<msg timestamp="20200109 17:02:34.966" level="INFO">Exiting for loop altogether.</msg>
<status status="PASS" starttime="20200109 17:02:34.966" endtime="20200109 17:02:34.966"></status>
</kw>
<status status="PASS" starttime="20200109 17:02:34.966" endtime="20200109 17:02:34.966"></status>
</kw>
<status status="PASS" starttime="20200109 17:02:34.966" endtime="20200109 17:02:34.966"></status>
</kw>
<status status="PASS" starttime="20200109 17:02:34.934" endtime="20200109 17:02:34.966"></status>
</kw>
<msg timestamp="20200109 17:02:34.966" level="INFO">${panel index} = 10</msg>
<status status="PASS" starttime="20200109 17:02:34.919" endtime="20200109 17:02:34.981"></status>
</kw>
<kw name="Log" library="BuiltIn">
<doc>Logs the given message with the given level.</doc>
<arguments>
<arg>${panel index}</arg>
</arguments>
<msg timestamp="20200109 17:02:34.981" level="INFO">10</msg>
<status status="PASS" starttime="20200109 17:02:34.981" endtime="20200109 17:02:34.981"></status>
</kw>
<kw name="Catenate" library="BuiltIn">
<doc>Catenates the given items together and returns the resulted string.</doc>
<arguments>
<arg>vp_cmd_helper --plugin --rack</arg>
<arg>${rackID}</arg>
<arg>--panel</arg>
<arg>${panel index}</arg>
<arg>--module</arg>
<arg>${module}</arg>
<arg>--port</arg>
<arg>${portID}</arg>
</arguments>
<assign>
<var>${completed command}</var>
</assign>
<msg timestamp="20200109 17:02:34.981" level="INFO">${completed command} = vp_cmd_helper --plugin --rack 1 --panel 10 --module A --port 2</msg>
<status status="PASS" starttime="20200109 17:02:34.981" endtime="20200109 17:02:34.981"></status>
</kw>
<kw name="Log" library="BuiltIn">
<doc>Logs the given message with the given level.</doc>
<arguments>
<arg>${completed command}</arg>
</arguments>
<msg timestamp="20200109 17:02:34.981" level="INFO">vp_cmd_helper --plugin --rack 1 --panel 10 --module A --port 2</msg>
<status status="PASS" starttime="20200109 17:02:34.981" endtime="20200109 17:02:34.981"></status>
</kw>
<kw name="Enter Virtual Command ${completed command}" library="SSHDefinitions">
<kw name="Write" library="SSHLibrary">
<doc>Writes the given ``text`` on the remote machine and appends a newline.</doc>
<arguments>
<arg>${command}</arg>
</arguments>
<msg timestamp="20200109 17:02:35.044" level="INFO">vp_cmd_helper --plugin --rack 1 --panel 10 --module A --port 2</msg>
<status status="PASS" starttime="20200109 17:02:34.981" endtime="20200109 17:02:35.044"></status>
</kw>
<kw name="Read" library="SSHLibrary">
<doc>Consumes and returns everything available on the server output.</doc>
<arguments>
<arg>loglevel=Trace</arg>
<arg>delay=1s</arg>
</arguments>
<assign>
<var>${stdout}</var>
</assign>
<msg timestamp="20200109 17:02:37.072" level="INFO">${stdout} = result=success
command=plugin
test_setup=on
bus_connect=on
bus_power=on
rack=1
panel=10
type=96lc
panel_state=RUN
modulekit=AB
serial=36FFFF200001
count=11
# </msg>
<status status="PASS" starttime="20200109 17:02:35.044" endtime="20200109 17:02:37.072"></status>
</kw>
<kw name="Log" library="BuiltIn">
<doc>Logs the given message with the given level.</doc>
<arguments>
<arg>${stdout}</arg>
</arguments>
<msg timestamp="20200109 17:02:37.072" level="INFO">result=success
command=plugin
test_setup=on
bus_connect=on
bus_power=on
rack=1
panel=10
type=96lc
panel_state=RUN
modulekit=AB
serial=36FFFF200001
count=11
# </msg>
<status status="PASS" starttime="20200109 17:02:37.072" endtime="20200109 17:02:37.072"></status>
</kw>
<status status="PASS" starttime="20200109 17:02:34.981" endtime="20200109 17:02:37.072"></status>
</kw>
<status status="PASS" starttime="20200109 17:02:34.919" endtime="20200109 17:02:37.072"></status>
</kw>
<status status="PASS" starttime="20200109 17:02:34.919" endtime="20200109 17:02:37.072"></status>
</kw>
<kw name="${i} = 3" type="foritem">
<kw name="Plugin 24F Tip to Rack &quot;${rackID}&quot; Panel &quot;${panelID}&quot; Row &quot;${row}&quot; Module &quot;${module}&quot; Port &quot;${i}&quot;" library="VirtualPanelDefinitions">
<kw name="Get 24F Panel Index" library="VirtualPanelDefinitions">
<arguments>
<arg>${rackID}</arg>
<arg>${panelID}</arg>
<arg>${row}</arg>
<arg>${module}</arg>
</arguments>
<assign>
<var>${panel index}</var>
</assign>
<kw name="Get Length" library="BuiltIn">
<doc>Returns and logs the length of the given item as an integer.</doc>
<arguments>
<arg>${VPpanels}</arg>
</arguments>
<assign>
<var>${panels number}</var>
</assign>
<msg timestamp="20200109 17:02:37.072" level="INFO">Length is 12</msg>
<msg timestamp="20200109 17:02:37.072" level="INFO">${panels number} = 12</msg>
<status status="PASS" starttime="20200109 17:02:37.072" endtime="20200109 17:02:37.072"></status>
</kw>
<kw name="Run Keyword If" library="BuiltIn">
<doc>Runs the given keyword with the given arguments, if ``condition`` is true.</doc>
<arguments>
<arg>'${input module}' == 'A' or '${input module}' == 'a' or '${input module}' == 'B' or '${input module}' == 'b'</arg>
<arg>Set Variable</arg>
<arg>AB</arg>
<arg>ELSE IF</arg>
<arg>'${input module}' == 'C' or '${input module}' == 'c' or '${input module}' == 'D' or '${input module}' == 'd'</arg>
<arg>Set Variable</arg>
<arg>CD</arg>
</arguments>
<assign>
<var>${temp module}</var>
</assign>
<kw name="Set Variable" library="BuiltIn">
<doc>Returns the given values which can then be assigned to a variables.</doc>
<arguments>
<arg>AB</arg>
</arguments>
<status status="PASS" starttime="20200109 17:02:37.072" endtime="20200109 17:02:37.072"></status>
</kw>
<msg timestamp="20200109 17:02:37.072" level="INFO">${temp module} = AB</msg>
<status status="PASS" starttime="20200109 17:02:37.072" endtime="20200109 17:02:37.072"></status>
</kw>
<kw name="${panel index} IN RANGE [ ${panels number-1} ]" type="for">
<kw name="${panel index} = 0" type="foritem">
<kw name="Run Keyword If" library="BuiltIn">
<doc>Runs the given keyword with the given arguments, if ``condition`` is true.</doc>
<arguments>
<arg>'${VPpanels[${panel index+1}][&amp;{dic panels table}[panel type]]}' == '${VIRTUAL PANELS TYPE}[24F]' and '${VPpanels[${panel index+1}][&amp;{dic panels table}[rackID]]}' == '${input rackID}' and '${VPpanels[${panel index+1}][&amp;{dic panels table}[panelID]]}' == '${input panelID}' and '${VPpanels[${panel index+1}][&amp;{dic panels table}[row]]}' == '${input row}' and '${VPpanels[${panel index+1}][&amp;{dic panels table}[module]]}' == '${temp module}'</arg>
<arg>Exit For Loop</arg>
</arguments>
<status status="PASS" starttime="20200109 17:02:37.087" endtime="20200109 17:02:37.087"></status>
</kw>
<status status="PASS" starttime="20200109 17:02:37.087" endtime="20200109 17:02:37.087"></status>
</kw>
<kw name="${panel index} = 1" type="foritem">
<kw name="Run Keyword If" library="BuiltIn">
<doc>Runs the given keyword with the given arguments, if ``condition`` is true.</doc>
<arguments>
<arg>'${VPpanels[${panel index+1}][&amp;{dic panels table}[panel type]]}' == '${VIRTUAL PANELS TYPE}[24F]' and '${VPpanels[${panel index+1}][&amp;{dic panels table}[rackID]]}' == '${input rackID}' and '${VPpanels[${panel index+1}][&amp;{dic panels table}[panelID]]}' == '${input panelID}' and '${VPpanels[${panel index+1}][&amp;{dic panels table}[row]]}' == '${input row}' and '${VPpanels[${panel index+1}][&amp;{dic panels table}[module]]}' == '${temp module}'</arg>
<arg>Exit For Loop</arg>
</arguments>
<status status="PASS" starttime="20200109 17:02:37.087" endtime="20200109 17:02:37.087"></status>
</kw>
<status status="PASS" starttime="20200109 17:02:37.087" endtime="20200109 17:02:37.087"></status>
</kw>
<kw name="${panel index} = 2" type="foritem">
<kw name="Run Keyword If" library="BuiltIn">
<doc>Runs the given keyword with the given arguments, if ``condition`` is true.</doc>
<arguments>
<arg>'${VPpanels[${panel index+1}][&amp;{dic panels table}[panel type]]}' == '${VIRTUAL PANELS TYPE}[24F]' and '${VPpanels[${panel index+1}][&amp;{dic panels table}[rackID]]}' == '${input rackID}' and '${VPpanels[${panel index+1}][&amp;{dic panels table}[panelID]]}' == '${input panelID}' and '${VPpanels[${panel index+1}][&amp;{dic panels table}[row]]}' == '${input row}' and '${VPpanels[${panel index+1}][&amp;{dic panels table}[module]]}' == '${temp module}'</arg>
<arg>Exit For Loop</arg>
</arguments>
<status status="PASS" starttime="20200109 17:02:37.087" endtime="20200109 17:02:37.087"></status>
</kw>
<status status="PASS" starttime="20200109 17:02:37.087" endtime="20200109 17:02:37.087"></status>
</kw>
<kw name="${panel index} = 3" type="foritem">
<kw name="Run Keyword If" library="BuiltIn">
<doc>Runs the given keyword with the given arguments, if ``condition`` is true.</doc>
<arguments>
<arg>'${VPpanels[${panel index+1}][&amp;{dic panels table}[panel type]]}' == '${VIRTUAL PANELS TYPE}[24F]' and '${VPpanels[${panel index+1}][&amp;{dic panels table}[rackID]]}' == '${input rackID}' and '${VPpanels[${panel index+1}][&amp;{dic panels table}[panelID]]}' == '${input panelID}' and '${VPpanels[${panel index+1}][&amp;{dic panels table}[row]]}' == '${input row}' and '${VPpanels[${panel index+1}][&amp;{dic panels table}[module]]}' == '${temp module}'</arg>
<arg>Exit For Loop</arg>
</arguments>
<status status="PASS" starttime="20200109 17:02:37.087" endtime="20200109 17:02:37.103"></status>
</kw>
<status status="PASS" starttime="20200109 17:02:37.087" endtime="20200109 17:02:37.103"></status>
</kw>
<kw name="${panel index} = 4" type="foritem">
<kw name="Run Keyword If" library="BuiltIn">
<doc>Runs the given keyword with the given arguments, if ``condition`` is true.</doc>
<arguments>
<arg>'${VPpanels[${panel index+1}][&amp;{dic panels table}[panel type]]}' == '${VIRTUAL PANELS TYPE}[24F]' and '${VPpanels[${panel index+1}][&amp;{dic panels table}[rackID]]}' == '${input rackID}' and '${VPpanels[${panel index+1}][&amp;{dic panels table}[panelID]]}' == '${input panelID}' and '${VPpanels[${panel index+1}][&amp;{dic panels table}[row]]}' == '${input row}' and '${VPpanels[${panel index+1}][&amp;{dic panels table}[module]]}' == '${temp module}'</arg>
<arg>Exit For Loop</arg>
</arguments>
<status status="PASS" starttime="20200109 17:02:37.103" endtime="20200109 17:02:37.103"></status>
</kw>
<status status="PASS" starttime="20200109 17:02:37.103" endtime="20200109 17:02:37.103"></status>
</kw>
<kw name="${panel index} = 5" type="foritem">
<kw name="Run Keyword If" library="BuiltIn">
<doc>Runs the given keyword with the given arguments, if ``condition`` is true.</doc>
<arguments>
<arg>'${VPpanels[${panel index+1}][&amp;{dic panels table}[panel type]]}' == '${VIRTUAL PANELS TYPE}[24F]' and '${VPpanels[${panel index+1}][&amp;{dic panels table}[rackID]]}' == '${input rackID}' and '${VPpanels[${panel index+1}][&amp;{dic panels table}[panelID]]}' == '${input panelID}' and '${VPpanels[${panel index+1}][&amp;{dic panels table}[row]]}' == '${input row}' and '${VPpanels[${panel index+1}][&amp;{dic panels table}[module]]}' == '${temp module}'</arg>
<arg>Exit For Loop</arg>
</arguments>
<status status="PASS" starttime="20200109 17:02:37.103" endtime="20200109 17:02:37.103"></status>
</kw>
<status status="PASS" starttime="20200109 17:02:37.103" endtime="20200109 17:02:37.103"></status>
</kw>
<kw name="${panel index} = 6" type="foritem">
<kw name="Run Keyword If" library="BuiltIn">
<doc>Runs the given keyword with the given arguments, if ``condition`` is true.</doc>
<arguments>
<arg>'${VPpanels[${panel index+1}][&amp;{dic panels table}[panel type]]}' == '${VIRTUAL PANELS TYPE}[24F]' and '${VPpanels[${panel index+1}][&amp;{dic panels table}[rackID]]}' == '${input rackID}' and '${VPpanels[${panel index+1}][&amp;{dic panels table}[panelID]]}' == '${input panelID}' and '${VPpanels[${panel index+1}][&amp;{dic panels table}[row]]}' == '${input row}' and '${VPpanels[${panel index+1}][&amp;{dic panels table}[module]]}' == '${temp module}'</arg>
<arg>Exit For Loop</arg>
</arguments>
<status status="PASS" starttime="20200109 17:02:37.103" endtime="20200109 17:02:37.103"></status>
</kw>
<status status="PASS" starttime="20200109 17:02:37.103" endtime="20200109 17:02:37.103"></status>
</kw>
<kw name="${panel index} = 7" type="foritem">
<kw name="Run Keyword If" library="BuiltIn">
<doc>Runs the given keyword with the given arguments, if ``condition`` is true.</doc>
<arguments>
<arg>'${VPpanels[${panel index+1}][&amp;{dic panels table}[panel type]]}' == '${VIRTUAL PANELS TYPE}[24F]' and '${VPpanels[${panel index+1}][&amp;{dic panels table}[rackID]]}' == '${input rackID}' and '${VPpanels[${panel index+1}][&amp;{dic panels table}[panelID]]}' == '${input panelID}' and '${VPpanels[${panel index+1}][&amp;{dic panels table}[row]]}' == '${input row}' and '${VPpanels[${panel index+1}][&amp;{dic panels table}[module]]}' == '${temp module}'</arg>
<arg>Exit For Loop</arg>
</arguments>
<status status="PASS" starttime="20200109 17:02:37.103" endtime="20200109 17:02:37.103"></status>
</kw>
<status status="PASS" starttime="20200109 17:02:37.103" endtime="20200109 17:02:37.103"></status>
</kw>
<kw name="${panel index} = 8" type="foritem">
<kw name="Run Keyword If" library="BuiltIn">
<doc>Runs the given keyword with the given arguments, if ``condition`` is true.</doc>
<arguments>
<arg>'${VPpanels[${panel index+1}][&amp;{dic panels table}[panel type]]}' == '${VIRTUAL PANELS TYPE}[24F]' and '${VPpanels[${panel index+1}][&amp;{dic panels table}[rackID]]}' == '${input rackID}' and '${VPpanels[${panel index+1}][&amp;{dic panels table}[panelID]]}' == '${input panelID}' and '${VPpanels[${panel index+1}][&amp;{dic panels table}[row]]}' == '${input row}' and '${VPpanels[${panel index+1}][&amp;{dic panels table}[module]]}' == '${temp module}'</arg>
<arg>Exit For Loop</arg>
</arguments>
<status status="PASS" starttime="20200109 17:02:37.119" endtime="20200109 17:02:37.119"></status>
</kw>
<status status="PASS" starttime="20200109 17:02:37.119" endtime="20200109 17:02:37.119"></status>
</kw>
<kw name="${panel index} = 9" type="foritem">
<kw name="Run Keyword If" library="BuiltIn">
<doc>Runs the given keyword with the given arguments, if ``condition`` is true.</doc>
<arguments>
<arg>'${VPpanels[${panel index+1}][&amp;{dic panels table}[panel type]]}' == '${VIRTUAL PANELS TYPE}[24F]' and '${VPpanels[${panel index+1}][&amp;{dic panels table}[rackID]]}' == '${input rackID}' and '${VPpanels[${panel index+1}][&amp;{dic panels table}[panelID]]}' == '${input panelID}' and '${VPpanels[${panel index+1}][&amp;{dic panels table}[row]]}' == '${input row}' and '${VPpanels[${panel index+1}][&amp;{dic panels table}[module]]}' == '${temp module}'</arg>
<arg>Exit For Loop</arg>
</arguments>
<kw name="Exit For Loop" library="BuiltIn">
<doc>Stops executing the enclosing for loop.</doc>
<msg timestamp="20200109 17:02:37.119" level="INFO">Exiting for loop altogether.</msg>
<status status="PASS" starttime="20200109 17:02:37.119" endtime="20200109 17:02:37.119"></status>
</kw>
<status status="PASS" starttime="20200109 17:02:37.119" endtime="20200109 17:02:37.119"></status>
</kw>
<status status="PASS" starttime="20200109 17:02:37.119" endtime="20200109 17:02:37.119"></status>
</kw>
<status status="PASS" starttime="20200109 17:02:37.072" endtime="20200109 17:02:37.119"></status>
</kw>
<msg timestamp="20200109 17:02:37.119" level="INFO">${panel index} = 10</msg>
<status status="PASS" starttime="20200109 17:02:37.072" endtime="20200109 17:02:37.119"></status>
</kw>
<kw name="Log" library="BuiltIn">
<doc>Logs the given message with the given level.</doc>
<arguments>
<arg>${panel index}</arg>
</arguments>
<msg timestamp="20200109 17:02:37.134" level="INFO">10</msg>
<status status="PASS" starttime="20200109 17:02:37.134" endtime="20200109 17:02:37.134"></status>
</kw>
<kw name="Catenate" library="BuiltIn">
<doc>Catenates the given items together and returns the resulted string.</doc>
<arguments>
<arg>vp_cmd_helper --plugin --rack</arg>
<arg>${rackID}</arg>
<arg>--panel</arg>
<arg>${panel index}</arg>
<arg>--module</arg>
<arg>${module}</arg>
<arg>--port</arg>
<arg>${portID}</arg>
</arguments>
<assign>
<var>${completed command}</var>
</assign>
<msg timestamp="20200109 17:02:37.134" level="INFO">${completed command} = vp_cmd_helper --plugin --rack 1 --panel 10 --module A --port 3</msg>
<status status="PASS" starttime="20200109 17:02:37.134" endtime="20200109 17:02:37.134"></status>
</kw>
<kw name="Log" library="BuiltIn">
<doc>Logs the given message with the given level.</doc>
<arguments>
<arg>${completed command}</arg>
</arguments>
<msg timestamp="20200109 17:02:37.134" level="INFO">vp_cmd_helper --plugin --rack 1 --panel 10 --module A --port 3</msg>
<status status="PASS" starttime="20200109 17:02:37.134" endtime="20200109 17:02:37.134"></status>
</kw>
<kw name="Enter Virtual Command ${completed command}" library="SSHDefinitions">
<kw name="Write" library="SSHLibrary">
<doc>Writes the given ``text`` on the remote machine and appends a newline.</doc>
<arguments>
<arg>${command}</arg>
</arguments>
<msg timestamp="20200109 17:02:37.150" level="INFO">vp_cmd_helper --plugin --rack 1 --panel 10 --module A --port 3</msg>
<status status="PASS" starttime="20200109 17:02:37.134" endtime="20200109 17:02:37.150"></status>
</kw>
<kw name="Read" library="SSHLibrary">
<doc>Consumes and returns everything available on the server output.</doc>
<arguments>
<arg>loglevel=Trace</arg>
<arg>delay=1s</arg>
</arguments>
<assign>
<var>${stdout}</var>
</assign>
<msg timestamp="20200109 17:02:39.151" level="INFO">${stdout} = result=success
command=plugin
test_setup=on
bus_connect=on
bus_power=on
rack=1
panel=10
type=96lc
panel_state=RUN
modulekit=AB
serial=36FFFF200001
count=11
# </msg>
<status status="PASS" starttime="20200109 17:02:37.150" endtime="20200109 17:02:39.151"></status>
</kw>
<kw name="Log" library="BuiltIn">
<doc>Logs the given message with the given level.</doc>
<arguments>
<arg>${stdout}</arg>
</arguments>
<msg timestamp="20200109 17:02:39.151" level="INFO">result=success
command=plugin
test_setup=on
bus_connect=on
bus_power=on
rack=1
panel=10
type=96lc
panel_state=RUN
modulekit=AB
serial=36FFFF200001
count=11
# </msg>
<status status="PASS" starttime="20200109 17:02:39.151" endtime="20200109 17:02:39.151"></status>
</kw>
<status status="PASS" starttime="20200109 17:02:37.134" endtime="20200109 17:02:39.151"></status>
</kw>
<status status="PASS" starttime="20200109 17:02:37.072" endtime="20200109 17:02:39.151"></status>
</kw>
<status status="PASS" starttime="20200109 17:02:37.072" endtime="20200109 17:02:39.151"></status>
</kw>
<status status="PASS" starttime="20200109 17:02:32.777" endtime="20200109 17:02:39.151"></status>
</kw>
<status status="PASS" starttime="20200109 17:02:32.777" endtime="20200109 17:02:39.151"></status>
</kw>
<kw name="When Select Tab End &quot;B&quot;" library="BulkPatchingPage">
<kw name="Convert To Lowercase" library="String">
<doc>Converts string to lowercase.</doc>
<arguments>
<arg>${end position}</arg>
</arguments>
<assign>
<var>${temp end position}</var>
</assign>
<msg timestamp="20200109 17:02:39.151" level="INFO">${temp end position} = b</msg>
<status status="PASS" starttime="20200109 17:02:39.151" endtime="20200109 17:02:39.151"></status>
</kw>
<kw name="Run Keyword If" library="BuiltIn">
<doc>Runs the given keyword with the given arguments, if ``condition`` is true.</doc>
<arguments>
<arg>'${temp end position}' == 'a'</arg>
<arg>Click Web Button</arg>
<arg>${tabEndA}</arg>
<arg>ELSE IF</arg>
<arg>'${temp end position}' == 'b'</arg>
<arg>Click Web Button</arg>
<arg>${tabEndB}</arg>
</arguments>
<kw name="Click Web Button" library="GeneralPage">
<arguments>
<arg>${tabEndB}</arg>
</arguments>
<kw name="Get Element Count" library="SeleniumLibrary">
<doc>Returns the number of elements matching ``locator``.</doc>
<arguments>
<arg>${btnName}</arg>
</arguments>
<assign>
<var>${button exist}</var>
</assign>
<msg timestamp="20200109 17:02:39.183" level="INFO">${button exist} = 1</msg>
<status status="PASS" starttime="20200109 17:02:39.151" endtime="20200109 17:02:39.183"></status>
</kw>
<kw name="Run Keyword If" library="BuiltIn">
<doc>Runs the given keyword with the given arguments, if ``condition`` is true.</doc>
<arguments>
<arg>${button exist} == 1</arg>
<arg>Run Keyword And Continue On Failure</arg>
<arg>Run Keywords</arg>
<arg>Click Element</arg>
<arg>${btnName}</arg>
<arg>AND</arg>
<arg>Wait For Page Load</arg>
</arguments>
<kw name="Run Keyword And Continue On Failure" library="BuiltIn">
<doc>Runs the keyword and continues execution even if a failure occurs.</doc>
<arguments>
<arg>Run Keywords</arg>
<arg>Click Element</arg>
<arg>${btnName}</arg>
<arg>AND</arg>
<arg>Wait For Page Load</arg>
</arguments>
<kw name="Run Keywords" library="BuiltIn">
<doc>Executes all the given keywords in a sequence.</doc>
<arguments>
<arg>Click Element</arg>
<arg>${btnName}</arg>
<arg>AND</arg>
<arg>Wait For Page Load</arg>
</arguments>
<kw name="Click Element" library="SeleniumLibrary">
<doc>Click the element identified by ``locator``.</doc>
<arguments>
<arg>${btnName}</arg>
</arguments>
<msg timestamp="20200109 17:02:39.183" level="INFO">Clicking element '//div[@id='btn-end-b']'.</msg>
<status status="PASS" starttime="20200109 17:02:39.183" endtime="20200109 17:02:39.264"></status>
</kw>
<kw name="Wait For Page Load" library="GeneralPage">
<kw name="Sleep" library="BuiltIn">
<doc>Pauses the test executed for the given time.</doc>
<arguments>
<arg>${PAGE LOAD TIMEOUT}</arg>
</arguments>
<msg timestamp="20200109 17:02:40.278" level="INFO">Slept 1 second</msg>
<status status="PASS" starttime="20200109 17:02:39.265" endtime="20200109 17:02:40.278"></status>
</kw>
<status status="PASS" starttime="20200109 17:02:39.264" endtime="20200109 17:02:40.278"></status>
</kw>
<status status="PASS" starttime="20200109 17:02:39.183" endtime="20200109 17:02:40.278"></status>
</kw>
<status status="PASS" starttime="20200109 17:02:39.183" endtime="20200109 17:02:40.278"></status>
</kw>
<status status="PASS" starttime="20200109 17:02:39.183" endtime="20200109 17:02:40.278"></status>
</kw>
<status status="PASS" starttime="20200109 17:02:39.151" endtime="20200109 17:02:40.278"></status>
</kw>
<status status="PASS" starttime="20200109 17:02:39.151" endtime="20200109 17:02:40.278"></status>
</kw>
<kw name="Wait For Page Load" library="GeneralPage">
<kw name="Sleep" library="BuiltIn">
<doc>Pauses the test executed for the given time.</doc>
<arguments>
<arg>${PAGE LOAD TIMEOUT}</arg>
</arguments>
<msg timestamp="20200109 17:02:41.279" level="INFO">Slept 1 second</msg>
<status status="PASS" starttime="20200109 17:02:40.278" endtime="20200109 17:02:41.279"></status>
</kw>
<status status="PASS" starttime="20200109 17:02:40.278" endtime="20200109 17:02:41.279"></status>
</kw>
<status status="PASS" starttime="20200109 17:02:39.151" endtime="20200109 17:02:41.279"></status>
</kw>
<kw name="When Plugin Serial 24F Tip to Rack &quot;1&quot; Panel &quot;6&quot; Row &quot;1&quot; Module &quot;A&quot; from Port &quot;4&quot; to Port &quot;6&quot;" library="VirtualPanelDefinitions">
<kw name="Convert To Integer" library="BuiltIn">
<doc>Converts the given item to an integer number.</doc>
<arguments>
<arg>${port1ID}</arg>
</arguments>
<assign>
<var>${from port}</var>
</assign>
<msg timestamp="20200109 17:02:41.279" level="INFO">${from port} = 4</msg>
<status status="PASS" starttime="20200109 17:02:41.279" endtime="20200109 17:02:41.279"></status>
</kw>
<kw name="Convert To Integer" library="BuiltIn">
<doc>Converts the given item to an integer number.</doc>
<arguments>
<arg>${port2ID}</arg>
</arguments>
<assign>
<var>${to port}</var>
</assign>
<msg timestamp="20200109 17:02:41.279" level="INFO">${to port} = 6</msg>
<status status="PASS" starttime="20200109 17:02:41.279" endtime="20200109 17:02:41.279"></status>
</kw>
<kw name="${i} IN RANGE [ ${from port} | ${to port+1} ]" type="for">
<kw name="${i} = 4" type="foritem">
<kw name="Plugin 24F Tip to Rack &quot;${rackID}&quot; Panel &quot;${panelID}&quot; Row &quot;${row}&quot; Module &quot;${module}&quot; Port &quot;${i}&quot;" library="VirtualPanelDefinitions">
<kw name="Get 24F Panel Index" library="VirtualPanelDefinitions">
<arguments>
<arg>${rackID}</arg>
<arg>${panelID}</arg>
<arg>${row}</arg>
<arg>${module}</arg>
</arguments>
<assign>
<var>${panel index}</var>
</assign>
<kw name="Get Length" library="BuiltIn">
<doc>Returns and logs the length of the given item as an integer.</doc>
<arguments>
<arg>${VPpanels}</arg>
</arguments>
<assign>
<var>${panels number}</var>
</assign>
<msg timestamp="20200109 17:02:41.279" level="INFO">Length is 12</msg>
<msg timestamp="20200109 17:02:41.279" level="INFO">${panels number} = 12</msg>
<status status="PASS" starttime="20200109 17:02:41.279" endtime="20200109 17:02:41.279"></status>
</kw>
<kw name="Run Keyword If" library="BuiltIn">
<doc>Runs the given keyword with the given arguments, if ``condition`` is true.</doc>
<arguments>
<arg>'${input module}' == 'A' or '${input module}' == 'a' or '${input module}' == 'B' or '${input module}' == 'b'</arg>
<arg>Set Variable</arg>
<arg>AB</arg>
<arg>ELSE IF</arg>
<arg>'${input module}' == 'C' or '${input module}' == 'c' or '${input module}' == 'D' or '${input module}' == 'd'</arg>
<arg>Set Variable</arg>
<arg>CD</arg>
</arguments>
<assign>
<var>${temp module}</var>
</assign>
<kw name="Set Variable" library="BuiltIn">
<doc>Returns the given values which can then be assigned to a variables.</doc>
<arguments>
<arg>AB</arg>
</arguments>
<status status="PASS" starttime="20200109 17:02:41.279" endtime="20200109 17:02:41.279"></status>
</kw>
<msg timestamp="20200109 17:02:41.279" level="INFO">${temp module} = AB</msg>
<status status="PASS" starttime="20200109 17:02:41.279" endtime="20200109 17:02:41.279"></status>
</kw>
<kw name="${panel index} IN RANGE [ ${panels number-1} ]" type="for">
<kw name="${panel index} = 0" type="foritem">
<kw name="Run Keyword If" library="BuiltIn">
<doc>Runs the given keyword with the given arguments, if ``condition`` is true.</doc>
<arguments>
<arg>'${VPpanels[${panel index+1}][&amp;{dic panels table}[panel type]]}' == '${VIRTUAL PANELS TYPE}[24F]' and '${VPpanels[${panel index+1}][&amp;{dic panels table}[rackID]]}' == '${input rackID}' and '${VPpanels[${panel index+1}][&amp;{dic panels table}[panelID]]}' == '${input panelID}' and '${VPpanels[${panel index+1}][&amp;{dic panels table}[row]]}' == '${input row}' and '${VPpanels[${panel index+1}][&amp;{dic panels table}[module]]}' == '${temp module}'</arg>
<arg>Exit For Loop</arg>
</arguments>
<status status="PASS" starttime="20200109 17:02:41.279" endtime="20200109 17:02:41.279"></status>
</kw>
<status status="PASS" starttime="20200109 17:02:41.279" endtime="20200109 17:02:41.279"></status>
</kw>
<kw name="${panel index} = 1" type="foritem">
<kw name="Run Keyword If" library="BuiltIn">
<doc>Runs the given keyword with the given arguments, if ``condition`` is true.</doc>
<arguments>
<arg>'${VPpanels[${panel index+1}][&amp;{dic panels table}[panel type]]}' == '${VIRTUAL PANELS TYPE}[24F]' and '${VPpanels[${panel index+1}][&amp;{dic panels table}[rackID]]}' == '${input rackID}' and '${VPpanels[${panel index+1}][&amp;{dic panels table}[panelID]]}' == '${input panelID}' and '${VPpanels[${panel index+1}][&amp;{dic panels table}[row]]}' == '${input row}' and '${VPpanels[${panel index+1}][&amp;{dic panels table}[module]]}' == '${temp module}'</arg>
<arg>Exit For Loop</arg>
</arguments>
<status status="PASS" starttime="20200109 17:02:41.295" endtime="20200109 17:02:41.295"></status>
</kw>
<status status="PASS" starttime="20200109 17:02:41.279" endtime="20200109 17:02:41.295"></status>
</kw>
<kw name="${panel index} = 2" type="foritem">
<kw name="Run Keyword If" library="BuiltIn">
<doc>Runs the given keyword with the given arguments, if ``condition`` is true.</doc>
<arguments>
<arg>'${VPpanels[${panel index+1}][&amp;{dic panels table}[panel type]]}' == '${VIRTUAL PANELS TYPE}[24F]' and '${VPpanels[${panel index+1}][&amp;{dic panels table}[rackID]]}' == '${input rackID}' and '${VPpanels[${panel index+1}][&amp;{dic panels table}[panelID]]}' == '${input panelID}' and '${VPpanels[${panel index+1}][&amp;{dic panels table}[row]]}' == '${input row}' and '${VPpanels[${panel index+1}][&amp;{dic panels table}[module]]}' == '${temp module}'</arg>
<arg>Exit For Loop</arg>
</arguments>
<status status="PASS" starttime="20200109 17:02:41.295" endtime="20200109 17:02:41.295"></status>
</kw>
<status status="PASS" starttime="20200109 17:02:41.295" endtime="20200109 17:02:41.295"></status>
</kw>
<kw name="${panel index} = 3" type="foritem">
<kw name="Run Keyword If" library="BuiltIn">
<doc>Runs the given keyword with the given arguments, if ``condition`` is true.</doc>
<arguments>
<arg>'${VPpanels[${panel index+1}][&amp;{dic panels table}[panel type]]}' == '${VIRTUAL PANELS TYPE}[24F]' and '${VPpanels[${panel index+1}][&amp;{dic panels table}[rackID]]}' == '${input rackID}' and '${VPpanels[${panel index+1}][&amp;{dic panels table}[panelID]]}' == '${input panelID}' and '${VPpanels[${panel index+1}][&amp;{dic panels table}[row]]}' == '${input row}' and '${VPpanels[${panel index+1}][&amp;{dic panels table}[module]]}' == '${temp module}'</arg>
<arg>Exit For Loop</arg>
</arguments>
<status status="PASS" starttime="20200109 17:02:41.295" endtime="20200109 17:02:41.295"></status>
</kw>
<status status="PASS" starttime="20200109 17:02:41.295" endtime="20200109 17:02:41.295"></status>
</kw>
<kw name="${panel index} = 4" type="foritem">
<kw name="Run Keyword If" library="BuiltIn">
<doc>Runs the given keyword with the given arguments, if ``condition`` is true.</doc>
<arguments>
<arg>'${VPpanels[${panel index+1}][&amp;{dic panels table}[panel type]]}' == '${VIRTUAL PANELS TYPE}[24F]' and '${VPpanels[${panel index+1}][&amp;{dic panels table}[rackID]]}' == '${input rackID}' and '${VPpanels[${panel index+1}][&amp;{dic panels table}[panelID]]}' == '${input panelID}' and '${VPpanels[${panel index+1}][&amp;{dic panels table}[row]]}' == '${input row}' and '${VPpanels[${panel index+1}][&amp;{dic panels table}[module]]}' == '${temp module}'</arg>
<arg>Exit For Loop</arg>
</arguments>
<status status="PASS" starttime="20200109 17:02:41.295" endtime="20200109 17:02:41.295"></status>
</kw>
<status status="PASS" starttime="20200109 17:02:41.295" endtime="20200109 17:02:41.295"></status>
</kw>
<kw name="${panel index} = 5" type="foritem">
<kw name="Run Keyword If" library="BuiltIn">
<doc>Runs the given keyword with the given arguments, if ``condition`` is true.</doc>
<arguments>
<arg>'${VPpanels[${panel index+1}][&amp;{dic panels table}[panel type]]}' == '${VIRTUAL PANELS TYPE}[24F]' and '${VPpanels[${panel index+1}][&amp;{dic panels table}[rackID]]}' == '${input rackID}' and '${VPpanels[${panel index+1}][&amp;{dic panels table}[panelID]]}' == '${input panelID}' and '${VPpanels[${panel index+1}][&amp;{dic panels table}[row]]}' == '${input row}' and '${VPpanels[${panel index+1}][&amp;{dic panels table}[module]]}' == '${temp module}'</arg>
<arg>Exit For Loop</arg>
</arguments>
<status status="PASS" starttime="20200109 17:02:41.295" endtime="20200109 17:02:41.295"></status>
</kw>
<status status="PASS" starttime="20200109 17:02:41.295" endtime="20200109 17:02:41.295"></status>
</kw>
<kw name="${panel index} = 6" type="foritem">
<kw name="Run Keyword If" library="BuiltIn">
<doc>Runs the given keyword with the given arguments, if ``condition`` is true.</doc>
<arguments>
<arg>'${VPpanels[${panel index+1}][&amp;{dic panels table}[panel type]]}' == '${VIRTUAL PANELS TYPE}[24F]' and '${VPpanels[${panel index+1}][&amp;{dic panels table}[rackID]]}' == '${input rackID}' and '${VPpanels[${panel index+1}][&amp;{dic panels table}[panelID]]}' == '${input panelID}' and '${VPpanels[${panel index+1}][&amp;{dic panels table}[row]]}' == '${input row}' and '${VPpanels[${panel index+1}][&amp;{dic panels table}[module]]}' == '${temp module}'</arg>
<arg>Exit For Loop</arg>
</arguments>
<status status="PASS" starttime="20200109 17:02:41.310" endtime="20200109 17:02:41.310"></status>
</kw>
<status status="PASS" starttime="20200109 17:02:41.295" endtime="20200109 17:02:41.310"></status>
</kw>
<kw name="${panel index} = 7" type="foritem">
<kw name="Run Keyword If" library="BuiltIn">
<doc>Runs the given keyword with the given arguments, if ``condition`` is true.</doc>
<arguments>
<arg>'${VPpanels[${panel index+1}][&amp;{dic panels table}[panel type]]}' == '${VIRTUAL PANELS TYPE}[24F]' and '${VPpanels[${panel index+1}][&amp;{dic panels table}[rackID]]}' == '${input rackID}' and '${VPpanels[${panel index+1}][&amp;{dic panels table}[panelID]]}' == '${input panelID}' and '${VPpanels[${panel index+1}][&amp;{dic panels table}[row]]}' == '${input row}' and '${VPpanels[${panel index+1}][&amp;{dic panels table}[module]]}' == '${temp module}'</arg>
<arg>Exit For Loop</arg>
</arguments>
<status status="PASS" starttime="20200109 17:02:41.310" endtime="20200109 17:02:41.310"></status>
</kw>
<status status="PASS" starttime="20200109 17:02:41.310" endtime="20200109 17:02:41.310"></status>
</kw>
<kw name="${panel index} = 8" type="foritem">
<kw name="Run Keyword If" library="BuiltIn">
<doc>Runs the given keyword with the given arguments, if ``condition`` is true.</doc>
<arguments>
<arg>'${VPpanels[${panel index+1}][&amp;{dic panels table}[panel type]]}' == '${VIRTUAL PANELS TYPE}[24F]' and '${VPpanels[${panel index+1}][&amp;{dic panels table}[rackID]]}' == '${input rackID}' and '${VPpanels[${panel index+1}][&amp;{dic panels table}[panelID]]}' == '${input panelID}' and '${VPpanels[${panel index+1}][&amp;{dic panels table}[row]]}' == '${input row}' and '${VPpanels[${panel index+1}][&amp;{dic panels table}[module]]}' == '${temp module}'</arg>
<arg>Exit For Loop</arg>
</arguments>
<status status="PASS" starttime="20200109 17:02:41.310" endtime="20200109 17:02:41.310"></status>
</kw>
<status status="PASS" starttime="20200109 17:02:41.310" endtime="20200109 17:02:41.310"></status>
</kw>
<kw name="${panel index} = 9" type="foritem">
<kw name="Run Keyword If" library="BuiltIn">
<doc>Runs the given keyword with the given arguments, if ``condition`` is true.</doc>
<arguments>
<arg>'${VPpanels[${panel index+1}][&amp;{dic panels table}[panel type]]}' == '${VIRTUAL PANELS TYPE}[24F]' and '${VPpanels[${panel index+1}][&amp;{dic panels table}[rackID]]}' == '${input rackID}' and '${VPpanels[${panel index+1}][&amp;{dic panels table}[panelID]]}' == '${input panelID}' and '${VPpanels[${panel index+1}][&amp;{dic panels table}[row]]}' == '${input row}' and '${VPpanels[${panel index+1}][&amp;{dic panels table}[module]]}' == '${temp module}'</arg>
<arg>Exit For Loop</arg>
</arguments>
<kw name="Exit For Loop" library="BuiltIn">
<doc>Stops executing the enclosing for loop.</doc>
<msg timestamp="20200109 17:02:41.310" level="INFO">Exiting for loop altogether.</msg>
<status status="PASS" starttime="20200109 17:02:41.310" endtime="20200109 17:02:41.310"></status>
</kw>
<status status="PASS" starttime="20200109 17:02:41.310" endtime="20200109 17:02:41.310"></status>
</kw>
<status status="PASS" starttime="20200109 17:02:41.310" endtime="20200109 17:02:41.310"></status>
</kw>
<status status="PASS" starttime="20200109 17:02:41.279" endtime="20200109 17:02:41.310"></status>
</kw>
<msg timestamp="20200109 17:02:41.310" level="INFO">${panel index} = 10</msg>
<status status="PASS" starttime="20200109 17:02:41.279" endtime="20200109 17:02:41.310"></status>
</kw>
<kw name="Log" library="BuiltIn">
<doc>Logs the given message with the given level.</doc>
<arguments>
<arg>${panel index}</arg>
</arguments>
<msg timestamp="20200109 17:02:41.310" level="INFO">10</msg>
<status status="PASS" starttime="20200109 17:02:41.310" endtime="20200109 17:02:41.310"></status>
</kw>
<kw name="Catenate" library="BuiltIn">
<doc>Catenates the given items together and returns the resulted string.</doc>
<arguments>
<arg>vp_cmd_helper --plugin --rack</arg>
<arg>${rackID}</arg>
<arg>--panel</arg>
<arg>${panel index}</arg>
<arg>--module</arg>
<arg>${module}</arg>
<arg>--port</arg>
<arg>${portID}</arg>
</arguments>
<assign>
<var>${completed command}</var>
</assign>
<msg timestamp="20200109 17:02:41.326" level="INFO">${completed command} = vp_cmd_helper --plugin --rack 1 --panel 10 --module A --port 4</msg>
<status status="PASS" starttime="20200109 17:02:41.326" endtime="20200109 17:02:41.326"></status>
</kw>
<kw name="Log" library="BuiltIn">
<doc>Logs the given message with the given level.</doc>
<arguments>
<arg>${completed command}</arg>
</arguments>
<msg timestamp="20200109 17:02:41.326" level="INFO">vp_cmd_helper --plugin --rack 1 --panel 10 --module A --port 4</msg>
<status status="PASS" starttime="20200109 17:02:41.326" endtime="20200109 17:02:41.326"></status>
</kw>
<kw name="Enter Virtual Command ${completed command}" library="SSHDefinitions">
<kw name="Write" library="SSHLibrary">
<doc>Writes the given ``text`` on the remote machine and appends a newline.</doc>
<arguments>
<arg>${command}</arg>
</arguments>
<msg timestamp="20200109 17:02:41.373" level="INFO">vp_cmd_helper --plugin --rack 1 --panel 10 --module A --port 4</msg>
<status status="PASS" starttime="20200109 17:02:41.326" endtime="20200109 17:02:41.373"></status>
</kw>
<kw name="Read" library="SSHLibrary">
<doc>Consumes and returns everything available on the server output.</doc>
<arguments>
<arg>loglevel=Trace</arg>
<arg>delay=1s</arg>
</arguments>
<assign>
<var>${stdout}</var>
</assign>
<msg timestamp="20200109 17:02:43.378" level="INFO">${stdout} = result=success
command=plugin
test_setup=on
bus_connect=on
bus_power=on
rack=1
panel=10
type=96lc
panel_state=RUN
modulekit=AB
serial=36FFFF200001
count=11
# </msg>
<status status="PASS" starttime="20200109 17:02:41.373" endtime="20200109 17:02:43.378"></status>
</kw>
<kw name="Log" library="BuiltIn">
<doc>Logs the given message with the given level.</doc>
<arguments>
<arg>${stdout}</arg>
</arguments>
<msg timestamp="20200109 17:02:43.378" level="INFO">result=success
command=plugin
test_setup=on
bus_connect=on
bus_power=on
rack=1
panel=10
type=96lc
panel_state=RUN
modulekit=AB
serial=36FFFF200001
count=11
# </msg>
<status status="PASS" starttime="20200109 17:02:43.378" endtime="20200109 17:02:43.378"></status>
</kw>
<status status="PASS" starttime="20200109 17:02:41.326" endtime="20200109 17:02:43.378"></status>
</kw>
<status status="PASS" starttime="20200109 17:02:41.279" endtime="20200109 17:02:43.378"></status>
</kw>
<status status="PASS" starttime="20200109 17:02:41.279" endtime="20200109 17:02:43.378"></status>
</kw>
<kw name="${i} = 5" type="foritem">
<kw name="Plugin 24F Tip to Rack &quot;${rackID}&quot; Panel &quot;${panelID}&quot; Row &quot;${row}&quot; Module &quot;${module}&quot; Port &quot;${i}&quot;" library="VirtualPanelDefinitions">
<kw name="Get 24F Panel Index" library="VirtualPanelDefinitions">
<arguments>
<arg>${rackID}</arg>
<arg>${panelID}</arg>
<arg>${row}</arg>
<arg>${module}</arg>
</arguments>
<assign>
<var>${panel index}</var>
</assign>
<kw name="Get Length" library="BuiltIn">
<doc>Returns and logs the length of the given item as an integer.</doc>
<arguments>
<arg>${VPpanels}</arg>
</arguments>
<assign>
<var>${panels number}</var>
</assign>
<msg timestamp="20200109 17:02:43.378" level="INFO">Length is 12</msg>
<msg timestamp="20200109 17:02:43.378" level="INFO">${panels number} = 12</msg>
<status status="PASS" starttime="20200109 17:02:43.378" endtime="20200109 17:02:43.378"></status>
</kw>
<kw name="Run Keyword If" library="BuiltIn">
<doc>Runs the given keyword with the given arguments, if ``condition`` is true.</doc>
<arguments>
<arg>'${input module}' == 'A' or '${input module}' == 'a' or '${input module}' == 'B' or '${input module}' == 'b'</arg>
<arg>Set Variable</arg>
<arg>AB</arg>
<arg>ELSE IF</arg>
<arg>'${input module}' == 'C' or '${input module}' == 'c' or '${input module}' == 'D' or '${input module}' == 'd'</arg>
<arg>Set Variable</arg>
<arg>CD</arg>
</arguments>
<assign>
<var>${temp module}</var>
</assign>
<kw name="Set Variable" library="BuiltIn">
<doc>Returns the given values which can then be assigned to a variables.</doc>
<arguments>
<arg>AB</arg>
</arguments>
<status status="PASS" starttime="20200109 17:02:43.378" endtime="20200109 17:02:43.378"></status>
</kw>
<msg timestamp="20200109 17:02:43.378" level="INFO">${temp module} = AB</msg>
<status status="PASS" starttime="20200109 17:02:43.378" endtime="20200109 17:02:43.394"></status>
</kw>
<kw name="${panel index} IN RANGE [ ${panels number-1} ]" type="for">
<kw name="${panel index} = 0" type="foritem">
<kw name="Run Keyword If" library="BuiltIn">
<doc>Runs the given keyword with the given arguments, if ``condition`` is true.</doc>
<arguments>
<arg>'${VPpanels[${panel index+1}][&amp;{dic panels table}[panel type]]}' == '${VIRTUAL PANELS TYPE}[24F]' and '${VPpanels[${panel index+1}][&amp;{dic panels table}[rackID]]}' == '${input rackID}' and '${VPpanels[${panel index+1}][&amp;{dic panels table}[panelID]]}' == '${input panelID}' and '${VPpanels[${panel index+1}][&amp;{dic panels table}[row]]}' == '${input row}' and '${VPpanels[${panel index+1}][&amp;{dic panels table}[module]]}' == '${temp module}'</arg>
<arg>Exit For Loop</arg>
</arguments>
<status status="PASS" starttime="20200109 17:02:43.394" endtime="20200109 17:02:43.394"></status>
</kw>
<status status="PASS" starttime="20200109 17:02:43.394" endtime="20200109 17:02:43.394"></status>
</kw>
<kw name="${panel index} = 1" type="foritem">
<kw name="Run Keyword If" library="BuiltIn">
<doc>Runs the given keyword with the given arguments, if ``condition`` is true.</doc>
<arguments>
<arg>'${VPpanels[${panel index+1}][&amp;{dic panels table}[panel type]]}' == '${VIRTUAL PANELS TYPE}[24F]' and '${VPpanels[${panel index+1}][&amp;{dic panels table}[rackID]]}' == '${input rackID}' and '${VPpanels[${panel index+1}][&amp;{dic panels table}[panelID]]}' == '${input panelID}' and '${VPpanels[${panel index+1}][&amp;{dic panels table}[row]]}' == '${input row}' and '${VPpanels[${panel index+1}][&amp;{dic panels table}[module]]}' == '${temp module}'</arg>
<arg>Exit For Loop</arg>
</arguments>
<status status="PASS" starttime="20200109 17:02:43.394" endtime="20200109 17:02:43.394"></status>
</kw>
<status status="PASS" starttime="20200109 17:02:43.394" endtime="20200109 17:02:43.394"></status>
</kw>
<kw name="${panel index} = 2" type="foritem">
<kw name="Run Keyword If" library="BuiltIn">
<doc>Runs the given keyword with the given arguments, if ``condition`` is true.</doc>
<arguments>
<arg>'${VPpanels[${panel index+1}][&amp;{dic panels table}[panel type]]}' == '${VIRTUAL PANELS TYPE}[24F]' and '${VPpanels[${panel index+1}][&amp;{dic panels table}[rackID]]}' == '${input rackID}' and '${VPpanels[${panel index+1}][&amp;{dic panels table}[panelID]]}' == '${input panelID}' and '${VPpanels[${panel index+1}][&amp;{dic panels table}[row]]}' == '${input row}' and '${VPpanels[${panel index+1}][&amp;{dic panels table}[module]]}' == '${temp module}'</arg>
<arg>Exit For Loop</arg>
</arguments>
[...]
<doc>Runs the given keyword with the given arguments, if ``condition`` is true.</doc>
<arguments>
<arg>'${VPpanels[${panel index+1}][&amp;{dic panels table}[panel type]]}' == '${VIRTUAL PANELS TYPE}[24F]' and '${VPpanels[${panel index+1}][&amp;{dic panels table}[rackID]]}' == '${input rackID}' and '${VPpanels[${panel index+1}][&amp;{dic panels table}[panelID]]}' == '${input panelID}' and '${VPpanels[${panel index+1}][&amp;{dic panels table}[row]]}' == '${input row}' and '${VPpanels[${panel index+1}][&amp;{dic panels table}[module]]}' == '${temp module}'</arg>
<arg>Exit For Loop</arg>
</arguments>
<status status="PASS" starttime="20200109 17:08:10.456" endtime="20200109 17:08:10.458"></status>
</kw>
<status status="PASS" starttime="20200109 17:08:10.456" endtime="20200109 17:08:10.459"></status>
</kw>
<kw name="${panel index} = 5" type="foritem">
<kw name="Run Keyword If" library="BuiltIn">
<doc>Runs the given keyword with the given arguments, if ``condition`` is true.</doc>
<arguments>
<arg>'${VPpanels[${panel index+1}][&amp;{dic panels table}[panel type]]}' == '${VIRTUAL PANELS TYPE}[24F]' and '${VPpanels[${panel index+1}][&amp;{dic panels table}[rackID]]}' == '${input rackID}' and '${VPpanels[${panel index+1}][&amp;{dic panels table}[panelID]]}' == '${input panelID}' and '${VPpanels[${panel index+1}][&amp;{dic panels table}[row]]}' == '${input row}' and '${VPpanels[${panel index+1}][&amp;{dic panels table}[module]]}' == '${temp module}'</arg>
<arg>Exit For Loop</arg>
</arguments>
<status status="PASS" starttime="20200109 17:08:10.459" endtime="20200109 17:08:10.462"></status>
</kw>
<status status="PASS" starttime="20200109 17:08:10.459" endtime="20200109 17:08:10.463"></status>
</kw>
<kw name="${panel index} = 6" type="foritem">
<kw name="Run Keyword If" library="BuiltIn">
<doc>Runs the given keyword with the given arguments, if ``condition`` is true.</doc>
<arguments>
<arg>'${VPpanels[${panel index+1}][&amp;{dic panels table}[panel type]]}' == '${VIRTUAL PANELS TYPE}[24F]' and '${VPpanels[${panel index+1}][&amp;{dic panels table}[rackID]]}' == '${input rackID}' and '${VPpanels[${panel index+1}][&amp;{dic panels table}[panelID]]}' == '${input panelID}' and '${VPpanels[${panel index+1}][&amp;{dic panels table}[row]]}' == '${input row}' and '${VPpanels[${panel index+1}][&amp;{dic panels table}[module]]}' == '${temp module}'</arg>
<arg>Exit For Loop</arg>
</arguments>
<status status="PASS" starttime="20200109 17:08:10.463" endtime="20200109 17:08:10.466"></status>
</kw>
<status status="PASS" starttime="20200109 17:08:10.463" endtime="20200109 17:08:10.466"></status>
</kw>
<kw name="${panel index} = 7" type="foritem">
<kw name="Run Keyword If" library="BuiltIn">
<doc>Runs the given keyword with the given arguments, if ``condition`` is true.</doc>
<arguments>
<arg>'${VPpanels[${panel index+1}][&amp;{dic panels table}[panel type]]}' == '${VIRTUAL PANELS TYPE}[24F]' and '${VPpanels[${panel index+1}][&amp;{dic panels table}[rackID]]}' == '${input rackID}' and '${VPpanels[${panel index+1}][&amp;{dic panels table}[panelID]]}' == '${input panelID}' and '${VPpanels[${panel index+1}][&amp;{dic panels table}[row]]}' == '${input row}' and '${VPpanels[${panel index+1}][&amp;{dic panels table}[module]]}' == '${temp module}'</arg>
<arg>Exit For Loop</arg>
</arguments>
<status status="PASS" starttime="20200109 17:08:10.466" endtime="20200109 17:08:10.468"></status>
</kw>
<status status="PASS" starttime="20200109 17:08:10.466" endtime="20200109 17:08:10.469"></status>
</kw>
<kw name="${panel index} = 8" type="foritem">
<kw name="Run Keyword If" library="BuiltIn">
<doc>Runs the given keyword with the given arguments, if ``condition`` is true.</doc>
<arguments>
<arg>'${VPpanels[${panel index+1}][&amp;{dic panels table}[panel type]]}' == '${VIRTUAL PANELS TYPE}[24F]' and '${VPpanels[${panel index+1}][&amp;{dic panels table}[rackID]]}' == '${input rackID}' and '${VPpanels[${panel index+1}][&amp;{dic panels table}[panelID]]}' == '${input panelID}' and '${VPpanels[${panel index+1}][&amp;{dic panels table}[row]]}' == '${input row}' and '${VPpanels[${panel index+1}][&amp;{dic panels table}[module]]}' == '${temp module}'</arg>
<arg>Exit For Loop</arg>
</arguments>
<status status="PASS" starttime="20200109 17:08:10.469" endtime="20200109 17:08:10.471"></status>
</kw>
<status status="PASS" starttime="20200109 17:08:10.469" endtime="20200109 17:08:10.472"></status>
</kw>
<kw name="${panel index} = 9" type="foritem">
<kw name="Run Keyword If" library="BuiltIn">
<doc>Runs the given keyword with the given arguments, if ``condition`` is true.</doc>
<arguments>
<arg>'${VPpanels[${panel index+1}][&amp;{dic panels table}[panel type]]}' == '${VIRTUAL PANELS TYPE}[24F]' and '${VPpanels[${panel index+1}][&amp;{dic panels table}[rackID]]}' == '${input rackID}' and '${VPpanels[${panel index+1}][&amp;{dic panels table}[panelID]]}' == '${input panelID}' and '${VPpanels[${panel index+1}][&amp;{dic panels table}[row]]}' == '${input row}' and '${VPpanels[${panel index+1}][&amp;{dic panels table}[module]]}' == '${temp module}'</arg>
<arg>Exit For Loop</arg>
</arguments>
<kw name="Exit For Loop" library="BuiltIn">
<doc>Stops executing the enclosing for loop.</doc>
<msg timestamp="20200109 17:08:10.475" level="INFO">Exiting for loop altogether.</msg>
<status status="PASS" starttime="20200109 17:08:10.474" endtime="20200109 17:08:10.475"></status>
</kw>
<status status="PASS" starttime="20200109 17:08:10.472" endtime="20200109 17:08:10.475"></status>
</kw>
<status status="PASS" starttime="20200109 17:08:10.472" endtime="20200109 17:08:10.475"></status>
</kw>
<status status="PASS" starttime="20200109 17:08:10.434" endtime="20200109 17:08:10.476"></status>
</kw>
<msg timestamp="20200109 17:08:10.476" level="INFO">${panel index} = 10</msg>
<status status="PASS" starttime="20200109 17:08:10.426" endtime="20200109 17:08:10.476"></status>
</kw>
<kw name="Log" library="BuiltIn">
<doc>Logs the given message with the given level.</doc>
<arguments>
<arg>${panel index}</arg>
</arguments>
<msg timestamp="20200109 17:08:10.478" level="INFO">10</msg>
<status status="PASS" starttime="20200109 17:08:10.477" endtime="20200109 17:08:10.478"></status>
</kw>
<kw name="Catenate" library="BuiltIn">
<doc>Catenates the given items together and returns the resulted string.</doc>
<arguments>
<arg>vp_cmd_helper --plugout --rack</arg>
<arg>${rackID}</arg>
<arg>--panel</arg>
<arg>${panel index}</arg>
<arg>--module</arg>
<arg>${module}</arg>
<arg>--port</arg>
<arg>${portID}</arg>
</arguments>
<assign>
<var>${completed command}</var>
</assign>
<msg timestamp="20200109 17:08:10.480" level="INFO">${completed command} = vp_cmd_helper --plugout --rack 1 --panel 10 --module A --port 6</msg>
<status status="PASS" starttime="20200109 17:08:10.479" endtime="20200109 17:08:10.480"></status>
</kw>
<kw name="Log" library="BuiltIn">
<doc>Logs the given message with the given level.</doc>
<arguments>
<arg>${completed command}</arg>
</arguments>
<msg timestamp="20200109 17:08:10.481" level="INFO">vp_cmd_helper --plugout --rack 1 --panel 10 --module A --port 6</msg>
<status status="PASS" starttime="20200109 17:08:10.480" endtime="20200109 17:08:10.481"></status>
</kw>
<kw name="Enter Virtual Command ${completed command}" library="SSHDefinitions">
<kw name="Write" library="SSHLibrary">
<doc>Writes the given ``text`` on the remote machine and appends a newline.</doc>
<arguments>
<arg>${command}</arg>
</arguments>
<msg timestamp="20200109 17:08:10.515" level="INFO">vp_cmd_helper --plugout --rack 1 --panel 10 --module A --port 6</msg>
<status status="PASS" starttime="20200109 17:08:10.482" endtime="20200109 17:08:10.516"></status>
</kw>
<kw name="Read" library="SSHLibrary">
<doc>Consumes and returns everything available on the server output.</doc>
<arguments>
<arg>loglevel=Trace</arg>
<arg>delay=1s</arg>
</arguments>
<assign>
<var>${stdout}</var>
</assign>
<msg timestamp="20200109 17:08:12.518" level="INFO">${stdout} = result=success
command=plugout
test_setup=on
bus_connect=on
bus_power=on
rack=1
panel=10
type=96lc
panel_state=RUN
modulekit=AB
serial=36FFFF200001
count=11
# </msg>
<status status="PASS" starttime="20200109 17:08:10.516" endtime="20200109 17:08:12.519"></status>
</kw>
<kw name="Log" library="BuiltIn">
<doc>Logs the given message with the given level.</doc>
<arguments>
<arg>${stdout}</arg>
</arguments>
<msg timestamp="20200109 17:08:12.521" level="INFO">result=success
command=plugout
test_setup=on
bus_connect=on
bus_power=on
rack=1
panel=10
type=96lc
panel_state=RUN
modulekit=AB
serial=36FFFF200001
count=11
# </msg>
<status status="PASS" starttime="20200109 17:08:12.520" endtime="20200109 17:08:12.522"></status>
</kw>
<status status="PASS" starttime="20200109 17:08:10.481" endtime="20200109 17:08:12.523"></status>
</kw>
<status status="PASS" starttime="20200109 17:08:10.425" endtime="20200109 17:08:12.524"></status>
</kw>
<kw name="Set Web UI to Stand By State and Close Current Browser" library="GeneralPage" type="teardown">
<kw name="Wait For Page Update" library="GeneralPage">
<kw name="Sleep" library="BuiltIn">
<doc>Pauses the test executed for the given time.</doc>
<arguments>
<arg>${PAGE UPDATE TIMEOUT}</arg>
</arguments>
<msg timestamp="20200109 17:08:12.629" level="INFO">Slept 100 milliseconds</msg>
<status status="PASS" starttime="20200109 17:08:12.527" endtime="20200109 17:08:12.630"></status>
</kw>
<status status="PASS" starttime="20200109 17:08:12.526" endtime="20200109 17:08:12.631"></status>
</kw>
<kw name="Get Element Count" library="SeleniumLibrary">
<doc>Returns the number of elements matching ``locator``.</doc>
<arguments>
<arg>${btnExit}</arg>
</arguments>
<assign>
<var>${count Exit button}</var>
</assign>
<msg timestamp="20200109 17:08:12.684" level="INFO">${count Exit button} = 1</msg>
<status status="PASS" starttime="20200109 17:08:12.632" endtime="20200109 17:08:12.684"></status>
</kw>
<kw name="Run Keyword If" library="BuiltIn">
<doc>Runs the given keyword with the given arguments, if ``condition`` is true.</doc>
<arguments>
<arg>${count Exit button} &gt; 0</arg>
<arg>Exit Screen</arg>
</arguments>
<kw name="Exit Screen" library="GeneralPage">
<kw name="Click Web Button" library="GeneralPage">
<arguments>
<arg>${btnExit}</arg>
</arguments>
<kw name="Get Element Count" library="SeleniumLibrary">
<doc>Returns the number of elements matching ``locator``.</doc>
<arguments>
<arg>${btnName}</arg>
</arguments>
<assign>
<var>${button exist}</var>
</assign>
<msg timestamp="20200109 17:08:12.697" level="INFO">${button exist} = 1</msg>
<status status="PASS" starttime="20200109 17:08:12.686" endtime="20200109 17:08:12.698"></status>
</kw>
<kw name="Run Keyword If" library="BuiltIn">
<doc>Runs the given keyword with the given arguments, if ``condition`` is true.</doc>
<arguments>
<arg>${button exist} == 1</arg>
<arg>Run Keyword And Continue On Failure</arg>
<arg>Run Keywords</arg>
<arg>Click Element</arg>
<arg>${btnName}</arg>
<arg>AND</arg>
<arg>Wait For Page Load</arg>
</arguments>
<kw name="Run Keyword And Continue On Failure" library="BuiltIn">
<doc>Runs the keyword and continues execution even if a failure occurs.</doc>
<arguments>
<arg>Run Keywords</arg>
<arg>Click Element</arg>
<arg>${btnName}</arg>
<arg>AND</arg>
<arg>Wait For Page Load</arg>
</arguments>
<kw name="Run Keywords" library="BuiltIn">
<doc>Executes all the given keywords in a sequence.</doc>
<arguments>
<arg>Click Element</arg>
<arg>${btnName}</arg>
<arg>AND</arg>
<arg>Wait For Page Load</arg>
</arguments>
<kw name="Click Element" library="SeleniumLibrary">
<doc>Click the element identified by ``locator``.</doc>
<arguments>
<arg>${btnName}</arg>
</arguments>
<msg timestamp="20200109 17:08:12.700" level="INFO">Clicking element '//div[@id='exit-footer' and @style='display: block;']/div[@id='exit-button']'.</msg>
<status status="PASS" starttime="20200109 17:08:12.700" endtime="20200109 17:08:12.758"></status>
</kw>
<kw name="Wait For Page Load" library="GeneralPage">
<kw name="Sleep" library="BuiltIn">
<doc>Pauses the test executed for the given time.</doc>
<arguments>
<arg>${PAGE LOAD TIMEOUT}</arg>
</arguments>
<msg timestamp="20200109 17:08:13.760" level="INFO">Slept 1 second</msg>
<status status="PASS" starttime="20200109 17:08:12.760" endtime="20200109 17:08:13.761"></status>
</kw>
<status status="PASS" starttime="20200109 17:08:12.759" endtime="20200109 17:08:13.761"></status>
</kw>
<status status="PASS" starttime="20200109 17:08:12.700" endtime="20200109 17:08:13.762"></status>
</kw>
<status status="PASS" starttime="20200109 17:08:12.699" endtime="20200109 17:08:13.762"></status>
</kw>
<status status="PASS" starttime="20200109 17:08:12.698" endtime="20200109 17:08:13.763"></status>
</kw>
<status status="PASS" starttime="20200109 17:08:12.686" endtime="20200109 17:08:13.764"></status>
</kw>
<kw name="Wait For Page Load" library="GeneralPage">
<kw name="Sleep" library="BuiltIn">
<doc>Pauses the test executed for the given time.</doc>
<arguments>
<arg>${PAGE LOAD TIMEOUT}</arg>
</arguments>
<msg timestamp="20200109 17:08:14.767" level="INFO">Slept 1 second</msg>
<status status="PASS" starttime="20200109 17:08:13.766" endtime="20200109 17:08:14.767"></status>
</kw>
<status status="PASS" starttime="20200109 17:08:13.764" endtime="20200109 17:08:14.768"></status>
</kw>
<status status="PASS" starttime="20200109 17:08:12.685" endtime="20200109 17:08:14.769"></status>
</kw>
<status status="PASS" starttime="20200109 17:08:12.685" endtime="20200109 17:08:14.769"></status>
</kw>
<kw name="Get Element Count" library="SeleniumLibrary">
<doc>Returns the number of elements matching ``locator``.</doc>
<arguments>
<arg>${lblimVisionX}</arg>
</arguments>
<assign>
<var>${count Home screen}</var>
</assign>
<msg timestamp="20200109 17:08:14.798" level="INFO">${count Home screen} = 1</msg>
<status status="PASS" starttime="20200109 17:08:14.770" endtime="20200109 17:08:14.799"></status>
</kw>
<kw name="Run Keyword If" library="BuiltIn">
<doc>Runs the given keyword with the given arguments, if ``condition`` is true.</doc>
<arguments>
<arg>${count Home screen} &gt; 0</arg>
<arg>Run Keywords</arg>
<arg>Click Web Button</arg>
<arg>${btnHome}</arg>
<arg>AND</arg>
<arg>Wait For Page Load</arg>
</arguments>
<kw name="Run Keywords" library="BuiltIn">
<doc>Executes all the given keywords in a sequence.</doc>
<arguments>
<arg>Click Web Button</arg>
<arg>${btnHome}</arg>
<arg>AND</arg>
<arg>Wait For Page Load</arg>
</arguments>
<kw name="Click Web Button" library="GeneralPage">
<arguments>
<arg>${btnHome}</arg>
</arguments>
<kw name="Get Element Count" library="SeleniumLibrary">
<doc>Returns the number of elements matching ``locator``.</doc>
<arguments>
<arg>${btnName}</arg>
</arguments>
<assign>
<var>${button exist}</var>
</assign>
<msg timestamp="20200109 17:08:14.821" level="INFO">${button exist} = 1</msg>
<status status="PASS" starttime="20200109 17:08:14.803" endtime="20200109 17:08:14.822"></status>
</kw>
<kw name="Run Keyword If" library="BuiltIn">
<doc>Runs the given keyword with the given arguments, if ``condition`` is true.</doc>
<arguments>
<arg>${button exist} == 1</arg>
<arg>Run Keyword And Continue On Failure</arg>
<arg>Run Keywords</arg>
<arg>Click Element</arg>
<arg>${btnName}</arg>
<arg>AND</arg>
<arg>Wait For Page Load</arg>
</arguments>
<kw name="Run Keyword And Continue On Failure" library="BuiltIn">
<doc>Runs the keyword and continues execution even if a failure occurs.</doc>
<arguments>
<arg>Run Keywords</arg>
<arg>Click Element</arg>
<arg>${btnName}</arg>
<arg>AND</arg>
<arg>Wait For Page Load</arg>
</arguments>
<kw name="Run Keywords" library="BuiltIn">
<doc>Executes all the given keywords in a sequence.</doc>
<arguments>
<arg>Click Element</arg>
<arg>${btnName}</arg>
<arg>AND</arg>
<arg>Wait For Page Load</arg>
</arguments>
<kw name="Click Element" library="SeleniumLibrary">
<doc>Click the element identified by ``locator``.</doc>
<arguments>
<arg>${btnName}</arg>
</arguments>
<msg timestamp="20200109 17:08:14.825" level="INFO">Clicking element '//div[@id='home-lang']'.</msg>
<status status="PASS" starttime="20200109 17:08:14.824" endtime="20200109 17:08:14.885"></status>
</kw>
<kw name="Wait For Page Load" library="GeneralPage">
<kw name="Sleep" library="BuiltIn">
<doc>Pauses the test executed for the given time.</doc>
<arguments>
<arg>${PAGE LOAD TIMEOUT}</arg>
</arguments>
<msg timestamp="20200109 17:08:15.890" level="INFO">Slept 1 second</msg>
<status status="PASS" starttime="20200109 17:08:14.888" endtime="20200109 17:08:15.891"></status>
</kw>
<status status="PASS" starttime="20200109 17:08:14.886" endtime="20200109 17:08:15.892"></status>
</kw>
<status status="PASS" starttime="20200109 17:08:14.824" endtime="20200109 17:08:15.893"></status>
</kw>
<status status="PASS" starttime="20200109 17:08:14.823" endtime="20200109 17:08:15.893"></status>
</kw>
<status status="PASS" starttime="20200109 17:08:14.822" endtime="20200109 17:08:15.894"></status>
</kw>
<status status="PASS" starttime="20200109 17:08:14.802" endtime="20200109 17:08:15.895"></status>
</kw>
<kw name="Wait For Page Load" library="GeneralPage">
<kw name="Sleep" library="BuiltIn">
<doc>Pauses the test executed for the given time.</doc>
<arguments>
<arg>${PAGE LOAD TIMEOUT}</arg>
</arguments>
<msg timestamp="20200109 17:08:16.898" level="INFO">Slept 1 second</msg>
<status status="PASS" starttime="20200109 17:08:15.897" endtime="20200109 17:08:16.898"></status>
</kw>
<status status="PASS" starttime="20200109 17:08:15.896" endtime="20200109 17:08:16.899"></status>
</kw>
<status status="PASS" starttime="20200109 17:08:14.801" endtime="20200109 17:08:16.900"></status>
</kw>
<status status="PASS" starttime="20200109 17:08:14.800" endtime="20200109 17:08:16.900"></status>
</kw>
<kw name="Close Browser" library="SeleniumLibrary">
<doc>Closes the current browser.</doc>
<status status="PASS" starttime="20200109 17:08:16.901" endtime="20200109 17:08:19.130"></status>
</kw>
<status status="PASS" starttime="20200109 17:08:12.525" endtime="20200109 17:08:19.130"></status>
</kw>
<status status="PASS" starttime="20200109 17:02:23.216" endtime="20200109 17:08:19.130" critical="yes"></status>
</test>
<status status="PASS" starttime="20200109 17:02:22.732" endtime="20200109 17:08:19.134"></status>
</suite>
<status status="PASS" starttime="20200109 17:02:22.716" endtime="20200109 17:08:19.135"></status>
</suite>
<status status="PASS" starttime="20200109 17:02:22.716" endtime="20200109 17:08:19.135"></status>
</suite>
<status status="PASS" starttime="20200109 17:02:22.716" endtime="20200109 17:08:19.135"></status>
</suite>
<status status="PASS" starttime="20200109 17:02:22.701" endtime="20200109 17:08:19.151"></status>
</suite>
<status status="PASS" starttime="20200109 17:02:22.685" endtime="20200109 17:08:19.151"></status>
</suite>
<statistics>
<total>
<stat pass="1" fail="0">Critical Tests</stat>
<stat pass="1" fail="0">All Tests</stat>
</total>
<tag>
</tag>
<suite>
<stat pass="1" fail="0" id="s1" name="BulkPatching Robot">BulkPatching Robot</stat>
<stat pass="1" fail="0" id="s1-s1" name="BulkPatching Robot">BulkPatching Robot.BulkPatching Robot</stat>
<stat pass="1" fail="0" id="s1-s1-s1" name="Test Resources">BulkPatching Robot.BulkPatching Robot.Test Resources</stat>
<stat pass="1" fail="0" id="s1-s1-s1-s1" name="Test Suites">BulkPatching Robot.BulkPatching Robot.Test Resources.Test Suites</stat>
<stat pass="1" fail="0" id="s1-s1-s1-s1-s1" name="4.Exit Bulk Patchings Screen">BulkPatching Robot.BulkPatching Robot.Test Resources.Test Suites.4.Exit Bulk Patchings Screen</stat>
<stat pass="1" fail="0" id="s1-s1-s1-s1-s1-s1" name="4.4.2.CheckAllPatchesOnBulkPatchingListArePatchedSuccessfullyAfterWaitingForTimeout">BulkPatching Robot.BulkPatching Robot.Test Resources.Test Suites.4.Exit Bulk Patchings Screen.4.4.2.CheckAllPatchesOnBulkPatchingListArePatchedSuccessfullyAfterWaitingForTimeout</stat>
</suite>
</statistics>
<errors>
</errors>
</robot>
