<?xml version="1.0" encoding="UTF-8"?>
<robot generator="Robot 3.1.2 (Python 3.8.0 on win32)" generated="20200110 18:33:16.919" rpa="false">
<suite id="s1" name="BulkPatching Robot" source="C:\Users\quocanh.ho\git\BulkPatching_Robot">
<suite id="s1-s1" name="BulkPatching Robot" source="C:\Users\quocanh.ho\git\BulkPatching_Robot\BulkPatching_Robot">
<suite id="s1-s1-s1" name="Test Resources" source="C:\Users\quocanh.ho\git\BulkPatching_Robot\BulkPatching_Robot\Test_Resources">
<suite id="s1-s1-s1-s1" name="Test Suites" source="C:\Users\quocanh.ho\git\BulkPatching_Robot\BulkPatching_Robot\Test_Resources\Test_Suites">
<suite id="s1-s1-s1-s1-s1" name="3.Insert All End Bs" source="C:\Users\quocanh.ho\git\BulkPatching_Robot\BulkPatching_Robot\Test_Resources\Test_Suites\3.Insert_All_End_Bs">
<suite id="s1-s1-s1-s1-s1-s1" name="3.5.CheckEndBWhenPluggingCorrectTipInTheMiddleOfListOfEndBThenReplug" source="C:\Users\quocanh.ho\git\BulkPatching_Robot\BulkPatching_Robot\Test_Resources\Test_Suites\3.Insert_All_End_Bs\3.5.CheckEndBWhenPluggingCorrectTipInTheMiddleOfListOfEndBThenReplug.robot">
<test id="s1-s1-s1-s1-s1-s1-t1" name="INSERT_END_B_05_01_Verify that imVision X needs to generate beep tone when plugging a connector that is matched to one of unplugged connectors in the End B list if there is a 24-port Legacy Copper">
<kw name="Run Keywords" library="BuiltIn" type="setup">
<doc>Executes all the given keywords in a sequence.</doc>
<arguments>
<arg>Open SSH Connection and Login</arg>
<arg>Open WebUI And Go To Home Screen</arg>
</arguments>
<kw name="Open SSH Connection and Login" library="SSHDefinitions">
<kw name="Open Connection" library="SSHLibrary">
<doc>Opens a new SSH connection to the given ``host`` and ``port``.</doc>
<arguments>
<arg>${HOST_A}</arg>
</arguments>
<status status="PASS" starttime="20200110 18:33:17.466" endtime="20200110 18:33:17.466"></status>
</kw>
<kw name="Login" library="SSHLibrary">
<doc>Logs into the SSH server with the given ``username`` and ``password``.</doc>
<arguments>
<arg>${USERNAME}</arg>
<arg>${PASSWORD}</arg>
</arguments>
<msg timestamp="20200110 18:33:17.466" level="INFO">Logging into '192.168.171.201:22' as 'root'.</msg>
<msg timestamp="20200110 18:33:18.857" level="INFO">Read output: #</msg>
<status status="PASS" starttime="20200110 18:33:17.466" endtime="20200110 18:33:18.857"></status>
</kw>
<status status="PASS" starttime="20200110 18:33:17.466" endtime="20200110 18:33:18.857"></status>
</kw>
<kw name="Open WebUI And Go To Home Screen" library="GeneralPage">
<tags>
<tag>host_A</tag>
<tag>host_B</tag>
</tags>
<kw name="Catenate" library="BuiltIn">
<doc>Catenates the given items together and returns the resulted string.</doc>
<arguments>
<arg>SEPARATOR=</arg>
<arg>http://</arg>
<arg>${HOST A}</arg>
<arg>:8888</arg>
</arguments>
<assign>
<var>${WebUI url}</var>
</assign>
<msg timestamp="20200110 18:33:18.857" level="INFO">${WebUI url} = http://192.168.171.201:8888</msg>
<status status="PASS" starttime="20200110 18:33:18.857" endtime="20200110 18:33:18.857"></status>
</kw>
<kw name="Open Browser" library="SeleniumLibrary">
<doc>Opens a new browser instance to the optional ``url``.</doc>
<arguments>
<arg>${WebUI url}</arg>
<arg>${BROWSER}</arg>
</arguments>
<msg timestamp="20200110 18:33:18.857" level="INFO">Opening browser 'Chrome' to base url 'http://192.168.171.201:8888'.</msg>
<status status="PASS" starttime="20200110 18:33:18.857" endtime="20200110 18:33:22.258"></status>
</kw>
<kw name="Maximize Browser Window" library="SeleniumLibrary">
<doc>Maximizes current browser window.</doc>
<status status="PASS" starttime="20200110 18:33:22.259" endtime="20200110 18:33:23.413"></status>
</kw>
<kw name="Sleep" library="BuiltIn">
<doc>Pauses the test executed for the given time.</doc>
<arguments>
<arg>${PAGE LOAD TIMEOUT}</arg>
</arguments>
<msg timestamp="20200110 18:33:24.417" level="INFO">Slept 1 second</msg>
<status status="PASS" starttime="20200110 18:33:23.413" endtime="20200110 18:33:24.417"></status>
</kw>
<kw name="Set Web UI to Stand By State" library="GeneralPage">
<kw name="Get Element Count" library="SeleniumLibrary">
<doc>Returns the number of elements matching ``locator``.</doc>
<arguments>
<arg>${btnExit}</arg>
</arguments>
<assign>
<var>${count Exit button}</var>
</assign>
<msg timestamp="20200110 18:33:24.433" level="INFO">${count Exit button} = 0</msg>
<status status="PASS" starttime="20200110 18:33:24.417" endtime="20200110 18:33:24.433"></status>
</kw>
<kw name="Run Keyword If" library="BuiltIn">
<doc>Runs the given keyword with the given arguments, if ``condition`` is true.</doc>
<arguments>
<arg>${count Exit button} &gt; 0</arg>
<arg>Exit Screen</arg>
</arguments>
<status status="PASS" starttime="20200110 18:33:24.433" endtime="20200110 18:33:24.449"></status>
</kw>
<kw name="Get Element Count" library="SeleniumLibrary">
<doc>Returns the number of elements matching ``locator``.</doc>
<arguments>
<arg>${btnCancel}</arg>
</arguments>
<assign>
<var>${count Cancel button}</var>
</assign>
<msg timestamp="20200110 18:33:24.464" level="INFO">${count Cancel button} = 0</msg>
<status status="PASS" starttime="20200110 18:33:24.449" endtime="20200110 18:33:24.464"></status>
</kw>
<kw name="Run Keyword If" library="BuiltIn">
<doc>Runs the given keyword with the given arguments, if ``condition`` is true.</doc>
<arguments>
<arg>${count Cancel button} &gt; 0</arg>
<arg>Exit Screen</arg>
</arguments>
<status status="PASS" starttime="20200110 18:33:24.464" endtime="20200110 18:33:24.464"></status>
</kw>
<kw name="Get Element Count" library="SeleniumLibrary">
<doc>Returns the number of elements matching ``locator``.</doc>
<arguments>
<arg>${lblimVisionX}</arg>
</arguments>
<assign>
<var>${count Home screen}</var>
</assign>
<msg timestamp="20200110 18:33:24.480" level="INFO">${count Home screen} = 0</msg>
<status status="PASS" starttime="20200110 18:33:24.464" endtime="20200110 18:33:24.480"></status>
</kw>
<kw name="Run Keyword If" library="BuiltIn">
<doc>Runs the given keyword with the given arguments, if ``condition`` is true.</doc>
<arguments>
<arg>${count Home screen} &gt; 0</arg>
<arg>Run Keywords</arg>
<arg>Click Web Button</arg>
<arg>${btnHome}</arg>
<arg>AND</arg>
<arg>Wait For Page Load</arg>
</arguments>
<status status="PASS" starttime="20200110 18:33:24.480" endtime="20200110 18:33:24.496"></status>
</kw>
<status status="PASS" starttime="20200110 18:33:24.417" endtime="20200110 18:33:24.496"></status>
</kw>
<kw name="Go To Home Screen" library="GeneralPage">
<kw name="Click Web Button" library="GeneralPage">
<arguments>
<arg>${btnHome}</arg>
</arguments>
<kw name="Get Element Count" library="SeleniumLibrary">
<doc>Returns the number of elements matching ``locator``.</doc>
<arguments>
<arg>${btnName}</arg>
</arguments>
<assign>
<var>${button exist}</var>
</assign>
<msg timestamp="20200110 18:33:24.511" level="INFO">${button exist} = 1</msg>
<status status="PASS" starttime="20200110 18:33:24.496" endtime="20200110 18:33:24.511"></status>
</kw>
<kw name="Run Keyword If" library="BuiltIn">
<doc>Runs the given keyword with the given arguments, if ``condition`` is true.</doc>
<arguments>
<arg>${button exist} == 1</arg>
<arg>Run Keyword And Continue On Failure</arg>
<arg>Run Keywords</arg>
<arg>Click Element</arg>
<arg>${btnName}</arg>
<arg>AND</arg>
<arg>Wait For Page Load</arg>
</arguments>
<kw name="Run Keyword And Continue On Failure" library="BuiltIn">
<doc>Runs the keyword and continues execution even if a failure occurs.</doc>
<arguments>
<arg>Run Keywords</arg>
<arg>Click Element</arg>
<arg>${btnName}</arg>
<arg>AND</arg>
<arg>Wait For Page Load</arg>
</arguments>
<kw name="Run Keywords" library="BuiltIn">
<doc>Executes all the given keywords in a sequence.</doc>
<arguments>
<arg>Click Element</arg>
<arg>${btnName}</arg>
<arg>AND</arg>
<arg>Wait For Page Load</arg>
</arguments>
<kw name="Click Element" library="SeleniumLibrary">
<doc>Click the element identified by ``locator``.</doc>
<arguments>
<arg>${btnName}</arg>
</arguments>
<msg timestamp="20200110 18:33:24.511" level="INFO">Clicking element '//div[@id='home-lang']'.</msg>
<status status="PASS" starttime="20200110 18:33:24.511" endtime="20200110 18:33:24.605"></status>
</kw>
<kw name="Wait For Page Load" library="GeneralPage">
<kw name="Sleep" library="BuiltIn">
<doc>Pauses the test executed for the given time.</doc>
<arguments>
<arg>${PAGE LOAD TIMEOUT}</arg>
</arguments>
<msg timestamp="20200110 18:33:25.610" level="INFO">Slept 1 second</msg>
<status status="PASS" starttime="20200110 18:33:24.608" endtime="20200110 18:33:25.610"></status>
</kw>
<status status="PASS" starttime="20200110 18:33:24.606" endtime="20200110 18:33:25.611"></status>
</kw>
<status status="PASS" starttime="20200110 18:33:24.511" endtime="20200110 18:33:25.612"></status>
</kw>
<status status="PASS" starttime="20200110 18:33:24.511" endtime="20200110 18:33:25.612"></status>
</kw>
<status status="PASS" starttime="20200110 18:33:24.511" endtime="20200110 18:33:25.613"></status>
</kw>
<status status="PASS" starttime="20200110 18:33:24.496" endtime="20200110 18:33:25.615"></status>
</kw>
<status status="PASS" starttime="20200110 18:33:24.496" endtime="20200110 18:33:25.616"></status>
</kw>
<status status="PASS" starttime="20200110 18:33:18.857" endtime="20200110 18:33:25.617"></status>
</kw>
<status status="PASS" starttime="20200110 18:33:17.466" endtime="20200110 18:33:25.617"></status>
</kw>
<kw name="Given Go To Bulk Patching Screen" library="HomePage">
<kw name="Click Element" library="SeleniumLibrary">
<doc>Click the element identified by ``locator``.</doc>
<arguments>
<arg>${btnBulk Patching}</arg>
</arguments>
<msg timestamp="20200110 18:33:25.622" level="INFO">Clicking element '//input[@id='bulk-patch-btn']'.</msg>
<status status="PASS" starttime="20200110 18:33:25.621" endtime="20200110 18:33:25.687"></status>
</kw>
<kw name="Wait For Page Load" library="GeneralPage">
<kw name="Sleep" library="BuiltIn">
<doc>Pauses the test executed for the given time.</doc>
<arguments>
<arg>${PAGE LOAD TIMEOUT}</arg>
</arguments>
<msg timestamp="20200110 18:33:26.700" level="INFO">Slept 1 second</msg>
<status status="PASS" starttime="20200110 18:33:25.688" endtime="20200110 18:33:26.700"></status>
</kw>
<status status="PASS" starttime="20200110 18:33:25.688" endtime="20200110 18:33:26.700"></status>
</kw>
<status status="PASS" starttime="20200110 18:33:25.619" endtime="20200110 18:33:26.700"></status>
</kw>
<kw name="When Plugin Serial Copper Tip to Rack &quot;1&quot; Panel &quot;1&quot; Row &quot;1&quot; from Port &quot;1&quot; to Port &quot;3&quot;" library="VirtualPanelDefinitions">
<kw name="Convert To Integer" library="BuiltIn">
<doc>Converts the given item to an integer number.</doc>
<arguments>
<arg>${port1ID}</arg>
</arguments>
<assign>
<var>${from port}</var>
</assign>
<msg timestamp="20200110 18:33:26.700" level="INFO">${from port} = 1</msg>
<status status="PASS" starttime="20200110 18:33:26.700" endtime="20200110 18:33:26.700"></status>
</kw>
<kw name="Convert To Integer" library="BuiltIn">
<doc>Converts the given item to an integer number.</doc>
<arguments>
<arg>${port2ID}</arg>
</arguments>
<assign>
<var>${to port}</var>
</assign>
<msg timestamp="20200110 18:33:26.700" level="INFO">${to port} = 3</msg>
<status status="PASS" starttime="20200110 18:33:26.700" endtime="20200110 18:33:26.700"></status>
</kw>
<kw name="${i} IN RANGE [ ${from port} | ${to port+1} ]" type="for">
<kw name="${i} = 1" type="foritem">
<kw name="Plugin Copper Tip to Rack &quot;${rackID}&quot; Panel &quot;${panelID}&quot; Row &quot;${row}&quot; Port &quot;${i}&quot;" library="VirtualPanelDefinitions">
<kw name="Get Copper Panel Index" library="VirtualPanelDefinitions">
<arguments>
<arg>${rackID}</arg>
<arg>${panelID}</arg>
<arg>${row}</arg>
</arguments>
<assign>
<var>${panel index}</var>
</assign>
<kw name="Get Length" library="BuiltIn">
<doc>Returns and logs the length of the given item as an integer.</doc>
<arguments>
<arg>${VPpanels}</arg>
</arguments>
<assign>
<var>${panels number}</var>
</assign>
<msg timestamp="20200110 18:33:26.700" level="INFO">Length is 12</msg>
<msg timestamp="20200110 18:33:26.700" level="INFO">${panels number} = 12</msg>
<status status="PASS" starttime="20200110 18:33:26.700" endtime="20200110 18:33:26.700"></status>
</kw>
<kw name="${panel index} IN RANGE [ ${panels number-1} ]" type="for">
<kw name="${panel index} = 0" type="foritem">
<kw name="Run Keyword If" library="BuiltIn">
<doc>Runs the given keyword with the given arguments, if ``condition`` is true.</doc>
<arguments>
<arg>'${VPpanels[${panel index+1}][&amp;{dic panels table}[panel type]]}' == '${VIRTUAL PANELS TYPE}[COPPER]' and '${VPpanels[${panel index+1}][&amp;{dic panels table}[rackID]]}' == '${input rackID}' and '${VPpanels[${panel index+1}][&amp;{dic panels table}[panelID]]}' == '${input panelID}' and '${VPpanels[${panel index+1}][&amp;{dic panels table}[row]]}' == '${input row}'</arg>
<arg>Exit For Loop</arg>
</arguments>
<kw name="Exit For Loop" library="BuiltIn">
<doc>Stops executing the enclosing for loop.</doc>
<msg timestamp="20200110 18:33:26.716" level="INFO">Exiting for loop altogether.</msg>
<status status="PASS" starttime="20200110 18:33:26.716" endtime="20200110 18:33:26.716"></status>
</kw>
<status status="PASS" starttime="20200110 18:33:26.716" endtime="20200110 18:33:26.716"></status>
</kw>
<status status="PASS" starttime="20200110 18:33:26.716" endtime="20200110 18:33:26.716"></status>
</kw>
<status status="PASS" starttime="20200110 18:33:26.716" endtime="20200110 18:33:26.716"></status>
</kw>
<msg timestamp="20200110 18:33:26.716" level="INFO">${panel index} = 1</msg>
<status status="PASS" starttime="20200110 18:33:26.700" endtime="20200110 18:33:26.716"></status>
</kw>
<kw name="Log" library="BuiltIn">
<doc>Logs the given message with the given level.</doc>
<arguments>
<arg>${panel index}</arg>
</arguments>
<msg timestamp="20200110 18:33:26.716" level="INFO">1</msg>
<status status="PASS" starttime="20200110 18:33:26.716" endtime="20200110 18:33:26.716"></status>
</kw>
<kw name="Catenate" library="BuiltIn">
<doc>Catenates the given items together and returns the resulted string.</doc>
<arguments>
<arg>vp_cmd_helper --plugin --rack</arg>
<arg>${rackID}</arg>
<arg>--panel</arg>
<arg>${panel index}</arg>
<arg>--port</arg>
<arg>${portID}</arg>
</arguments>
<assign>
<var>${completed command}</var>
</assign>
<msg timestamp="20200110 18:33:26.716" level="INFO">${completed command} = vp_cmd_helper --plugin --rack 1 --panel 1 --port 1</msg>
<status status="PASS" starttime="20200110 18:33:26.716" endtime="20200110 18:33:26.716"></status>
</kw>
<kw name="Log" library="BuiltIn">
<doc>Logs the given message with the given level.</doc>
<arguments>
<arg>${completed command}</arg>
</arguments>
<msg timestamp="20200110 18:33:26.716" level="INFO">vp_cmd_helper --plugin --rack 1 --panel 1 --port 1</msg>
<status status="PASS" starttime="20200110 18:33:26.716" endtime="20200110 18:33:26.716"></status>
</kw>
<kw name="Enter Virtual Command ${completed command}" library="SSHDefinitions">
<kw name="Write" library="SSHLibrary">
<doc>Writes the given ``text`` on the remote machine and appends a newline.</doc>
<arguments>
<arg>${command}</arg>
</arguments>
<msg timestamp="20200110 18:33:26.794" level="INFO">vp_cmd_helper --plugin --rack 1 --panel 1 --port 1</msg>
<status status="PASS" starttime="20200110 18:33:26.716" endtime="20200110 18:33:26.794"></status>
</kw>
<kw name="Read" library="SSHLibrary">
<doc>Consumes and returns everything available on the server output.</doc>
<arguments>
<arg>loglevel=Trace</arg>
<arg>delay=1s</arg>
</arguments>
<assign>
<var>${stdout}</var>
</assign>
<msg timestamp="20200110 18:33:28.804" level="INFO">${stdout} = result=success
command=plugin
test_setup=on
bus_connect=on
bus_power=on
rack=1
panel=1
type=1100ps
panel_state=RUN
row=1
serial=28FFFF600001
count=11
# </msg>
<status status="PASS" starttime="20200110 18:33:26.794" endtime="20200110 18:33:28.805"></status>
</kw>
<kw name="Log" library="BuiltIn">
<doc>Logs the given message with the given level.</doc>
<arguments>
<arg>${stdout}</arg>
</arguments>
<msg timestamp="20200110 18:33:28.807" level="INFO">result=success
command=plugin
test_setup=on
bus_connect=on
bus_power=on
rack=1
panel=1
type=1100ps
panel_state=RUN
row=1
serial=28FFFF600001
count=11
# </msg>
<status status="PASS" starttime="20200110 18:33:28.806" endtime="20200110 18:33:28.808"></status>
</kw>
<status status="PASS" starttime="20200110 18:33:26.716" endtime="20200110 18:33:28.808"></status>
</kw>
<status status="PASS" starttime="20200110 18:33:26.700" endtime="20200110 18:33:28.809"></status>
</kw>
<status status="PASS" starttime="20200110 18:33:26.700" endtime="20200110 18:33:28.810"></status>
</kw>
<kw name="${i} = 2" type="foritem">
<kw name="Plugin Copper Tip to Rack &quot;${rackID}&quot; Panel &quot;${panelID}&quot; Row &quot;${row}&quot; Port &quot;${i}&quot;" library="VirtualPanelDefinitions">
<kw name="Get Copper Panel Index" library="VirtualPanelDefinitions">
<arguments>
<arg>${rackID}</arg>
<arg>${panelID}</arg>
<arg>${row}</arg>
</arguments>
<assign>
<var>${panel index}</var>
</assign>
<kw name="Get Length" library="BuiltIn">
<doc>Returns and logs the length of the given item as an integer.</doc>
<arguments>
<arg>${VPpanels}</arg>
</arguments>
<assign>
<var>${panels number}</var>
</assign>
<msg timestamp="20200110 18:33:28.815" level="INFO">Length is 12</msg>
<msg timestamp="20200110 18:33:28.815" level="INFO">${panels number} = 12</msg>
<status status="PASS" starttime="20200110 18:33:28.814" endtime="20200110 18:33:28.816"></status>
</kw>
<kw name="${panel index} IN RANGE [ ${panels number-1} ]" type="for">
<kw name="${panel index} = 0" type="foritem">
<kw name="Run Keyword If" library="BuiltIn">
<doc>Runs the given keyword with the given arguments, if ``condition`` is true.</doc>
<arguments>
<arg>'${VPpanels[${panel index+1}][&amp;{dic panels table}[panel type]]}' == '${VIRTUAL PANELS TYPE}[COPPER]' and '${VPpanels[${panel index+1}][&amp;{dic panels table}[rackID]]}' == '${input rackID}' and '${VPpanels[${panel index+1}][&amp;{dic panels table}[panelID]]}' == '${input panelID}' and '${VPpanels[${panel index+1}][&amp;{dic panels table}[row]]}' == '${input row}'</arg>
<arg>Exit For Loop</arg>
</arguments>
<kw name="Exit For Loop" library="BuiltIn">
<doc>Stops executing the enclosing for loop.</doc>
<msg timestamp="20200110 18:33:28.822" level="INFO">Exiting for loop altogether.</msg>
<status status="PASS" starttime="20200110 18:33:28.822" endtime="20200110 18:33:28.822"></status>
</kw>
<status status="PASS" starttime="20200110 18:33:28.818" endtime="20200110 18:33:28.822"></status>
</kw>
<status status="PASS" starttime="20200110 18:33:28.817" endtime="20200110 18:33:28.822"></status>
</kw>
<status status="PASS" starttime="20200110 18:33:28.816" endtime="20200110 18:33:28.822"></status>
</kw>
<msg timestamp="20200110 18:33:28.822" level="INFO">${panel index} = 1</msg>
<status status="PASS" starttime="20200110 18:33:28.813" endtime="20200110 18:33:28.822"></status>
</kw>
<kw name="Log" library="BuiltIn">
<doc>Logs the given message with the given level.</doc>
<arguments>
<arg>${panel index}</arg>
</arguments>
<msg timestamp="20200110 18:33:28.822" level="INFO">1</msg>
<status status="PASS" starttime="20200110 18:33:28.822" endtime="20200110 18:33:28.822"></status>
</kw>
<kw name="Catenate" library="BuiltIn">
<doc>Catenates the given items together and returns the resulted string.</doc>
<arguments>
<arg>vp_cmd_helper --plugin --rack</arg>
<arg>${rackID}</arg>
<arg>--panel</arg>
<arg>${panel index}</arg>
<arg>--port</arg>
<arg>${portID}</arg>
</arguments>
<assign>
<var>${completed command}</var>
</assign>
<msg timestamp="20200110 18:33:28.822" level="INFO">${completed command} = vp_cmd_helper --plugin --rack 1 --panel 1 --port 2</msg>
<status status="PASS" starttime="20200110 18:33:28.822" endtime="20200110 18:33:28.822"></status>
</kw>
<kw name="Log" library="BuiltIn">
<doc>Logs the given message with the given level.</doc>
<arguments>
<arg>${completed command}</arg>
</arguments>
<msg timestamp="20200110 18:33:28.822" level="INFO">vp_cmd_helper --plugin --rack 1 --panel 1 --port 2</msg>
<status status="PASS" starttime="20200110 18:33:28.822" endtime="20200110 18:33:28.822"></status>
</kw>
<kw name="Enter Virtual Command ${completed command}" library="SSHDefinitions">
<kw name="Write" library="SSHLibrary">
<doc>Writes the given ``text`` on the remote machine and appends a newline.</doc>
<arguments>
<arg>${command}</arg>
</arguments>
<msg timestamp="20200110 18:33:28.916" level="INFO">vp_cmd_helper --plugin --rack 1 --panel 1 --port 2</msg>
<status status="PASS" starttime="20200110 18:33:28.822" endtime="20200110 18:33:28.917"></status>
</kw>
<kw name="Read" library="SSHLibrary">
<doc>Consumes and returns everything available on the server output.</doc>
<arguments>
<arg>loglevel=Trace</arg>
<arg>delay=1s</arg>
</arguments>
<assign>
<var>${stdout}</var>
</assign>
<msg timestamp="20200110 18:33:30.942" level="INFO">${stdout} = result=success
command=plugin
test_setup=on
bus_connect=on
bus_power=on
rack=1
panel=1
type=1100ps
panel_state=RUN
row=1
serial=28FFFF600001
count=11
# </msg>
<status status="PASS" starttime="20200110 18:33:28.918" endtime="20200110 18:33:30.942"></status>
</kw>
<kw name="Log" library="BuiltIn">
<doc>Logs the given message with the given level.</doc>
<arguments>
<arg>${stdout}</arg>
</arguments>
<msg timestamp="20200110 18:33:30.942" level="INFO">result=success
command=plugin
test_setup=on
bus_connect=on
bus_power=on
rack=1
panel=1
type=1100ps
panel_state=RUN
row=1
serial=28FFFF600001
count=11
# </msg>
<status status="PASS" starttime="20200110 18:33:30.942" endtime="20200110 18:33:30.942"></status>
</kw>
<status status="PASS" starttime="20200110 18:33:28.822" endtime="20200110 18:33:30.942"></status>
</kw>
<status status="PASS" starttime="20200110 18:33:28.811" endtime="20200110 18:33:30.942"></status>
</kw>
<status status="PASS" starttime="20200110 18:33:28.810" endtime="20200110 18:33:30.942"></status>
</kw>
<kw name="${i} = 3" type="foritem">
<kw name="Plugin Copper Tip to Rack &quot;${rackID}&quot; Panel &quot;${panelID}&quot; Row &quot;${row}&quot; Port &quot;${i}&quot;" library="VirtualPanelDefinitions">
<kw name="Get Copper Panel Index" library="VirtualPanelDefinitions">
<arguments>
<arg>${rackID}</arg>
<arg>${panelID}</arg>
<arg>${row}</arg>
</arguments>
<assign>
<var>${panel index}</var>
</assign>
<kw name="Get Length" library="BuiltIn">
<doc>Returns and logs the length of the given item as an integer.</doc>
<arguments>
<arg>${VPpanels}</arg>
</arguments>
<assign>
<var>${panels number}</var>
</assign>
<msg timestamp="20200110 18:33:30.942" level="INFO">Length is 12</msg>
<msg timestamp="20200110 18:33:30.942" level="INFO">${panels number} = 12</msg>
<status status="PASS" starttime="20200110 18:33:30.942" endtime="20200110 18:33:30.942"></status>
</kw>
<kw name="${panel index} IN RANGE [ ${panels number-1} ]" type="for">
<kw name="${panel index} = 0" type="foritem">
<kw name="Run Keyword If" library="BuiltIn">
<doc>Runs the given keyword with the given arguments, if ``condition`` is true.</doc>
<arguments>
<arg>'${VPpanels[${panel index+1}][&amp;{dic panels table}[panel type]]}' == '${VIRTUAL PANELS TYPE}[COPPER]' and '${VPpanels[${panel index+1}][&amp;{dic panels table}[rackID]]}' == '${input rackID}' and '${VPpanels[${panel index+1}][&amp;{dic panels table}[panelID]]}' == '${input panelID}' and '${VPpanels[${panel index+1}][&amp;{dic panels table}[row]]}' == '${input row}'</arg>
<arg>Exit For Loop</arg>
</arguments>
<kw name="Exit For Loop" library="BuiltIn">
<doc>Stops executing the enclosing for loop.</doc>
<msg timestamp="20200110 18:33:30.942" level="INFO">Exiting for loop altogether.</msg>
<status status="PASS" starttime="20200110 18:33:30.942" endtime="20200110 18:33:30.942"></status>
</kw>
<status status="PASS" starttime="20200110 18:33:30.942" endtime="20200110 18:33:30.942"></status>
</kw>
<status status="PASS" starttime="20200110 18:33:30.942" endtime="20200110 18:33:30.942"></status>
</kw>
<status status="PASS" starttime="20200110 18:33:30.942" endtime="20200110 18:33:30.942"></status>
</kw>
<msg timestamp="20200110 18:33:30.942" level="INFO">${panel index} = 1</msg>
<status status="PASS" starttime="20200110 18:33:30.942" endtime="20200110 18:33:30.942"></status>
</kw>
<kw name="Log" library="BuiltIn">
<doc>Logs the given message with the given level.</doc>
<arguments>
<arg>${panel index}</arg>
</arguments>
<msg timestamp="20200110 18:33:30.942" level="INFO">1</msg>
<status status="PASS" starttime="20200110 18:33:30.942" endtime="20200110 18:33:30.942"></status>
</kw>
<kw name="Catenate" library="BuiltIn">
<doc>Catenates the given items together and returns the resulted string.</doc>
<arguments>
<arg>vp_cmd_helper --plugin --rack</arg>
<arg>${rackID}</arg>
<arg>--panel</arg>
<arg>${panel index}</arg>
<arg>--port</arg>
<arg>${portID}</arg>
</arguments>
<assign>
<var>${completed command}</var>
</assign>
<msg timestamp="20200110 18:33:30.942" level="INFO">${completed command} = vp_cmd_helper --plugin --rack 1 --panel 1 --port 3</msg>
<status status="PASS" starttime="20200110 18:33:30.942" endtime="20200110 18:33:30.942"></status>
</kw>
<kw name="Log" library="BuiltIn">
<doc>Logs the given message with the given level.</doc>
<arguments>
<arg>${completed command}</arg>
</arguments>
<msg timestamp="20200110 18:33:30.942" level="INFO">vp_cmd_helper --plugin --rack 1 --panel 1 --port 3</msg>
<status status="PASS" starttime="20200110 18:33:30.942" endtime="20200110 18:33:30.957"></status>
</kw>
<kw name="Enter Virtual Command ${completed command}" library="SSHDefinitions">
<kw name="Write" library="SSHLibrary">
<doc>Writes the given ``text`` on the remote machine and appends a newline.</doc>
<arguments>
<arg>${command}</arg>
</arguments>
<msg timestamp="20200110 18:33:31.036" level="INFO">vp_cmd_helper --plugin --rack 1 --panel 1 --port 3</msg>
<status status="PASS" starttime="20200110 18:33:30.957" endtime="20200110 18:33:31.036"></status>
</kw>
<kw name="Read" library="SSHLibrary">
<doc>Consumes and returns everything available on the server output.</doc>
<arguments>
<arg>loglevel=Trace</arg>
<arg>delay=1s</arg>
</arguments>
<assign>
<var>${stdout}</var>
</assign>
<msg timestamp="20200110 18:33:33.051" level="INFO">${stdout} = result=success
command=plugin
test_setup=on
bus_connect=on
bus_power=on
rack=1
panel=1
type=1100ps
panel_state=RUN
row=1
serial=28FFFF600001
count=11
# </msg>
<status status="PASS" starttime="20200110 18:33:31.036" endtime="20200110 18:33:33.051"></status>
</kw>
<kw name="Log" library="BuiltIn">
<doc>Logs the given message with the given level.</doc>
<arguments>
<arg>${stdout}</arg>
</arguments>
<msg timestamp="20200110 18:33:33.051" level="INFO">result=success
command=plugin
test_setup=on
bus_connect=on
bus_power=on
rack=1
panel=1
type=1100ps
panel_state=RUN
row=1
serial=28FFFF600001
count=11
# </msg>
<status status="PASS" starttime="20200110 18:33:33.051" endtime="20200110 18:33:33.051"></status>
</kw>
<status status="PASS" starttime="20200110 18:33:30.957" endtime="20200110 18:33:33.051"></status>
</kw>
<status status="PASS" starttime="20200110 18:33:30.942" endtime="20200110 18:33:33.051"></status>
</kw>
<status status="PASS" starttime="20200110 18:33:30.942" endtime="20200110 18:33:33.051"></status>
</kw>
<status status="PASS" starttime="20200110 18:33:26.700" endtime="20200110 18:33:33.051"></status>
</kw>
<status status="PASS" starttime="20200110 18:33:26.700" endtime="20200110 18:33:33.051"></status>
</kw>
<kw name="When Select Tab End &quot;B&quot;" library="BulkPatchingPage">
<kw name="Convert To Lowercase" library="String">
<doc>Converts string to lowercase.</doc>
<arguments>
<arg>${end position}</arg>
</arguments>
<assign>
<var>${temp end position}</var>
</assign>
<msg timestamp="20200110 18:33:33.051" level="INFO">${temp end position} = b</msg>
<status status="PASS" starttime="20200110 18:33:33.051" endtime="20200110 18:33:33.051"></status>
</kw>
<kw name="Run Keyword If" library="BuiltIn">
<doc>Runs the given keyword with the given arguments, if ``condition`` is true.</doc>
<arguments>
<arg>'${temp end position}' == 'a'</arg>
<arg>Click Web Button</arg>
<arg>${tabEndA}</arg>
<arg>ELSE IF</arg>
<arg>'${temp end position}' == 'b'</arg>
<arg>Click Web Button</arg>
<arg>${tabEndB}</arg>
</arguments>
<kw name="Click Web Button" library="GeneralPage">
<arguments>
<arg>${tabEndB}</arg>
</arguments>
<kw name="Get Element Count" library="SeleniumLibrary">
<doc>Returns the number of elements matching ``locator``.</doc>
<arguments>
<arg>${btnName}</arg>
</arguments>
<assign>
<var>${button exist}</var>
</assign>
<msg timestamp="20200110 18:33:33.067" level="INFO">${button exist} = 1</msg>
<status status="PASS" starttime="20200110 18:33:33.051" endtime="20200110 18:33:33.067"></status>
</kw>
<kw name="Run Keyword If" library="BuiltIn">
<doc>Runs the given keyword with the given arguments, if ``condition`` is true.</doc>
<arguments>
<arg>${button exist} == 1</arg>
<arg>Run Keyword And Continue On Failure</arg>
<arg>Run Keywords</arg>
<arg>Click Element</arg>
<arg>${btnName}</arg>
<arg>AND</arg>
<arg>Wait For Page Load</arg>
</arguments>
<kw name="Run Keyword And Continue On Failure" library="BuiltIn">
<doc>Runs the keyword and continues execution even if a failure occurs.</doc>
<arguments>
<arg>Run Keywords</arg>
<arg>Click Element</arg>
<arg>${btnName}</arg>
<arg>AND</arg>
<arg>Wait For Page Load</arg>
</arguments>
<kw name="Run Keywords" library="BuiltIn">
<doc>Executes all the given keywords in a sequence.</doc>
<arguments>
<arg>Click Element</arg>
<arg>${btnName}</arg>
<arg>AND</arg>
<arg>Wait For Page Load</arg>
</arguments>
<kw name="Click Element" library="SeleniumLibrary">
<doc>Click the element identified by ``locator``.</doc>
<arguments>
<arg>${btnName}</arg>
</arguments>
<msg timestamp="20200110 18:33:33.067" level="INFO">Clicking element '//div[@id='btn-end-b']'.</msg>
<status status="PASS" starttime="20200110 18:33:33.067" endtime="20200110 18:33:33.149"></status>
</kw>
<kw name="Wait For Page Load" library="GeneralPage">
<kw name="Sleep" library="BuiltIn">
<doc>Pauses the test executed for the given time.</doc>
<arguments>
<arg>${PAGE LOAD TIMEOUT}</arg>
</arguments>
<msg timestamp="20200110 18:33:34.152" level="INFO">Slept 1 second</msg>
<status status="PASS" starttime="20200110 18:33:33.150" endtime="20200110 18:33:34.152"></status>
</kw>
<status status="PASS" starttime="20200110 18:33:33.149" endtime="20200110 18:33:34.152"></status>
</kw>
<status status="PASS" starttime="20200110 18:33:33.067" endtime="20200110 18:33:34.152"></status>
</kw>
<status status="PASS" starttime="20200110 18:33:33.067" endtime="20200110 18:33:34.152"></status>
</kw>
<status status="PASS" starttime="20200110 18:33:33.067" endtime="20200110 18:33:34.152"></status>
</kw>
<status status="PASS" starttime="20200110 18:33:33.051" endtime="20200110 18:33:34.152"></status>
</kw>
<status status="PASS" starttime="20200110 18:33:33.051" endtime="20200110 18:33:34.152"></status>
</kw>
<kw name="Wait For Page Load" library="GeneralPage">
<kw name="Sleep" library="BuiltIn">
<doc>Pauses the test executed for the given time.</doc>
<arguments>
<arg>${PAGE LOAD TIMEOUT}</arg>
</arguments>
<msg timestamp="20200110 18:33:35.156" level="INFO">Slept 1 second</msg>
<status status="PASS" starttime="20200110 18:33:34.152" endtime="20200110 18:33:35.156"></status>
</kw>
<status status="PASS" starttime="20200110 18:33:34.152" endtime="20200110 18:33:35.156"></status>
</kw>
<status status="PASS" starttime="20200110 18:33:33.051" endtime="20200110 18:33:35.156"></status>
</kw>
<kw name="When Plugin Serial Copper Tip to Rack &quot;1&quot; Panel &quot;1&quot; Row &quot;1&quot; from Port &quot;4&quot; to Port &quot;6&quot;" library="VirtualPanelDefinitions">
<kw name="Convert To Integer" library="BuiltIn">
<doc>Converts the given item to an integer number.</doc>
<arguments>
<arg>${port1ID}</arg>
</arguments>
<assign>
<var>${from port}</var>
</assign>
<msg timestamp="20200110 18:33:35.156" level="INFO">${from port} = 4</msg>
<status status="PASS" starttime="20200110 18:33:35.156" endtime="20200110 18:33:35.156"></status>
</kw>
<kw name="Convert To Integer" library="BuiltIn">
<doc>Converts the given item to an integer number.</doc>
<arguments>
<arg>${port2ID}</arg>
</arguments>
<assign>
<var>${to port}</var>
</assign>
<msg timestamp="20200110 18:33:35.156" level="INFO">${to port} = 6</msg>
<status status="PASS" starttime="20200110 18:33:35.156" endtime="20200110 18:33:35.156"></status>
</kw>
<kw name="${i} IN RANGE [ ${from port} | ${to port+1} ]" type="for">
<kw name="${i} = 4" type="foritem">
<kw name="Plugin Copper Tip to Rack &quot;${rackID}&quot; Panel &quot;${panelID}&quot; Row &quot;${row}&quot; Port &quot;${i}&quot;" library="VirtualPanelDefinitions">
<kw name="Get Copper Panel Index" library="VirtualPanelDefinitions">
<arguments>
<arg>${rackID}</arg>
<arg>${panelID}</arg>
<arg>${row}</arg>
</arguments>
<assign>
<var>${panel index}</var>
</assign>
<kw name="Get Length" library="BuiltIn">
<doc>Returns and logs the length of the given item as an integer.</doc>
<arguments>
<arg>${VPpanels}</arg>
</arguments>
<assign>
<var>${panels number}</var>
</assign>
<msg timestamp="20200110 18:33:35.156" level="INFO">Length is 12</msg>
<msg timestamp="20200110 18:33:35.156" level="INFO">${panels number} = 12</msg>
<status status="PASS" starttime="20200110 18:33:35.156" endtime="20200110 18:33:35.156"></status>
</kw>
<kw name="${panel index} IN RANGE [ ${panels number-1} ]" type="for">
<kw name="${panel index} = 0" type="foritem">
<kw name="Run Keyword If" library="BuiltIn">
<doc>Runs the given keyword with the given arguments, if ``condition`` is true.</doc>
<arguments>
<arg>'${VPpanels[${panel index+1}][&amp;{dic panels table}[panel type]]}' == '${VIRTUAL PANELS TYPE}[COPPER]' and '${VPpanels[${panel index+1}][&amp;{dic panels table}[rackID]]}' == '${input rackID}' and '${VPpanels[${panel index+1}][&amp;{dic panels table}[panelID]]}' == '${input panelID}' and '${VPpanels[${panel index+1}][&amp;{dic panels table}[row]]}' == '${input row}'</arg>
<arg>Exit For Loop</arg>
</arguments>
<kw name="Exit For Loop" library="BuiltIn">
<doc>Stops executing the enclosing for loop.</doc>
<msg timestamp="20200110 18:33:35.172" level="INFO">Exiting for loop altogether.</msg>
<status status="PASS" starttime="20200110 18:33:35.172" endtime="20200110 18:33:35.172"></status>
</kw>
<status status="PASS" starttime="20200110 18:33:35.172" endtime="20200110 18:33:35.172"></status>
</kw>
<status status="PASS" starttime="20200110 18:33:35.172" endtime="20200110 18:33:35.172"></status>
</kw>
<status status="PASS" starttime="20200110 18:33:35.172" endtime="20200110 18:33:35.172"></status>
</kw>
<msg timestamp="20200110 18:33:35.172" level="INFO">${panel index} = 1</msg>
<status status="PASS" starttime="20200110 18:33:35.156" endtime="20200110 18:33:35.172"></status>
</kw>
<kw name="Log" library="BuiltIn">
<doc>Logs the given message with the given level.</doc>
<arguments>
<arg>${panel index}</arg>
</arguments>
<msg timestamp="20200110 18:33:35.172" level="INFO">1</msg>
<status status="PASS" starttime="20200110 18:33:35.172" endtime="20200110 18:33:35.172"></status>
</kw>
<kw name="Catenate" library="BuiltIn">
<doc>Catenates the given items together and returns the resulted string.</doc>
<arguments>
<arg>vp_cmd_helper --plugin --rack</arg>
<arg>${rackID}</arg>
<arg>--panel</arg>
<arg>${panel index}</arg>
<arg>--port</arg>
<arg>${portID}</arg>
</arguments>
<assign>
<var>${completed command}</var>
</assign>
<msg timestamp="20200110 18:33:35.172" level="INFO">${completed command} = vp_cmd_helper --plugin --rack 1 --panel 1 --port 4</msg>
<status status="PASS" starttime="20200110 18:33:35.172" endtime="20200110 18:33:35.172"></status>
</kw>
<kw name="Log" library="BuiltIn">
<doc>Logs the given message with the given level.</doc>
<arguments>
<arg>${completed command}</arg>
</arguments>
<msg timestamp="20200110 18:33:35.172" level="INFO">vp_cmd_helper --plugin --rack 1 --panel 1 --port 4</msg>
<status status="PASS" starttime="20200110 18:33:35.172" endtime="20200110 18:33:35.172"></status>
</kw>
<kw name="Enter Virtual Command ${completed command}" library="SSHDefinitions">
<kw name="Write" library="SSHLibrary">
<doc>Writes the given ``text`` on the remote machine and appends a newline.</doc>
<arguments>
<arg>${command}</arg>
</arguments>
<msg timestamp="20200110 18:33:35.234" level="INFO">vp_cmd_helper --plugin --rack 1 --panel 1 --port 4</msg>
<status status="PASS" starttime="20200110 18:33:35.187" endtime="20200110 18:33:35.234"></status>
</kw>
<kw name="Read" library="SSHLibrary">
<doc>Consumes and returns everything available on the server output.</doc>
<arguments>
<arg>loglevel=Trace</arg>
<arg>delay=1s</arg>
</arguments>
<assign>
<var>${stdout}</var>
</assign>
<msg timestamp="20200110 18:33:37.250" level="INFO">${stdout} = result=success
command=plugin
test_setup=on
bus_connect=on
bus_power=on
rack=1
panel=1
type=1100ps
panel_state=RUN
row=1
serial=28FFFF600001
count=11
# </msg>
<status status="PASS" starttime="20200110 18:33:35.234" endtime="20200110 18:33:37.250"></status>
</kw>
<kw name="Log" library="BuiltIn">
<doc>Logs the given message with the given level.</doc>
<arguments>
<arg>${stdout}</arg>
</arguments>
<msg timestamp="20200110 18:33:37.250" level="INFO">result=success
command=plugin
test_setup=on
bus_connect=on
bus_power=on
rack=1
panel=1
type=1100ps
panel_state=RUN
row=1
serial=28FFFF600001
count=11
# </msg>
<status status="PASS" starttime="20200110 18:33:37.250" endtime="20200110 18:33:37.250"></status>
</kw>
<status status="PASS" starttime="20200110 18:33:35.187" endtime="20200110 18:33:37.250"></status>
</kw>
<status status="PASS" starttime="20200110 18:33:35.156" endtime="20200110 18:33:37.250"></status>
</kw>
<status status="PASS" starttime="20200110 18:33:35.156" endtime="20200110 18:33:37.250"></status>
</kw>
<kw name="${i} = 5" type="foritem">
<kw name="Plugin Copper Tip to Rack &quot;${rackID}&quot; Panel &quot;${panelID}&quot; Row &quot;${row}&quot; Port &quot;${i}&quot;" library="VirtualPanelDefinitions">
<kw name="Get Copper Panel Index" library="VirtualPanelDefinitions">
<arguments>
<arg>${rackID}</arg>
<arg>${panelID}</arg>
<arg>${row}</arg>
</arguments>
<assign>
<var>${panel index}</var>
</assign>
<kw name="Get Length" library="BuiltIn">
<doc>Returns and logs the length of the given item as an integer.</doc>
<arguments>
<arg>${VPpanels}</arg>
</arguments>
<assign>
<var>${panels number}</var>
</assign>
<msg timestamp="20200110 18:33:37.250" level="INFO">Length is 12</msg>
<msg timestamp="20200110 18:33:37.250" level="INFO">${panels number} = 12</msg>
<status status="PASS" starttime="20200110 18:33:37.250" endtime="20200110 18:33:37.250"></status>
</kw>
<kw name="${panel index} IN RANGE [ ${panels number-1} ]" type="for">
<kw name="${panel index} = 0" type="foritem">
<kw name="Run Keyword If" library="BuiltIn">
<doc>Runs the given keyword with the given arguments, if ``condition`` is true.</doc>
<arguments>
<arg>'${VPpanels[${panel index+1}][&amp;{dic panels table}[panel type]]}' == '${VIRTUAL PANELS TYPE}[COPPER]' and '${VPpanels[${panel index+1}][&amp;{dic panels table}[rackID]]}' == '${input rackID}' and '${VPpanels[${panel index+1}][&amp;{dic panels table}[panelID]]}' == '${input panelID}' and '${VPpanels[${panel index+1}][&amp;{dic panels table}[row]]}' == '${input row}'</arg>
<arg>Exit For Loop</arg>
</arguments>
<kw name="Exit For Loop" library="BuiltIn">
<doc>Stops executing the enclosing for loop.</doc>
<msg timestamp="20200110 18:33:37.265" level="INFO">Exiting for loop altogether.</msg>
<status status="PASS" starttime="20200110 18:33:37.265" endtime="20200110 18:33:37.265"></status>
</kw>
<status status="PASS" starttime="20200110 18:33:37.250" endtime="20200110 18:33:37.265"></status>
</kw>
<status status="PASS" starttime="20200110 18:33:37.250" endtime="20200110 18:33:37.265"></status>
</kw>
<status status="PASS" starttime="20200110 18:33:37.250" endtime="20200110 18:33:37.265"></status>
</kw>
<msg timestamp="20200110 18:33:37.265" level="INFO">${panel index} = 1</msg>
<status status="PASS" starttime="20200110 18:33:37.250" endtime="20200110 18:33:37.265"></status>
</kw>
<kw name="Log" library="BuiltIn">
<doc>Logs the given message with the given level.</doc>
<arguments>
<arg>${panel index}</arg>
</arguments>
<msg timestamp="20200110 18:33:37.265" level="INFO">1</msg>
<status status="PASS" starttime="20200110 18:33:37.265" endtime="20200110 18:33:37.265"></status>
</kw>
<kw name="Catenate" library="BuiltIn">
<doc>Catenates the given items together and returns the resulted string.</doc>
<arguments>
<arg>vp_cmd_helper --plugin --rack</arg>
<arg>${rackID}</arg>
<arg>--panel</arg>
<arg>${panel index}</arg>
<arg>--port</arg>
<arg>${portID}</arg>
</arguments>
<assign>
<var>${completed command}</var>
</assign>
<msg timestamp="20200110 18:33:37.265" level="INFO">${completed command} = vp_cmd_helper --plugin --rack 1 --panel 1 --port 5</msg>
<status status="PASS" starttime="20200110 18:33:37.265" endtime="20200110 18:33:37.265"></status>
</kw>
<kw name="Log" library="BuiltIn">
<doc>Logs the given message with the given level.</doc>
<arguments>
<arg>${completed command}</arg>
</arguments>
<msg timestamp="20200110 18:33:37.265" level="INFO">vp_cmd_helper --plugin --rack 1 --panel 1 --port 5</msg>
<status status="PASS" starttime="20200110 18:33:37.265" endtime="20200110 18:33:37.265"></status>
</kw>
<kw name="Enter Virtual Command ${completed command}" library="SSHDefinitions">
<kw name="Write" library="SSHLibrary">
<doc>Writes the given ``text`` on the remote machine and appends a newline.</doc>
<arguments>
<arg>${command}</arg>
</arguments>
<msg timestamp="20200110 18:33:37.312" level="INFO">vp_cmd_helper --plugin --rack 1 --panel 1 --port 5</msg>
<status status="PASS" starttime="20200110 18:33:37.265" endtime="20200110 18:33:37.312"></status>
</kw>
<kw name="Read" library="SSHLibrary">
<doc>Consumes and returns everything available on the server output.</doc>
<arguments>
<arg>loglevel=Trace</arg>
<arg>delay=1s</arg>
</arguments>
<assign>
<var>${stdout}</var>
</assign>
<msg timestamp="20200110 18:33:39.317" level="INFO">${stdout} = result=success
command=plugin
test_setup=on
bus_connect=on
bus_power=on
rack=1
panel=1
type=1100ps
panel_state=RUN
row=1
serial=28FFFF600001
count=11
# </msg>
<status status="PASS" starttime="20200110 18:33:37.312" endtime="20200110 18:33:39.317"></status>
</kw>
<kw name="Log" library="BuiltIn">
<doc>Logs the given message with the given level.</doc>
<arguments>
<arg>${stdout}</arg>
</arguments>
<msg timestamp="20200110 18:33:39.317" level="INFO">result=success
command=plugin
test_setup=on
bus_connect=on
bus_power=on
rack=1
panel=1
type=1100ps
panel_state=RUN
row=1
serial=28FFFF600001
count=11
# </msg>
<status status="PASS" starttime="20200110 18:33:39.317" endtime="20200110 18:33:39.317"></status>
</kw>
<status status="PASS" starttime="20200110 18:33:37.265" endtime="20200110 18:33:39.317"></status>
</kw>
<status status="PASS" starttime="20200110 18:33:37.250" endtime="20200110 18:33:39.317"></status>
</kw>
<status status="PASS" starttime="20200110 18:33:37.250" endtime="20200110 18:33:39.317"></status>
</kw>
<kw name="${i} = 6" type="foritem">
<kw name="Plugin Copper Tip to Rack &quot;${rackID}&quot; Panel &quot;${panelID}&quot; Row &quot;${row}&quot; Port &quot;${i}&quot;" library="VirtualPanelDefinitions">
<kw name="Get Copper Panel Index" library="VirtualPanelDefinitions">
<arguments>
<arg>${rackID}</arg>
<arg>${panelID}</arg>
<arg>${row}</arg>
</arguments>
<assign>
<var>${panel index}</var>
</assign>
<kw name="Get Length" library="BuiltIn">
<doc>Returns and logs the length of the given item as an integer.</doc>
<arguments>
<arg>${VPpanels}</arg>
</arguments>
<assign>
<var>${panels number}</var>
</assign>
<msg timestamp="20200110 18:33:39.317" level="INFO">Length is 12</msg>
<msg timestamp="20200110 18:33:39.317" level="INFO">${panels number} = 12</msg>
<status status="PASS" starttime="20200110 18:33:39.317" endtime="20200110 18:33:39.317"></status>
</kw>
<kw name="${panel index} IN RANGE [ ${panels number-1} ]" type="for">
<kw name="${panel index} = 0" type="foritem">
<kw name="Run Keyword If" library="BuiltIn">
<doc>Runs the given keyword with the given arguments, if ``condition`` is true.</doc>
<arguments>
<arg>'${VPpanels[${panel index+1}][&amp;{dic panels table}[panel type]]}' == '${VIRTUAL PANELS TYPE}[COPPER]' and '${VPpanels[${panel index+1}][&amp;{dic panels table}[rackID]]}' == '${input rackID}' and '${VPpanels[${panel index+1}][&amp;{dic panels table}[panelID]]}' == '${input panelID}' and '${VPpanels[${panel index+1}][&amp;{dic panels table}[row]]}' == '${input row}'</arg>
<arg>Exit For Loop</arg>
</arguments>
<kw name="Exit For Loop" library="BuiltIn">
<doc>Stops executing the enclosing for loop.</doc>
<msg timestamp="20200110 18:33:39.333" level="INFO">Exiting for loop altogether.</msg>
<status status="PASS" starttime="20200110 18:33:39.333" endtime="20200110 18:33:39.333"></status>
</kw>
<status status="PASS" starttime="20200110 18:33:39.317" endtime="20200110 18:33:39.333"></status>
</kw>
<status status="PASS" starttime="20200110 18:33:39.317" endtime="20200110 18:33:39.333"></status>
</kw>
<status status="PASS" starttime="20200110 18:33:39.317" endtime="20200110 18:33:39.333"></status>
</kw>
<msg timestamp="20200110 18:33:39.333" level="INFO">${panel index} = 1</msg>
<status status="PASS" starttime="20200110 18:33:39.317" endtime="20200110 18:33:39.333"></status>
</kw>
<kw name="Log" library="BuiltIn">
<doc>Logs the given message with the given level.</doc>
<arguments>
<arg>${panel index}</arg>
</arguments>
<msg timestamp="20200110 18:33:39.333" level="INFO">1</msg>
<status status="PASS" starttime="20200110 18:33:39.333" endtime="20200110 18:33:39.333"></status>
</kw>
<kw name="Catenate" library="BuiltIn">
<doc>Catenates the given items together and returns the resulted string.</doc>
<arguments>
<arg>vp_cmd_helper --plugin --rack</arg>
<arg>${rackID}</arg>
<arg>--panel</arg>
<arg>${panel index}</arg>
<arg>--port</arg>
<arg>${portID}</arg>
</arguments>
<assign>
<var>${completed command}</var>
</assign>
<msg timestamp="20200110 18:33:39.333" level="INFO">${completed command} = vp_cmd_helper --plugin --rack 1 --panel 1 --port 6</msg>
<status status="PASS" starttime="20200110 18:33:39.333" endtime="20200110 18:33:39.333"></status>
</kw>
<kw name="Log" library="BuiltIn">
<doc>Logs the given message with the given level.</doc>
<arguments>
<arg>${completed command}</arg>
</arguments>
<msg timestamp="20200110 18:33:39.333" level="INFO">vp_cmd_helper --plugin --rack 1 --panel 1 --port 6</msg>
<status status="PASS" starttime="20200110 18:33:39.333" endtime="20200110 18:33:39.333"></status>
</kw>
<kw name="Enter Virtual Command ${completed command}" library="SSHDefinitions">
<kw name="Write" library="SSHLibrary">
<doc>Writes the given ``text`` on the remote machine and appends a newline.</doc>
<arguments>
<arg>${command}</arg>
</arguments>
<msg timestamp="20200110 18:33:39.380" level="INFO">vp_cmd_helper --plugin --rack 1 --panel 1 --port 6</msg>
<status status="PASS" starttime="20200110 18:33:39.333" endtime="20200110 18:33:39.380"></status>
</kw>
<kw name="Read" library="SSHLibrary">
<doc>Consumes and returns everything available on the server output.</doc>
<arguments>
<arg>loglevel=Trace</arg>
<arg>delay=1s</arg>
</arguments>
<assign>
<var>${stdout}</var>
</assign>
<msg timestamp="20200110 18:33:41.384" level="INFO">${stdout} = result=success
command=plugin
test_setup=on
bus_connect=on
bus_power=on
rack=1
panel=1
type=1100ps
panel_state=RUN
row=1
serial=28FFFF600001
count=11
# </msg>
<status status="PASS" starttime="20200110 18:33:39.380" endtime="20200110 18:33:41.384"></status>
</kw>
<kw name="Log" library="BuiltIn">
<doc>Logs the given message with the given level.</doc>
<arguments>
<arg>${stdout}</arg>
</arguments>
<msg timestamp="20200110 18:33:41.384" level="INFO">result=success
command=plugin
test_setup=on
bus_connect=on
bus_power=on
rack=1
panel=1
type=1100ps
panel_state=RUN
row=1
serial=28FFFF600001
count=11
# </msg>
<status status="PASS" starttime="20200110 18:33:41.384" endtime="20200110 18:33:41.384"></status>
</kw>
<status status="PASS" starttime="20200110 18:33:39.333" endtime="20200110 18:33:41.384"></status>
</kw>
<status status="PASS" starttime="20200110 18:33:39.317" endtime="20200110 18:33:41.384"></status>
</kw>
<status status="PASS" starttime="20200110 18:33:39.317" endtime="20200110 18:33:41.384"></status>
</kw>
<status status="PASS" starttime="20200110 18:33:35.156" endtime="20200110 18:33:41.384"></status>
</kw>
<status status="PASS" starttime="20200110 18:33:35.156" endtime="20200110 18:33:41.384"></status>
</kw>
<kw name="When Plugout Copper Tip to Rack &quot;1&quot; Panel &quot;1&quot; Row &quot;1&quot; Port &quot;5&quot;" library="VirtualPanelDefinitions">
<kw name="Get Copper Panel Index" library="VirtualPanelDefinitions">
<arguments>
<arg>${rackID}</arg>
<arg>${panelID}</arg>
<arg>${row}</arg>
</arguments>
<assign>
<var>${panel index}</var>
</assign>
<kw name="Get Length" library="BuiltIn">
<doc>Returns and logs the length of the given item as an integer.</doc>
<arguments>
<arg>${VPpanels}</arg>
</arguments>
<assign>
<var>${panels number}</var>
</assign>
<msg timestamp="20200110 18:33:41.384" level="INFO">Length is 12</msg>
<msg timestamp="20200110 18:33:41.384" level="INFO">${panels number} = 12</msg>
<status status="PASS" starttime="20200110 18:33:41.384" endtime="20200110 18:33:41.384"></status>
</kw>
<kw name="${panel index} IN RANGE [ ${panels number-1} ]" type="for">
<kw name="${panel index} = 0" type="foritem">
<kw name="Run Keyword If" library="BuiltIn">
<doc>Runs the given keyword with the given arguments, if ``condition`` is true.</doc>
<arguments>
<arg>'${VPpanels[${panel index+1}][&amp;{dic panels table}[panel type]]}' == '${VIRTUAL PANELS TYPE}[COPPER]' and '${VPpanels[${panel index+1}][&amp;{dic panels table}[rackID]]}' == '${input rackID}' and '${VPpanels[${panel index+1}][&amp;{dic panels table}[panelID]]}' == '${input panelID}' and '${VPpanels[${panel index+1}][&amp;{dic panels table}[row]]}' == '${input row}'</arg>
<arg>Exit For Loop</arg>
</arguments>
<kw name="Exit For Loop" library="BuiltIn">
<doc>Stops executing the enclosing for loop.</doc>
<msg timestamp="20200110 18:33:41.399" level="INFO">Exiting for loop altogether.</msg>
<status status="PASS" starttime="20200110 18:33:41.399" endtime="20200110 18:33:41.399"></status>
</kw>
<status status="PASS" starttime="20200110 18:33:41.384" endtime="20200110 18:33:41.399"></status>
</kw>
<status status="PASS" starttime="20200110 18:33:41.384" endtime="20200110 18:33:41.399"></status>
</kw>
<status status="PASS" starttime="20200110 18:33:41.384" endtime="20200110 18:33:41.399"></status>
</kw>
<msg timestamp="20200110 18:33:41.399" level="INFO">${panel index} = 1</msg>
<status status="PASS" starttime="20200110 18:33:41.384" endtime="20200110 18:33:41.399"></status>
</kw>
<kw name="Log" library="BuiltIn">
<doc>Logs the given message with the given level.</doc>
<arguments>
<arg>${panel index}</arg>
</arguments>
<msg timestamp="20200110 18:33:41.399" level="INFO">1</msg>
<status status="PASS" starttime="20200110 18:33:41.399" endtime="20200110 18:33:41.399"></status>
</kw>
<kw name="Catenate" library="BuiltIn">
<doc>Catenates the given items together and returns the resulted string.</doc>
<arguments>
<arg>vp_cmd_helper --plugout --rack</arg>
<arg>${rackID}</arg>
<arg>--panel</arg>
<arg>${panel index}</arg>
<arg>--port</arg>
<arg>${portID}</arg>
</arguments>
<assign>
<var>${completed command}</var>
</assign>
<msg timestamp="20200110 18:33:41.399" level="INFO">${completed command} = vp_cmd_helper --plugout --rack 1 --panel 1 --port 5</msg>
<status status="PASS" starttime="20200110 18:33:41.399" endtime="20200110 18:33:41.399"></status>
</kw>
<kw name="Log" library="BuiltIn">
<doc>Logs the given message with the given level.</doc>
<arguments>
<arg>${completed command}</arg>
</arguments>
<msg timestamp="20200110 18:33:41.399" level="INFO">vp_cmd_helper --plugout --rack 1 --panel 1 --port 5</msg>
<status status="PASS" starttime="20200110 18:33:41.399" endtime="20200110 18:33:41.399"></status>
</kw>
<kw name="Enter Virtual Command ${completed command}" library="SSHDefinitions">
<kw name="Write" library="SSHLibrary">
<doc>Writes the given ``text`` on the remote machine and appends a newline.</doc>
<arguments>
<arg>${command}</arg>
</arguments>
<msg timestamp="20200110 18:33:41.509" level="INFO">vp_cmd_helper --plugout --rack 1 --panel 1 --port 5</msg>
<status status="PASS" starttime="20200110 18:33:41.399" endtime="20200110 18:33:41.509"></status>
</kw>
<kw name="Read" library="SSHLibrary">
<doc>Consumes and returns everything available on the server output.</doc>
<arguments>
<arg>loglevel=Trace</arg>
<arg>delay=1s</arg>
</arguments>
<assign>
<var>${stdout}</var>
</assign>
<msg timestamp="20200110 18:33:43.513" level="INFO">${stdout} = result=success
command=plugout
test_setup=on
bus_connect=on
bus_power=on
rack=1
panel=1
type=1100ps
panel_state=RUN
row=1
serial=28FFFF600001
count=11
# </msg>
<status status="PASS" starttime="20200110 18:33:41.509" endtime="20200110 18:33:43.513"></status>
</kw>
<kw name="Log" library="BuiltIn">
<doc>Logs the given message with the given level.</doc>
<arguments>
<arg>${stdout}</arg>
</arguments>
<msg timestamp="20200110 18:33:43.513" level="INFO">result=success
command=plugout
test_setup=on
bus_connect=on
bus_power=on
rack=1
panel=1
type=1100ps
panel_state=RUN
row=1
serial=28FFFF600001
count=11
# </msg>
<status status="PASS" starttime="20200110 18:33:43.513" endtime="20200110 18:33:43.513"></status>
</kw>
<status status="PASS" starttime="20200110 18:33:41.399" endtime="20200110 18:33:43.513"></status>
</kw>
<status status="PASS" starttime="20200110 18:33:41.384" endtime="20200110 18:33:43.513"></status>
</kw>
<kw name="When Plugout Copper Tip to Rack &quot;1&quot; Panel &quot;1&quot; Row &quot;1&quot; Port &quot;4&quot;" library="VirtualPanelDefinitions">
<kw name="Get Copper Panel Index" library="VirtualPanelDefinitions">
<arguments>
<arg>${rackID}</arg>
<arg>${panelID}</arg>
<arg>${row}</arg>
</arguments>
<assign>
<var>${panel index}</var>
</assign>
<kw name="Get Length" library="BuiltIn">
<doc>Returns and logs the length of the given item as an integer.</doc>
<arguments>
<arg>${VPpanels}</arg>
</arguments>
<assign>
<var>${panels number}</var>
</assign>
<msg timestamp="20200110 18:33:43.513" level="INFO">Length is 12</msg>
<msg timestamp="20200110 18:33:43.513" level="INFO">${panels number} = 12</msg>
<status status="PASS" starttime="20200110 18:33:43.513" endtime="20200110 18:33:43.513"></status>
</kw>
<kw name="${panel index} IN RANGE [ ${panels number-1} ]" type="for">
<kw name="${panel index} = 0" type="foritem">
<kw name="Run Keyword If" library="BuiltIn">
<doc>Runs the given keyword with the given arguments, if ``condition`` is true.</doc>
<arguments>
<arg>'${VPpanels[${panel index+1}][&amp;{dic panels table}[panel type]]}' == '${VIRTUAL PANELS TYPE}[COPPER]' and '${VPpanels[${panel index+1}][&amp;{dic panels table}[rackID]]}' == '${input rackID}' and '${VPpanels[${panel index+1}][&amp;{dic panels table}[panelID]]}' == '${input panelID}' and '${VPpanels[${panel index+1}][&amp;{dic panels table}[row]]}' == '${input row}'</arg>
<arg>Exit For Loop</arg>
</arguments>
<kw name="Exit For Loop" library="BuiltIn">
<doc>Stops executing the enclosing for loop.</doc>
<msg timestamp="20200110 18:33:43.529" level="INFO">Exiting for loop altogether.</msg>
<status status="PASS" starttime="20200110 18:33:43.529" endtime="20200110 18:33:43.529"></status>
</kw>
<status status="PASS" starttime="20200110 18:33:43.513" endtime="20200110 18:33:43.529"></status>
</kw>
<status status="PASS" starttime="20200110 18:33:43.513" endtime="20200110 18:33:43.529"></status>
</kw>
<status status="PASS" starttime="20200110 18:33:43.513" endtime="20200110 18:33:43.529"></status>
</kw>
<msg timestamp="20200110 18:33:43.529" level="INFO">${panel index} = 1</msg>
<status status="PASS" starttime="20200110 18:33:43.513" endtime="20200110 18:33:43.529"></status>
</kw>
<kw name="Log" library="BuiltIn">
<doc>Logs the given message with the given level.</doc>
<arguments>
<arg>${panel index}</arg>
</arguments>
<msg timestamp="20200110 18:33:43.529" level="INFO">1</msg>
<status status="PASS" starttime="20200110 18:33:43.529" endtime="20200110 18:33:43.529"></status>
</kw>
<kw name="Catenate" library="BuiltIn">
<doc>Catenates the given items together and returns the resulted string.</doc>
<arguments>
<arg>vp_cmd_helper --plugout --rack</arg>
<arg>${rackID}</arg>
<arg>--panel</arg>
<arg>${panel index}</arg>
<arg>--port</arg>
<arg>${portID}</arg>
</arguments>
<assign>
<var>${completed command}</var>
</assign>
<msg timestamp="20200110 18:33:43.529" level="INFO">${completed command} = vp_cmd_helper --plugout --rack 1 --panel 1 --port 4</msg>
<status status="PASS" starttime="20200110 18:33:43.529" endtime="20200110 18:33:43.529"></status>
</kw>
<kw name="Log" library="BuiltIn">
<doc>Logs the given message with the given level.</doc>
<arguments>
<arg>${completed command}</arg>
</arguments>
<msg timestamp="20200110 18:33:43.529" level="INFO">vp_cmd_helper --plugout --rack 1 --panel 1 --port 4</msg>
<status status="PASS" starttime="20200110 18:33:43.529" endtime="20200110 18:33:43.529"></status>
</kw>
<kw name="Enter Virtual Command ${completed command}" library="SSHDefinitions">
<kw name="Write" library="SSHLibrary">
<doc>Writes the given ``text`` on the remote machine and appends a newline.</doc>
<arguments>
<arg>${command}</arg>
</arguments>
<msg timestamp="20200110 18:33:43.576" level="INFO">vp_cmd_helper --plugout --rack 1 --panel 1 --port 4</msg>
<status status="PASS" starttime="20200110 18:33:43.529" endtime="20200110 18:33:43.576"></status>
</kw>
<kw name="Read" library="SSHLibrary">
<doc>Consumes and returns everything available on the server output.</doc>
<arguments>
<arg>loglevel=Trace</arg>
<arg>delay=1s</arg>
</arguments>
<assign>
<var>${stdout}</var>
</assign>
<msg timestamp="20200110 18:33:45.583" level="INFO">${stdout} = result=success
command=plugout
test_setup=on
bus_connect=on
bus_power=on
rack=1
panel=1
type=1100ps
panel_state=RUN
row=1
serial=28FFFF600001
count=11
# </msg>
<status status="PASS" starttime="20200110 18:33:43.576" endtime="20200110 18:33:45.583"></status>
</kw>
<kw name="Log" library="BuiltIn">
<doc>Logs the given message with the given level.</doc>
<arguments>
<arg>${stdout}</arg>
</arguments>
<msg timestamp="20200110 18:33:45.583" level="INFO">result=success
command=plugout
test_setup=on
bus_connect=on
bus_power=on
rack=1
panel=1
type=1100ps
panel_state=RUN
row=1
serial=28FFFF600001
count=11
# </msg>
<status status="PASS" starttime="20200110 18:33:45.583" endtime="20200110 18:33:45.583"></status>
</kw>
<status status="PASS" starttime="20200110 18:33:43.529" endtime="20200110 18:33:45.583"></status>
</kw>
<status status="PASS" starttime="20200110 18:33:43.513" endtime="20200110 18:33:45.583"></status>
</kw>
<kw name="When Plugin Copper Tip to Rack &quot;1&quot; Panel &quot;1&quot; Row &quot;1&quot; Port &quot;5&quot;" library="VirtualPanelDefinitions">
<kw name="Get Copper Panel Index" library="VirtualPanelDefinitions">
<arguments>
<arg>${rackID}</arg>
<arg>${panelID}</arg>
<arg>${row}</arg>
</arguments>
<assign>
<var>${panel index}</var>
</assign>
<kw name="Get Length" library="BuiltIn">
<doc>Returns and logs the length of the given item as an integer.</doc>
<arguments>
<arg>${VPpanels}</arg>
</arguments>
<assign>
<var>${panels number}</var>
</assign>
<msg timestamp="20200110 18:33:45.583" level="INFO">Length is 12</msg>
<msg timestamp="20200110 18:33:45.583" level="INFO">${panels number} = 12</msg>
<status status="PASS" starttime="20200110 18:33:45.583" endtime="20200110 18:33:45.583"></status>
</kw>
<kw name="${panel index} IN RANGE [ ${panels number-1} ]" type="for">
<kw name="${panel index} = 0" type="foritem">
<kw name="Run Keyword If" library="BuiltIn">
<doc>Runs the given keyword with the given arguments, if ``condition`` is true.</doc>
<arguments>
<arg>'${VPpanels[${panel index+1}][&amp;{dic panels table}[panel type]]}' == '${VIRTUAL PANELS TYPE}[COPPER]' and '${VPpanels[${panel index+1}][&amp;{dic panels table}[rackID]]}' == '${input rackID}' and '${VPpanels[${panel index+1}][&amp;{dic panels table}[panelID]]}' == '${input panelID}' and '${VPpanels[${panel index+1}][&amp;{dic panels table}[row]]}' == '${input row}'</arg>
<arg>Exit For Loop</arg>
</arguments>
<kw name="Exit For Loop" library="BuiltIn">
<doc>Stops executing the enclosing for loop.</doc>
<msg timestamp="20200110 18:33:45.599" level="INFO">Exiting for loop altogether.</msg>
<status status="PASS" starttime="20200110 18:33:45.599" endtime="20200110 18:33:45.599"></status>
</kw>
<status status="PASS" starttime="20200110 18:33:45.583" endtime="20200110 18:33:45.599"></status>
</kw>
<status status="PASS" starttime="20200110 18:33:45.583" endtime="20200110 18:33:45.599"></status>
</kw>
<status status="PASS" starttime="20200110 18:33:45.583" endtime="20200110 18:33:45.599"></status>
</kw>
<msg timestamp="20200110 18:33:45.599" level="INFO">${panel index} = 1</msg>
<status status="PASS" starttime="20200110 18:33:45.583" endtime="20200110 18:33:45.599"></status>
</kw>
<kw name="Log" library="BuiltIn">
<doc>Logs the given message with the given level.</doc>
<arguments>
<arg>${panel index}</arg>
</arguments>
<msg timestamp="20200110 18:33:45.599" level="INFO">1</msg>
<status status="PASS" starttime="20200110 18:33:45.599" endtime="20200110 18:33:45.599"></status>
</kw>
<kw name="Catenate" library="BuiltIn">
<doc>Catenates the given items together and returns the resulted string.</doc>
<arguments>
<arg>vp_cmd_helper --plugin --rack</arg>
<arg>${rackID}</arg>
<arg>--panel</arg>
<arg>${panel index}</arg>
<arg>--port</arg>
<arg>${portID}</arg>
</arguments>
<assign>
<var>${completed command}</var>
</assign>
<msg timestamp="20200110 18:33:45.599" level="INFO">${completed command} = vp_cmd_helper --plugin --rack 1 --panel 1 --port 5</msg>
<status status="PASS" starttime="20200110 18:33:45.599" endtime="20200110 18:33:45.599"></status>
</kw>
<kw name="Log" library="BuiltIn">
<doc>Logs the given message with the given level.</doc>
<arguments>
<arg>${completed command}</arg>
</arguments>
<msg timestamp="20200110 18:33:45.599" level="INFO">vp_cmd_helper --plugin --rack 1 --panel 1 --port 5</msg>
<status status="PASS" starttime="20200110 18:33:45.599" endtime="20200110 18:33:45.599"></status>
</kw>
<kw name="Enter Virtual Command ${completed command}" library="SSHDefinitions">
<kw name="Write" library="SSHLibrary">
<doc>Writes the given ``text`` on the remote machine and appends a newline.</doc>
<arguments>
<arg>${command}</arg>
</arguments>
<msg timestamp="20200110 18:33:45.692" level="INFO">vp_cmd_helper --plugin --rack 1 --panel 1 --port 5</msg>
<status status="PASS" starttime="20200110 18:33:45.599" endtime="20200110 18:33:45.692"></status>
</kw>
<kw name="Read" library="SSHLibrary">
<doc>Consumes and returns everything available on the server output.</doc>
<arguments>
<arg>loglevel=Trace</arg>
<arg>delay=1s</arg>
</arguments>
<assign>
<var>${stdout}</var>
</assign>
<msg timestamp="20200110 18:33:47.693" level="INFO">${stdout} = result=success
command=plugin
test_setup=on
bus_connect=on
bus_power=on
rack=1
panel=1
type=1100ps
panel_state=RUN
row=1
serial=28FFFF600001
count=11
# </msg>
<status status="PASS" starttime="20200110 18:33:45.692" endtime="20200110 18:33:47.694"></status>
</kw>
<kw name="Log" library="BuiltIn">
<doc>Logs the given message with the given level.</doc>
<arguments>
<arg>${stdout}</arg>
</arguments>
<msg timestamp="20200110 18:33:47.697" level="INFO">result=success
command=plugin
test_setup=on
bus_connect=on
bus_power=on
rack=1
panel=1
type=1100ps
panel_state=RUN
row=1
serial=28FFFF600001
count=11
# </msg>
<status status="PASS" starttime="20200110 18:33:47.695" endtime="20200110 18:33:47.698"></status>
</kw>
<status status="PASS" starttime="20200110 18:33:45.599" endtime="20200110 18:33:47.699"></status>
</kw>
<status status="PASS" starttime="20200110 18:33:45.583" endtime="20200110 18:33:47.699"></status>
</kw>
<kw name="Then Check if Rack &quot;1&quot; Panel &quot;1&quot; Row &quot;1&quot; Port &quot;5&quot; in End &quot;B&quot; color &quot;black&quot;" library="BulkPatchingDefinitions">
<doc>This keyword is used to check the color of port information of Coper or LC panel displaying in either End A or End B on Bulk Patching screen</doc>
<kw name="Run Keyword If" library="BuiltIn">
<doc>Runs the given keyword with the given arguments, if ``condition`` is true.</doc>
<arguments>
<arg>'${end position}'=='a' or '${end position}'=='A'</arg>
<arg>Set Variable</arg>
<arg>2</arg>
<arg>ELSE IF</arg>
<arg>'${end position}'=='b' or '${end position}'=='B'</arg>
<arg>Set Variable</arg>
<arg>4</arg>
</arguments>
<assign>
<var>${input end position}</var>
</assign>
<kw name="Set Variable" library="BuiltIn">
<doc>Returns the given values which can then be assigned to a variables.</doc>
<arguments>
<arg>4</arg>
</arguments>
<status status="PASS" starttime="20200110 18:33:47.703" endtime="20200110 18:33:47.704"></status>
</kw>
<msg timestamp="20200110 18:33:47.705" level="INFO">${input end position} = 4</msg>
<status status="PASS" starttime="20200110 18:33:47.702" endtime="20200110 18:33:47.705"></status>
</kw>
<kw name="Catenate" library="BuiltIn">
<doc>Catenates the given items together and returns the resulted string.</doc>
<arguments>
<arg>Rack</arg>
<arg>${rackID}</arg>
</arguments>
<assign>
<var>${input rack}</var>
</assign>
<msg timestamp="20200110 18:33:47.707" level="INFO">${input rack} = Rack 1</msg>
<status status="PASS" starttime="20200110 18:33:47.706" endtime="20200110 18:33:47.708"></status>
</kw>
<kw name="Catenate" library="BuiltIn">
<doc>Catenates the given items together and returns the resulted string.</doc>
<arguments>
<arg>-Panel</arg>
<arg>${panelID}</arg>
</arguments>
<assign>
<var>${input panel}</var>
</assign>
<msg timestamp="20200110 18:33:47.709" level="INFO">${input panel} = -Panel 1</msg>
<status status="PASS" starttime="20200110 18:33:47.708" endtime="20200110 18:33:47.710"></status>
</kw>
<kw name="Catenate" library="BuiltIn">
<doc>Catenates the given items together and returns the resulted string.</doc>
<arguments>
<arg>-Port</arg>
<arg>${portID}</arg>
</arguments>
<assign>
<var>${input port}</var>
</assign>
<msg timestamp="20200110 18:33:47.712" level="INFO">${input port} = -Port 5</msg>
<status status="PASS" starttime="20200110 18:33:47.711" endtime="20200110 18:33:47.713"></status>
</kw>
<kw name="Catenate" library="BuiltIn">
<doc>Catenates the given items together and returns the resulted string.</doc>
<arguments>
<arg>SEPARATOR=</arg>
<arg>${input rack}</arg>
<arg>${input panel}</arg>
<arg>${input port}</arg>
</arguments>
<assign>
<var>${input port information}</var>
</assign>
<msg timestamp="20200110 18:33:47.715" level="INFO">${input port information} = Rack 1-Panel 1-Port 5</msg>
<status status="PASS" starttime="20200110 18:33:47.714" endtime="20200110 18:33:47.716"></status>
</kw>
<kw name="Get Color Code of Port Information" library="BulkPatchingDefinitions">
<arguments>
<arg>${color}</arg>
</arguments>
<assign>
<var>${input color}</var>
</assign>
<kw name="Convert To Lowercase" library="String">
<doc>Converts string to lowercase.</doc>
<arguments>
<arg>${color}</arg>
</arguments>
<assign>
<var>${color}</var>
</assign>
<msg timestamp="20200110 18:33:47.719" level="INFO">${color} = black</msg>
<status status="PASS" starttime="20200110 18:33:47.718" endtime="20200110 18:33:47.720"></status>
</kw>
<kw name="Run Keyword If" library="BuiltIn">
<doc>Runs the given keyword with the given arguments, if ``condition`` is true.</doc>
<arguments>
<arg>'${color}' == 'red'</arg>
<arg>Set Variable</arg>
<arg>color:#F00;</arg>
<arg>ELSE IF</arg>
<arg>'${color}' == 'black'</arg>
<arg>Set Variable</arg>
<arg>color:#000;</arg>
</arguments>
<assign>
<var>${color code}</var>
</assign>
<kw name="Set Variable" library="BuiltIn">
<doc>Returns the given values which can then be assigned to a variables.</doc>
<arguments>
<arg>color:#000;</arg>
</arguments>
<status status="PASS" starttime="20200110 18:33:47.722" endtime="20200110 18:33:47.723"></status>
</kw>
<msg timestamp="20200110 18:33:47.724" level="INFO">${color code} = color:#000;</msg>
<status status="PASS" starttime="20200110 18:33:47.720" endtime="20200110 18:33:47.724"></status>
</kw>
<msg timestamp="20200110 18:33:47.725" level="INFO">${input color} = color:#000;</msg>
<status status="PASS" starttime="20200110 18:33:47.717" endtime="20200110 18:33:47.725"></status>
</kw>
<kw name="Replace String" library="String">
<doc>Replaces ``search_for`` in the given ``string`` with ``replace_with``.</doc>
<arguments>
<arg>${dynamic port position with color}</arg>
<arg>End Position</arg>
<arg>${input end position}</arg>
</arguments>
<assign>
<var>${xPath syntax1}</var>
</assign>
<msg timestamp="20200110 18:33:47.727" level="INFO">${xPath syntax1} = //ul[@id='bulkPatchList']/li[Line Position]/div[4][@style='Color']/p[contains(text(),'Port Information')]</msg>
<status status="PASS" starttime="20200110 18:33:47.726" endtime="20200110 18:33:47.728"></status>
</kw>
<kw name="Replace String" library="String">
<doc>Replaces ``search_for`` in the given ``string`` with ``replace_with``.</doc>
<arguments>
<arg>${xPath syntax1}</arg>
<arg>Port Information</arg>
<arg>${input port information}</arg>
</arguments>
<assign>
<var>${xPath syntax2}</var>
</assign>
<msg timestamp="20200110 18:33:47.729" level="INFO">${xPath syntax2} = //ul[@id='bulkPatchList']/li[Line Position]/div[4][@style='Color']/p[contains(text(),'Rack 1-Panel 1-Port 5')]</msg>
<status status="PASS" starttime="20200110 18:33:47.728" endtime="20200110 18:33:47.730"></status>
</kw>
<kw name="Replace String" library="String">
<doc>Replaces ``search_for`` in the given ``string`` with ``replace_with``.</doc>
<arguments>
<arg>${xPath syntax2}</arg>
<arg>Color</arg>
<arg>${input color}</arg>
</arguments>
<assign>
<var>${xPath syntax2.1}</var>
</assign>
<msg timestamp="20200110 18:33:47.732" level="INFO">${xPath syntax2.1} = //ul[@id='bulkPatchList']/li[Line Position]/div[4][@style='color:#000;']/p[contains(text(),'Rack 1-Panel 1-Port 5')]</msg>
<status status="PASS" starttime="20200110 18:33:47.731" endtime="20200110 18:33:47.732"></status>
</kw>
<kw name="Number of Lines in Bulk Patching Screen" library="BulkPatchingDefinitions">
<assign>
<var>${number of lines}</var>
</assign>
<kw name="Get Element Count" library="SeleniumLibrary">
<doc>Returns the number of elements matching ``locator``.</doc>
<arguments>
<arg>${number of lines}</arg>
</arguments>
<assign>
<var>${count}</var>
</assign>
<msg timestamp="20200110 18:33:47.752" level="INFO">${count} = 3</msg>
<status status="PASS" starttime="20200110 18:33:47.733" endtime="20200110 18:33:47.753"></status>
</kw>
<msg timestamp="20200110 18:33:47.753" level="INFO">${number of lines} = 3</msg>
<status status="PASS" starttime="20200110 18:33:47.733" endtime="20200110 18:33:47.753"></status>
</kw>
<kw name="Set Variable" library="BuiltIn">
<doc>Returns the given values which can then be assigned to a variables.</doc>
<arguments>
<arg>0</arg>
</arguments>
<assign>
<var>${count}</var>
</assign>
<msg timestamp="20200110 18:33:47.754" level="INFO">${count} = 0</msg>
<status status="PASS" starttime="20200110 18:33:47.754" endtime="20200110 18:33:47.754"></status>
</kw>
<kw name="${index} IN RANGE [ ${number of lines+1} ]" type="for">
<kw name="${index} = 0" type="foritem">
<kw name="Evaluate" library="BuiltIn">
<doc>Evaluates the given expression in Python and returns the results.</doc>
<arguments>
<arg>${index} + 1</arg>
</arguments>
<assign>
<var>${index temp}</var>
</assign>
<msg timestamp="20200110 18:33:47.756" level="INFO">${index temp} = 1</msg>
<status status="PASS" starttime="20200110 18:33:47.755" endtime="20200110 18:33:47.756"></status>
</kw>
<kw name="Convert To String" library="BuiltIn">
<doc>Converts the given item to a Unicode string.</doc>
<arguments>
<arg>${index+1}</arg>
</arguments>
<assign>
<var>${index string}</var>
</assign>
<msg timestamp="20200110 18:33:47.757" level="INFO">${index string} = 1</msg>
<status status="PASS" starttime="20200110 18:33:47.757" endtime="20200110 18:33:47.758"></status>
</kw>
<kw name="Replace String" library="String">
<doc>Replaces ``search_for`` in the given ``string`` with ``replace_with``.</doc>
<arguments>
<arg>${xPath syntax2.1}</arg>
<arg>Line Position</arg>
<arg>${index string}</arg>
</arguments>
<assign>
<var>${xPath syntax3}</var>
</assign>
<msg timestamp="20200110 18:33:47.758" level="INFO">${xPath syntax3} = //ul[@id='bulkPatchList']/li[1]/div[4][@style='color:#000;']/p[contains(text(),'Rack 1-Panel 1-Port 5')]</msg>
<status status="PASS" starttime="20200110 18:33:47.758" endtime="20200110 18:33:47.759"></status>
</kw>
<kw name="Log" library="BuiltIn">
<doc>Logs the given message with the given level.</doc>
<arguments>
<arg>${xPath syntax3}</arg>
</arguments>
<msg timestamp="20200110 18:33:47.759" level="INFO">//ul[@id='bulkPatchList']/li[1]/div[4][@style='color:#000;']/p[contains(text(),'Rack 1-Panel 1-Port 5')]</msg>
<status status="PASS" starttime="20200110 18:33:47.759" endtime="20200110 18:33:47.760"></status>
</kw>
<kw name="Get Element Count" library="SeleniumLibrary">
<doc>Returns the number of elements matching ``locator``.</doc>
<arguments>
<arg>${xPath syntax3}</arg>
</arguments>
<assign>
<var>${count}</var>
</assign>
<msg timestamp="20200110 18:33:47.775" level="INFO">${count} = 0</msg>
<status status="PASS" starttime="20200110 18:33:47.760" endtime="20200110 18:33:47.775"></status>
</kw>
<kw name="Exit For Loop If" library="BuiltIn">
<doc>Stops executing the enclosing for loop if the ``condition`` is true.</doc>
<arguments>
<arg>${count} == 1</arg>
</arguments>
<status status="PASS" starttime="20200110 18:33:47.776" endtime="20200110 18:33:47.776"></status>
</kw>
<status status="PASS" starttime="20200110 18:33:47.755" endtime="20200110 18:33:47.777"></status>
</kw>
<kw name="${index} = 1" type="foritem">
<kw name="Evaluate" library="BuiltIn">
<doc>Evaluates the given expression in Python and returns the results.</doc>
<arguments>
<arg>${index} + 1</arg>
</arguments>
<assign>
<var>${index temp}</var>
</assign>
<msg timestamp="20200110 18:33:47.778" level="INFO">${index temp} = 2</msg>
<status status="PASS" starttime="20200110 18:33:47.777" endtime="20200110 18:33:47.778"></status>
</kw>
<kw name="Convert To String" library="BuiltIn">
<doc>Converts the given item to a Unicode string.</doc>
<arguments>
<arg>${index+1}</arg>
</arguments>
<assign>
<var>${index string}</var>
</assign>
<msg timestamp="20200110 18:33:47.779" level="INFO">${index string} = 2</msg>
<status status="PASS" starttime="20200110 18:33:47.778" endtime="20200110 18:33:47.779"></status>
</kw>
<kw name="Replace String" library="String">
<doc>Replaces ``search_for`` in the given ``string`` with ``replace_with``.</doc>
<arguments>
<arg>${xPath syntax2.1}</arg>
<arg>Line Position</arg>
<arg>${index string}</arg>
</arguments>
<assign>
<var>${xPath syntax3}</var>
</assign>
<msg timestamp="20200110 18:33:47.780" level="INFO">${xPath syntax3} = //ul[@id='bulkPatchList']/li[2]/div[4][@style='color:#000;']/p[contains(text(),'Rack 1-Panel 1-Port 5')]</msg>
<status status="PASS" starttime="20200110 18:33:47.779" endtime="20200110 18:33:47.780"></status>
</kw>
<kw name="Log" library="BuiltIn">
<doc>Logs the given message with the given level.</doc>
<arguments>
<arg>${xPath syntax3}</arg>
</arguments>
<msg timestamp="20200110 18:33:47.781" level="INFO">//ul[@id='bulkPatchList']/li[2]/div[4][@style='color:#000;']/p[contains(text(),'Rack 1-Panel 1-Port 5')]</msg>
<status status="PASS" starttime="20200110 18:33:47.780" endtime="20200110 18:33:47.781"></status>
</kw>
<kw name="Get Element Count" library="SeleniumLibrary">
<doc>Returns the number of elements matching ``locator``.</doc>
<arguments>
<arg>${xPath syntax3}</arg>
</arguments>
<assign>
<var>${count}</var>
</assign>
<msg timestamp="20200110 18:33:47.795" level="INFO">${count} = 1</msg>
<status status="PASS" starttime="20200110 18:33:47.781" endtime="20200110 18:33:47.796"></status>
</kw>
<kw name="Exit For Loop If" library="BuiltIn">
<doc>Stops executing the enclosing for loop if the ``condition`` is true.</doc>
<arguments>
<arg>${count} == 1</arg>
</arguments>
<msg timestamp="20200110 18:33:47.797" level="INFO">Exiting for loop altogether.</msg>
<status status="PASS" starttime="20200110 18:33:47.796" endtime="20200110 18:33:47.797"></status>
</kw>
<status status="PASS" starttime="20200110 18:33:47.777" endtime="20200110 18:33:47.797"></status>
</kw>
<status status="PASS" starttime="20200110 18:33:47.755" endtime="20200110 18:33:47.797"></status>
</kw>
<kw name="Run Keyword And Continue On Failure" library="BuiltIn">
<doc>Runs the keyword and continues execution even if a failure occurs.</doc>
<arguments>
<arg>Should Be Equal</arg>
<arg>'${count}'</arg>
<arg>'1'</arg>
</arguments>
<kw name="Should Be Equal" library="BuiltIn">
<doc>Fails if the given objects are unequal.</doc>
<arguments>
<arg>'${count}'</arg>
<arg>'1'</arg>
</arguments>
<status status="PASS" starttime="20200110 18:33:47.798" endtime="20200110 18:33:47.799"></status>
</kw>
<status status="PASS" starttime="20200110 18:33:47.798" endtime="20200110 18:33:47.799"></status>
</kw>
<status status="PASS" starttime="20200110 18:33:47.701" endtime="20200110 18:33:47.799"></status>
</kw>
<kw name="Then The Help Text Is &quot;${txtRestoreTheUnpluggedEndBPort}&quot;" library="BulkPatchingDefinitions">
<kw name="Get Text" library="SeleniumLibrary">
<doc>Returns the text value of the element identified by ``locator``.</doc>
<arguments>
<arg>${lblHelpText}</arg>
</arguments>
<assign>
<var>${get helptext}</var>
</assign>
<msg timestamp="20200110 18:33:47.836" level="INFO">${get helptext} = Restore the unplugged End B ports, or press Delete to reorder the entries.</msg>
<status status="PASS" starttime="20200110 18:33:47.800" endtime="20200110 18:33:47.836"></status>
</kw>
<kw name="Run Keyword And Continue On Failure" library="BuiltIn">
<doc>Runs the keyword and continues execution even if a failure occurs.</doc>
<arguments>
<arg>Should Be Equal</arg>
<arg>${helptext}</arg>
<arg>${get helptext}</arg>
<arg>msg="The helptext is not matched the checked value!!!"</arg>
</arguments>
<kw name="Should Be Equal" library="BuiltIn">
<doc>Fails if the given objects are unequal.</doc>
<arguments>
<arg>${helptext}</arg>
<arg>${get helptext}</arg>
<arg>msg="The helptext is not matched the checked value!!!"</arg>
</arguments>
<status status="PASS" starttime="20200110 18:33:47.837" endtime="20200110 18:33:47.838"></status>
</kw>
<status status="PASS" starttime="20200110 18:33:47.837" endtime="20200110 18:33:47.838"></status>
</kw>
<status status="PASS" starttime="20200110 18:33:47.800" endtime="20200110 18:33:47.839"></status>
</kw>
<kw name="When Plugin Copper Tip to Rack &quot;1&quot; Panel &quot;1&quot; Row &quot;1&quot; Port &quot;4&quot;" library="VirtualPanelDefinitions">
<kw name="Get Copper Panel Index" library="VirtualPanelDefinitions">
<arguments>
<arg>${rackID}</arg>
<arg>${panelID}</arg>
<arg>${row}</arg>
</arguments>
<assign>
<var>${panel index}</var>
</assign>
<kw name="Get Length" library="BuiltIn">
<doc>Returns and logs the length of the given item as an integer.</doc>
<arguments>
<arg>${VPpanels}</arg>
</arguments>
<assign>
<var>${panels number}</var>
[...]
<arg>Exit For Loop</arg>
</arguments>
<status status="PASS" starttime="20200110 18:37:28.211" endtime="20200110 18:37:28.211"></status>
</kw>
<status status="PASS" starttime="20200110 18:37:28.195" endtime="20200110 18:37:28.211"></status>
</kw>
<kw name="${panel index} = 5" type="foritem">
<kw name="Run Keyword If" library="BuiltIn">
<doc>Runs the given keyword with the given arguments, if ``condition`` is true.</doc>
<arguments>
<arg>'${VPpanels[${panel index+1}][&amp;{dic panels table}[panel type]]}' == '${VIRTUAL PANELS TYPE}[24F]' and '${VPpanels[${panel index+1}][&amp;{dic panels table}[rackID]]}' == '${input rackID}' and '${VPpanels[${panel index+1}][&amp;{dic panels table}[panelID]]}' == '${input panelID}' and '${VPpanels[${panel index+1}][&amp;{dic panels table}[row]]}' == '${input row}' and '${VPpanels[${panel index+1}][&amp;{dic panels table}[module]]}' == '${temp module}'</arg>
<arg>Exit For Loop</arg>
</arguments>
<status status="PASS" starttime="20200110 18:37:28.211" endtime="20200110 18:37:28.211"></status>
</kw>
<status status="PASS" starttime="20200110 18:37:28.211" endtime="20200110 18:37:28.211"></status>
</kw>
<kw name="${panel index} = 6" type="foritem">
<kw name="Run Keyword If" library="BuiltIn">
<doc>Runs the given keyword with the given arguments, if ``condition`` is true.</doc>
<arguments>
<arg>'${VPpanels[${panel index+1}][&amp;{dic panels table}[panel type]]}' == '${VIRTUAL PANELS TYPE}[24F]' and '${VPpanels[${panel index+1}][&amp;{dic panels table}[rackID]]}' == '${input rackID}' and '${VPpanels[${panel index+1}][&amp;{dic panels table}[panelID]]}' == '${input panelID}' and '${VPpanels[${panel index+1}][&amp;{dic panels table}[row]]}' == '${input row}' and '${VPpanels[${panel index+1}][&amp;{dic panels table}[module]]}' == '${temp module}'</arg>
<arg>Exit For Loop</arg>
</arguments>
<status status="PASS" starttime="20200110 18:37:28.211" endtime="20200110 18:37:28.211"></status>
</kw>
<status status="PASS" starttime="20200110 18:37:28.211" endtime="20200110 18:37:28.211"></status>
</kw>
<kw name="${panel index} = 7" type="foritem">
<kw name="Run Keyword If" library="BuiltIn">
<doc>Runs the given keyword with the given arguments, if ``condition`` is true.</doc>
<arguments>
<arg>'${VPpanels[${panel index+1}][&amp;{dic panels table}[panel type]]}' == '${VIRTUAL PANELS TYPE}[24F]' and '${VPpanels[${panel index+1}][&amp;{dic panels table}[rackID]]}' == '${input rackID}' and '${VPpanels[${panel index+1}][&amp;{dic panels table}[panelID]]}' == '${input panelID}' and '${VPpanels[${panel index+1}][&amp;{dic panels table}[row]]}' == '${input row}' and '${VPpanels[${panel index+1}][&amp;{dic panels table}[module]]}' == '${temp module}'</arg>
<arg>Exit For Loop</arg>
</arguments>
<status status="PASS" starttime="20200110 18:37:28.211" endtime="20200110 18:37:28.211"></status>
</kw>
<status status="PASS" starttime="20200110 18:37:28.211" endtime="20200110 18:37:28.211"></status>
</kw>
<kw name="${panel index} = 8" type="foritem">
<kw name="Run Keyword If" library="BuiltIn">
<doc>Runs the given keyword with the given arguments, if ``condition`` is true.</doc>
<arguments>
<arg>'${VPpanels[${panel index+1}][&amp;{dic panels table}[panel type]]}' == '${VIRTUAL PANELS TYPE}[24F]' and '${VPpanels[${panel index+1}][&amp;{dic panels table}[rackID]]}' == '${input rackID}' and '${VPpanels[${panel index+1}][&amp;{dic panels table}[panelID]]}' == '${input panelID}' and '${VPpanels[${panel index+1}][&amp;{dic panels table}[row]]}' == '${input row}' and '${VPpanels[${panel index+1}][&amp;{dic panels table}[module]]}' == '${temp module}'</arg>
<arg>Exit For Loop</arg>
</arguments>
<status status="PASS" starttime="20200110 18:37:28.211" endtime="20200110 18:37:28.226"></status>
</kw>
<status status="PASS" starttime="20200110 18:37:28.211" endtime="20200110 18:37:28.226"></status>
</kw>
<kw name="${panel index} = 9" type="foritem">
<kw name="Run Keyword If" library="BuiltIn">
<doc>Runs the given keyword with the given arguments, if ``condition`` is true.</doc>
<arguments>
<arg>'${VPpanels[${panel index+1}][&amp;{dic panels table}[panel type]]}' == '${VIRTUAL PANELS TYPE}[24F]' and '${VPpanels[${panel index+1}][&amp;{dic panels table}[rackID]]}' == '${input rackID}' and '${VPpanels[${panel index+1}][&amp;{dic panels table}[panelID]]}' == '${input panelID}' and '${VPpanels[${panel index+1}][&amp;{dic panels table}[row]]}' == '${input row}' and '${VPpanels[${panel index+1}][&amp;{dic panels table}[module]]}' == '${temp module}'</arg>
<arg>Exit For Loop</arg>
</arguments>
<kw name="Exit For Loop" library="BuiltIn">
<doc>Stops executing the enclosing for loop.</doc>
<msg timestamp="20200110 18:37:28.226" level="INFO">Exiting for loop altogether.</msg>
<status status="PASS" starttime="20200110 18:37:28.226" endtime="20200110 18:37:28.226"></status>
</kw>
<status status="PASS" starttime="20200110 18:37:28.226" endtime="20200110 18:37:28.226"></status>
</kw>
<status status="PASS" starttime="20200110 18:37:28.226" endtime="20200110 18:37:28.226"></status>
</kw>
<status status="PASS" starttime="20200110 18:37:28.195" endtime="20200110 18:37:28.226"></status>
</kw>
<msg timestamp="20200110 18:37:28.226" level="INFO">${panel index} = 10</msg>
<status status="PASS" starttime="20200110 18:37:28.180" endtime="20200110 18:37:28.226"></status>
</kw>
<kw name="Log" library="BuiltIn">
<doc>Logs the given message with the given level.</doc>
<arguments>
<arg>${panel index}</arg>
</arguments>
<msg timestamp="20200110 18:37:28.226" level="INFO">10</msg>
<status status="PASS" starttime="20200110 18:37:28.226" endtime="20200110 18:37:28.226"></status>
</kw>
<kw name="Catenate" library="BuiltIn">
<doc>Catenates the given items together and returns the resulted string.</doc>
<arguments>
<arg>vp_cmd_helper --plugout --rack</arg>
<arg>${rackID}</arg>
<arg>--panel</arg>
<arg>${panel index}</arg>
<arg>--module</arg>
<arg>${module}</arg>
<arg>--port</arg>
<arg>${portID}</arg>
</arguments>
<assign>
<var>${completed command}</var>
</assign>
<msg timestamp="20200110 18:37:28.226" level="INFO">${completed command} = vp_cmd_helper --plugout --rack 1 --panel 10 --module A --port 6</msg>
<status status="PASS" starttime="20200110 18:37:28.226" endtime="20200110 18:37:28.226"></status>
</kw>
<kw name="Log" library="BuiltIn">
<doc>Logs the given message with the given level.</doc>
<arguments>
<arg>${completed command}</arg>
</arguments>
<msg timestamp="20200110 18:37:28.226" level="INFO">vp_cmd_helper --plugout --rack 1 --panel 10 --module A --port 6</msg>
<status status="PASS" starttime="20200110 18:37:28.226" endtime="20200110 18:37:28.226"></status>
</kw>
<kw name="Enter Virtual Command ${completed command}" library="SSHDefinitions">
<kw name="Write" library="SSHLibrary">
<doc>Writes the given ``text`` on the remote machine and appends a newline.</doc>
<arguments>
<arg>${command}</arg>
</arguments>
<msg timestamp="20200110 18:37:28.305" level="INFO">vp_cmd_helper --plugout --rack 1 --panel 10 --module A --port 6</msg>
<status status="PASS" starttime="20200110 18:37:28.226" endtime="20200110 18:37:28.305"></status>
</kw>
<kw name="Read" library="SSHLibrary">
<doc>Consumes and returns everything available on the server output.</doc>
<arguments>
<arg>loglevel=Trace</arg>
<arg>delay=1s</arg>
</arguments>
<assign>
<var>${stdout}</var>
</assign>
<msg timestamp="20200110 18:37:30.312" level="INFO">${stdout} = result=success
command=plugout
test_setup=on
bus_connect=on
bus_power=on
rack=1
panel=10
type=96lc
panel_state=RUN
modulekit=AB
serial=36FFFF200001
count=11
# </msg>
<status status="PASS" starttime="20200110 18:37:28.305" endtime="20200110 18:37:30.312"></status>
</kw>
<kw name="Log" library="BuiltIn">
<doc>Logs the given message with the given level.</doc>
<arguments>
<arg>${stdout}</arg>
</arguments>
<msg timestamp="20200110 18:37:30.312" level="INFO">result=success
command=plugout
test_setup=on
bus_connect=on
bus_power=on
rack=1
panel=10
type=96lc
panel_state=RUN
modulekit=AB
serial=36FFFF200001
count=11
# </msg>
<status status="PASS" starttime="20200110 18:37:30.312" endtime="20200110 18:37:30.312"></status>
</kw>
<status status="PASS" starttime="20200110 18:37:28.226" endtime="20200110 18:37:30.312"></status>
</kw>
<status status="PASS" starttime="20200110 18:37:28.180" endtime="20200110 18:37:30.312"></status>
</kw>
<status status="PASS" starttime="20200110 18:37:28.180" endtime="20200110 18:37:30.312"></status>
</kw>
<status status="PASS" starttime="20200110 18:37:23.863" endtime="20200110 18:37:30.312"></status>
</kw>
<status status="PASS" starttime="20200110 18:37:23.863" endtime="20200110 18:37:30.312"></status>
</kw>
<kw name="Set Web UI to Stand By State and Close Current Browser" library="GeneralPage" type="teardown">
<kw name="Wait For Page Update" library="GeneralPage">
<kw name="Sleep" library="BuiltIn">
<doc>Pauses the test executed for the given time.</doc>
<arguments>
<arg>${PAGE UPDATE TIMEOUT}</arg>
</arguments>
<msg timestamp="20200110 18:37:30.421" level="INFO">Slept 100 milliseconds</msg>
<status status="PASS" starttime="20200110 18:37:30.312" endtime="20200110 18:37:30.421"></status>
</kw>
<status status="PASS" starttime="20200110 18:37:30.312" endtime="20200110 18:37:30.421"></status>
</kw>
<kw name="Get Element Count" library="SeleniumLibrary">
<doc>Returns the number of elements matching ``locator``.</doc>
<arguments>
<arg>${btnExit}</arg>
</arguments>
<assign>
<var>${count Exit button}</var>
</assign>
<msg timestamp="20200110 18:37:30.453" level="INFO">${count Exit button} = 1</msg>
<status status="PASS" starttime="20200110 18:37:30.421" endtime="20200110 18:37:30.453"></status>
</kw>
<kw name="Run Keyword If" library="BuiltIn">
<doc>Runs the given keyword with the given arguments, if ``condition`` is true.</doc>
<arguments>
<arg>${count Exit button} &gt; 0</arg>
<arg>Exit Screen</arg>
</arguments>
<kw name="Exit Screen" library="GeneralPage">
<kw name="Click Web Button" library="GeneralPage">
<arguments>
<arg>${btnExit}</arg>
</arguments>
<kw name="Get Element Count" library="SeleniumLibrary">
<doc>Returns the number of elements matching ``locator``.</doc>
<arguments>
<arg>${btnName}</arg>
</arguments>
<assign>
<var>${button exist}</var>
</assign>
<msg timestamp="20200110 18:37:30.468" level="INFO">${button exist} = 1</msg>
<status status="PASS" starttime="20200110 18:37:30.453" endtime="20200110 18:37:30.468"></status>
</kw>
<kw name="Run Keyword If" library="BuiltIn">
<doc>Runs the given keyword with the given arguments, if ``condition`` is true.</doc>
<arguments>
<arg>${button exist} == 1</arg>
<arg>Run Keyword And Continue On Failure</arg>
<arg>Run Keywords</arg>
<arg>Click Element</arg>
<arg>${btnName}</arg>
<arg>AND</arg>
<arg>Wait For Page Load</arg>
</arguments>
<kw name="Run Keyword And Continue On Failure" library="BuiltIn">
<doc>Runs the keyword and continues execution even if a failure occurs.</doc>
<arguments>
<arg>Run Keywords</arg>
<arg>Click Element</arg>
<arg>${btnName}</arg>
<arg>AND</arg>
<arg>Wait For Page Load</arg>
</arguments>
<kw name="Run Keywords" library="BuiltIn">
<doc>Executes all the given keywords in a sequence.</doc>
<arguments>
<arg>Click Element</arg>
<arg>${btnName}</arg>
<arg>AND</arg>
<arg>Wait For Page Load</arg>
</arguments>
<kw name="Click Element" library="SeleniumLibrary">
<doc>Click the element identified by ``locator``.</doc>
<arguments>
<arg>${btnName}</arg>
</arguments>
<msg timestamp="20200110 18:37:30.468" level="INFO">Clicking element '//div[@id='exit-footer' and @style='display: block;']/div[@id='exit-button']'.</msg>
<status status="PASS" starttime="20200110 18:37:30.468" endtime="20200110 18:37:30.542"></status>
</kw>
<kw name="Wait For Page Load" library="GeneralPage">
<kw name="Sleep" library="BuiltIn">
<doc>Pauses the test executed for the given time.</doc>
<arguments>
<arg>${PAGE LOAD TIMEOUT}</arg>
</arguments>
<msg timestamp="20200110 18:37:31.544" level="INFO">Slept 1 second</msg>
<status status="PASS" starttime="20200110 18:37:30.544" endtime="20200110 18:37:31.544"></status>
</kw>
<status status="PASS" starttime="20200110 18:37:30.543" endtime="20200110 18:37:31.545"></status>
</kw>
<status status="PASS" starttime="20200110 18:37:30.468" endtime="20200110 18:37:31.546"></status>
</kw>
<status status="PASS" starttime="20200110 18:37:30.468" endtime="20200110 18:37:31.546"></status>
</kw>
<status status="PASS" starttime="20200110 18:37:30.468" endtime="20200110 18:37:31.547"></status>
</kw>
<status status="PASS" starttime="20200110 18:37:30.453" endtime="20200110 18:37:31.547"></status>
</kw>
<kw name="Wait For Page Load" library="GeneralPage">
<kw name="Sleep" library="BuiltIn">
<doc>Pauses the test executed for the given time.</doc>
<arguments>
<arg>${PAGE LOAD TIMEOUT}</arg>
</arguments>
<msg timestamp="20200110 18:37:32.551" level="INFO">Slept 1 second</msg>
<status status="PASS" starttime="20200110 18:37:31.549" endtime="20200110 18:37:32.551"></status>
</kw>
<status status="PASS" starttime="20200110 18:37:31.548" endtime="20200110 18:37:32.552"></status>
</kw>
<status status="PASS" starttime="20200110 18:37:30.453" endtime="20200110 18:37:32.552"></status>
</kw>
<status status="PASS" starttime="20200110 18:37:30.453" endtime="20200110 18:37:32.553"></status>
</kw>
<kw name="Get Element Count" library="SeleniumLibrary">
<doc>Returns the number of elements matching ``locator``.</doc>
<arguments>
<arg>${lblimVisionX}</arg>
</arguments>
<assign>
<var>${count Home screen}</var>
</assign>
<msg timestamp="20200110 18:37:32.566" level="INFO">${count Home screen} = 1</msg>
<status status="PASS" starttime="20200110 18:37:32.553" endtime="20200110 18:37:32.566"></status>
</kw>
<kw name="Run Keyword If" library="BuiltIn">
<doc>Runs the given keyword with the given arguments, if ``condition`` is true.</doc>
<arguments>
<arg>${count Home screen} &gt; 0</arg>
<arg>Run Keywords</arg>
<arg>Click Web Button</arg>
<arg>${btnHome}</arg>
<arg>AND</arg>
<arg>Wait For Page Load</arg>
</arguments>
<kw name="Run Keywords" library="BuiltIn">
<doc>Executes all the given keywords in a sequence.</doc>
<arguments>
<arg>Click Web Button</arg>
<arg>${btnHome}</arg>
<arg>AND</arg>
<arg>Wait For Page Load</arg>
</arguments>
<kw name="Click Web Button" library="GeneralPage">
<arguments>
<arg>${btnHome}</arg>
</arguments>
<kw name="Get Element Count" library="SeleniumLibrary">
<doc>Returns the number of elements matching ``locator``.</doc>
<arguments>
<arg>${btnName}</arg>
</arguments>
<assign>
<var>${button exist}</var>
</assign>
<msg timestamp="20200110 18:37:32.583" level="INFO">${button exist} = 1</msg>
<status status="PASS" starttime="20200110 18:37:32.569" endtime="20200110 18:37:32.583"></status>
</kw>
<kw name="Run Keyword If" library="BuiltIn">
<doc>Runs the given keyword with the given arguments, if ``condition`` is true.</doc>
<arguments>
<arg>${button exist} == 1</arg>
<arg>Run Keyword And Continue On Failure</arg>
<arg>Run Keywords</arg>
<arg>Click Element</arg>
<arg>${btnName}</arg>
<arg>AND</arg>
<arg>Wait For Page Load</arg>
</arguments>
<kw name="Run Keyword And Continue On Failure" library="BuiltIn">
<doc>Runs the keyword and continues execution even if a failure occurs.</doc>
<arguments>
<arg>Run Keywords</arg>
<arg>Click Element</arg>
<arg>${btnName}</arg>
<arg>AND</arg>
<arg>Wait For Page Load</arg>
</arguments>
<kw name="Run Keywords" library="BuiltIn">
<doc>Executes all the given keywords in a sequence.</doc>
<arguments>
<arg>Click Element</arg>
<arg>${btnName}</arg>
<arg>AND</arg>
<arg>Wait For Page Load</arg>
</arguments>
<kw name="Click Element" library="SeleniumLibrary">
<doc>Click the element identified by ``locator``.</doc>
<arguments>
<arg>${btnName}</arg>
</arguments>
<msg timestamp="20200110 18:37:32.587" level="INFO">Clicking element '//div[@id='home-lang']'.</msg>
<status status="PASS" starttime="20200110 18:37:32.586" endtime="20200110 18:37:32.634"></status>
</kw>
<kw name="Wait For Page Load" library="GeneralPage">
<kw name="Sleep" library="BuiltIn">
<doc>Pauses the test executed for the given time.</doc>
<arguments>
<arg>${PAGE LOAD TIMEOUT}</arg>
</arguments>
<msg timestamp="20200110 18:37:33.637" level="INFO">Slept 1 second</msg>
<status status="PASS" starttime="20200110 18:37:32.635" endtime="20200110 18:37:33.637"></status>
</kw>
<status status="PASS" starttime="20200110 18:37:32.634" endtime="20200110 18:37:33.638"></status>
</kw>
<status status="PASS" starttime="20200110 18:37:32.586" endtime="20200110 18:37:33.639"></status>
</kw>
<status status="PASS" starttime="20200110 18:37:32.585" endtime="20200110 18:37:33.639"></status>
</kw>
<status status="PASS" starttime="20200110 18:37:32.584" endtime="20200110 18:37:33.640"></status>
</kw>
<status status="PASS" starttime="20200110 18:37:32.569" endtime="20200110 18:37:33.640"></status>
</kw>
<kw name="Wait For Page Load" library="GeneralPage">
<kw name="Sleep" library="BuiltIn">
<doc>Pauses the test executed for the given time.</doc>
<arguments>
<arg>${PAGE LOAD TIMEOUT}</arg>
</arguments>
<msg timestamp="20200110 18:37:34.644" level="INFO">Slept 1 second</msg>
<status status="PASS" starttime="20200110 18:37:33.643" endtime="20200110 18:37:34.644"></status>
</kw>
<status status="PASS" starttime="20200110 18:37:33.641" endtime="20200110 18:37:34.645"></status>
</kw>
<status status="PASS" starttime="20200110 18:37:32.568" endtime="20200110 18:37:34.646"></status>
</kw>
<status status="PASS" starttime="20200110 18:37:32.567" endtime="20200110 18:37:34.646"></status>
</kw>
<kw name="Close Browser" library="SeleniumLibrary">
<doc>Closes the current browser.</doc>
<status status="PASS" starttime="20200110 18:37:34.647" endtime="20200110 18:37:36.879"></status>
</kw>
<status status="PASS" starttime="20200110 18:37:30.312" endtime="20200110 18:37:36.879"></status>
</kw>
<status status="PASS" starttime="20200110 18:36:44.271" endtime="20200110 18:37:36.879" critical="yes"></status>
</test>
<status status="PASS" starttime="20200110 18:33:16.997" endtime="20200110 18:37:36.884"></status>
</suite>
<status status="PASS" starttime="20200110 18:33:16.997" endtime="20200110 18:37:36.885"></status>
</suite>
<status status="PASS" starttime="20200110 18:33:16.982" endtime="20200110 18:37:36.901"></status>
</suite>
<status status="PASS" starttime="20200110 18:33:16.982" endtime="20200110 18:37:36.901"></status>
</suite>
<status status="PASS" starttime="20200110 18:33:16.982" endtime="20200110 18:37:36.916"></status>
</suite>
<status status="PASS" starttime="20200110 18:33:16.950" endtime="20200110 18:37:36.916"></status>
</suite>
<statistics>
<total>
<stat pass="5" fail="0">Critical Tests</stat>
<stat pass="5" fail="0">All Tests</stat>
</total>
<tag>
</tag>
<suite>
<stat pass="5" fail="0" id="s1" name="BulkPatching Robot">BulkPatching Robot</stat>
<stat pass="5" fail="0" id="s1-s1" name="BulkPatching Robot">BulkPatching Robot.BulkPatching Robot</stat>
<stat pass="5" fail="0" id="s1-s1-s1" name="Test Resources">BulkPatching Robot.BulkPatching Robot.Test Resources</stat>
<stat pass="5" fail="0" id="s1-s1-s1-s1" name="Test Suites">BulkPatching Robot.BulkPatching Robot.Test Resources.Test Suites</stat>
<stat pass="5" fail="0" id="s1-s1-s1-s1-s1" name="3.Insert All End Bs">BulkPatching Robot.BulkPatching Robot.Test Resources.Test Suites.3.Insert All End Bs</stat>
<stat pass="5" fail="0" id="s1-s1-s1-s1-s1-s1" name="3.5.CheckEndBWhenPluggingCorrectTipInTheMiddleOfListOfEndBThenReplug">BulkPatching Robot.BulkPatching Robot.Test Resources.Test Suites.3.Insert All End Bs.3.5.CheckEndBWhenPluggingCorrectTipInTheMiddleOfListOfEndBThenReplug</stat>
</suite>
</statistics>
<errors>
</errors>
</robot>
