<?xml version="1.0" encoding="UTF-8"?>
<robot generator="Robot 3.1.2 (Python 3.8.0 on win32)" generated="20191110 16:34:14.619" rpa="false">
<suite id="s1" name="BulkPatching Robot" source="D:\RobotFW_program\BulkPatching_Robot\BulkPatching_Robot">
<suite id="s1-s1" name="Test Resources" source="D:\RobotFW_program\BulkPatching_Robot\BulkPatching_Robot\Test Resources">
<suite id="s1-s1-s1" name="Test Suites" source="D:\RobotFW_program\BulkPatching_Robot\BulkPatching_Robot\Test Resources\Test Suites">
<suite id="s1-s1-s1-s1" name="1. Check Bulk Patching button" source="D:\RobotFW_program\BulkPatching_Robot\BulkPatching_Robot\Test Resources\Test Suites\1. Check Bulk Patching button.robot">
<kw name="Open WebUI Screen Default" library="Bulk Patching definitions" type="setup">
<kw name="Catenate" library="BuiltIn">
<doc>Catenates the given items together and returns the resulted string.</doc>
<arguments>
<arg>SEPARATOR=</arg>
<arg>http://</arg>
<arg>${HOST}</arg>
<arg>:8888</arg>
</arguments>
<assign>
<var>${WebUI url}</var>
</assign>
<msg timestamp="20191110 16:34:14.849" level="INFO">${WebUI url} = http://192.168.171.201:8888</msg>
<status status="PASS" starttime="20191110 16:34:14.848" endtime="20191110 16:34:14.849"></status>
</kw>
<kw name="Open Browser" library="SeleniumLibrary">
<doc>Opens a new browser instance to the optional ``url``.</doc>
<arguments>
<arg>${WebUI url}</arg>
<arg>${BROWSER}</arg>
</arguments>
<msg timestamp="20191110 16:34:14.850" level="INFO">Opening browser 'Chrome' to base url 'http://192.168.171.201:8888'.</msg>
<status status="PASS" starttime="20191110 16:34:14.849" endtime="20191110 16:34:18.954"></status>
</kw>
<kw name="Maximize Browser Window" library="SeleniumLibrary">
<doc>Maximizes current browser window.</doc>
<status status="PASS" starttime="20191110 16:34:18.955" endtime="20191110 16:34:20.116"></status>
</kw>
<kw name="Set Browser Implicit Wait" library="SeleniumLibrary">
<doc>Sets the implicit wait value used by Selenium.</doc>
<arguments>
<arg>1</arg>
</arguments>
<status status="PASS" starttime="20191110 16:34:20.116" endtime="20191110 16:34:20.126"></status>
</kw>
<status status="PASS" starttime="20191110 16:34:14.848" endtime="20191110 16:34:20.126"></status>
</kw>
<test id="s1-s1-s1-s1-t1" name="ADD_BULK_BUTTON_0101_Verify that imVision X shall be back to the homepage after selecting the Exit button">
<kw name="Click Web Button" library="Bulk Patching definitions">
<arguments>
<arg>${btnHome}</arg>
</arguments>
<kw name="Click Element" library="SeleniumLibrary">
<doc>Click the element identified by ``locator``.</doc>
<arguments>
<arg>${btnName}</arg>
</arguments>
<msg timestamp="20191110 16:34:20.132" level="INFO">Clicking element '//div[@id='home-lang']'.</msg>
<status status="PASS" starttime="20191110 16:34:20.132" endtime="20191110 16:34:20.232"></status>
</kw>
<status status="PASS" starttime="20191110 16:34:20.130" endtime="20191110 16:34:20.232"></status>
</kw>
<status status="PASS" starttime="20191110 16:34:20.126" endtime="20191110 16:34:20.232" critical="yes"></status>
</test>
<status status="PASS" starttime="20191110 16:34:14.675" endtime="20191110 16:34:20.233"></status>
</suite>
<status status="PASS" starttime="20191110 16:34:14.673" endtime="20191110 16:34:20.235"></status>
</suite>
<status status="PASS" starttime="20191110 16:34:14.670" endtime="20191110 16:34:20.237"></status>
</suite>
<status status="PASS" starttime="20191110 16:34:14.646" endtime="20191110 16:34:20.238"></status>
</suite>
<statistics>
<total>
<stat pass="1" fail="0">Critical Tests</stat>
<stat pass="1" fail="0">All Tests</stat>
</total>
<tag>
</tag>
<suite>
<stat pass="1" fail="0" id="s1" name="BulkPatching Robot">BulkPatching Robot</stat>
<stat pass="1" fail="0" id="s1-s1" name="Test Resources">BulkPatching Robot.Test Resources</stat>
<stat pass="1" fail="0" id="s1-s1-s1" name="Test Suites">BulkPatching Robot.Test Resources.Test Suites</stat>
<stat pass="1" fail="0" id="s1-s1-s1-s1" name="1. Check Bulk Patching button">BulkPatching Robot.Test Resources.Test Suites.1. Check Bulk Patching button</stat>
</suite>
</statistics>
<errors>
</errors>
</robot>
