<?xml version="1.0" encoding="UTF-8"?>
<robot generator="Robot 3.1.2 (Python 3.8.0 on win32)" generated="20200203 09:44:50.650" rpa="false">
<suite id="s1" name="BulkPatching Robot" source="C:\Users\quocanh.ho\git\BulkPatching_Robot\BulkPatching_Robot">
<suite id="s1-s1" name="Test Resources" source="C:\Users\quocanh.ho\git\BulkPatching_Robot\BulkPatching_Robot\Test_Resources">
<suite id="s1-s1-s1" name="Test Suites" source="C:\Users\quocanh.ho\git\BulkPatching_Robot\BulkPatching_Robot\Test_Resources\Test_Suites">
<suite id="s1-s1-s1-s1" name="5.Create Equipment" source="C:\Users\quocanh.ho\git\BulkPatching_Robot\BulkPatching_Robot\Test_Resources\Test_Suites\5.Create_Equipment">
<suite id="s1-s1-s1-s1-s1" name="5.2.CheckEquipmentInTranslation" source="C:\Users\quocanh.ho\git\BulkPatching_Robot\BulkPatching_Robot\Test_Resources\Test_Suites\5.Create_Equipment\5.2.CheckEquipmentInTranslation.robot">
<test id="s1-s1-s1-s1-s1-t1" name="Create_Equip-02_01_Verify that &quot;Equipment&quot; should use the same translation as the text in the &quot;Equipment&quot; button if changing to Danish">
<kw name="Run Keywords" library="BuiltIn" type="setup">
<doc>Executes all the given keywords in a sequence.</doc>
<arguments>
<arg>Open SSH Connection and Login</arg>
<arg>Open WebUI And Go To Home Screen</arg>
</arguments>
<kw name="Open SSH Connection and Login" library="SSHDefinitions">
<kw name="Open Connection" library="SSHLibrary">
<doc>Opens a new SSH connection to the given ``host`` and ``port``.</doc>
<arguments>
<arg>${HOST_A}</arg>
</arguments>
<status status="PASS" starttime="20200203 09:44:51.376" endtime="20200203 09:44:51.378"></status>
</kw>
<kw name="Login" library="SSHLibrary">
<doc>Logs into the SSH server with the given ``username`` and ``password``.</doc>
<arguments>
<arg>${USERNAME}</arg>
<arg>${PASSWORD}</arg>
</arguments>
<msg timestamp="20200203 09:44:51.381" level="INFO">Logging into '192.168.171.201:22' as 'root'.</msg>
<msg timestamp="20200203 09:44:52.787" level="INFO">Read output: #</msg>
<status status="PASS" starttime="20200203 09:44:51.380" endtime="20200203 09:44:52.788"></status>
</kw>
<status status="PASS" starttime="20200203 09:44:51.375" endtime="20200203 09:44:52.789"></status>
</kw>
<kw name="Open WebUI And Go To Home Screen" library="GeneralPage">
<tags>
<tag>host_A</tag>
<tag>host_B</tag>
</tags>
<kw name="Catenate" library="BuiltIn">
<doc>Catenates the given items together and returns the resulted string.</doc>
<arguments>
<arg>SEPARATOR=</arg>
<arg>http://</arg>
<arg>${HOST A}</arg>
<arg>:8888</arg>
</arguments>
<assign>
<var>${WebUI url}</var>
</assign>
<msg timestamp="20200203 09:44:52.824" level="INFO">${WebUI url} = http://192.168.171.201:8888</msg>
<status status="PASS" starttime="20200203 09:44:52.823" endtime="20200203 09:44:52.824"></status>
</kw>
<kw name="Open Browser" library="SeleniumLibrary">
<doc>Opens a new browser instance to the optional ``url``.</doc>
<arguments>
<arg>${WebUI url}</arg>
<arg>${BROWSER}</arg>
</arguments>
<msg timestamp="20200203 09:44:52.827" level="INFO">Opening browser 'Chrome' to base url 'http://192.168.171.201:8888'.</msg>
<status status="PASS" starttime="20200203 09:44:52.825" endtime="20200203 09:44:58.809"></status>
</kw>
<kw name="Maximize Browser Window" library="SeleniumLibrary">
<doc>Maximizes current browser window.</doc>
<status status="PASS" starttime="20200203 09:44:58.810" endtime="20200203 09:44:59.963"></status>
</kw>
<kw name="Sleep" library="BuiltIn">
<doc>Pauses the test executed for the given time.</doc>
<arguments>
<arg>${PAGE LOAD TIMEOUT}</arg>
</arguments>
<msg timestamp="20200203 09:45:00.967" level="INFO">Slept 1 second</msg>
<status status="PASS" starttime="20200203 09:44:59.964" endtime="20200203 09:45:00.967"></status>
</kw>
<kw name="Set Web UI to Stand By State" library="GeneralPage">
<kw name="Get Element Count" library="SeleniumLibrary">
<doc>Returns the number of elements matching ``locator``.</doc>
<arguments>
<arg>${btnExit}</arg>
</arguments>
<assign>
<var>${count Exit button}</var>
</assign>
<msg timestamp="20200203 09:45:01.005" level="INFO">${count Exit button} = 0</msg>
<status status="PASS" starttime="20200203 09:45:00.971" endtime="20200203 09:45:01.005"></status>
</kw>
<kw name="Run Keyword If" library="BuiltIn">
<doc>Runs the given keyword with the given arguments, if ``condition`` is true.</doc>
<arguments>
<arg>${count Exit button} &gt; 0</arg>
<arg>Exit Screen</arg>
</arguments>
<status status="PASS" starttime="20200203 09:45:01.006" endtime="20200203 09:45:01.007"></status>
</kw>
<kw name="Get Element Count" library="SeleniumLibrary">
<doc>Returns the number of elements matching ``locator``.</doc>
<arguments>
<arg>${btnCancel}</arg>
</arguments>
<assign>
<var>${count Cancel button}</var>
</assign>
<msg timestamp="20200203 09:45:01.027" level="INFO">${count Cancel button} = 0</msg>
<status status="PASS" starttime="20200203 09:45:01.008" endtime="20200203 09:45:01.028"></status>
</kw>
<kw name="Run Keyword If" library="BuiltIn">
<doc>Runs the given keyword with the given arguments, if ``condition`` is true.</doc>
<arguments>
<arg>${count Cancel button} &gt; 0</arg>
<arg>Exit Screen</arg>
</arguments>
<status status="PASS" starttime="20200203 09:45:01.028" endtime="20200203 09:45:01.029"></status>
</kw>
<kw name="Get Element Count" library="SeleniumLibrary">
<doc>Returns the number of elements matching ``locator``.</doc>
<arguments>
<arg>${lblimVisionX}</arg>
</arguments>
<assign>
<var>${count Home screen}</var>
</assign>
<msg timestamp="20200203 09:45:01.051" level="INFO">${count Home screen} = 0</msg>
<status status="PASS" starttime="20200203 09:45:01.030" endtime="20200203 09:45:01.051"></status>
</kw>
<kw name="Run Keyword If" library="BuiltIn">
<doc>Runs the given keyword with the given arguments, if ``condition`` is true.</doc>
<arguments>
<arg>${count Home screen} &gt; 0</arg>
<arg>Run Keywords</arg>
<arg>Click Web Button</arg>
<arg>${btnHome}</arg>
<arg>AND</arg>
<arg>Wait For Page Load</arg>
</arguments>
<status status="PASS" starttime="20200203 09:45:01.052" endtime="20200203 09:45:01.052"></status>
</kw>
<status status="PASS" starttime="20200203 09:45:00.969" endtime="20200203 09:45:01.053"></status>
</kw>
<kw name="Go To Home Screen" library="GeneralPage">
<kw name="Click Web Button" library="GeneralPage">
<arguments>
<arg>${btnHome}</arg>
</arguments>
<kw name="Get Element Count" library="SeleniumLibrary">
<doc>Returns the number of elements matching ``locator``.</doc>
<arguments>
<arg>${btnName}</arg>
</arguments>
<assign>
<var>${button exist}</var>
</assign>
<msg timestamp="20200203 09:45:01.070" level="INFO">${button exist} = 1</msg>
<status status="PASS" starttime="20200203 09:45:01.055" endtime="20200203 09:45:01.070"></status>
</kw>
<kw name="Run Keyword If" library="BuiltIn">
<doc>Runs the given keyword with the given arguments, if ``condition`` is true.</doc>
<arguments>
<arg>${button exist} == 1</arg>
<arg>Run Keyword And Continue On Failure</arg>
<arg>Run Keywords</arg>
<arg>Click Element</arg>
<arg>${btnName}</arg>
<arg>AND</arg>
<arg>Wait For Page Load</arg>
</arguments>
<kw name="Run Keyword And Continue On Failure" library="BuiltIn">
<doc>Runs the keyword and continues execution even if a failure occurs.</doc>
<arguments>
<arg>Run Keywords</arg>
<arg>Click Element</arg>
<arg>${btnName}</arg>
<arg>AND</arg>
<arg>Wait For Page Load</arg>
</arguments>
<kw name="Run Keywords" library="BuiltIn">
<doc>Executes all the given keywords in a sequence.</doc>
<arguments>
<arg>Click Element</arg>
<arg>${btnName}</arg>
<arg>AND</arg>
<arg>Wait For Page Load</arg>
</arguments>
<kw name="Click Element" library="SeleniumLibrary">
<doc>Click the element identified by ``locator``.</doc>
<arguments>
<arg>${btnName}</arg>
</arguments>
<msg timestamp="20200203 09:45:01.073" level="INFO">Clicking element '//div[@id='home-lang']'.</msg>
<status status="PASS" starttime="20200203 09:45:01.072" endtime="20200203 09:45:01.157"></status>
</kw>
<kw name="Wait For Page Load" library="GeneralPage">
<kw name="Sleep" library="BuiltIn">
<doc>Pauses the test executed for the given time.</doc>
<arguments>
<arg>${PAGE LOAD TIMEOUT}</arg>
</arguments>
<msg timestamp="20200203 09:45:02.162" level="INFO">Slept 1 second</msg>
<status status="PASS" starttime="20200203 09:45:01.160" endtime="20200203 09:45:02.162"></status>
</kw>
<status status="PASS" starttime="20200203 09:45:01.159" endtime="20200203 09:45:02.163"></status>
</kw>
<status status="PASS" starttime="20200203 09:45:01.072" endtime="20200203 09:45:02.164"></status>
</kw>
<status status="PASS" starttime="20200203 09:45:01.071" endtime="20200203 09:45:02.164"></status>
</kw>
<status status="PASS" starttime="20200203 09:45:01.070" endtime="20200203 09:45:02.165"></status>
</kw>
<status status="PASS" starttime="20200203 09:45:01.054" endtime="20200203 09:45:02.166"></status>
</kw>
<status status="PASS" starttime="20200203 09:45:01.053" endtime="20200203 09:45:02.167"></status>
</kw>
<status status="PASS" starttime="20200203 09:44:52.790" endtime="20200203 09:45:02.167"></status>
</kw>
<status status="PASS" starttime="20200203 09:44:51.374" endtime="20200203 09:45:02.168"></status>
</kw>
<kw name="Given Go To Select Language &quot;danish&quot;" library="SelectLanguageDefinitions">
<kw name="Select Language &quot;${language}&quot;" library="SelectLanguagePage">
<kw name="Go To Settings Screen" library="HomePage">
<kw name="Click Element" library="SeleniumLibrary">
<doc>Click the element identified by ``locator``.</doc>
<arguments>
<arg>${btnSettings}</arg>
</arguments>
<msg timestamp="20200203 09:45:02.175" level="INFO">Clicking element '//div[@id='settings']/div/input[@type='submit']'.</msg>
<status status="PASS" starttime="20200203 09:45:02.174" endtime="20200203 09:45:02.296"></status>
</kw>
<kw name="Wait For Page Load" library="GeneralPage">
<kw name="Sleep" library="BuiltIn">
<doc>Pauses the test executed for the given time.</doc>
<arguments>
<arg>${PAGE LOAD TIMEOUT}</arg>
</arguments>
<msg timestamp="20200203 09:45:03.300" level="INFO">Slept 1 second</msg>
<status status="PASS" starttime="20200203 09:45:02.298" endtime="20200203 09:45:03.300"></status>
</kw>
<status status="PASS" starttime="20200203 09:45:02.297" endtime="20200203 09:45:03.301"></status>
</kw>
<status status="PASS" starttime="20200203 09:45:02.172" endtime="20200203 09:45:03.301"></status>
</kw>
<kw name="Go To Select Language Screen" library="SettingsPage">
<kw name="Click Element" library="SeleniumLibrary">
<doc>Click the element identified by ``locator``.</doc>
<arguments>
<arg>${btnLanguage Settings}</arg>
</arguments>
<msg timestamp="20200203 09:45:03.304" level="INFO">Clicking element '//div[@id='settings-language']'.</msg>
<status status="PASS" starttime="20200203 09:45:03.303" endtime="20200203 09:45:04.254"></status>
</kw>
<kw name="Wait For Page Load" library="GeneralPage">
<kw name="Sleep" library="BuiltIn">
<doc>Pauses the test executed for the given time.</doc>
<arguments>
<arg>${PAGE LOAD TIMEOUT}</arg>
</arguments>
<msg timestamp="20200203 09:45:05.258" level="INFO">Slept 1 second</msg>
<status status="PASS" starttime="20200203 09:45:04.257" endtime="20200203 09:45:05.258"></status>
</kw>
<status status="PASS" starttime="20200203 09:45:04.255" endtime="20200203 09:45:05.259"></status>
</kw>
<status status="PASS" starttime="20200203 09:45:03.302" endtime="20200203 09:45:05.259"></status>
</kw>
<kw name="Convert To Lowercase" library="String">
<doc>Converts string to lowercase.</doc>
<arguments>
<arg>${language}</arg>
</arguments>
<assign>
<var>${temp language}</var>
</assign>
<msg timestamp="20200203 09:45:05.260" level="INFO">${temp language} = danish</msg>
<status status="PASS" starttime="20200203 09:45:05.260" endtime="20200203 09:45:05.260"></status>
</kw>
<kw name="Run Keyword If" library="BuiltIn">
<doc>Runs the given keyword with the given arguments, if ``condition`` is true.</doc>
<arguments>
<arg>'${temp language}' == 'danish'</arg>
<arg>Run Keyword And Continue On Failure</arg>
<arg>Click Element</arg>
<arg>${btnDanish}</arg>
<arg>ELSE IF</arg>
<arg>'${temp language}' == 'german'</arg>
<arg>Run Keyword And Continue On Failure</arg>
<arg>Click Element</arg>
<arg>${btnGerman}</arg>
<arg>ELSE IF</arg>
<arg>'${temp language}' == 'english'</arg>
<arg>Run Keyword And Continue On Failure</arg>
<arg>Click Element</arg>
<arg>${btnEnglish}</arg>
<arg>ELSE IF</arg>
<arg>'${temp language}' == 'spainish'</arg>
<arg>Run Keyword And Continue On Failure</arg>
<arg>Click Element</arg>
<arg>${btnSpainish}</arg>
<arg>ELSE IF</arg>
<arg>'${temp language}' == 'french'</arg>
<arg>Run Keyword And Continue On Failure</arg>
<arg>Click Element</arg>
<arg>${btnFrench}</arg>
<arg>ELSE IF</arg>
<arg>'${temp language}' == 'italian'</arg>
<arg>Run Keyword And Continue On Failure</arg>
<arg>Click Element</arg>
<arg>${btnItalian}</arg>
<arg>ELSE IF</arg>
<arg>'${temp language}' == 'polish'</arg>
<arg>Run Keyword And Continue On Failure</arg>
<arg>Move down and click element "${btnPolish}"</arg>
<arg>ELSE IF</arg>
<arg>'${temp language}' == 'portuguese'</arg>
<arg>Run Keyword And Continue On Failure</arg>
<arg>Move down and click element "${btnPortuguese}"</arg>
<arg>ELSE IF</arg>
<arg>'${temp language}' == 'russian'</arg>
<arg>Run Keyword And Continue On Failure</arg>
<arg>Move down and click element "${btnRussian}"</arg>
<arg>ELSE IF</arg>
<arg>'${temp language}' == 'chinese'</arg>
<arg>Run Keyword And Continue On Failure</arg>
<arg>Move down and click element "${btnChinese}"</arg>
<arg>ELSE IF</arg>
<arg>'${temp language}' == 'korean'</arg>
<arg>Run Keyword And Continue On Failure</arg>
<arg>Move down and click element "${btnKorean}"</arg>
<arg>ELSE</arg>
<arg>Run Keyword And Continue On Failure</arg>
<arg>Log</arg>
<arg>${temp language}</arg>
</arguments>
<kw name="Run Keyword And Continue On Failure" library="BuiltIn">
<doc>Runs the keyword and continues execution even if a failure occurs.</doc>
<arguments>
<arg>Click Element</arg>
<arg>${btnDanish}</arg>
</arguments>
<kw name="Click Element" library="SeleniumLibrary">
<doc>Click the element identified by ``locator``.</doc>
<arguments>
<arg>${btnDanish}</arg>
</arguments>
<msg timestamp="20200203 09:45:05.264" level="INFO">Clicking element '//div[@id='language-list']/div[@id='1005']'.</msg>
<status status="PASS" starttime="20200203 09:45:05.263" endtime="20200203 09:45:05.326"></status>
</kw>
<status status="PASS" starttime="20200203 09:45:05.262" endtime="20200203 09:45:05.327"></status>
</kw>
<status status="PASS" starttime="20200203 09:45:05.261" endtime="20200203 09:45:05.327"></status>
</kw>
<kw name="Touch Save Language" library="SelectLanguagePage">
<kw name="Click Element" library="SeleniumLibrary">
<doc>Click the element identified by ``locator``.</doc>
<arguments>
<arg>${btnSave}</arg>
</arguments>
<msg timestamp="20200203 09:45:05.331" level="INFO">Clicking element '//div[@id='save-button']'.</msg>
<status status="PASS" starttime="20200203 09:45:05.330" endtime="20200203 09:45:05.404"></status>
</kw>
<kw name="Wait For Page Load" library="GeneralPage">
<kw name="Sleep" library="BuiltIn">
<doc>Pauses the test executed for the given time.</doc>
<arguments>
<arg>${PAGE LOAD TIMEOUT}</arg>
</arguments>
<msg timestamp="20200203 09:45:06.408" level="INFO">Slept 1 second</msg>
<status status="PASS" starttime="20200203 09:45:05.406" endtime="20200203 09:45:06.408"></status>
</kw>
<status status="PASS" starttime="20200203 09:45:05.405" endtime="20200203 09:45:06.409"></status>
</kw>
<status status="PASS" starttime="20200203 09:45:05.328" endtime="20200203 09:45:06.409"></status>
</kw>
<status status="PASS" starttime="20200203 09:45:02.171" endtime="20200203 09:45:06.409"></status>
</kw>
<status status="PASS" starttime="20200203 09:45:02.170" endtime="20200203 09:45:06.409"></status>
</kw>
<kw name="Given Go To Home Screen" library="GeneralPage">
<kw name="Click Web Button" library="GeneralPage">
<arguments>
<arg>${btnHome}</arg>
</arguments>
<kw name="Get Element Count" library="SeleniumLibrary">
<doc>Returns the number of elements matching ``locator``.</doc>
<arguments>
<arg>${btnName}</arg>
</arguments>
<assign>
<var>${button exist}</var>
</assign>
<msg timestamp="20200203 09:45:06.428" level="INFO">${button exist} = 1</msg>
<status status="PASS" starttime="20200203 09:45:06.411" endtime="20200203 09:45:06.428"></status>
</kw>
<kw name="Run Keyword If" library="BuiltIn">
<doc>Runs the given keyword with the given arguments, if ``condition`` is true.</doc>
<arguments>
<arg>${button exist} == 1</arg>
<arg>Run Keyword And Continue On Failure</arg>
<arg>Run Keywords</arg>
<arg>Click Element</arg>
<arg>${btnName}</arg>
<arg>AND</arg>
<arg>Wait For Page Load</arg>
</arguments>
<kw name="Run Keyword And Continue On Failure" library="BuiltIn">
<doc>Runs the keyword and continues execution even if a failure occurs.</doc>
<arguments>
<arg>Run Keywords</arg>
<arg>Click Element</arg>
<arg>${btnName}</arg>
<arg>AND</arg>
<arg>Wait For Page Load</arg>
</arguments>
<kw name="Run Keywords" library="BuiltIn">
<doc>Executes all the given keywords in a sequence.</doc>
<arguments>
<arg>Click Element</arg>
<arg>${btnName}</arg>
<arg>AND</arg>
<arg>Wait For Page Load</arg>
</arguments>
<kw name="Click Element" library="SeleniumLibrary">
<doc>Click the element identified by ``locator``.</doc>
<arguments>
<arg>${btnName}</arg>
</arguments>
<msg timestamp="20200203 09:45:06.431" level="INFO">Clicking element '//div[@id='home-lang']'.</msg>
<status status="PASS" starttime="20200203 09:45:06.431" endtime="20200203 09:45:06.568"></status>
</kw>
<kw name="Wait For Page Load" library="GeneralPage">
<kw name="Sleep" library="BuiltIn">
<doc>Pauses the test executed for the given time.</doc>
<arguments>
<arg>${PAGE LOAD TIMEOUT}</arg>
</arguments>
<msg timestamp="20200203 09:45:07.572" level="INFO">Slept 1 second</msg>
<status status="PASS" starttime="20200203 09:45:06.571" endtime="20200203 09:45:07.572"></status>
</kw>
<status status="PASS" starttime="20200203 09:45:06.569" endtime="20200203 09:45:07.573"></status>
</kw>
<status status="PASS" starttime="20200203 09:45:06.430" endtime="20200203 09:45:07.573"></status>
</kw>
<status status="PASS" starttime="20200203 09:45:06.430" endtime="20200203 09:45:07.573"></status>
</kw>
<status status="PASS" starttime="20200203 09:45:06.429" endtime="20200203 09:45:07.574"></status>
</kw>
<status status="PASS" starttime="20200203 09:45:06.411" endtime="20200203 09:45:07.574"></status>
</kw>
<status status="PASS" starttime="20200203 09:45:06.410" endtime="20200203 09:45:07.574"></status>
</kw>
<kw name="Given Go To Bulk Patching Screen" library="HomePage">
<kw name="Click Element" library="SeleniumLibrary">
<doc>Click the element identified by ``locator``.</doc>
<arguments>
<arg>${btnBulk Patching}</arg>
</arguments>
<msg timestamp="20200203 09:45:07.577" level="INFO">Clicking element '//input[@id='bulk-patch-btn']'.</msg>
<status status="PASS" starttime="20200203 09:45:07.576" endtime="20200203 09:45:07.639"></status>
</kw>
<kw name="Wait For Page Load" library="GeneralPage">
<kw name="Sleep" library="BuiltIn">
<doc>Pauses the test executed for the given time.</doc>
<arguments>
<arg>${PAGE LOAD TIMEOUT}</arg>
</arguments>
<msg timestamp="20200203 09:45:08.643" level="INFO">Slept 1 second</msg>
<status status="PASS" starttime="20200203 09:45:07.640" endtime="20200203 09:45:08.643"></status>
</kw>
<status status="PASS" starttime="20200203 09:45:07.640" endtime="20200203 09:45:08.644"></status>
</kw>
<status status="PASS" starttime="20200203 09:45:07.575" endtime="20200203 09:45:08.644"></status>
</kw>
<kw name="When Plugin Copper Tip to Rack &quot;1&quot; Panel &quot;1&quot; Row &quot;1&quot; Port &quot;1&quot;" library="VirtualPanelDefinitions">
<kw name="Get Copper Panel Index" library="VirtualPanelDefinitions">
<arguments>
<arg>${rackID}</arg>
<arg>${panelID}</arg>
<arg>${row}</arg>
</arguments>
<assign>
<var>${panel index}</var>
</assign>
<kw name="Get Length" library="BuiltIn">
<doc>Returns and logs the length of the given item as an integer.</doc>
<arguments>
<arg>${VPpanels}</arg>
</arguments>
<assign>
<var>${panels number}</var>
</assign>
<msg timestamp="20200203 09:45:08.647" level="INFO">Length is 12</msg>
<msg timestamp="20200203 09:45:08.647" level="INFO">${panels number} = 12</msg>
<status status="PASS" starttime="20200203 09:45:08.646" endtime="20200203 09:45:08.647"></status>
</kw>
<kw name="${panel index} IN RANGE [ ${panels number-1} ]" type="for">
<kw name="${panel index} = 0" type="foritem">
<kw name="Run Keyword If" library="BuiltIn">
<doc>Runs the given keyword with the given arguments, if ``condition`` is true.</doc>
<arguments>
<arg>'${VPpanels[${panel index+1}][&amp;{dic panels table}[panel type]]}' == '${VIRTUAL PANELS TYPE}[COPPER]' and '${VPpanels[${panel index+1}][&amp;{dic panels table}[rackID]]}' == '${input rackID}' and '${VPpanels[${panel index+1}][&amp;{dic panels table}[panelID]]}' == '${input panelID}' and '${VPpanels[${panel index+1}][&amp;{dic panels table}[row]]}' == '${input row}'</arg>
<arg>Exit For Loop</arg>
</arguments>
<kw name="Exit For Loop" library="BuiltIn">
<doc>Stops executing the enclosing for loop.</doc>
<msg timestamp="20200203 09:45:08.650" level="INFO">Exiting for loop altogether.</msg>
<status status="PASS" starttime="20200203 09:45:08.650" endtime="20200203 09:45:08.651"></status>
</kw>
<status status="PASS" starttime="20200203 09:45:08.648" endtime="20200203 09:45:08.651"></status>
</kw>
<status status="PASS" starttime="20200203 09:45:08.648" endtime="20200203 09:45:08.662"></status>
</kw>
<status status="PASS" starttime="20200203 09:45:08.647" endtime="20200203 09:45:08.662"></status>
</kw>
<msg timestamp="20200203 09:45:08.663" level="INFO">${panel index} = 1</msg>
<status status="PASS" starttime="20200203 09:45:08.645" endtime="20200203 09:45:08.663"></status>
</kw>
<kw name="Log" library="BuiltIn">
<doc>Logs the given message with the given level.</doc>
<arguments>
<arg>${panel index}</arg>
</arguments>
<msg timestamp="20200203 09:45:08.664" level="INFO">1</msg>
<status status="PASS" starttime="20200203 09:45:08.663" endtime="20200203 09:45:08.664"></status>
</kw>
<kw name="Catenate" library="BuiltIn">
<doc>Catenates the given items together and returns the resulted string.</doc>
<arguments>
<arg>vp_cmd_helper --plugin --rack</arg>
<arg>${rackID}</arg>
<arg>--panel</arg>
<arg>${panel index}</arg>
<arg>--port</arg>
<arg>${portID}</arg>
</arguments>
<assign>
<var>${completed command}</var>
</assign>
<msg timestamp="20200203 09:45:08.665" level="INFO">${completed command} = vp_cmd_helper --plugin --rack 1 --panel 1 --port 1</msg>
<status status="PASS" starttime="20200203 09:45:08.664" endtime="20200203 09:45:08.665"></status>
</kw>
<kw name="Log" library="BuiltIn">
<doc>Logs the given message with the given level.</doc>
<arguments>
<arg>${completed command}</arg>
</arguments>
<msg timestamp="20200203 09:45:08.666" level="INFO">vp_cmd_helper --plugin --rack 1 --panel 1 --port 1</msg>
<status status="PASS" starttime="20200203 09:45:08.666" endtime="20200203 09:45:08.666"></status>
</kw>
<kw name="Enter Virtual Command ${completed command}" library="SSHDefinitions">
<kw name="Write" library="SSHLibrary">
<doc>Writes the given ``text`` on the remote machine and appends a newline.</doc>
<arguments>
<arg>${command}</arg>
</arguments>
<msg timestamp="20200203 09:45:08.687" level="INFO">vp_cmd_helper --plugin --rack 1 --panel 1 --port 1</msg>
<status status="PASS" starttime="20200203 09:45:08.668" endtime="20200203 09:45:08.688"></status>
</kw>
<kw name="Read" library="SSHLibrary">
<doc>Consumes and returns everything available on the server output.</doc>
<arguments>
<arg>loglevel=Trace</arg>
<arg>delay=1s</arg>
</arguments>
<assign>
<var>${stdout}</var>
</assign>
<msg timestamp="20200203 09:45:10.692" level="INFO">${stdout} = result=success
command=plugin
test_setup=on
bus_connect=on
bus_power=on
rack=1
panel=1
type=1100ps
panel_state=RUN
row=1
serial=28FFFF600001
count=11
# </msg>
<status status="PASS" starttime="20200203 09:45:08.689" endtime="20200203 09:45:10.693"></status>
</kw>
<kw name="Log" library="BuiltIn">
<doc>Logs the given message with the given level.</doc>
<arguments>
<arg>${stdout}</arg>
</arguments>
<msg timestamp="20200203 09:45:10.695" level="INFO">result=success
command=plugin
test_setup=on
bus_connect=on
bus_power=on
rack=1
panel=1
type=1100ps
panel_state=RUN
row=1
serial=28FFFF600001
count=11
# </msg>
<status status="PASS" starttime="20200203 09:45:10.694" endtime="20200203 09:45:10.695"></status>
</kw>
<status status="PASS" starttime="20200203 09:45:08.667" endtime="20200203 09:45:10.696"></status>
</kw>
<status status="PASS" starttime="20200203 09:45:08.645" endtime="20200203 09:45:10.696"></status>
</kw>
<kw name="When Select Tab End &quot;B&quot;" library="BulkPatchingPage">
<kw name="Convert To Lowercase" library="String">
<doc>Converts string to lowercase.</doc>
<arguments>
<arg>${end position}</arg>
</arguments>
<assign>
<var>${temp end position}</var>
</assign>
<msg timestamp="20200203 09:45:10.698" level="INFO">${temp end position} = b</msg>
<status status="PASS" starttime="20200203 09:45:10.698" endtime="20200203 09:45:10.698"></status>
</kw>
<kw name="Run Keyword If" library="BuiltIn">
<doc>Runs the given keyword with the given arguments, if ``condition`` is true.</doc>
<arguments>
<arg>'${temp end position}' == 'a'</arg>
<arg>Click Web Button</arg>
<arg>${tabEndA}</arg>
<arg>ELSE IF</arg>
<arg>'${temp end position}' == 'b'</arg>
<arg>Click Web Button</arg>
<arg>${tabEndB}</arg>
</arguments>
<kw name="Click Web Button" library="GeneralPage">
<arguments>
<arg>${tabEndB}</arg>
</arguments>
<kw name="Get Element Count" library="SeleniumLibrary">
<doc>Returns the number of elements matching ``locator``.</doc>
<arguments>
<arg>${btnName}</arg>
</arguments>
<assign>
<var>${button exist}</var>
</assign>
<msg timestamp="20200203 09:45:10.718" level="INFO">${button exist} = 1</msg>
<status status="PASS" starttime="20200203 09:45:10.700" endtime="20200203 09:45:10.718"></status>
</kw>
<kw name="Run Keyword If" library="BuiltIn">
<doc>Runs the given keyword with the given arguments, if ``condition`` is true.</doc>
<arguments>
<arg>${button exist} == 1</arg>
<arg>Run Keyword And Continue On Failure</arg>
<arg>Run Keywords</arg>
<arg>Click Element</arg>
<arg>${btnName}</arg>
<arg>AND</arg>
<arg>Wait For Page Load</arg>
</arguments>
<kw name="Run Keyword And Continue On Failure" library="BuiltIn">
<doc>Runs the keyword and continues execution even if a failure occurs.</doc>
<arguments>
<arg>Run Keywords</arg>
<arg>Click Element</arg>
<arg>${btnName}</arg>
<arg>AND</arg>
<arg>Wait For Page Load</arg>
</arguments>
<kw name="Run Keywords" library="BuiltIn">
<doc>Executes all the given keywords in a sequence.</doc>
<arguments>
<arg>Click Element</arg>
<arg>${btnName}</arg>
<arg>AND</arg>
<arg>Wait For Page Load</arg>
</arguments>
<kw name="Click Element" library="SeleniumLibrary">
<doc>Click the element identified by ``locator``.</doc>
<arguments>
<arg>${btnName}</arg>
</arguments>
<msg timestamp="20200203 09:45:10.722" level="INFO">Clicking element '//div[@id='btn-end-b']'.</msg>
<status status="PASS" starttime="20200203 09:45:10.722" endtime="20200203 09:45:10.775"></status>
</kw>
<kw name="Wait For Page Load" library="GeneralPage">
<kw name="Sleep" library="BuiltIn">
<doc>Pauses the test executed for the given time.</doc>
<arguments>
<arg>${PAGE LOAD TIMEOUT}</arg>
</arguments>
<msg timestamp="20200203 09:45:11.778" level="INFO">Slept 1 second</msg>
<status status="PASS" starttime="20200203 09:45:10.776" endtime="20200203 09:45:11.778"></status>
</kw>
<status status="PASS" starttime="20200203 09:45:10.776" endtime="20200203 09:45:11.779"></status>
</kw>
<status status="PASS" starttime="20200203 09:45:10.721" endtime="20200203 09:45:11.779"></status>
</kw>
<status status="PASS" starttime="20200203 09:45:10.720" endtime="20200203 09:45:11.780"></status>
</kw>
<status status="PASS" starttime="20200203 09:45:10.719" endtime="20200203 09:45:11.780"></status>
</kw>
<status status="PASS" starttime="20200203 09:45:10.700" endtime="20200203 09:45:11.781"></status>
</kw>
<status status="PASS" starttime="20200203 09:45:10.699" endtime="20200203 09:45:11.781"></status>
</kw>
<kw name="Wait For Page Load" library="GeneralPage">
<kw name="Sleep" library="BuiltIn">
<doc>Pauses the test executed for the given time.</doc>
<arguments>
<arg>${PAGE LOAD TIMEOUT}</arg>
</arguments>
<msg timestamp="20200203 09:45:12.784" level="INFO">Slept 1 second</msg>
<status status="PASS" starttime="20200203 09:45:11.783" endtime="20200203 09:45:12.784"></status>
</kw>
<status status="PASS" starttime="20200203 09:45:11.782" endtime="20200203 09:45:12.785"></status>
</kw>
<status status="PASS" starttime="20200203 09:45:10.697" endtime="20200203 09:45:12.785"></status>
</kw>
<kw name="Then Equipment Button Should Be &quot;appeared&quot;" library="BulkPatchingDefinitions">
<kw name="Convert To Lowercase" library="String">
<doc>Converts string to lowercase.</doc>
<arguments>
<arg>${status}</arg>
</arguments>
<assign>
<var>${temp status}</var>
</assign>
<msg timestamp="20200203 09:45:12.788" level="INFO">${temp status} = appeared</msg>
<status status="PASS" starttime="20200203 09:45:12.787" endtime="20200203 09:45:12.788"></status>
</kw>
<kw name="Run Keyword If" library="BuiltIn">
<doc>Runs the given keyword with the given arguments, if ``condition`` is true.</doc>
<arguments>
<arg>'${temp status}' == 'appeared'</arg>
<arg>Run Keyword And Continue On Failure</arg>
<arg>Page Should Contain Element</arg>
<arg>${btnEquipment}</arg>
<arg>ELSE IF</arg>
<arg>'${temp status}' == 'disappeared'</arg>
<arg>Run Keyword And Continue On Failure</arg>
<arg>Page Should Not Contain Element</arg>
<arg>${btnEquipment}</arg>
</arguments>
<kw name="Run Keyword And Continue On Failure" library="BuiltIn">
<doc>Runs the keyword and continues execution even if a failure occurs.</doc>
<arguments>
<arg>Page Should Contain Element</arg>
<arg>${btnEquipment}</arg>
</arguments>
<kw name="Page Should Contain Element" library="SeleniumLibrary">
<doc>Verifies that element ``locator`` is found on the current page.</doc>
<arguments>
<arg>${btnEquipment}</arg>
</arguments>
<msg timestamp="20200203 09:45:12.807" level="INFO">Current page contains element '//div[@id='btn-header' and contains(@style,'visibility: visible')]'.</msg>
<status status="PASS" starttime="20200203 09:45:12.791" endtime="20200203 09:45:12.807"></status>
</kw>
<status status="PASS" starttime="20200203 09:45:12.790" endtime="20200203 09:45:12.808"></status>
</kw>
<status status="PASS" starttime="20200203 09:45:12.789" endtime="20200203 09:45:12.808"></status>
</kw>
<status status="PASS" starttime="20200203 09:45:12.786" endtime="20200203 09:45:12.809"></status>
</kw>
<kw name="When Touch Equipment Button" library="BulkPatchingPage">
<kw name="Click Web Button" library="GeneralPage">
<arguments>
<arg>${btnEquipment}</arg>
</arguments>
<kw name="Get Element Count" library="SeleniumLibrary">
<doc>Returns the number of elements matching ``locator``.</doc>
<arguments>
<arg>${btnName}</arg>
</arguments>
<assign>
<var>${button exist}</var>
</assign>
<msg timestamp="20200203 09:45:12.822" level="INFO">${button exist} = 1</msg>
<status status="PASS" starttime="20200203 09:45:12.811" endtime="20200203 09:45:12.822"></status>
</kw>
<kw name="Run Keyword If" library="BuiltIn">
<doc>Runs the given keyword with the given arguments, if ``condition`` is true.</doc>
<arguments>
<arg>${button exist} == 1</arg>
<arg>Run Keyword And Continue On Failure</arg>
<arg>Run Keywords</arg>
<arg>Click Element</arg>
<arg>${btnName}</arg>
<arg>AND</arg>
<arg>Wait For Page Load</arg>
</arguments>
<kw name="Run Keyword And Continue On Failure" library="BuiltIn">
<doc>Runs the keyword and continues execution even if a failure occurs.</doc>
<arguments>
<arg>Run Keywords</arg>
<arg>Click Element</arg>
<arg>${btnName}</arg>
<arg>AND</arg>
<arg>Wait For Page Load</arg>
</arguments>
<kw name="Run Keywords" library="BuiltIn">
<doc>Executes all the given keywords in a sequence.</doc>
<arguments>
<arg>Click Element</arg>
<arg>${btnName}</arg>
<arg>AND</arg>
<arg>Wait For Page Load</arg>
</arguments>
<kw name="Click Element" library="SeleniumLibrary">
<doc>Click the element identified by ``locator``.</doc>
<arguments>
<arg>${btnName}</arg>
</arguments>
<msg timestamp="20200203 09:45:12.826" level="INFO">Clicking element '//div[@id='btn-header' and contains(@style,'visibility: visible')]'.</msg>
<status status="PASS" starttime="20200203 09:45:12.825" endtime="20200203 09:45:12.877"></status>
</kw>
<kw name="Wait For Page Load" library="GeneralPage">
<kw name="Sleep" library="BuiltIn">
<doc>Pauses the test executed for the given time.</doc>
<arguments>
<arg>${PAGE LOAD TIMEOUT}</arg>
</arguments>
<msg timestamp="20200203 09:45:13.881" level="INFO">Slept 1 second</msg>
<status status="PASS" starttime="20200203 09:45:12.879" endtime="20200203 09:45:13.881"></status>
</kw>
<status status="PASS" starttime="20200203 09:45:12.878" endtime="20200203 09:45:13.881"></status>
</kw>
<status status="PASS" starttime="20200203 09:45:12.824" endtime="20200203 09:45:13.882"></status>
</kw>
<status status="PASS" starttime="20200203 09:45:12.823" endtime="20200203 09:45:13.882"></status>
</kw>
<status status="PASS" starttime="20200203 09:45:12.823" endtime="20200203 09:45:13.882"></status>
</kw>
<status status="PASS" starttime="20200203 09:45:12.810" endtime="20200203 09:45:13.883"></status>
</kw>
<kw name="Wait For Page Load" library="GeneralPage">
<kw name="Sleep" library="BuiltIn">
<doc>Pauses the test executed for the given time.</doc>
<arguments>
<arg>${PAGE LOAD TIMEOUT}</arg>
</arguments>
<msg timestamp="20200203 09:45:14.886" level="INFO">Slept 1 second</msg>
<status status="PASS" starttime="20200203 09:45:13.884" endtime="20200203 09:45:14.886"></status>
</kw>
<status status="PASS" starttime="20200203 09:45:13.883" endtime="20200203 09:45:14.887"></status>
</kw>
<status status="PASS" starttime="20200203 09:45:12.810" endtime="20200203 09:45:14.887"></status>
</kw>
<kw name="Then Check Equipment Text at Path Location &quot;E:\EquipmentTranslate.xlsx&quot; in Language &quot;danish&quot; &quot;appeared&quot;" library="BulkPatchingDefinitions">
<doc>This keyword is used to check the language of text"Equipment" displayed in End B list on Bulk Patching screen</doc>
<kw name="Convert To Lowercase" library="String">
<doc>Converts string to lowercase.</doc>
<arguments>
<arg>${languageID}</arg>
</arguments>
<assign>
<var>${input language}</var>
</assign>
<msg timestamp="20200203 09:45:14.890" level="INFO">${input language} = danish</msg>
<status status="PASS" starttime="20200203 09:45:14.889" endtime="20200203 09:45:14.890"></status>
</kw>
<kw name="Convert To String" library="BuiltIn">
<doc>Converts the given item to a Unicode string.</doc>
<arguments>
<arg>${input language}</arg>
</arguments>
<assign>
<var>${input language1}</var>
</assign>
<msg timestamp="20200203 09:45:14.891" level="INFO">${input language1} = danish</msg>
<status status="PASS" starttime="20200203 09:45:14.890" endtime="20200203 09:45:14.891"></status>
</kw>
<kw name="Catenate" library="BuiltIn">
<doc>Catenates the given items together and returns the resulted string.</doc>
<arguments>
<arg>${path}</arg>
</arguments>
<assign>
<var>${path1}</var>
</assign>
<msg timestamp="20200203 09:45:14.893" level="INFO">${path1} = E:EquipmentTranslate.xlsx</msg>
<status status="PASS" starttime="20200203 09:45:14.892" endtime="20200203 09:45:14.893"></status>
</kw>
<kw name="Log" library="BuiltIn">
<doc>Logs the given message with the given level.</doc>
<arguments>
<arg>${path1}</arg>
</arguments>
<msg timestamp="20200203 09:45:14.894" level="INFO">E:EquipmentTranslate.xlsx</msg>
<status status="PASS" starttime="20200203 09:45:14.893" endtime="20200203 09:45:14.894"></status>
</kw>
<kw name="Create List" library="MyOwnLib">
<arguments>
<arg>${path1}</arg>
<arg>0</arg>
</arguments>
<assign>
<var>${langList}</var>
</assign>
<msg timestamp="20200203 09:45:15.089" level="INFO">${langList} = ['english', 'portuguese', 'danish', 'german', 'spainish', 'french', 'italian', 'korean', 'polish', 'russian', 'chinese']</msg>
<status status="PASS" starttime="20200203 09:45:14.895" endtime="20200203 09:45:15.089"></status>
</kw>
<kw name="Log" library="BuiltIn">
<doc>Logs the given message with the given level.</doc>
<arguments>
<arg>${langList}</arg>
</arguments>
<msg timestamp="20200203 09:45:15.091" level="INFO">['english', 'portuguese', 'danish', 'german', 'spainish', 'french', 'italian', 'korean', 'polish', 'russian', 'chinese']</msg>
<status status="PASS" starttime="20200203 09:45:15.090" endtime="20200203 09:45:15.091"></status>
</kw>
<kw name="Create List" library="MyOwnLib">
<arguments>
<arg>${path1}</arg>
<arg>1</arg>
</arguments>
<assign>
<var>${textList}</var>
</assign>
<msg timestamp="20200203 09:45:15.128" level="INFO">${textList} = ['Equipment', 'Equipamento', 'Udstyr', 'Komponente', 'Equipo', 'Équipements', 'Apparecchiatura', '장비', 'Sprzęt', 'Oборудование', '设备模式']</msg>
<status status="PASS" starttime="20200203 09:45:15.092" endtime="20200203 09:45:15.129"></status>
</kw>
<kw name="Log" library="BuiltIn">
<doc>Logs the given message with the given level.</doc>
<arguments>
<arg>${textList}</arg>
</arguments>
<msg timestamp="20200203 09:45:15.131" level="INFO">['Equipment', 'Equipamento', 'Udstyr', 'Komponente', 'Equipo', 'Équipements', 'Apparecchiatura', '장비', 'Sprzęt', 'Oборудование', '设备模式']</msg>
<status status="PASS" starttime="20200203 09:45:15.130" endtime="20200203 09:45:15.131"></status>
</kw>
<kw name="Get Index List" library="MyOwnLib">
<arguments>
<arg>${langList}</arg>
<arg>${input language1}</arg>
</arguments>
<assign>
<var>${index}</var>
</assign>
<msg timestamp="20200203 09:45:15.133" level="INFO">${index} = 2</msg>
<status status="PASS" starttime="20200203 09:45:15.132" endtime="20200203 09:45:15.133"></status>
</kw>
<kw name="Log" library="BuiltIn">
<doc>Logs the given message with the given level.</doc>
<arguments>
<arg>${index}</arg>
</arguments>
<msg timestamp="20200203 09:45:15.135" level="INFO">2</msg>
<status status="PASS" starttime="20200203 09:45:15.134" endtime="20200203 09:45:15.135"></status>
</kw>
<kw name="Get Equipment Text" library="MyOwnLib">
<arguments>
<arg>${textList}</arg>
<arg>${index}</arg>
</arguments>
<assign>
<var>${text}</var>
</assign>
<msg timestamp="20200203 09:45:15.137" level="INFO">${text} = Udstyr</msg>
<status status="PASS" starttime="20200203 09:45:15.136" endtime="20200203 09:45:15.137"></status>
</kw>
<kw name="Log" library="BuiltIn">
<doc>Logs the given message with the given level.</doc>
<arguments>
<arg>${text}</arg>
</arguments>
<msg timestamp="20200203 09:45:15.139" level="INFO">Udstyr</msg>
<status status="PASS" starttime="20200203 09:45:15.138" endtime="20200203 09:45:15.139"></status>
</kw>
<kw name="Replace String" library="String">
<doc>Replaces ``search_for`` in the given ``string`` with ``replace_with``.</doc>
<arguments>
<arg>${txtEquipmentLanguage}</arg>
<arg>Equipment</arg>
<arg>${text}</arg>
</arguments>
<assign>
<var>${xPath syntax}</var>
</assign>
<msg timestamp="20200203 09:45:15.141" level="INFO">${xPath syntax} = //div[@style='float:left' and contains(text(),'Udstyr')]</msg>
<status status="PASS" starttime="20200203 09:45:15.140" endtime="20200203 09:45:15.141"></status>
</kw>
<kw name="Log" library="BuiltIn">
<doc>Logs the given message with the given level.</doc>
<arguments>
<arg>${xPath syntax}</arg>
</arguments>
<msg timestamp="20200203 09:45:15.143" level="INFO">//div[@style='float:left' and contains(text(),'Udstyr')]</msg>
<status status="PASS" starttime="20200203 09:45:15.142" endtime="20200203 09:45:15.144"></status>
</kw>
<kw name="Number of Lines in Bulk Patching Screen" library="BulkPatchingDefinitions">
<assign>
<var>${number of lines}</var>
</assign>
<kw name="Get Element Count" library="SeleniumLibrary">
<doc>Returns the number of elements matching ``locator``.</doc>
<arguments>
<arg>${number of lines}</arg>
</arguments>
<assign>
<var>${count}</var>
</assign>
<msg timestamp="20200203 09:45:15.175" level="INFO">${count} = 1</msg>
<status status="PASS" starttime="20200203 09:45:15.148" endtime="20200203 09:45:15.175"></status>
</kw>
<msg timestamp="20200203 09:45:15.176" level="INFO">${number of lines} = 1</msg>
<status status="PASS" starttime="20200203 09:45:15.145" endtime="20200203 09:45:15.176"></status>
</kw>
<kw name="Set Variable" library="BuiltIn">
<doc>Returns the given values which can then be assigned to a variables.</doc>
<arguments>
<arg>0</arg>
</arguments>
<assign>
<var>${count}</var>
</assign>
<msg timestamp="20200203 09:45:15.178" level="INFO">${count} = 0</msg>
<status status="PASS" starttime="20200203 09:45:15.177" endtime="20200203 09:45:15.178"></status>
</kw>
<kw name="${index} IN RANGE [ ${number of lines+1} ]" type="for">
<kw name="${index} = 0" type="foritem">
<kw name="Evaluate" library="BuiltIn">
<doc>Evaluates the given expression in Python and returns the results.</doc>
<arguments>
<arg>${index} + 1</arg>
</arguments>
<assign>
<var>${index temp}</var>
</assign>
<msg timestamp="20200203 09:45:15.181" level="INFO">${index temp} = 1</msg>
<status status="PASS" starttime="20200203 09:45:15.180" endtime="20200203 09:45:15.181"></status>
</kw>
<kw name="Convert To String" library="BuiltIn">
<doc>Converts the given item to a Unicode string.</doc>
<arguments>
<arg>${index+1}</arg>
</arguments>
<assign>
<var>${index string}</var>
</assign>
<msg timestamp="20200203 09:45:15.183" level="INFO">${index string} = 1</msg>
<status status="PASS" starttime="20200203 09:45:15.182" endtime="20200203 09:45:15.183"></status>
</kw>
<kw name="Get Element Count" library="SeleniumLibrary">
<doc>Returns the number of elements matching ``locator``.</doc>
<arguments>
<arg>${xPath syntax}</arg>
</arguments>
<assign>
<var>${count}</var>
</assign>
<msg timestamp="20200203 09:45:15.201" level="INFO">${count} = 1</msg>
<status status="PASS" starttime="20200203 09:45:15.184" endtime="20200203 09:45:15.201"></status>
</kw>
<kw name="Exit For Loop If" library="BuiltIn">
<doc>Stops executing the enclosing for loop if the ``condition`` is true.</doc>
<arguments>
<arg>${count} == 1</arg>
</arguments>
<msg timestamp="20200203 09:45:15.202" level="INFO">Exiting for loop altogether.</msg>
<status status="PASS" starttime="20200203 09:45:15.202" endtime="20200203 09:45:15.203"></status>
</kw>
<status status="PASS" starttime="20200203 09:45:15.179" endtime="20200203 09:45:15.203"></status>
</kw>
<status status="PASS" starttime="20200203 09:45:15.178" endtime="20200203 09:45:15.203"></status>
</kw>
<kw name="Convert To Lowercase" library="String">
<doc>Converts string to lowercase.</doc>
<arguments>
<arg>${status}</arg>
</arguments>
<assign>
<var>${temp status}</var>
</assign>
<msg timestamp="20200203 09:45:15.204" level="INFO">${temp status} = appeared</msg>
<status status="PASS" starttime="20200203 09:45:15.204" endtime="20200203 09:45:15.204"></status>
</kw>
<kw name="Run Keyword If" library="BuiltIn">
<doc>Runs the given keyword with the given arguments, if ``condition`` is true.</doc>
<arguments>
<arg>'${temp status}' == 'appeared'</arg>
<arg>Set Variable</arg>
<arg>1</arg>
<arg>ELSE IF</arg>
<arg>'${temp status}' == 'disappeared'</arg>
<arg>Set Variable</arg>
<arg>0</arg>
</arguments>
<assign>
<var>${expected value}</var>
</assign>
<kw name="Set Variable" library="BuiltIn">
<doc>Returns the given values which can then be assigned to a variables.</doc>
<arguments>
<arg>1</arg>
</arguments>
<status status="PASS" starttime="20200203 09:45:15.205" endtime="20200203 09:45:15.206"></status>
</kw>
<msg timestamp="20200203 09:45:15.206" level="INFO">${expected value} = 1</msg>
<status status="PASS" starttime="20200203 09:45:15.205" endtime="20200203 09:45:15.206"></status>
</kw>
<kw name="Run Keyword And Continue On Failure" library="BuiltIn">
<doc>Runs the keyword and continues execution even if a failure occurs.</doc>
<arguments>
<arg>Should Be Equal</arg>
<arg>'${count}'</arg>
<arg>'${expected value}'</arg>
</arguments>
<kw name="Should Be Equal" library="BuiltIn">
<doc>Fails if the given objects are unequal.</doc>
<arguments>
<arg>'${count}'</arg>
<arg>'${expected value}'</arg>
</arguments>
<status status="PASS" starttime="20200203 09:45:15.207" endtime="20200203 09:45:15.207"></status>
</kw>
<status status="PASS" starttime="20200203 09:45:15.206" endtime="20200203 09:45:15.208"></status>
</kw>
<status status="PASS" starttime="20200203 09:45:14.888" endtime="20200203 09:45:15.208"></status>
</kw>
<kw name="And Plugout Copper Tip to Rack &quot;1&quot; Panel &quot;1&quot; Row &quot;1&quot; Port &quot;1&quot;" library="VirtualPanelDefinitions">
<kw name="Get Copper Panel Index" library="VirtualPanelDefinitions">
<arguments>
<arg>${rackID}</arg>
<arg>${panelID}</arg>
<arg>${row}</arg>
</arguments>
<assign>
<var>${panel index}</var>
</assign>
<kw name="Get Length" library="BuiltIn">
<doc>Returns and logs the length of the given item as an integer.</doc>
<arguments>
<arg>${VPpanels}</arg>
</arguments>
<assign>
<var>${panels number}</var>
</assign>
<msg timestamp="20200203 09:45:15.210" level="INFO">Length is 12</msg>
<msg timestamp="20200203 09:45:15.211" level="INFO">${panels number} = 12</msg>
<status status="PASS" starttime="20200203 09:45:15.210" endtime="20200203 09:45:15.211"></status>
</kw>
<kw name="${panel index} IN RANGE [ ${panels number-1} ]" type="for">
<kw name="${panel index} = 0" type="foritem">
<kw name="Run Keyword If" library="BuiltIn">
<doc>Runs the given keyword with the given arguments, if ``condition`` is true.</doc>
<arguments>
<arg>'${VPpanels[${panel index+1}][&amp;{dic panels table}[panel type]]}' == '${VIRTUAL PANELS TYPE}[COPPER]' and '${VPpanels[${panel index+1}][&amp;{dic panels table}[rackID]]}' == '${input rackID}' and '${VPpanels[${panel index+1}][&amp;{dic panels table}[panelID]]}' == '${input panelID}' and '${VPpanels[${panel index+1}][&amp;{dic panels table}[row]]}' == '${input row}'</arg>
<arg>Exit For Loop</arg>
</arguments>
<kw name="Exit For Loop" library="BuiltIn">
<doc>Stops executing the enclosing for loop.</doc>
<msg timestamp="20200203 09:45:15.215" level="INFO">Exiting for loop altogether.</msg>
<status status="PASS" starttime="20200203 09:45:15.214" endtime="20200203 09:45:15.215"></status>
</kw>
<status status="PASS" starttime="20200203 09:45:15.212" endtime="20200203 09:45:15.215"></status>
</kw>
<status status="PASS" starttime="20200203 09:45:15.212" endtime="20200203 09:45:15.215"></status>
</kw>
<status status="PASS" starttime="20200203 09:45:15.211" endtime="20200203 09:45:15.216"></status>
</kw>
<msg timestamp="20200203 09:45:15.216" level="INFO">${panel index} = 1</msg>
<status status="PASS" starttime="20200203 09:45:15.209" endtime="20200203 09:45:15.217"></status>
</kw>
<kw name="Log" library="BuiltIn">
<doc>Logs the given message with the given level.</doc>
<arguments>
<arg>${panel index}</arg>
</arguments>
<msg timestamp="20200203 09:45:15.218" level="INFO">1</msg>
<status status="PASS" starttime="20200203 09:45:15.217" endtime="20200203 09:45:15.218"></status>
</kw>
<kw name="Catenate" library="BuiltIn">
<doc>Catenates the given items together and returns the resulted string.</doc>
<arguments>
<arg>vp_cmd_helper --plugout --rack</arg>
<arg>${rackID}</arg>
<arg>--panel</arg>
<arg>${panel index}</arg>
<arg>--port</arg>
<arg>${portID}</arg>
</arguments>
<assign>
<var>${completed command}</var>
</assign>
<msg timestamp="20200203 09:45:15.219" level="INFO">${completed command} = vp_cmd_helper --plugout --rack 1 --panel 1 --port 1</msg>
<status status="PASS" starttime="20200203 09:45:15.218" endtime="20200203 09:45:15.219"></status>
</kw>
<kw name="Log" library="BuiltIn">
<doc>Logs the given message with the given level.</doc>
<arguments>
<arg>${completed command}</arg>
</arguments>
<msg timestamp="20200203 09:45:15.220" level="INFO">vp_cmd_helper --plugout --rack 1 --panel 1 --port 1</msg>
<status status="PASS" starttime="20200203 09:45:15.220" endtime="20200203 09:45:15.221"></status>
</kw>
<kw name="Enter Virtual Command ${completed command}" library="SSHDefinitions">
<kw name="Write" library="SSHLibrary">
<doc>Writes the given ``text`` on the remote machine and appends a newline.</doc>
<arguments>
<arg>${command}</arg>
</arguments>
<msg timestamp="20200203 09:45:15.237" level="INFO">vp_cmd_helper --plugout --rack 1 --panel 1 --port 1</msg>
<status status="PASS" starttime="20200203 09:45:15.223" endtime="20200203 09:45:15.238"></status>
</kw>
<kw name="Read" library="SSHLibrary">
<doc>Consumes and returns everything available on the server output.</doc>
<arguments>
<arg>loglevel=Trace</arg>
<arg>delay=1s</arg>
</arguments>
<assign>
<var>${stdout}</var>
</assign>
<msg timestamp="20200203 09:45:17.240" level="INFO">${stdout} = result=success
command=plugout
test_setup=on
bus_connect=on
bus_power=on
rack=1
panel=1
type=1100ps
panel_state=RUN
row=1
serial=28FFFF600001
count=11
# </msg>
<status status="PASS" starttime="20200203 09:45:15.238" endtime="20200203 09:45:17.241"></status>
</kw>
<kw name="Log" library="BuiltIn">
<doc>Logs the given message with the given level.</doc>
<arguments>
<arg>${stdout}</arg>
</arguments>
<msg timestamp="20200203 09:45:17.243" level="INFO">result=success
command=plugout
test_setup=on
bus_connect=on
bus_power=on
rack=1
panel=1
type=1100ps
panel_state=RUN
row=1
serial=28FFFF600001
count=11
# </msg>
<status status="PASS" starttime="20200203 09:45:17.241" endtime="20200203 09:45:17.243"></status>
</kw>
<status status="PASS" starttime="20200203 09:45:15.221" endtime="20200203 09:45:17.244"></status>
</kw>
<status status="PASS" starttime="20200203 09:45:15.209" endtime="20200203 09:45:17.245"></status>
</kw>
<kw name="And Exit Screen" library="GeneralPage">
<kw name="Click Web Button" library="GeneralPage">
<arguments>
<arg>${btnExit}</arg>
</arguments>
<kw name="Get Element Count" library="SeleniumLibrary">
<doc>Returns the number of elements matching ``locator``.</doc>
<arguments>
<arg>${btnName}</arg>
</arguments>
<assign>
<var>${button exist}</var>
</assign>
<msg timestamp="20200203 09:45:17.274" level="INFO">${button exist} = 1</msg>
<status status="PASS" starttime="20200203 09:45:17.248" endtime="20200203 09:45:17.275"></status>
</kw>
<kw name="Run Keyword If" library="BuiltIn">
<doc>Runs the given keyword with the given arguments, if ``condition`` is true.</doc>
<arguments>
<arg>${button exist} == 1</arg>
<arg>Run Keyword And Continue On Failure</arg>
<arg>Run Keywords</arg>
<arg>Click Element</arg>
<arg>${btnName}</arg>
<arg>AND</arg>
<arg>Wait For Page Load</arg>
</arguments>
<kw name="Run Keyword And Continue On Failure" library="BuiltIn">
<doc>Runs the keyword and continues execution even if a failure occurs.</doc>
<arguments>
<arg>Run Keywords</arg>
<arg>Click Element</arg>
<arg>${btnName}</arg>
<arg>AND</arg>
<arg>Wait For Page Load</arg>
</arguments>
<kw name="Run Keywords" library="BuiltIn">
<doc>Executes all the given keywords in a sequence.</doc>
<arguments>
<arg>Click Element</arg>
<arg>${btnName}</arg>
<arg>AND</arg>
<arg>Wait For Page Load</arg>
</arguments>
<kw name="Click Element" library="SeleniumLibrary">
<doc>Click the element identified by ``locator``.</doc>
<arguments>
<arg>${btnName}</arg>
</arguments>
<msg timestamp="20200203 09:45:17.278" level="INFO">Clicking element '//div[@id='exit-footer' and @style='display: block;']/div[@id='exit-button']'.</msg>
<status status="PASS" starttime="20200203 09:45:17.277" endtime="20200203 09:45:17.336"></status>
</kw>
<kw name="Wait For Page Load" library="GeneralPage">
<kw name="Sleep" library="BuiltIn">
<doc>Pauses the test executed for the given time.</doc>
<arguments>
<arg>${PAGE LOAD TIMEOUT}</arg>
</arguments>
<msg timestamp="20200203 09:45:18.337" level="INFO">Slept 1 second</msg>
<status status="PASS" starttime="20200203 09:45:17.337" endtime="20200203 09:45:18.337"></status>
</kw>
<status status="PASS" starttime="20200203 09:45:17.336" endtime="20200203 09:45:18.338"></status>
</kw>
<status status="PASS" starttime="20200203 09:45:17.277" endtime="20200203 09:45:18.338"></status>
</kw>
<status status="PASS" starttime="20200203 09:45:17.276" endtime="20200203 09:45:18.339"></status>
</kw>
<status status="PASS" starttime="20200203 09:45:17.275" endtime="20200203 09:45:18.339"></status>
</kw>
<status status="PASS" starttime="20200203 09:45:17.247" endtime="20200203 09:45:18.340"></status>
</kw>
<kw name="Wait For Page Load" library="GeneralPage">
<kw name="Sleep" library="BuiltIn">
<doc>Pauses the test executed for the given time.</doc>
<arguments>
<arg>${PAGE LOAD TIMEOUT}</arg>
</arguments>
<msg timestamp="20200203 09:45:19.343" level="INFO">Slept 1 second</msg>
<status status="PASS" starttime="20200203 09:45:18.342" endtime="20200203 09:45:19.343"></status>
</kw>
<status status="PASS" starttime="20200203 09:45:18.341" endtime="20200203 09:45:19.344"></status>
</kw>
<status status="PASS" starttime="20200203 09:45:17.246" endtime="20200203 09:45:19.344"></status>
</kw>
<kw name="And Go To Select Language &quot;english&quot;" library="SelectLanguageDefinitions">
<kw name="Select Language &quot;${language}&quot;" library="SelectLanguagePage">
<kw name="Go To Settings Screen" library="HomePage">
<kw name="Click Element" library="SeleniumLibrary">
<doc>Click the element identified by ``locator``.</doc>
<arguments>
<arg>${btnSettings}</arg>
</arguments>
<msg timestamp="20200203 09:45:19.348" level="INFO">Clicking element '//div[@id='settings']/div/input[@type='submit']'.</msg>
<status status="PASS" starttime="20200203 09:45:19.348" endtime="20200203 09:45:19.468"></status>
</kw>
<kw name="Wait For Page Load" library="GeneralPage">
<kw name="Sleep" library="BuiltIn">
<doc>Pauses the test executed for the given time.</doc>
<arguments>
<arg>${PAGE LOAD TIMEOUT}</arg>
</arguments>
<msg timestamp="20200203 09:45:20.473" level="INFO">Slept 1 second</msg>
<status status="PASS" starttime="20200203 09:45:19.471" endtime="20200203 09:45:20.473"></status>
</kw>
<status status="PASS" starttime="20200203 09:45:19.469" endtime="20200203 09:45:20.474"></status>
</kw>
<status status="PASS" starttime="20200203 09:45:19.347" endtime="20200203 09:45:20.475"></status>
</kw>
<kw name="Go To Select Language Screen" library="SettingsPage">
<kw name="Click Element" library="SeleniumLibrary">
<doc>Click the element identified by ``locator``.</doc>
<arguments>
<arg>${btnLanguage Settings}</arg>
</arguments>
<msg timestamp="20200203 09:45:20.478" level="INFO">Clicking element '//div[@id='settings-language']'.</msg>
<status status="PASS" starttime="20200203 09:45:20.477" endtime="20200203 09:45:20.626"></status>
</kw>
<kw name="Wait For Page Load" library="GeneralPage">
<kw name="Sleep" library="BuiltIn">
<doc>Pauses the test executed for the given time.</doc>
<arguments>
<arg>${PAGE LOAD TIMEOUT}</arg>
</arguments>
<msg timestamp="20200203 09:45:21.632" level="INFO">Slept 1 second</msg>
<status status="PASS" starttime="20200203 09:45:20.629" endtime="20200203 09:45:21.632"></status>
</kw>
<status status="PASS" starttime="20200203 09:45:20.627" endtime="20200203 09:45:21.633"></status>
</kw>
<status status="PASS" starttime="20200203 09:45:20.476" endtime="20200203 09:45:21.634"></status>
</kw>
<kw name="Convert To Lowercase" library="String">
<doc>Converts string to lowercase.</doc>
<arguments>
<arg>${language}</arg>
</arguments>
<assign>
<var>${temp language}</var>
</assign>
<msg timestamp="20200203 09:45:21.636" level="INFO">${temp language} = english</msg>
<status status="PASS" starttime="20200203 09:45:21.635" endtime="20200203 09:45:21.636"></status>
</kw>
<kw name="Run Keyword If" library="BuiltIn">
<doc>Runs the given keyword with the given arguments, if ``condition`` is true.</doc>
<arguments>
<arg>'${temp language}' == 'danish'</arg>
<arg>Run Keyword And Continue On Failure</arg>
<arg>Click Element</arg>
<arg>${btnDanish}</arg>
<arg>ELSE IF</arg>
<arg>'${temp language}' == 'german'</arg>
<arg>Run Keyword And Continue On Failure</arg>
<arg>Click Element</arg>
<arg>${btnGerman}</arg>
<arg>ELSE IF</arg>
<arg>'${temp language}' == 'english'</arg>
<arg>Run Keyword And Continue On Failure</arg>
<arg>Click Element</arg>
<arg>${btnEnglish}</arg>
<arg>ELSE IF</arg>
<arg>'${temp language}' == 'spainish'</arg>
<arg>Run Keyword And Continue On Failure</arg>
<arg>Click Element</arg>
<arg>${btnSpainish}</arg>
<arg>ELSE IF</arg>
<arg>'${temp language}' == 'french'</arg>
<arg>Run Keyword And Continue On Failure</arg>
<arg>Click Element</arg>
<arg>${btnFrench}</arg>
<arg>ELSE IF</arg>
<arg>'${temp language}' == 'italian'</arg>
<arg>Run Keyword And Continue On Failure</arg>
<arg>Click Element</arg>
<arg>${btnItalian}</arg>
<arg>ELSE IF</arg>
<arg>'${temp language}' == 'polish'</arg>
<arg>Run Keyword And Continue On Failure</arg>
<arg>Move down and click element "${btnPolish}"</arg>
<arg>ELSE IF</arg>
<arg>'${temp language}' == 'portuguese'</arg>
<arg>Run Keyword And Continue On Failure</arg>
<arg>Move down and click element "${btnPortuguese}"</arg>
<arg>ELSE IF</arg>
<arg>'${temp language}' == 'russian'</arg>
<arg>Run Keyword And Continue On Failure</arg>
<arg>Move down and click element "${btnRussian}"</arg>
<arg>ELSE IF</arg>
<arg>'${temp language}' == 'chinese'</arg>
<arg>Run Keyword And Continue On Failure</arg>
<arg>Move down and click element "${btnChinese}"</arg>
<arg>ELSE IF</arg>
<arg>'${temp language}' == 'korean'</arg>
<arg>Run Keyword And Continue On Failure</arg>
<arg>Move down and click element "${btnKorean}"</arg>
<arg>ELSE</arg>
<arg>Run Keyword And Continue On Failure</arg>
<arg>Log</arg>
<arg>${temp language}</arg>
</arguments>
<kw name="Run Keyword And Continue On Failure" library="BuiltIn">
<doc>Runs the keyword and continues execution even if a failure occurs.</doc>
<arguments>
<arg>Click Element</arg>
<arg>${btnEnglish}</arg>
</arguments>
<kw name="Click Element" library="SeleniumLibrary">
<doc>Click the element identified by ``locator``.</doc>
<arguments>
<arg>${btnEnglish}</arg>
</arguments>
<msg timestamp="20200203 09:45:21.642" level="INFO">Clicking element '//div[@id='language-list']/div[@id='1000']'.</msg>
<status status="PASS" starttime="20200203 09:45:21.641" endtime="20200203 09:45:21.737"></status>
</kw>
<status status="PASS" starttime="20200203 09:45:21.640" endtime="20200203 09:45:21.738"></status>
</kw>
<status status="PASS" starttime="20200203 09:45:21.637" endtime="20200203 09:45:21.738"></status>
</kw>
<kw name="Touch Save Language" library="SelectLanguagePage">
<kw name="Click Element" library="SeleniumLibrary">
<doc>Click the element identified by ``locator``.</doc>
<arguments>
<arg>${btnSave}</arg>
</arguments>
<msg timestamp="20200203 09:45:21.742" level="INFO">Clicking element '//div[@id='save-button']'.</msg>
<status status="PASS" starttime="20200203 09:45:21.741" endtime="20200203 09:45:21.806"></status>
</kw>
<kw name="Wait For Page Load" library="GeneralPage">
<kw name="Sleep" library="BuiltIn">
<doc>Pauses the test executed for the given time.</doc>
<arguments>
<arg>${PAGE LOAD TIMEOUT}</arg>
</arguments>
<msg timestamp="20200203 09:45:22.811" level="INFO">Slept 1 second</msg>
<status status="PASS" starttime="20200203 09:45:21.808" endtime="20200203 09:45:22.811"></status>
</kw>
<status status="PASS" starttime="20200203 09:45:21.807" endtime="20200203 09:45:22.812"></status>
</kw>
<status status="PASS" starttime="20200203 09:45:21.739" endtime="20200203 09:45:22.813"></status>
</kw>
<status status="PASS" starttime="20200203 09:45:19.346" endtime="20200203 09:45:22.813"></status>
</kw>
<status status="PASS" starttime="20200203 09:45:19.345" endtime="20200203 09:45:22.814"></status>
</kw>
<kw name="Set Web UI to Stand By State and Close Current Browser" library="GeneralPage" type="teardown">
<kw name="Wait For Page Update" library="GeneralPage">
<kw name="Sleep" library="BuiltIn">
<doc>Pauses the test executed for the given time.</doc>
<arguments>
<arg>${PAGE UPDATE TIMEOUT}</arg>
</arguments>
<msg timestamp="20200203 09:45:22.918" level="INFO">Slept 100 milliseconds</msg>
<status status="PASS" starttime="20200203 09:45:22.817" endtime="20200203 09:45:22.918"></status>
</kw>
<status status="PASS" starttime="20200203 09:45:22.816" endtime="20200203 09:45:22.919"></status>
</kw>
<kw name="Get Element Count" library="SeleniumLibrary">
<doc>Returns the number of elements matching ``locator``.</doc>
<arguments>
<arg>${btnExit}</arg>
</arguments>
<assign>
<var>${count Exit button}</var>
</assign>
<msg timestamp="20200203 09:45:22.939" level="INFO">${count Exit button} = 0</msg>
<status status="PASS" starttime="20200203 09:45:22.920" endtime="20200203 09:45:22.940"></status>
</kw>
<kw name="Run Keyword If" library="BuiltIn">
<doc>Runs the given keyword with the given arguments, if ``condition`` is true.</doc>
<arguments>
<arg>${count Exit button} &gt; 0</arg>
<arg>Exit Screen</arg>
</arguments>
<status status="PASS" starttime="20200203 09:45:22.941" endtime="20200203 09:45:22.942"></status>
</kw>
<kw name="Get Element Count" library="SeleniumLibrary">
<doc>Returns the number of elements matching ``locator``.</doc>
<arguments>
<arg>${lblimVisionX}</arg>
</arguments>
<assign>
<var>${count Home screen}</var>
</assign>
<msg timestamp="20200203 09:45:22.958" level="INFO">${count Home screen} = 0</msg>
<status status="PASS" starttime="20200203 09:45:22.942" endtime="20200203 09:45:22.959"></status>
</kw>
<kw name="Run Keyword If" library="BuiltIn">
<doc>Runs the given keyword with the given arguments, if ``condition`` is true.</doc>
<arguments>
<arg>${count Home screen} &gt; 0</arg>
<arg>Run Keywords</arg>
<arg>Click Web Button</arg>
<arg>${btnHome}</arg>
<arg>AND</arg>
<arg>Wait For Page Load</arg>
</arguments>
<status status="PASS" starttime="20200203 09:45:22.959" endtime="20200203 09:45:22.960"></status>
</kw>
<kw name="Close Browser" library="SeleniumLibrary">
<doc>Closes the current browser.</doc>
<status status="PASS" starttime="20200203 09:45:22.960" endtime="20200203 09:45:25.229"></status>
</kw>
<status status="PASS" starttime="20200203 09:45:22.815" endtime="20200203 09:45:25.230"></status>
</kw>
<status status="PASS" starttime="20200203 09:44:51.372" endtime="20200203 09:45:25.231" critical="yes"></status>
</test>
<test id="s1-s1-s1-s1-s1-t2" name="Create_Equip-02_02_Verify that &quot;Equipment&quot; should use the same translation as the text in the &quot;Equipment&quot; button if changing to German">
<kw name="Run Keywords" library="BuiltIn" type="setup">
<doc>Executes all the given keywords in a sequence.</doc>
<arguments>
<arg>Open SSH Connection and Login</arg>
<arg>Open WebUI And Go To Home Screen</arg>
</arguments>
<kw name="Open SSH Connection and Login" library="SSHDefinitions">
<kw name="Open Connection" library="SSHLibrary">
<doc>Opens a new SSH connection to the given ``host`` and ``port``.</doc>
<arguments>
<arg>${HOST_A}</arg>
</arguments>
<status status="PASS" starttime="20200203 09:45:25.239" endtime="20200203 09:45:25.240"></status>
</kw>
<kw name="Login" library="SSHLibrary">
<doc>Logs into the SSH server with the given ``username`` and ``password``.</doc>
<arguments>
<arg>${USERNAME}</arg>
<arg>${PASSWORD}</arg>
</arguments>
<msg timestamp="20200203 09:45:25.241" level="INFO">Logging into '192.168.171.201:22' as 'root'.</msg>
<msg timestamp="20200203 09:45:27.082" level="INFO">Read output: #</msg>
<status status="PASS" starttime="20200203 09:45:25.241" endtime="20200203 09:45:27.082"></status>
</kw>
<status status="PASS" starttime="20200203 09:45:25.237" endtime="20200203 09:45:27.083"></status>
</kw>
<kw name="Open WebUI And Go To Home Screen" library="GeneralPage">
<tags>
<tag>host_A</tag>
<tag>host_B</tag>
</tags>
<kw name="Catenate" library="BuiltIn">
<doc>Catenates the given items together and returns the resulted string.</doc>
<arguments>
<arg>SEPARATOR=</arg>
<arg>http://</arg>
<arg>${HOST A}</arg>
<arg>:8888</arg>
</arguments>
<assign>
<var>${WebUI url}</var>
</assign>
<msg timestamp="20200203 09:45:27.088" level="INFO">${WebUI url} = http://192.168.171.201:8888</msg>
<status status="PASS" starttime="20200203 09:45:27.086" endtime="20200203 09:45:27.088"></status>
</kw>
<kw name="Open Browser" library="SeleniumLibrary">
<doc>Opens a new browser instance to the optional ``url``.</doc>
<arguments>
<arg>${WebUI url}</arg>
<arg>${BROWSER}</arg>
</arguments>
<msg timestamp="20200203 09:45:27.091" level="INFO">Opening browser 'Chrome' to base url 'http://192.168.171.201:8888'.</msg>
<status status="PASS" starttime="20200203 09:45:27.090" endtime="20200203 09:45:30.710"></status>
</kw>
<kw name="Maximize Browser Window" library="SeleniumLibrary">
<doc>Maximizes current browser window.</doc>
<status status="PASS" starttime="20200203 09:45:30.710" endtime="20200203 09:45:31.839"></status>
</kw>
<kw name="Sleep" library="BuiltIn">
<doc>Pauses the test executed for the given time.</doc>
<arguments>
<arg>${PAGE LOAD TIMEOUT}</arg>
</arguments>
<msg timestamp="20200203 09:45:32.842" level="INFO">Slept 1 second</msg>
<status status="PASS" starttime="20200203 09:45:31.840" endtime="20200203 09:45:32.842"></status>
</kw>
<kw name="Set Web UI to Stand By State" library="GeneralPage">
<kw name="Get Element Count" library="SeleniumLibrary">
<doc>Returns the number of elements matching ``locator``.</doc>
<arguments>
<arg>${btnExit}</arg>
</arguments>
<assign>
<var>${count Exit button}</var>
</assign>
<msg timestamp="20200203 09:45:32.875" level="INFO">${count Exit button} = 0</msg>
<status status="PASS" starttime="20200203 09:45:32.845" endtime="20200203 09:45:32.876"></status>
</kw>
<kw name="Run Keyword If" library="BuiltIn">
<doc>Runs the given keyword with the given arguments, if ``condition`` is true.</doc>
<arguments>
<arg>${count Exit button} &gt; 0</arg>
<arg>Exit Screen</arg>
</arguments>
<status status="PASS" starttime="20200203 09:45:32.877" endtime="20200203 09:45:32.877"></status>
</kw>
<kw name="Get Element Count" library="SeleniumLibrary">
<doc>Returns the number of elements matching ``locator``.</doc>
<arguments>
<arg>${btnCancel}</arg>
</arguments>
<assign>
<var>${count Cancel button}</var>
</assign>
<msg timestamp="20200203 09:45:32.904" level="INFO">${count Cancel button} = 0</msg>
<status status="PASS" starttime="20200203 09:45:32.878" endtime="20200203 09:45:32.905"></status>
</kw>
<kw name="Run Keyword If" library="BuiltIn">
<doc>Runs the given keyword with the given arguments, if ``condition`` is true.</doc>
<arguments>
<arg>${count Cancel button} &gt; 0</arg>
<arg>Exit Screen</arg>
</arguments>
<status status="PASS" starttime="20200203 09:45:32.905" endtime="20200203 09:45:32.906"></status>
</kw>
<kw name="Get Element Count" library="SeleniumLibrary">
<doc>Returns the number of elements matching ``locator``.</doc>
<arguments>
<arg>${lblimVisionX}</arg>
</arguments>
<assign>
<var>${count Home screen}</var>
</assign>
<msg timestamp="20200203 09:45:32.934" level="INFO">${count Home screen} = 0</msg>
<status status="PASS" starttime="20200203 09:45:32.907" endtime="20200203 09:45:32.934"></status>
</kw>
<kw name="Run Keyword If" library="BuiltIn">
<doc>Runs the given keyword with the given arguments, if ``condition`` is true.</doc>
<arguments>
<arg>${count Home screen} &gt; 0</arg>
<arg>Run Keywords</arg>
<arg>Click Web Button</arg>
<arg>${btnHome}</arg>
<arg>AND</arg>
<arg>Wait For Page Load</arg>
</arguments>
<status status="PASS" starttime="20200203 09:45:32.935" endtime="20200203 09:45:32.936"></status>
</kw>
<status status="PASS" starttime="20200203 09:45:32.843" endtime="20200203 09:45:32.937"></status>
</kw>
<kw name="Go To Home Screen" library="GeneralPage">
<kw name="Click Web Button" library="GeneralPage">
<arguments>
<arg>${btnHome}</arg>
</arguments>
<kw name="Get Element Count" library="SeleniumLibrary">
<doc>Returns the number of elements matching ``locator``.</doc>
<arguments>
<arg>${btnName}</arg>
</arguments>
<assign>
<var>${button exist}</var>
</assign>
<msg timestamp="20200203 09:45:32.967" level="INFO">${button exist} = 1</msg>
<status status="PASS" starttime="20200203 09:45:32.940" endtime="20200203 09:45:32.967"></status>
</kw>
<kw name="Run Keyword If" library="BuiltIn">
<doc>Runs the given keyword with the given arguments, if ``condition`` is true.</doc>
<arguments>
<arg>${button exist} == 1</arg>
<arg>Run Keyword And Continue On Failure</arg>
<arg>Run Keywords</arg>
<arg>Click Element</arg>
<arg>${btnName}</arg>
<arg>AND</arg>
<arg>Wait For Page Load</arg>
</arguments>
<kw name="Run Keyword And Continue On Failure" library="BuiltIn">
<doc>Runs the keyword and continues execution even if a failure occurs.</doc>
<arguments>
<arg>Run Keywords</arg>
<arg>Click Element</arg>
<arg>${btnName}</arg>
<arg>AND</arg>
<arg>Wait For Page Load</arg>
</arguments>
<kw name="Run Keywords" library="BuiltIn">
<doc>Executes all the given keywords in a sequence.</doc>
<arguments>
<arg>Click Element</arg>
<arg>${btnName}</arg>
<arg>AND</arg>
<arg>Wait For Page Load</arg>
</arguments>
<kw name="Click Element" library="SeleniumLibrary">
<doc>Click the element identified by ``locator``.</doc>
<arguments>
<arg>${btnName}</arg>
</arguments>
<msg timestamp="20200203 09:45:32.971" level="INFO">Clicking element '//div[@id='home-lang']'.</msg>
<status status="PASS" starttime="20200203 09:45:32.970" endtime="20200203 09:45:33.101"></status>
</kw>
<kw name="Wait For Page Load" library="GeneralPage">
<kw name="Sleep" library="BuiltIn">
<doc>Pauses the test executed for the given time.</doc>
<arguments>
<arg>${PAGE LOAD TIMEOUT}</arg>
</arguments>
<msg timestamp="20200203 09:45:34.105" level="INFO">Slept 1 second</msg>
<status status="PASS" starttime="20200203 09:45:33.104" endtime="20200203 09:45:34.105"></status>
</kw>
<status status="PASS" starttime="20200203 09:45:33.103" endtime="20200203 09:45:34.106"></status>
</kw>
<status status="PASS" starttime="20200203 09:45:32.969" endtime="20200203 09:45:34.107"></status>
</kw>
<status status="PASS" starttime="20200203 09:45:32.969" endtime="20200203 09:45:34.107"></status>
</kw>
<status status="PASS" starttime="20200203 09:45:32.968" endtime="20200203 09:45:34.108"></status>
</kw>
<status status="PASS" starttime="20200203 09:45:32.938" endtime="20200203 09:45:34.108"></status>
</kw>
<status status="PASS" starttime="20200203 09:45:32.937" endtime="20200203 09:45:34.109"></status>
</kw>
<status status="PASS" starttime="20200203 09:45:27.084" endtime="20200203 09:45:34.109"></status>
</kw>
<status status="PASS" starttime="20200203 09:45:25.235" endtime="20200203 09:45:34.110"></status>
</kw>
<kw name="Given Go To Select Language &quot;german&quot;" library="SelectLanguageDefinitions">
<kw name="Select Language &quot;${language}&quot;" library="SelectLanguagePage">
<kw name="Go To Settings Screen" library="HomePage">
<kw name="Click Element" library="SeleniumLibrary">
<doc>Click the element identified by ``locator``.</doc>
<arguments>
<arg>${btnSettings}</arg>
</arguments>
<msg timestamp="20200203 09:45:34.115" level="INFO">Clicking element '//div[@id='settings']/div/input[@type='submit']'.</msg>
<status status="PASS" starttime="20200203 09:45:34.114" endtime="20200203 09:45:34.255"></status>
</kw>
<kw name="Wait For Page Load" library="GeneralPage">
<kw name="Sleep" library="BuiltIn">
<doc>Pauses the test executed for the given time.</doc>
<arguments>
<arg>${PAGE LOAD TIMEOUT}</arg>
</arguments>
<msg timestamp="20200203 09:45:35.260" level="INFO">Slept 1 second</msg>
<status status="PASS" starttime="20200203 09:45:34.258" endtime="20200203 09:45:35.261"></status>
</kw>
<status status="PASS" starttime="20200203 09:45:34.256" endtime="20200203 09:45:35.262"></status>
</kw>
<status status="PASS" starttime="20200203 09:45:34.113" endtime="20200203 09:45:35.263"></status>
</kw>
<kw name="Go To Select Language Screen" library="SettingsPage">
<kw name="Click Element" library="SeleniumLibrary">
<doc>Click the element identified by ``locator``.</doc>
<arguments>
<arg>${btnLanguage Settings}</arg>
</arguments>
<msg timestamp="20200203 09:45:35.268" level="INFO">Clicking element '//div[@id='settings-language']'.</msg>
<status status="PASS" starttime="20200203 09:45:35.266" endtime="20200203 09:45:35.657"></status>
</kw>
<kw name="Wait For Page Load" library="GeneralPage">
<kw name="Sleep" library="BuiltIn">
<doc>Pauses the test executed for the given time.</doc>
<arguments>
<arg>${PAGE LOAD TIMEOUT}</arg>
</arguments>
<msg timestamp="20200203 09:45:36.665" level="INFO">Slept 1 second</msg>
<status status="PASS" starttime="20200203 09:45:35.662" endtime="20200203 09:45:36.665"></status>
</kw>
<status status="PASS" starttime="20200203 09:45:35.659" endtime="20200203 09:45:36.666"></status>
</kw>
<status status="PASS" starttime="20200203 09:45:35.264" endtime="20200203 09:45:36.666"></status>
</kw>
<kw name="Convert To Lowercase" library="String">
<doc>Converts string to lowercase.</doc>
<arguments>
<arg>${language}</arg>
</arguments>
<assign>
<var>${temp language}</var>
</assign>
<msg timestamp="20200203 09:45:36.668" level="INFO">${temp language} = german</msg>
<status status="PASS" starttime="20200203 09:45:36.667" endtime="20200203 09:45:36.668"></status>
</kw>
<kw name="Run Keyword If" library="BuiltIn">
<doc>Runs the given keyword with the given arguments, if ``condition`` is true.</doc>
<arguments>
<arg>'${temp language}' == 'danish'</arg>
<arg>Run Keyword And Continue On Failure</arg>
<arg>Click Element</arg>
<arg>${btnDanish}</arg>
<arg>ELSE IF</arg>
<arg>'${temp language}' == 'german'</arg>
<arg>Run Keyword And Continue On Failure</arg>
<arg>Click Element</arg>
<arg>${btnGerman}</arg>
<arg>ELSE IF</arg>
<arg>'${temp language}' == 'english'</arg>
<arg>Run Keyword And Continue On Failure</arg>
<arg>Click Element</arg>
<arg>${btnEnglish}</arg>
<arg>ELSE IF</arg>
<arg>'${temp language}' == 'spainish'</arg>
<arg>Run Keyword And Continue On Failure</arg>
<arg>Click Element</arg>
<arg>${btnSpainish}</arg>
<arg>ELSE IF</arg>
<arg>'${temp language}' == 'french'</arg>
<arg>Run Keyword And Continue On Failure</arg>
<arg>Click Element</arg>
<arg>${btnFrench}</arg>
<arg>ELSE IF</arg>
<arg>'${temp language}' == 'italian'</arg>
<arg>Run Keyword And Continue On Failure</arg>
<arg>Click Element</arg>
<arg>${btnItalian}</arg>
<arg>ELSE IF</arg>
<arg>'${temp language}' == 'polish'</arg>
<arg>Run Keyword And Continue On Failure</arg>
<arg>Move down and click element "${btnPolish}"</arg>
<arg>ELSE IF</arg>
<arg>'${temp language}' == 'portuguese'</arg>
<arg>Run Keyword And Continue On Failure</arg>
<arg>Move down and click element "${btnPortuguese}"</arg>
<arg>ELSE IF</arg>
<arg>'${temp language}' == 'russian'</arg>
<arg>Run Keyword And Continue On Failure</arg>
<arg>Move down and click element "${btnRussian}"</arg>
<arg>ELSE IF</arg>
<arg>'${temp language}' == 'chinese'</arg>
<arg>Run Keyword And Continue On Failure</arg>
<arg>Move down and click element "${btnChinese}"</arg>
<arg>ELSE IF</arg>
<arg>'${temp language}' == 'korean'</arg>
<arg>Run Keyword And Continue On Failure</arg>
<arg>Move down and click element "${btnKorean}"</arg>
<arg>ELSE</arg>
<arg>Run Keyword And Continue On Failure</arg>
<arg>Log</arg>
<arg>${temp language}</arg>
</arguments>
<kw name="Run Keyword And Continue On Failure" library="BuiltIn">
<doc>Runs the keyword and continues execution even if a failure occurs.</doc>
<arguments>
<arg>Click Element</arg>
<arg>${btnGerman}</arg>
</arguments>
<kw name="Click Element" library="SeleniumLibrary">
<doc>Click the element identified by ``locator``.</doc>
<arguments>
<arg>${btnGerman}</arg>
</arguments>
<msg timestamp="20200203 09:45:36.671" level="INFO">Clicking element '//div[@id='language-list']/div[@id='1003']'.</msg>
<status status="PASS" starttime="20200203 09:45:36.671" endtime="20200203 09:45:36.740"></status>
</kw>
<status status="PASS" starttime="20200203 09:45:36.670" endtime="20200203 09:45:36.740"></status>
</kw>
<status status="PASS" starttime="20200203 09:45:36.668" endtime="20200203 09:45:36.741"></status>
</kw>
<kw name="Touch Save Language" library="SelectLanguagePage">
<kw name="Click Element" library="SeleniumLibrary">
<doc>Click the element identified by ``locator``.</doc>
<arguments>
<arg>${btnSave}</arg>
</arguments>
<msg timestamp="20200203 09:45:36.744" level="INFO">Clicking element '//div[@id='save-button']'.</msg>
<status status="PASS" starttime="20200203 09:45:36.743" endtime="20200203 09:45:36.808"></status>
</kw>
<kw name="Wait For Page Load" library="GeneralPage">
<kw name="Sleep" library="BuiltIn">
<doc>Pauses the test executed for the given time.</doc>
<arguments>
<arg>${PAGE LOAD TIMEOUT}</arg>
</arguments>
<msg timestamp="20200203 09:45:37.812" level="INFO">Slept 1 second</msg>
<status status="PASS" starttime="20200203 09:45:36.810" endtime="20200203 09:45:37.812"></status>
</kw>
<status status="PASS" starttime="20200203 09:45:36.809" endtime="20200203 09:45:37.813"></status>
</kw>
<status status="PASS" starttime="20200203 09:45:36.742" endtime="20200203 09:45:37.813"></status>
</kw>
<status status="PASS" starttime="20200203 09:45:34.112" endtime="20200203 09:45:37.814"></status>
</kw>
<status status="PASS" starttime="20200203 09:45:34.111" endtime="20200203 09:45:37.814"></status>
</kw>
<kw name="Given Go To Home Screen" library="GeneralPage">
<kw name="Click Web Button" library="GeneralPage">
<arguments>
<arg>${btnHome}</arg>
</arguments>
<kw name="Get Element Count" library="SeleniumLibrary">
<doc>Returns the number of elements matching ``locator``.</doc>
<arguments>
<arg>${btnName}</arg>
</arguments>
<assign>
<var>${button exist}</var>
</assign>
<msg timestamp="20200203 09:45:37.831" level="INFO">${button exist} = 1</msg>
<status status="PASS" starttime="20200203 09:45:37.817" endtime="20200203 09:45:37.832"></status>
</kw>
<kw name="Run Keyword If" library="BuiltIn">
[...]
<doc>Fails if the given objects are unequal.</doc>
<arguments>
<arg>'${count}'</arg>
<arg>'${expected value}'</arg>
</arguments>
<status status="PASS" starttime="20200203 09:50:24.927" endtime="20200203 09:50:24.928"></status>
</kw>
<status status="PASS" starttime="20200203 09:50:24.927" endtime="20200203 09:50:24.928"></status>
</kw>
<status status="PASS" starttime="20200203 09:50:24.854" endtime="20200203 09:50:24.928"></status>
</kw>
<kw name="And Plugout Copper Tip to Rack &quot;1&quot; Panel &quot;1&quot; Row &quot;1&quot; Port &quot;1&quot;" library="VirtualPanelDefinitions">
<kw name="Get Copper Panel Index" library="VirtualPanelDefinitions">
<arguments>
<arg>${rackID}</arg>
<arg>${panelID}</arg>
<arg>${row}</arg>
</arguments>
<assign>
<var>${panel index}</var>
</assign>
<kw name="Get Length" library="BuiltIn">
<doc>Returns and logs the length of the given item as an integer.</doc>
<arguments>
<arg>${VPpanels}</arg>
</arguments>
<assign>
<var>${panels number}</var>
</assign>
<msg timestamp="20200203 09:50:24.931" level="INFO">Length is 12</msg>
<msg timestamp="20200203 09:50:24.931" level="INFO">${panels number} = 12</msg>
<status status="PASS" starttime="20200203 09:50:24.930" endtime="20200203 09:50:24.931"></status>
</kw>
<kw name="${panel index} IN RANGE [ ${panels number-1} ]" type="for">
<kw name="${panel index} = 0" type="foritem">
<kw name="Run Keyword If" library="BuiltIn">
<doc>Runs the given keyword with the given arguments, if ``condition`` is true.</doc>
<arguments>
<arg>'${VPpanels[${panel index+1}][&amp;{dic panels table}[panel type]]}' == '${VIRTUAL PANELS TYPE}[COPPER]' and '${VPpanels[${panel index+1}][&amp;{dic panels table}[rackID]]}' == '${input rackID}' and '${VPpanels[${panel index+1}][&amp;{dic panels table}[panelID]]}' == '${input panelID}' and '${VPpanels[${panel index+1}][&amp;{dic panels table}[row]]}' == '${input row}'</arg>
<arg>Exit For Loop</arg>
</arguments>
<kw name="Exit For Loop" library="BuiltIn">
<doc>Stops executing the enclosing for loop.</doc>
<msg timestamp="20200203 09:50:24.934" level="INFO">Exiting for loop altogether.</msg>
<status status="PASS" starttime="20200203 09:50:24.934" endtime="20200203 09:50:24.934"></status>
</kw>
<status status="PASS" starttime="20200203 09:50:24.932" endtime="20200203 09:50:24.935"></status>
</kw>
<status status="PASS" starttime="20200203 09:50:24.932" endtime="20200203 09:50:24.935"></status>
</kw>
<status status="PASS" starttime="20200203 09:50:24.931" endtime="20200203 09:50:24.935"></status>
</kw>
<msg timestamp="20200203 09:50:24.936" level="INFO">${panel index} = 1</msg>
<status status="PASS" starttime="20200203 09:50:24.929" endtime="20200203 09:50:24.936"></status>
</kw>
<kw name="Log" library="BuiltIn">
<doc>Logs the given message with the given level.</doc>
<arguments>
<arg>${panel index}</arg>
</arguments>
<msg timestamp="20200203 09:50:24.937" level="INFO">1</msg>
<status status="PASS" starttime="20200203 09:50:24.936" endtime="20200203 09:50:24.937"></status>
</kw>
<kw name="Catenate" library="BuiltIn">
<doc>Catenates the given items together and returns the resulted string.</doc>
<arguments>
<arg>vp_cmd_helper --plugout --rack</arg>
<arg>${rackID}</arg>
<arg>--panel</arg>
<arg>${panel index}</arg>
<arg>--port</arg>
<arg>${portID}</arg>
</arguments>
<assign>
<var>${completed command}</var>
</assign>
<msg timestamp="20200203 09:50:24.938" level="INFO">${completed command} = vp_cmd_helper --plugout --rack 1 --panel 1 --port 1</msg>
<status status="PASS" starttime="20200203 09:50:24.937" endtime="20200203 09:50:24.938"></status>
</kw>
<kw name="Log" library="BuiltIn">
<doc>Logs the given message with the given level.</doc>
<arguments>
<arg>${completed command}</arg>
</arguments>
<msg timestamp="20200203 09:50:24.939" level="INFO">vp_cmd_helper --plugout --rack 1 --panel 1 --port 1</msg>
<status status="PASS" starttime="20200203 09:50:24.938" endtime="20200203 09:50:24.939"></status>
</kw>
<kw name="Enter Virtual Command ${completed command}" library="SSHDefinitions">
<kw name="Write" library="SSHLibrary">
<doc>Writes the given ``text`` on the remote machine and appends a newline.</doc>
<arguments>
<arg>${command}</arg>
</arguments>
<msg timestamp="20200203 09:50:24.963" level="INFO">vp_cmd_helper --plugout --rack 1 --panel 1 --port 1</msg>
<status status="PASS" starttime="20200203 09:50:24.940" endtime="20200203 09:50:24.964"></status>
</kw>
<kw name="Read" library="SSHLibrary">
<doc>Consumes and returns everything available on the server output.</doc>
<arguments>
<arg>loglevel=Trace</arg>
<arg>delay=1s</arg>
</arguments>
<assign>
<var>${stdout}</var>
</assign>
<msg timestamp="20200203 09:50:26.965" level="INFO">${stdout} = result=success
command=plugout
test_setup=on
bus_connect=on
bus_power=on
rack=1
panel=1
type=1100ps
panel_state=RUN
row=1
serial=28FFFF600001
count=11
# </msg>
<status status="PASS" starttime="20200203 09:50:24.964" endtime="20200203 09:50:26.966"></status>
</kw>
<kw name="Log" library="BuiltIn">
<doc>Logs the given message with the given level.</doc>
<arguments>
<arg>${stdout}</arg>
</arguments>
<msg timestamp="20200203 09:50:26.969" level="INFO">result=success
command=plugout
test_setup=on
bus_connect=on
bus_power=on
rack=1
panel=1
type=1100ps
panel_state=RUN
row=1
serial=28FFFF600001
count=11
# </msg>
<status status="PASS" starttime="20200203 09:50:26.967" endtime="20200203 09:50:26.970"></status>
</kw>
<status status="PASS" starttime="20200203 09:50:24.939" endtime="20200203 09:50:26.971"></status>
</kw>
<status status="PASS" starttime="20200203 09:50:24.929" endtime="20200203 09:50:26.972"></status>
</kw>
<kw name="And Exit Screen" library="GeneralPage">
<kw name="Click Web Button" library="GeneralPage">
<arguments>
<arg>${btnExit}</arg>
</arguments>
<kw name="Get Element Count" library="SeleniumLibrary">
<doc>Returns the number of elements matching ``locator``.</doc>
<arguments>
<arg>${btnName}</arg>
</arguments>
<assign>
<var>${button exist}</var>
</assign>
<msg timestamp="20200203 09:50:27.002" level="INFO">${button exist} = 1</msg>
<status status="PASS" starttime="20200203 09:50:26.979" endtime="20200203 09:50:27.002"></status>
</kw>
<kw name="Run Keyword If" library="BuiltIn">
<doc>Runs the given keyword with the given arguments, if ``condition`` is true.</doc>
<arguments>
<arg>${button exist} == 1</arg>
<arg>Run Keyword And Continue On Failure</arg>
<arg>Run Keywords</arg>
<arg>Click Element</arg>
<arg>${btnName}</arg>
<arg>AND</arg>
<arg>Wait For Page Load</arg>
</arguments>
<kw name="Run Keyword And Continue On Failure" library="BuiltIn">
<doc>Runs the keyword and continues execution even if a failure occurs.</doc>
<arguments>
<arg>Run Keywords</arg>
<arg>Click Element</arg>
<arg>${btnName}</arg>
<arg>AND</arg>
<arg>Wait For Page Load</arg>
</arguments>
<kw name="Run Keywords" library="BuiltIn">
<doc>Executes all the given keywords in a sequence.</doc>
<arguments>
<arg>Click Element</arg>
<arg>${btnName}</arg>
<arg>AND</arg>
<arg>Wait For Page Load</arg>
</arguments>
<kw name="Click Element" library="SeleniumLibrary">
<doc>Click the element identified by ``locator``.</doc>
<arguments>
<arg>${btnName}</arg>
</arguments>
<msg timestamp="20200203 09:50:27.005" level="INFO">Clicking element '//div[@id='exit-footer' and @style='display: block;']/div[@id='exit-button']'.</msg>
<status status="PASS" starttime="20200203 09:50:27.004" endtime="20200203 09:50:27.057"></status>
</kw>
<kw name="Wait For Page Load" library="GeneralPage">
<kw name="Sleep" library="BuiltIn">
<doc>Pauses the test executed for the given time.</doc>
<arguments>
<arg>${PAGE LOAD TIMEOUT}</arg>
</arguments>
<msg timestamp="20200203 09:50:28.059" level="INFO">Slept 1 second</msg>
<status status="PASS" starttime="20200203 09:50:27.058" endtime="20200203 09:50:28.059"></status>
</kw>
<status status="PASS" starttime="20200203 09:50:27.058" endtime="20200203 09:50:28.060"></status>
</kw>
<status status="PASS" starttime="20200203 09:50:27.004" endtime="20200203 09:50:28.061"></status>
</kw>
<status status="PASS" starttime="20200203 09:50:27.003" endtime="20200203 09:50:28.061"></status>
</kw>
<status status="PASS" starttime="20200203 09:50:27.002" endtime="20200203 09:50:28.062"></status>
</kw>
<status status="PASS" starttime="20200203 09:50:26.977" endtime="20200203 09:50:28.062"></status>
</kw>
<kw name="Wait For Page Load" library="GeneralPage">
<kw name="Sleep" library="BuiltIn">
<doc>Pauses the test executed for the given time.</doc>
<arguments>
<arg>${PAGE LOAD TIMEOUT}</arg>
</arguments>
<msg timestamp="20200203 09:50:29.066" level="INFO">Slept 1 second</msg>
<status status="PASS" starttime="20200203 09:50:28.064" endtime="20200203 09:50:29.066"></status>
</kw>
<status status="PASS" starttime="20200203 09:50:28.063" endtime="20200203 09:50:29.067"></status>
</kw>
<status status="PASS" starttime="20200203 09:50:26.974" endtime="20200203 09:50:29.068"></status>
</kw>
<kw name="And Go To Select Language &quot;english&quot;" library="SelectLanguageDefinitions">
<kw name="Select Language &quot;${language}&quot;" library="SelectLanguagePage">
<kw name="Go To Settings Screen" library="HomePage">
<kw name="Click Element" library="SeleniumLibrary">
<doc>Click the element identified by ``locator``.</doc>
<arguments>
<arg>${btnSettings}</arg>
</arguments>
<msg timestamp="20200203 09:50:29.074" level="INFO">Clicking element '//div[@id='settings']/div/input[@type='submit']'.</msg>
<status status="PASS" starttime="20200203 09:50:29.073" endtime="20200203 09:50:29.183"></status>
</kw>
<kw name="Wait For Page Load" library="GeneralPage">
<kw name="Sleep" library="BuiltIn">
<doc>Pauses the test executed for the given time.</doc>
<arguments>
<arg>${PAGE LOAD TIMEOUT}</arg>
</arguments>
<msg timestamp="20200203 09:50:30.189" level="INFO">Slept 1 second</msg>
<status status="PASS" starttime="20200203 09:50:29.187" endtime="20200203 09:50:30.190"></status>
</kw>
<status status="PASS" starttime="20200203 09:50:29.184" endtime="20200203 09:50:30.191"></status>
</kw>
<status status="PASS" starttime="20200203 09:50:29.072" endtime="20200203 09:50:30.192"></status>
</kw>
<kw name="Go To Select Language Screen" library="SettingsPage">
<kw name="Click Element" library="SeleniumLibrary">
<doc>Click the element identified by ``locator``.</doc>
<arguments>
<arg>${btnLanguage Settings}</arg>
</arguments>
<msg timestamp="20200203 09:50:30.196" level="INFO">Clicking element '//div[@id='settings-language']'.</msg>
<status status="PASS" starttime="20200203 09:50:30.195" endtime="20200203 09:50:30.330"></status>
</kw>
<kw name="Wait For Page Load" library="GeneralPage">
<kw name="Sleep" library="BuiltIn">
<doc>Pauses the test executed for the given time.</doc>
<arguments>
<arg>${PAGE LOAD TIMEOUT}</arg>
</arguments>
<msg timestamp="20200203 09:50:31.335" level="INFO">Slept 1 second</msg>
<status status="PASS" starttime="20200203 09:50:30.333" endtime="20200203 09:50:31.336"></status>
</kw>
<status status="PASS" starttime="20200203 09:50:30.331" endtime="20200203 09:50:31.337"></status>
</kw>
<status status="PASS" starttime="20200203 09:50:30.193" endtime="20200203 09:50:31.338"></status>
</kw>
<kw name="Convert To Lowercase" library="String">
<doc>Converts string to lowercase.</doc>
<arguments>
<arg>${language}</arg>
</arguments>
<assign>
<var>${temp language}</var>
</assign>
<msg timestamp="20200203 09:50:31.340" level="INFO">${temp language} = english</msg>
<status status="PASS" starttime="20200203 09:50:31.339" endtime="20200203 09:50:31.340"></status>
</kw>
<kw name="Run Keyword If" library="BuiltIn">
<doc>Runs the given keyword with the given arguments, if ``condition`` is true.</doc>
<arguments>
<arg>'${temp language}' == 'danish'</arg>
<arg>Run Keyword And Continue On Failure</arg>
<arg>Click Element</arg>
<arg>${btnDanish}</arg>
<arg>ELSE IF</arg>
<arg>'${temp language}' == 'german'</arg>
<arg>Run Keyword And Continue On Failure</arg>
<arg>Click Element</arg>
<arg>${btnGerman}</arg>
<arg>ELSE IF</arg>
<arg>'${temp language}' == 'english'</arg>
<arg>Run Keyword And Continue On Failure</arg>
<arg>Click Element</arg>
<arg>${btnEnglish}</arg>
<arg>ELSE IF</arg>
<arg>'${temp language}' == 'spainish'</arg>
<arg>Run Keyword And Continue On Failure</arg>
<arg>Click Element</arg>
<arg>${btnSpainish}</arg>
<arg>ELSE IF</arg>
<arg>'${temp language}' == 'french'</arg>
<arg>Run Keyword And Continue On Failure</arg>
<arg>Click Element</arg>
<arg>${btnFrench}</arg>
<arg>ELSE IF</arg>
<arg>'${temp language}' == 'italian'</arg>
<arg>Run Keyword And Continue On Failure</arg>
<arg>Click Element</arg>
<arg>${btnItalian}</arg>
<arg>ELSE IF</arg>
<arg>'${temp language}' == 'polish'</arg>
<arg>Run Keyword And Continue On Failure</arg>
<arg>Move down and click element "${btnPolish}"</arg>
<arg>ELSE IF</arg>
<arg>'${temp language}' == 'portuguese'</arg>
<arg>Run Keyword And Continue On Failure</arg>
<arg>Move down and click element "${btnPortuguese}"</arg>
<arg>ELSE IF</arg>
<arg>'${temp language}' == 'russian'</arg>
<arg>Run Keyword And Continue On Failure</arg>
<arg>Move down and click element "${btnRussian}"</arg>
<arg>ELSE IF</arg>
<arg>'${temp language}' == 'chinese'</arg>
<arg>Run Keyword And Continue On Failure</arg>
<arg>Move down and click element "${btnChinese}"</arg>
<arg>ELSE IF</arg>
<arg>'${temp language}' == 'korean'</arg>
<arg>Run Keyword And Continue On Failure</arg>
<arg>Move down and click element "${btnKorean}"</arg>
<arg>ELSE</arg>
<arg>Run Keyword And Continue On Failure</arg>
<arg>Log</arg>
<arg>${temp language}</arg>
</arguments>
<kw name="Run Keyword And Continue On Failure" library="BuiltIn">
<doc>Runs the keyword and continues execution even if a failure occurs.</doc>
<arguments>
<arg>Click Element</arg>
<arg>${btnEnglish}</arg>
</arguments>
<kw name="Click Element" library="SeleniumLibrary">
<doc>Click the element identified by ``locator``.</doc>
<arguments>
<arg>${btnEnglish}</arg>
</arguments>
<msg timestamp="20200203 09:50:31.345" level="INFO">Clicking element '//div[@id='language-list']/div[@id='1000']'.</msg>
<status status="PASS" starttime="20200203 09:50:31.345" endtime="20200203 09:50:31.419"></status>
</kw>
<status status="PASS" starttime="20200203 09:50:31.344" endtime="20200203 09:50:31.420"></status>
</kw>
<status status="PASS" starttime="20200203 09:50:31.341" endtime="20200203 09:50:31.420"></status>
</kw>
<kw name="Touch Save Language" library="SelectLanguagePage">
<kw name="Click Element" library="SeleniumLibrary">
<doc>Click the element identified by ``locator``.</doc>
<arguments>
<arg>${btnSave}</arg>
</arguments>
<msg timestamp="20200203 09:50:31.422" level="INFO">Clicking element '//div[@id='save-button']'.</msg>
<status status="PASS" starttime="20200203 09:50:31.421" endtime="20200203 09:50:31.482"></status>
</kw>
<kw name="Wait For Page Load" library="GeneralPage">
<kw name="Sleep" library="BuiltIn">
<doc>Pauses the test executed for the given time.</doc>
<arguments>
<arg>${PAGE LOAD TIMEOUT}</arg>
</arguments>
<msg timestamp="20200203 09:50:32.484" level="INFO">Slept 1 second</msg>
<status status="PASS" starttime="20200203 09:50:31.483" endtime="20200203 09:50:32.484"></status>
</kw>
<status status="PASS" starttime="20200203 09:50:31.482" endtime="20200203 09:50:32.485"></status>
</kw>
<status status="PASS" starttime="20200203 09:50:31.420" endtime="20200203 09:50:32.486"></status>
</kw>
<status status="PASS" starttime="20200203 09:50:29.070" endtime="20200203 09:50:32.486"></status>
</kw>
<status status="PASS" starttime="20200203 09:50:29.069" endtime="20200203 09:50:32.487"></status>
</kw>
<kw name="Set Web UI to Stand By State and Close Current Browser" library="GeneralPage" type="teardown">
<kw name="Wait For Page Update" library="GeneralPage">
<kw name="Sleep" library="BuiltIn">
<doc>Pauses the test executed for the given time.</doc>
<arguments>
<arg>${PAGE UPDATE TIMEOUT}</arg>
</arguments>
<msg timestamp="20200203 09:50:32.592" level="INFO">Slept 100 milliseconds</msg>
<status status="PASS" starttime="20200203 09:50:32.490" endtime="20200203 09:50:32.592"></status>
</kw>
<status status="PASS" starttime="20200203 09:50:32.489" endtime="20200203 09:50:32.593"></status>
</kw>
<kw name="Get Element Count" library="SeleniumLibrary">
<doc>Returns the number of elements matching ``locator``.</doc>
<arguments>
<arg>${btnExit}</arg>
</arguments>
<assign>
<var>${count Exit button}</var>
</assign>
<msg timestamp="20200203 09:50:32.614" level="INFO">${count Exit button} = 0</msg>
<status status="PASS" starttime="20200203 09:50:32.594" endtime="20200203 09:50:32.615"></status>
</kw>
<kw name="Run Keyword If" library="BuiltIn">
<doc>Runs the given keyword with the given arguments, if ``condition`` is true.</doc>
<arguments>
<arg>${count Exit button} &gt; 0</arg>
<arg>Exit Screen</arg>
</arguments>
<status status="PASS" starttime="20200203 09:50:32.615" endtime="20200203 09:50:32.616"></status>
</kw>
<kw name="Get Element Count" library="SeleniumLibrary">
<doc>Returns the number of elements matching ``locator``.</doc>
<arguments>
<arg>${lblimVisionX}</arg>
</arguments>
<assign>
<var>${count Home screen}</var>
</assign>
<msg timestamp="20200203 09:50:32.631" level="INFO">${count Home screen} = 0</msg>
<status status="PASS" starttime="20200203 09:50:32.617" endtime="20200203 09:50:32.631"></status>
</kw>
<kw name="Run Keyword If" library="BuiltIn">
<doc>Runs the given keyword with the given arguments, if ``condition`` is true.</doc>
<arguments>
<arg>${count Home screen} &gt; 0</arg>
<arg>Run Keywords</arg>
<arg>Click Web Button</arg>
<arg>${btnHome}</arg>
<arg>AND</arg>
<arg>Wait For Page Load</arg>
</arguments>
<status status="PASS" starttime="20200203 09:50:32.632" endtime="20200203 09:50:32.633"></status>
</kw>
<kw name="Close Browser" library="SeleniumLibrary">
<doc>Closes the current browser.</doc>
<status status="PASS" starttime="20200203 09:50:32.633" endtime="20200203 09:50:35.078"></status>
</kw>
<status status="PASS" starttime="20200203 09:50:32.488" endtime="20200203 09:50:35.079"></status>
</kw>
<status status="PASS" starttime="20200203 09:50:03.876" endtime="20200203 09:50:35.079" critical="yes"></status>
</test>
<status status="PASS" starttime="20200203 09:44:50.810" endtime="20200203 09:50:35.081"></status>
</suite>
<status status="PASS" starttime="20200203 09:44:50.806" endtime="20200203 09:50:35.091"></status>
</suite>
<status status="PASS" starttime="20200203 09:44:50.803" endtime="20200203 09:50:35.099"></status>
</suite>
<status status="PASS" starttime="20200203 09:44:50.800" endtime="20200203 09:50:35.108"></status>
</suite>
<status status="PASS" starttime="20200203 09:44:50.772" endtime="20200203 09:50:35.115"></status>
</suite>
<statistics>
<total>
<stat pass="11" fail="0">Critical Tests</stat>
<stat pass="11" fail="0">All Tests</stat>
</total>
<tag>
</tag>
<suite>
<stat pass="11" fail="0" id="s1" name="BulkPatching Robot">BulkPatching Robot</stat>
<stat pass="11" fail="0" id="s1-s1" name="Test Resources">BulkPatching Robot.Test Resources</stat>
<stat pass="11" fail="0" id="s1-s1-s1" name="Test Suites">BulkPatching Robot.Test Resources.Test Suites</stat>
<stat pass="11" fail="0" id="s1-s1-s1-s1" name="5.Create Equipment">BulkPatching Robot.Test Resources.Test Suites.5.Create Equipment</stat>
<stat pass="11" fail="0" id="s1-s1-s1-s1-s1" name="5.2.CheckEquipmentInTranslation">BulkPatching Robot.Test Resources.Test Suites.5.Create Equipment.5.2.CheckEquipmentInTranslation</stat>
</suite>
</statistics>
<errors>
</errors>
</robot>
