<?xml version="1.0" encoding="UTF-8"?>
<robot generator="Robot 3.1.2 (Python 3.8.0 on win32)" generated="20200107 14:25:46.525" rpa="false">
<suite id="s1" name="1.CheckBulkPatchingbutton" source="D:\RobotFW_program\BulkPatching_Robot\BulkPatching_Robot\Test_Resources\Test_Suites\1.CheckBulkPatchingbutton.robot">
<kw name="Open WebUI And Go To Home Screen" library="GeneralPage" type="setup">
<tags>
<tag>host_A</tag>
<tag>host_B</tag>
</tags>
<kw name="Catenate" library="BuiltIn">
<doc>Catenates the given items together and returns the resulted string.</doc>
<arguments>
<arg>SEPARATOR=</arg>
<arg>http://</arg>
<arg>${HOST A}</arg>
<arg>:8888</arg>
</arguments>
<assign>
<var>${WebUI url}</var>
</assign>
<msg timestamp="20200107 14:25:46.928" level="INFO">${WebUI url} = http://192.168.171.201:8888</msg>
<status status="PASS" starttime="20200107 14:25:46.928" endtime="20200107 14:25:46.928"></status>
</kw>
<kw name="Open Browser" library="SeleniumLibrary">
<doc>Opens a new browser instance to the optional ``url``.</doc>
<arguments>
<arg>${WebUI url}</arg>
<arg>${BROWSER}</arg>
</arguments>
<msg timestamp="20200107 14:25:46.928" level="INFO">Opening browser 'Chrome' to base url 'http://192.168.171.201:8888'.</msg>
<status status="PASS" starttime="20200107 14:25:46.928" endtime="20200107 14:25:55.502"></status>
</kw>
<kw name="Maximize Browser Window" library="SeleniumLibrary">
<doc>Maximizes current browser window.</doc>
<status status="PASS" starttime="20200107 14:25:55.503" endtime="20200107 14:25:56.635"></status>
</kw>
<kw name="Sleep" library="BuiltIn">
<doc>Pauses the test executed for the given time.</doc>
<arguments>
<arg>${PAGE LOAD TIMEOUT}</arg>
</arguments>
<msg timestamp="20200107 14:25:57.636" level="INFO">Slept 1 second</msg>
<status status="PASS" starttime="20200107 14:25:56.635" endtime="20200107 14:25:57.636"></status>
</kw>
<kw name="Set Web UI to Stand By State" library="GeneralPage">
<kw name="Get Element Count" library="SeleniumLibrary">
<doc>Returns the number of elements matching ``locator``.</doc>
<arguments>
<arg>${btnExit}</arg>
</arguments>
<assign>
<var>${count Exit button}</var>
</assign>
<msg timestamp="20200107 14:25:57.649" level="INFO">${count Exit button} = 0</msg>
<status status="PASS" starttime="20200107 14:25:57.636" endtime="20200107 14:25:57.649"></status>
</kw>
<kw name="Run Keyword If" library="BuiltIn">
<doc>Runs the given keyword with the given arguments, if ``condition`` is true.</doc>
<arguments>
<arg>${count Exit button} &gt; 0</arg>
<arg>Exit Screen</arg>
</arguments>
<status status="PASS" starttime="20200107 14:25:57.650" endtime="20200107 14:25:57.650"></status>
</kw>
<kw name="Get Element Count" library="SeleniumLibrary">
<doc>Returns the number of elements matching ``locator``.</doc>
<arguments>
<arg>${btnCancel}</arg>
</arguments>
<assign>
<var>${count Cancel button}</var>
</assign>
<msg timestamp="20200107 14:25:57.662" level="INFO">${count Cancel button} = 0</msg>
<status status="PASS" starttime="20200107 14:25:57.650" endtime="20200107 14:25:57.662"></status>
</kw>
<kw name="Run Keyword If" library="BuiltIn">
<doc>Runs the given keyword with the given arguments, if ``condition`` is true.</doc>
<arguments>
<arg>${count Cancel button} &gt; 0</arg>
<arg>Exit Screen</arg>
</arguments>
<status status="PASS" starttime="20200107 14:25:57.662" endtime="20200107 14:25:57.662"></status>
</kw>
<kw name="Get Element Count" library="SeleniumLibrary">
<doc>Returns the number of elements matching ``locator``.</doc>
<arguments>
<arg>${lblimVisionX}</arg>
</arguments>
<assign>
<var>${count Home screen}</var>
</assign>
<msg timestamp="20200107 14:25:57.673" level="INFO">${count Home screen} = 0</msg>
<status status="PASS" starttime="20200107 14:25:57.662" endtime="20200107 14:25:57.673"></status>
</kw>
<kw name="Run Keyword If" library="BuiltIn">
<doc>Runs the given keyword with the given arguments, if ``condition`` is true.</doc>
<arguments>
<arg>${count Home screen} &gt; 0</arg>
<arg>Run Keywords</arg>
<arg>Click Web Button</arg>
<arg>${btnHome}</arg>
<arg>AND</arg>
<arg>Wait For Page Load</arg>
</arguments>
<status status="PASS" starttime="20200107 14:25:57.674" endtime="20200107 14:25:57.674"></status>
</kw>
<status status="PASS" starttime="20200107 14:25:57.636" endtime="20200107 14:25:57.674"></status>
</kw>
<kw name="Go To Home Screen" library="GeneralPage">
<kw name="Click Web Button" library="GeneralPage">
<arguments>
<arg>${btnHome}</arg>
</arguments>
<kw name="Get Element Count" library="SeleniumLibrary">
<doc>Returns the number of elements matching ``locator``.</doc>
<arguments>
<arg>${btnName}</arg>
</arguments>
<assign>
<var>${button exist}</var>
</assign>
<msg timestamp="20200107 14:25:57.687" level="INFO">${button exist} = 1</msg>
<status status="PASS" starttime="20200107 14:25:57.675" endtime="20200107 14:25:57.687"></status>
</kw>
<kw name="Run Keyword If" library="BuiltIn">
<doc>Runs the given keyword with the given arguments, if ``condition`` is true.</doc>
<arguments>
<arg>${button exist} == 1</arg>
<arg>Run Keyword And Continue On Failure</arg>
<arg>Run Keywords</arg>
<arg>Click Element</arg>
<arg>${btnName}</arg>
<arg>AND</arg>
<arg>Wait For Page Load</arg>
</arguments>
<kw name="Run Keyword And Continue On Failure" library="BuiltIn">
<doc>Runs the keyword and continues execution even if a failure occurs.</doc>
<arguments>
<arg>Run Keywords</arg>
<arg>Click Element</arg>
<arg>${btnName}</arg>
<arg>AND</arg>
<arg>Wait For Page Load</arg>
</arguments>
<kw name="Run Keywords" library="BuiltIn">
<doc>Executes all the given keywords in a sequence.</doc>
<arguments>
<arg>Click Element</arg>
<arg>${btnName}</arg>
<arg>AND</arg>
<arg>Wait For Page Load</arg>
</arguments>
<kw name="Click Element" library="SeleniumLibrary">
<doc>Click the element identified by ``locator``.</doc>
<arguments>
<arg>${btnName}</arg>
</arguments>
<msg timestamp="20200107 14:25:57.688" level="INFO">Clicking element '//div[@id='home-lang']'.</msg>
<status status="PASS" starttime="20200107 14:25:57.688" endtime="20200107 14:25:57.775"></status>
</kw>
<kw name="Wait For Page Load" library="GeneralPage">
<kw name="Sleep" library="BuiltIn">
<doc>Pauses the test executed for the given time.</doc>
<arguments>
<arg>${PAGE LOAD TIMEOUT}</arg>
</arguments>
<msg timestamp="20200107 14:25:58.777" level="INFO">Slept 1 second</msg>
<status status="PASS" starttime="20200107 14:25:57.775" endtime="20200107 14:25:58.777"></status>
</kw>
<status status="PASS" starttime="20200107 14:25:57.775" endtime="20200107 14:25:58.777"></status>
</kw>
<status status="PASS" starttime="20200107 14:25:57.688" endtime="20200107 14:25:58.777"></status>
</kw>
<status status="PASS" starttime="20200107 14:25:57.688" endtime="20200107 14:25:58.777"></status>
</kw>
<status status="PASS" starttime="20200107 14:25:57.687" endtime="20200107 14:25:58.777"></status>
</kw>
<status status="PASS" starttime="20200107 14:25:57.675" endtime="20200107 14:25:58.777"></status>
</kw>
<status status="PASS" starttime="20200107 14:25:57.674" endtime="20200107 14:25:58.777"></status>
</kw>
<status status="PASS" starttime="20200107 14:25:46.926" endtime="20200107 14:25:58.777"></status>
</kw>
<test id="s1-t1" name="ADD_BULK_BUTTON_0101_Verify that imVision X shall be back to the homepage after selecting the Exit button">
<kw name="Given Go To Bulk Patching Screen" library="HomePage">
<kw name="Click Element" library="SeleniumLibrary">
<doc>Click the element identified by ``locator``.</doc>
<arguments>
<arg>${btnBulk Patching}</arg>
</arguments>
<msg timestamp="20200107 14:25:58.779" level="INFO">Clicking element '//input[@id='bulk-patch-btn']'.</msg>
<status status="PASS" starttime="20200107 14:25:58.779" endtime="20200107 14:25:58.829"></status>
</kw>
<kw name="Wait For Page Load" library="GeneralPage">
<kw name="Sleep" library="BuiltIn">
<doc>Pauses the test executed for the given time.</doc>
<arguments>
<arg>${PAGE LOAD TIMEOUT}</arg>
</arguments>
<msg timestamp="20200107 14:25:59.832" level="INFO">Slept 1 second</msg>
<status status="PASS" starttime="20200107 14:25:58.830" endtime="20200107 14:25:59.832"></status>
</kw>
<status status="PASS" starttime="20200107 14:25:58.830" endtime="20200107 14:25:59.832"></status>
</kw>
<status status="PASS" starttime="20200107 14:25:58.779" endtime="20200107 14:25:59.832"></status>
</kw>
<kw name="Then Bulk Patching Screen Should Be &quot;appeared&quot;" library="BulkPatchingDefinitions">
<kw name="Convert To Lowercase" library="String">
<doc>Converts string to lowercase.</doc>
<arguments>
<arg>${status}</arg>
</arguments>
<assign>
<var>${temp status}</var>
</assign>
<msg timestamp="20200107 14:25:59.834" level="INFO">${temp status} = appeared</msg>
<status status="PASS" starttime="20200107 14:25:59.833" endtime="20200107 14:25:59.834"></status>
</kw>
<kw name="Run Keyword If" library="BuiltIn">
<doc>Runs the given keyword with the given arguments, if ``condition`` is true.</doc>
<arguments>
<arg>'${temp status}' == 'appeared'</arg>
<arg>Run Keyword And Continue On Failure</arg>
<arg>Page Should Contain Element</arg>
<arg>${lblBulk Patching Title}</arg>
<arg>ELSE IF</arg>
<arg>'${temp status}' == 'disappeared'</arg>
<arg>Run Keyword And Continue On Failure</arg>
<arg>Page Should Not Contain Element</arg>
<arg>${lblBulk Patching Title}</arg>
</arguments>
<kw name="Run Keyword And Continue On Failure" library="BuiltIn">
<doc>Runs the keyword and continues execution even if a failure occurs.</doc>
<arguments>
<arg>Page Should Contain Element</arg>
<arg>${lblBulk Patching Title}</arg>
</arguments>
<kw name="Page Should Contain Element" library="SeleniumLibrary">
<doc>Verifies that element ``locator`` is found on the current page.</doc>
<arguments>
<arg>${lblBulk Patching Title}</arg>
</arguments>
<msg timestamp="20200107 14:25:59.849" level="INFO">Current page contains element '//div[@id='bulk-patch-title' and @style='display: block;']'.</msg>
<status status="PASS" starttime="20200107 14:25:59.835" endtime="20200107 14:25:59.849"></status>
</kw>
<status status="PASS" starttime="20200107 14:25:59.834" endtime="20200107 14:25:59.849"></status>
</kw>
<status status="PASS" starttime="20200107 14:25:59.834" endtime="20200107 14:25:59.849"></status>
</kw>
<status status="PASS" starttime="20200107 14:25:59.833" endtime="20200107 14:25:59.850"></status>
</kw>
<kw name="When Exit Screen" library="GeneralPage">
<kw name="Click Web Button" library="GeneralPage">
<arguments>
<arg>${btnExit}</arg>
</arguments>
<kw name="Get Element Count" library="SeleniumLibrary">
<doc>Returns the number of elements matching ``locator``.</doc>
<arguments>
<arg>${btnName}</arg>
</arguments>
<assign>
<var>${button exist}</var>
</assign>
<msg timestamp="20200107 14:25:59.859" level="INFO">${button exist} = 1</msg>
<status status="PASS" starttime="20200107 14:25:59.851" endtime="20200107 14:25:59.859"></status>
</kw>
<kw name="Run Keyword If" library="BuiltIn">
<doc>Runs the given keyword with the given arguments, if ``condition`` is true.</doc>
<arguments>
<arg>${button exist} == 1</arg>
<arg>Run Keyword And Continue On Failure</arg>
<arg>Run Keywords</arg>
<arg>Click Element</arg>
<arg>${btnName}</arg>
<arg>AND</arg>
<arg>Wait For Page Load</arg>
</arguments>
<kw name="Run Keyword And Continue On Failure" library="BuiltIn">
<doc>Runs the keyword and continues execution even if a failure occurs.</doc>
<arguments>
<arg>Run Keywords</arg>
<arg>Click Element</arg>
<arg>${btnName}</arg>
<arg>AND</arg>
<arg>Wait For Page Load</arg>
</arguments>
<kw name="Run Keywords" library="BuiltIn">
<doc>Executes all the given keywords in a sequence.</doc>
<arguments>
<arg>Click Element</arg>
<arg>${btnName}</arg>
<arg>AND</arg>
<arg>Wait For Page Load</arg>
</arguments>
<kw name="Click Element" library="SeleniumLibrary">
<doc>Click the element identified by ``locator``.</doc>
<arguments>
<arg>${btnName}</arg>
</arguments>
<msg timestamp="20200107 14:25:59.861" level="INFO">Clicking element '//div[@id='exit-footer' and @style='display: block;']/div[@id='exit-button']'.</msg>
<status status="PASS" starttime="20200107 14:25:59.861" endtime="20200107 14:25:59.909"></status>
</kw>
<kw name="Wait For Page Load" library="GeneralPage">
<kw name="Sleep" library="BuiltIn">
<doc>Pauses the test executed for the given time.</doc>
<arguments>
<arg>${PAGE LOAD TIMEOUT}</arg>
</arguments>
<msg timestamp="20200107 14:26:00.912" level="INFO">Slept 1 second</msg>
<status status="PASS" starttime="20200107 14:25:59.910" endtime="20200107 14:26:00.912"></status>
</kw>
<status status="PASS" starttime="20200107 14:25:59.909" endtime="20200107 14:26:00.912"></status>
</kw>
<status status="PASS" starttime="20200107 14:25:59.860" endtime="20200107 14:26:00.912"></status>
</kw>
<status status="PASS" starttime="20200107 14:25:59.860" endtime="20200107 14:26:00.912"></status>
</kw>
<status status="PASS" starttime="20200107 14:25:59.859" endtime="20200107 14:26:00.912"></status>
</kw>
<status status="PASS" starttime="20200107 14:25:59.850" endtime="20200107 14:26:00.912"></status>
</kw>
<kw name="Wait For Page Load" library="GeneralPage">
<kw name="Sleep" library="BuiltIn">
<doc>Pauses the test executed for the given time.</doc>
<arguments>
<arg>${PAGE LOAD TIMEOUT}</arg>
</arguments>
<msg timestamp="20200107 14:26:01.913" level="INFO">Slept 1 second</msg>
<status status="PASS" starttime="20200107 14:26:00.913" endtime="20200107 14:26:01.913"></status>
</kw>
<status status="PASS" starttime="20200107 14:26:00.912" endtime="20200107 14:26:01.913"></status>
</kw>
<status status="PASS" starttime="20200107 14:25:59.850" endtime="20200107 14:26:01.913"></status>
</kw>
<kw name="Then Home Screen Should Be Opened" library="HomePage">
<kw name="Run Keyword And Continue On Failure" library="BuiltIn">
<doc>Runs the keyword and continues execution even if a failure occurs.</doc>
<arguments>
<arg>Page Should Contain Element</arg>
<arg>${lblimVisionX}</arg>
</arguments>
<kw name="Page Should Contain Element" library="SeleniumLibrary">
<doc>Verifies that element ``locator`` is found on the current page.</doc>
<arguments>
<arg>${lblimVisionX}</arg>
</arguments>
<msg timestamp="20200107 14:26:01.929" level="INFO">Current page contains element '//div[@style='display: block;']/div[@id='imvision_tab']/div[contains(text(),'imVision X')]'.</msg>
<status status="PASS" starttime="20200107 14:26:01.915" endtime="20200107 14:26:01.929"></status>
</kw>
<status status="PASS" starttime="20200107 14:26:01.915" endtime="20200107 14:26:01.929"></status>
</kw>
<status status="PASS" starttime="20200107 14:26:01.914" endtime="20200107 14:26:01.929"></status>
</kw>
<status status="PASS" starttime="20200107 14:25:58.778" endtime="20200107 14:26:01.930" critical="yes"></status>
</test>
<kw name="Set Web UI to Stand By State and Close Current Browser" library="GeneralPage" type="teardown">
<kw name="Get Element Count" library="SeleniumLibrary">
<doc>Returns the number of elements matching ``locator``.</doc>
<arguments>
<arg>${btnExit}</arg>
</arguments>
<assign>
<var>${count Exit button}</var>
</assign>
<msg timestamp="20200107 14:26:01.945" level="INFO">${count Exit button} = 0</msg>
<status status="PASS" starttime="20200107 14:26:01.933" endtime="20200107 14:26:01.945"></status>
</kw>
<kw name="Run Keyword If" library="BuiltIn">
<doc>Runs the given keyword with the given arguments, if ``condition`` is true.</doc>
<arguments>
<arg>${count Exit button} &gt; 0</arg>
<arg>Exit Screen</arg>
</arguments>
<status status="PASS" starttime="20200107 14:26:01.946" endtime="20200107 14:26:01.946"></status>
</kw>
<kw name="Get Element Count" library="SeleniumLibrary">
<doc>Returns the number of elements matching ``locator``.</doc>
<arguments>
<arg>${lblimVisionX}</arg>
</arguments>
<assign>
<var>${count Home screen}</var>
</assign>
<msg timestamp="20200107 14:26:01.959" level="INFO">${count Home screen} = 1</msg>
<status status="PASS" starttime="20200107 14:26:01.947" endtime="20200107 14:26:01.959"></status>
</kw>
<kw name="Run Keyword If" library="BuiltIn">
<doc>Runs the given keyword with the given arguments, if ``condition`` is true.</doc>
<arguments>
<arg>${count Home screen} &gt; 0</arg>
<arg>Run Keywords</arg>
<arg>Click Web Button</arg>
<arg>${btnHome}</arg>
<arg>AND</arg>
<arg>Wait For Page Load</arg>
</arguments>
<kw name="Run Keywords" library="BuiltIn">
<doc>Executes all the given keywords in a sequence.</doc>
<arguments>
<arg>Click Web Button</arg>
<arg>${btnHome}</arg>
<arg>AND</arg>
<arg>Wait For Page Load</arg>
</arguments>
<kw name="Click Web Button" library="GeneralPage">
<arguments>
<arg>${btnHome}</arg>
</arguments>
<kw name="Get Element Count" library="SeleniumLibrary">
<doc>Returns the number of elements matching ``locator``.</doc>
<arguments>
<arg>${btnName}</arg>
</arguments>
<assign>
<var>${button exist}</var>
</assign>
<msg timestamp="20200107 14:26:01.968" level="INFO">${button exist} = 1</msg>
<status status="PASS" starttime="20200107 14:26:01.961" endtime="20200107 14:26:01.968"></status>
</kw>
<kw name="Run Keyword If" library="BuiltIn">
<doc>Runs the given keyword with the given arguments, if ``condition`` is true.</doc>
<arguments>
<arg>${button exist} == 1</arg>
<arg>Run Keyword And Continue On Failure</arg>
<arg>Run Keywords</arg>
<arg>Click Element</arg>
<arg>${btnName}</arg>
<arg>AND</arg>
<arg>Wait For Page Load</arg>
</arguments>
<kw name="Run Keyword And Continue On Failure" library="BuiltIn">
<doc>Runs the keyword and continues execution even if a failure occurs.</doc>
<arguments>
<arg>Run Keywords</arg>
<arg>Click Element</arg>
<arg>${btnName}</arg>
<arg>AND</arg>
<arg>Wait For Page Load</arg>
</arguments>
<kw name="Run Keywords" library="BuiltIn">
<doc>Executes all the given keywords in a sequence.</doc>
<arguments>
<arg>Click Element</arg>
<arg>${btnName}</arg>
<arg>AND</arg>
<arg>Wait For Page Load</arg>
</arguments>
<kw name="Click Element" library="SeleniumLibrary">
<doc>Click the element identified by ``locator``.</doc>
<arguments>
<arg>${btnName}</arg>
</arguments>
<msg timestamp="20200107 14:26:01.970" level="INFO">Clicking element '//div[@id='home-lang']'.</msg>
<status status="PASS" starttime="20200107 14:26:01.970" endtime="20200107 14:26:02.000"></status>
</kw>
<kw name="Wait For Page Load" library="GeneralPage">
<kw name="Sleep" library="BuiltIn">
<doc>Pauses the test executed for the given time.</doc>
<arguments>
<arg>${PAGE LOAD TIMEOUT}</arg>
</arguments>
<msg timestamp="20200107 14:26:03.001" level="INFO">Slept 1 second</msg>
<status status="PASS" starttime="20200107 14:26:02.001" endtime="20200107 14:26:03.001"></status>
</kw>
<status status="PASS" starttime="20200107 14:26:02.000" endtime="20200107 14:26:03.001"></status>
</kw>
<status status="PASS" starttime="20200107 14:26:01.969" endtime="20200107 14:26:03.001"></status>
</kw>
<status status="PASS" starttime="20200107 14:26:01.969" endtime="20200107 14:26:03.001"></status>
</kw>
<status status="PASS" starttime="20200107 14:26:01.969" endtime="20200107 14:26:03.001"></status>
</kw>
<status status="PASS" starttime="20200107 14:26:01.960" endtime="20200107 14:26:03.001"></status>
</kw>
<kw name="Wait For Page Load" library="GeneralPage">
<kw name="Sleep" library="BuiltIn">
<doc>Pauses the test executed for the given time.</doc>
<arguments>
<arg>${PAGE LOAD TIMEOUT}</arg>
</arguments>
<msg timestamp="20200107 14:26:04.004" level="INFO">Slept 1 second</msg>
<status status="PASS" starttime="20200107 14:26:03.002" endtime="20200107 14:26:04.004"></status>
</kw>
<status status="PASS" starttime="20200107 14:26:03.001" endtime="20200107 14:26:04.004"></status>
</kw>
<status status="PASS" starttime="20200107 14:26:01.960" endtime="20200107 14:26:04.004"></status>
</kw>
<status status="PASS" starttime="20200107 14:26:01.959" endtime="20200107 14:26:04.004"></status>
</kw>
<kw name="Close Browser" library="SeleniumLibrary">
<doc>Closes the current browser.</doc>
<status status="PASS" starttime="20200107 14:26:04.005" endtime="20200107 14:26:06.562"></status>
</kw>
<status status="PASS" starttime="20200107 14:26:01.932" endtime="20200107 14:26:06.563"></status>
</kw>
<status status="PASS" starttime="20200107 14:25:46.527" endtime="20200107 14:26:06.563"></status>
</suite>
<statistics>
<total>
<stat pass="1" fail="0">Critical Tests</stat>
<stat pass="1" fail="0">All Tests</stat>
</total>
<tag>
</tag>
<suite>
<stat pass="1" fail="0" id="s1" name="1.CheckBulkPatchingbutton">1.CheckBulkPatchingbutton</stat>
</suite>
</statistics>
<errors>
<msg timestamp="20200107 14:25:46.732" level="ERROR">Error in file 'D:\RobotFW_program\BulkPatching_Robot\BulkPatching_Robot\Test_Definitions\Test_Pages\HomePage.robot': Resource file '..\..\Test Resources\Profiles\Constant.robot' does not exist.</msg>
<msg timestamp="20200107 14:25:46.733" level="ERROR">Error in file 'D:\RobotFW_program\BulkPatching_Robot\BulkPatching_Robot\Test_Definitions\Test_Pages\HomePage.robot': Resource file 'General Page.robot' does not exist.</msg>
</errors>
</robot>
