<?xml version="1.0" encoding="UTF-8"?>
<robot generator="Robot 3.1.2 (Python 3.8.0 on win32)" generated="20191110 16:15:29.042" rpa="false">
<suite id="s1" name="BulkPatching Robot" source="D:\RobotFW_program\BulkPatching_Robot\BulkPatching_Robot">
<suite id="s1-s1" name="TestSuit1" source="D:\RobotFW_program\BulkPatching_Robot\BulkPatching_Robot\TestSuit1.robot">
<test id="s1-s1-t1" name="Check Bulk Patching Button">
<kw name="Open WebUI Screen" library="Bulk Patching definitions">
<arguments>
<arg>${HOST}</arg>
</arguments>
<kw name="Catenate" library="BuiltIn">
<doc>Catenates the given items together and returns the resulted string.</doc>
<arguments>
<arg>SEPARATOR=</arg>
<arg>http://</arg>
<arg>${Host Name}</arg>
<arg>:8888</arg>
</arguments>
<assign>
<var>${WebUI url}</var>
</assign>
<msg timestamp="20191110 16:15:29.261" level="INFO">${WebUI url} = http://192.168.171.201:8888</msg>
<status status="PASS" starttime="20191110 16:15:29.261" endtime="20191110 16:15:29.261"></status>
</kw>
<kw name="Open Browser" library="SeleniumLibrary">
<doc>Opens a new browser instance to the optional ``url``.</doc>
<arguments>
<arg>${WebUI url}</arg>
<arg>${BROWSER}</arg>
</arguments>
<msg timestamp="20191110 16:15:29.261" level="INFO">Opening browser 'Chrome' to base url 'http://192.168.171.201:8888'.</msg>
<status status="PASS" starttime="20191110 16:15:29.261" endtime="20191110 16:15:37.542"></status>
</kw>
<status status="PASS" starttime="20191110 16:15:29.261" endtime="20191110 16:15:37.544"></status>
</kw>
<status status="PASS" starttime="20191110 16:15:29.261" endtime="20191110 16:15:37.545" critical="yes"></status>
</test>
<status status="PASS" starttime="20191110 16:15:29.092" endtime="20191110 16:15:37.547"></status>
</suite>
<status status="PASS" starttime="20191110 16:15:29.062" endtime="20191110 16:15:37.553"></status>
</suite>
<statistics>
<total>
<stat pass="1" fail="0">Critical Tests</stat>
<stat pass="1" fail="0">All Tests</stat>
</total>
<tag>
</tag>
<suite>
<stat pass="1" fail="0" id="s1" name="BulkPatching Robot">BulkPatching Robot</stat>
<stat pass="1" fail="0" id="s1-s1" name="TestSuit1">BulkPatching Robot.TestSuit1</stat>
</suite>
</statistics>
<errors>
</errors>
</robot>
