<?xml version="1.0" encoding="UTF-8"?>
<robot generator="Robot 3.1.2 (Python 3.8.0 on win32)" generated="20191112 10:36:47.046" rpa="false">
<suite id="s1" name="BulkPatching Robot" source="D:\RobotFW_program\BulkPatching_Robot\BulkPatching_Robot">
<suite id="s1-s1" name="Test Resources" source="D:\RobotFW_program\BulkPatching_Robot\BulkPatching_Robot\Test Resources">
<suite id="s1-s1-s1" name="Test Suites" source="D:\RobotFW_program\BulkPatching_Robot\BulkPatching_Robot\Test Resources\Test Suites">
<suite id="s1-s1-s1-s1" name="2. Insert All End As" source="D:\RobotFW_program\BulkPatching_Robot\BulkPatching_Robot\Test Resources\Test Suites\2. Insert All End As">
<suite id="s1-s1-s1-s1-s1" name="2.1. Check header of End A and End B when openning Bulk Patching screen firstly" source="D:\RobotFW_program\BulkPatching_Robot\BulkPatching_Robot\Test Resources\Test Suites\2. Insert All End As\2.1. Check header of End A and End B when openning Bulk Patching screen firstly.robot">
<test id="s1-s1-s1-s1-s1-t1" name="INSERT_END_A_01_04_Verify that imVision X shows correctly after selecting Bulk Patching button on the home page if observing the help text on Display of ImVisionX">
<kw name="Open WebUI And Go To Home Screen" library="General definitions" type="setup">
<kw name="Catenate" library="BuiltIn">
<doc>Catenates the given items together and returns the resulted string.</doc>
<arguments>
<arg>SEPARATOR=</arg>
<arg>http://</arg>
<arg>${HOST}</arg>
<arg>:8888</arg>
</arguments>
<assign>
<var>${WebUI url}</var>
</assign>
<msg timestamp="20191112 10:36:47.337" level="INFO">${WebUI url} = http://192.168.171.201:8888</msg>
<status status="PASS" starttime="20191112 10:36:47.337" endtime="20191112 10:36:47.338"></status>
</kw>
<kw name="Open Browser" library="SeleniumLibrary">
<doc>Opens a new browser instance to the optional ``url``.</doc>
<arguments>
<arg>${WebUI url}</arg>
<arg>${BROWSER}</arg>
</arguments>
<msg timestamp="20191112 10:36:47.338" level="INFO">Opening browser 'Chrome' to base url 'http://192.168.171.201:8888'.</msg>
<status status="PASS" starttime="20191112 10:36:47.338" endtime="20191112 10:36:51.545"></status>
</kw>
<kw name="Maximize Browser Window" library="SeleniumLibrary">
<doc>Maximizes current browser window.</doc>
<status status="PASS" starttime="20191112 10:36:51.545" endtime="20191112 10:36:52.682"></status>
</kw>
<kw name="Sleep" library="BuiltIn">
<doc>Pauses the test executed for the given time.</doc>
<arguments>
<arg>${PAGE LOAD TIMEOUT}</arg>
</arguments>
<msg timestamp="20191112 10:36:53.684" level="INFO">Slept 1 second</msg>
<status status="PASS" starttime="20191112 10:36:52.683" endtime="20191112 10:36:53.684"></status>
</kw>
<kw name="Set Web UI to Stand By State" library="General definitions">
<kw name="Get Element Count" library="SeleniumLibrary">
<doc>Returns the number of elements matching ``locator``.</doc>
<arguments>
<arg>${btnExit}</arg>
</arguments>
<assign>
<var>${count Exit button}</var>
</assign>
<msg timestamp="20191112 10:36:53.715" level="INFO">${count Exit button} = 0</msg>
<status status="PASS" starttime="20191112 10:36:53.687" endtime="20191112 10:36:53.715"></status>
</kw>
<kw name="Run Keyword If" library="BuiltIn">
<doc>Runs the given keyword with the given arguments, if ``condition`` is true.</doc>
<arguments>
<arg>${count Exit button} &gt; 0</arg>
<arg>Exit Screen</arg>
</arguments>
<status status="PASS" starttime="20191112 10:36:53.716" endtime="20191112 10:36:53.717"></status>
</kw>
<kw name="Get Element Count" library="SeleniumLibrary">
<doc>Returns the number of elements matching ``locator``.</doc>
<arguments>
<arg>${lblimVisionX}</arg>
</arguments>
<assign>
<var>${count Home screen}</var>
</assign>
<msg timestamp="20191112 10:36:53.744" level="INFO">${count Home screen} = 0</msg>
<status status="PASS" starttime="20191112 10:36:53.718" endtime="20191112 10:36:53.744"></status>
</kw>
<kw name="Run Keyword If" library="BuiltIn">
<doc>Runs the given keyword with the given arguments, if ``condition`` is true.</doc>
<arguments>
<arg>${count Home screen} &gt; 0</arg>
<arg>Run Keywords</arg>
<arg>Click Web Button</arg>
<arg>${btnHome}</arg>
<arg>AND</arg>
<arg>Wait For Page Load</arg>
</arguments>
<status status="PASS" starttime="20191112 10:36:53.745" endtime="20191112 10:36:53.746"></status>
</kw>
<status status="PASS" starttime="20191112 10:36:53.685" endtime="20191112 10:36:53.746"></status>
</kw>
<kw name="Go To Home Screen" library="General definitions">
<kw name="Click Web Button" library="General definitions">
<arguments>
<arg>${btnHome}</arg>
</arguments>
<kw name="Click Element" library="SeleniumLibrary">
<doc>Click the element identified by ``locator``.</doc>
<arguments>
<arg>${btnName}</arg>
</arguments>
<msg timestamp="20191112 10:36:53.750" level="INFO">Clicking element '//div[@id='home-lang']'.</msg>
<status status="PASS" starttime="20191112 10:36:53.749" endtime="20191112 10:36:53.835"></status>
</kw>
<status status="PASS" starttime="20191112 10:36:53.748" endtime="20191112 10:36:53.835"></status>
</kw>
<kw name="Wait For Page Load" library="General definitions">
<kw name="Sleep" library="BuiltIn">
<doc>Pauses the test executed for the given time.</doc>
<arguments>
<arg>${PAGE LOAD TIMEOUT}</arg>
</arguments>
<msg timestamp="20191112 10:36:54.837" level="INFO">Slept 1 second</msg>
<status status="PASS" starttime="20191112 10:36:53.836" endtime="20191112 10:36:54.838"></status>
</kw>
<status status="PASS" starttime="20191112 10:36:53.835" endtime="20191112 10:36:54.839"></status>
</kw>
<status status="PASS" starttime="20191112 10:36:53.747" endtime="20191112 10:36:54.840"></status>
</kw>
<status status="PASS" starttime="20191112 10:36:47.336" endtime="20191112 10:36:54.841"></status>
</kw>
<kw name="Given Go To Bulk Patching Screen" library="Home definitions">
<kw name="Click Element" library="SeleniumLibrary">
<doc>Click the element identified by ``locator``.</doc>
<arguments>
<arg>${btnBulk Patching}</arg>
</arguments>
<msg timestamp="20191112 10:36:54.845" level="INFO">Clicking element '//input[@id='bulk-patch-btn']'.</msg>
<status status="PASS" starttime="20191112 10:36:54.844" endtime="20191112 10:36:54.948"></status>
</kw>
<kw name="Wait For Page Load" library="General definitions">
<kw name="Sleep" library="BuiltIn">
<doc>Pauses the test executed for the given time.</doc>
<arguments>
<arg>${PAGE LOAD TIMEOUT}</arg>
</arguments>
<msg timestamp="20191112 10:36:55.951" level="INFO">Slept 1 second</msg>
<status status="PASS" starttime="20191112 10:36:54.949" endtime="20191112 10:36:55.951"></status>
</kw>
<status status="PASS" starttime="20191112 10:36:54.949" endtime="20191112 10:36:55.951"></status>
</kw>
<status status="PASS" starttime="20191112 10:36:54.843" endtime="20191112 10:36:55.952"></status>
</kw>
<kw name="Then The Help Text Is &quot;${txtInsertAllEndAPlugs}&quot;" library="Bulk Patching definitions">
<kw name="Log" library="BuiltIn">
<doc>Logs the given message with the given level.</doc>
<arguments>
<arg>${helptext}</arg>
</arguments>
<msg timestamp="20191112 10:36:55.953" level="INFO">Insert all End A plugs, then select End B.</msg>
<status status="PASS" starttime="20191112 10:36:55.953" endtime="20191112 10:36:55.954"></status>
</kw>
<kw name="Get Text" library="SeleniumLibrary">
<doc>Returns the text value of the element identified by ``locator``.</doc>
<arguments>
<arg>${lblHelpText}</arg>
</arguments>
<assign>
<var>${get helptext}</var>
</assign>
<msg timestamp="20191112 10:36:55.979" level="INFO">${get helptext} = Insert all End A plugs, then select End B.</msg>
<status status="PASS" starttime="20191112 10:36:55.954" endtime="20191112 10:36:55.979"></status>
</kw>
<kw name="Should Be Equal" library="BuiltIn">
<doc>Fails if the given objects are unequal.</doc>
<arguments>
<arg>${helptext}</arg>
<arg>${get helptext}</arg>
<arg>msg="The helptext is not matched the checked value!!!"</arg>
</arguments>
<status status="PASS" starttime="20191112 10:36:55.979" endtime="20191112 10:36:55.980"></status>
</kw>
<status status="PASS" starttime="20191112 10:36:55.952" endtime="20191112 10:36:55.980"></status>
</kw>
<kw name="Set Web UI to Stand By State and Close Current Browser" library="General definitions" type="teardown">
<kw name="Get Element Count" library="SeleniumLibrary">
<doc>Returns the number of elements matching ``locator``.</doc>
<arguments>
<arg>${btnExit}</arg>
</arguments>
<assign>
<var>${count Exit button}</var>
</assign>
<msg timestamp="20191112 10:36:55.989" level="INFO">${count Exit button} = 1</msg>
<status status="PASS" starttime="20191112 10:36:55.981" endtime="20191112 10:36:55.989"></status>
</kw>
<kw name="Run Keyword If" library="BuiltIn">
<doc>Runs the given keyword with the given arguments, if ``condition`` is true.</doc>
<arguments>
<arg>${count Exit button} &gt; 0</arg>
<arg>Exit Screen</arg>
</arguments>
<kw name="Exit Screen" library="General definitions">
<kw name="Click Web Button" library="General definitions">
<arguments>
<arg>${btnExit}</arg>
</arguments>
<kw name="Click Element" library="SeleniumLibrary">
<doc>Click the element identified by ``locator``.</doc>
<arguments>
<arg>${btnName}</arg>
</arguments>
<msg timestamp="20191112 10:36:55.991" level="INFO">Clicking element '//div[@id='exit-footer' and @style='display: block;']/div[@id='exit-button']'.</msg>
<status status="PASS" starttime="20191112 10:36:55.991" endtime="20191112 10:36:56.027"></status>
</kw>
<status status="PASS" starttime="20191112 10:36:55.991" endtime="20191112 10:36:56.028"></status>
</kw>
<kw name="Wait For Page Load" library="General definitions">
<kw name="Sleep" library="BuiltIn">
<doc>Pauses the test executed for the given time.</doc>
<arguments>
<arg>${PAGE LOAD TIMEOUT}</arg>
</arguments>
<msg timestamp="20191112 10:36:57.030" level="INFO">Slept 1 second</msg>
<status status="PASS" starttime="20191112 10:36:56.028" endtime="20191112 10:36:57.030"></status>
</kw>
<status status="PASS" starttime="20191112 10:36:56.028" endtime="20191112 10:36:57.030"></status>
</kw>
<status status="PASS" starttime="20191112 10:36:55.990" endtime="20191112 10:36:57.031"></status>
</kw>
<status status="PASS" starttime="20191112 10:36:55.990" endtime="20191112 10:36:57.031"></status>
</kw>
<kw name="Get Element Count" library="SeleniumLibrary">
<doc>Returns the number of elements matching ``locator``.</doc>
<arguments>
<arg>${lblimVisionX}</arg>
</arguments>
<assign>
<var>${count Home screen}</var>
</assign>
<msg timestamp="20191112 10:36:57.041" level="INFO">${count Home screen} = 1</msg>
<status status="PASS" starttime="20191112 10:36:57.031" endtime="20191112 10:36:57.041"></status>
</kw>
<kw name="Run Keyword If" library="BuiltIn">
<doc>Runs the given keyword with the given arguments, if ``condition`` is true.</doc>
<arguments>
<arg>${count Home screen} &gt; 0</arg>
<arg>Run Keywords</arg>
<arg>Click Web Button</arg>
<arg>${btnHome}</arg>
<arg>AND</arg>
<arg>Wait For Page Load</arg>
</arguments>
<kw name="Run Keywords" library="BuiltIn">
<doc>Executes all the given keywords in a sequence.</doc>
<arguments>
<arg>Click Web Button</arg>
<arg>${btnHome}</arg>
<arg>AND</arg>
<arg>Wait For Page Load</arg>
</arguments>
<kw name="Click Web Button" library="General definitions">
<arguments>
<arg>${btnHome}</arg>
</arguments>
<kw name="Click Element" library="SeleniumLibrary">
<doc>Click the element identified by ``locator``.</doc>
<arguments>
<arg>${btnName}</arg>
</arguments>
<msg timestamp="20191112 10:36:57.043" level="INFO">Clicking element '//div[@id='home-lang']'.</msg>
<status status="PASS" starttime="20191112 10:36:57.043" endtime="20191112 10:36:57.074"></status>
</kw>
<status status="PASS" starttime="20191112 10:36:57.042" endtime="20191112 10:36:57.074"></status>
</kw>
<kw name="Wait For Page Load" library="General definitions">
<kw name="Sleep" library="BuiltIn">
<doc>Pauses the test executed for the given time.</doc>
<arguments>
<arg>${PAGE LOAD TIMEOUT}</arg>
</arguments>
<msg timestamp="20191112 10:36:58.078" level="INFO">Slept 1 second</msg>
<status status="PASS" starttime="20191112 10:36:57.075" endtime="20191112 10:36:58.078"></status>
</kw>
<status status="PASS" starttime="20191112 10:36:57.075" endtime="20191112 10:36:58.078"></status>
</kw>
<status status="PASS" starttime="20191112 10:36:57.042" endtime="20191112 10:36:58.079"></status>
</kw>
<status status="PASS" starttime="20191112 10:36:57.041" endtime="20191112 10:36:58.079"></status>
</kw>
<kw name="Close Browser" library="SeleniumLibrary">
<doc>Closes the current browser.</doc>
<status status="PASS" starttime="20191112 10:36:58.079" endtime="20191112 10:37:00.223"></status>
</kw>
<status status="PASS" starttime="20191112 10:36:55.981" endtime="20191112 10:37:00.225"></status>
</kw>
<status status="PASS" starttime="20191112 10:36:47.335" endtime="20191112 10:37:00.226" critical="yes"></status>
</test>
<status status="PASS" starttime="20191112 10:36:47.105" endtime="20191112 10:37:00.229"></status>
</suite>
<status status="PASS" starttime="20191112 10:36:47.103" endtime="20191112 10:37:00.238"></status>
</suite>
<status status="PASS" starttime="20191112 10:36:47.101" endtime="20191112 10:37:00.241"></status>
</suite>
<status status="PASS" starttime="20191112 10:36:47.098" endtime="20191112 10:37:00.244"></status>
</suite>
<status status="PASS" starttime="20191112 10:36:47.074" endtime="20191112 10:37:00.246"></status>
</suite>
<statistics>
<total>
<stat pass="1" fail="0">Critical Tests</stat>
<stat pass="1" fail="0">All Tests</stat>
</total>
<tag>
</tag>
<suite>
<stat pass="1" fail="0" id="s1" name="BulkPatching Robot">BulkPatching Robot</stat>
<stat pass="1" fail="0" id="s1-s1" name="Test Resources">BulkPatching Robot.Test Resources</stat>
<stat pass="1" fail="0" id="s1-s1-s1" name="Test Suites">BulkPatching Robot.Test Resources.Test Suites</stat>
<stat pass="1" fail="0" id="s1-s1-s1-s1" name="2. Insert All End As">BulkPatching Robot.Test Resources.Test Suites.2. Insert All End As</stat>
<stat pass="1" fail="0" id="s1-s1-s1-s1-s1" name="2.1. Check header of End A and End B when openning Bulk Patching screen firstly">BulkPatching Robot.Test Resources.Test Suites.2. Insert All End As.2.1. Check header of End A and End B when openning Bulk Patching screen firstly</stat>
</suite>
</statistics>
<errors>
</errors>
</robot>
