<?xml version="1.0" encoding="UTF-8"?>
<robot generator="Robot 3.1.2 (Python 3.8.0 on win32)" generated="20191119 14:45:39.474" rpa="false">
<suite id="s1" name="BulkPatching Robot" source="D:\RobotFW_program\BulkPatching_Robot\BulkPatching_Robot">
<suite id="s1-s1" name="Test Resources" source="D:\RobotFW_program\BulkPatching_Robot\BulkPatching_Robot\Test Resources">
<suite id="s1-s1-s1" name="Test Suites" source="D:\RobotFW_program\BulkPatching_Robot\BulkPatching_Robot\Test Resources\Test Suites">
<suite id="s1-s1-s1-s1" name="2. Insert All End As" source="D:\RobotFW_program\BulkPatching_Robot\BulkPatching_Robot\Test Resources\Test Suites\2. Insert All End As">
<suite id="s1-s1-s1-s1-s1" name="2.1. Check header of End A and End B when openning Bulk Patching screen firstly" source="D:\RobotFW_program\BulkPatching_Robot\BulkPatching_Robot\Test Resources\Test Suites\2. Insert All End As\2.1. Check header of End A and End B when openning Bulk Patching screen firstly.robot">
<test id="s1-s1-s1-s1-s1-t1" name="INSERT_END_A_01_01_Verify that imVision X shows correctly after selecting Bulk Patching button on the home page if observing all ImVisionX Displays">
<kw name="Run Keywords" library="BuiltIn" type="setup">
<doc>Executes all the given keywords in a sequence.</doc>
<arguments>
<arg>Open SSH Connection and Login</arg>
<arg>Open WebUI And Go To Home Screen</arg>
</arguments>
<kw name="Open SSH Connection and Login" library="SSH definitions">
<kw name="Open Connection" library="SSHLibrary">
<doc>Opens a new SSH connection to the given ``host`` and ``port``.</doc>
<arguments>
<arg>${HOST}</arg>
</arguments>
<status status="PASS" starttime="20191119 14:45:39.924" endtime="20191119 14:45:39.928"></status>
</kw>
<kw name="Login" library="SSHLibrary">
<doc>Logs into the SSH server with the given ``username`` and ``password``.</doc>
<arguments>
<arg>${USERNAME}</arg>
<arg>${PASSWORD}</arg>
</arguments>
<msg timestamp="20191119 14:45:39.928" level="INFO">Logging into '192.168.171.201:22' as 'root'.</msg>
<msg timestamp="20191119 14:45:41.774" level="INFO">Read output: #</msg>
<status status="PASS" starttime="20191119 14:45:39.928" endtime="20191119 14:45:41.774"></status>
</kw>
<status status="PASS" starttime="20191119 14:45:39.924" endtime="20191119 14:45:41.774"></status>
</kw>
<kw name="Open WebUI And Go To Home Screen" library="General Page">
<kw name="Catenate" library="BuiltIn">
<doc>Catenates the given items together and returns the resulted string.</doc>
<arguments>
<arg>SEPARATOR=</arg>
<arg>http://</arg>
<arg>${HOST}</arg>
<arg>:8888</arg>
</arguments>
<assign>
<var>${WebUI url}</var>
</assign>
<msg timestamp="20191119 14:45:41.774" level="INFO">${WebUI url} = http://192.168.171.201:8888</msg>
<status status="PASS" starttime="20191119 14:45:41.774" endtime="20191119 14:45:41.774"></status>
</kw>
<kw name="Open Browser" library="SeleniumLibrary">
<doc>Opens a new browser instance to the optional ``url``.</doc>
<arguments>
<arg>${WebUI url}</arg>
<arg>${BROWSER}</arg>
</arguments>
<msg timestamp="20191119 14:45:41.774" level="INFO">Opening browser 'Chrome' to base url 'http://192.168.171.201:8888'.</msg>
<status status="PASS" starttime="20191119 14:45:41.774" endtime="20191119 14:45:48.377"></status>
</kw>
<kw name="Maximize Browser Window" library="SeleniumLibrary">
<doc>Maximizes current browser window.</doc>
<status status="PASS" starttime="20191119 14:45:48.378" endtime="20191119 14:45:49.514"></status>
</kw>
<kw name="Sleep" library="BuiltIn">
<doc>Pauses the test executed for the given time.</doc>
<arguments>
<arg>${PAGE LOAD TIMEOUT}</arg>
</arguments>
<msg timestamp="20191119 14:45:50.034" level="INFO">Slept 500 milliseconds</msg>
<status status="PASS" starttime="20191119 14:45:49.514" endtime="20191119 14:45:50.034"></status>
</kw>
<kw name="Set Web UI to Stand By State" library="General Page">
<kw name="Get Element Count" library="SeleniumLibrary">
<doc>Returns the number of elements matching ``locator``.</doc>
<arguments>
<arg>${btnExit}</arg>
</arguments>
<assign>
<var>${count Exit button}</var>
</assign>
<msg timestamp="20191119 14:45:50.044" level="INFO">${count Exit button} = 0</msg>
<status status="PASS" starttime="20191119 14:45:50.034" endtime="20191119 14:45:50.044"></status>
</kw>
<kw name="Run Keyword If" library="BuiltIn">
<doc>Runs the given keyword with the given arguments, if ``condition`` is true.</doc>
<arguments>
<arg>${count Exit button} &gt; 0</arg>
<arg>Exit Screen</arg>
</arguments>
<status status="PASS" starttime="20191119 14:45:50.044" endtime="20191119 14:45:50.044"></status>
</kw>
<kw name="Get Element Count" library="SeleniumLibrary">
<doc>Returns the number of elements matching ``locator``.</doc>
<arguments>
<arg>${btnCancel}</arg>
</arguments>
<assign>
<var>${count Cancel button}</var>
</assign>
<msg timestamp="20191119 14:45:50.058" level="INFO">${count Cancel button} = 0</msg>
<status status="PASS" starttime="20191119 14:45:50.044" endtime="20191119 14:45:50.058"></status>
</kw>
<kw name="Run Keyword If" library="BuiltIn">
<doc>Runs the given keyword with the given arguments, if ``condition`` is true.</doc>
<arguments>
<arg>${count Cancel button} &gt; 0</arg>
<arg>Exit Screen</arg>
</arguments>
<status status="PASS" starttime="20191119 14:45:50.058" endtime="20191119 14:45:50.058"></status>
</kw>
<kw name="Get Element Count" library="SeleniumLibrary">
<doc>Returns the number of elements matching ``locator``.</doc>
<arguments>
<arg>${lblimVisionX}</arg>
</arguments>
<assign>
<var>${count Home screen}</var>
</assign>
<msg timestamp="20191119 14:45:50.073" level="INFO">${count Home screen} = 0</msg>
<status status="PASS" starttime="20191119 14:45:50.058" endtime="20191119 14:45:50.073"></status>
</kw>
<kw name="Run Keyword If" library="BuiltIn">
<doc>Runs the given keyword with the given arguments, if ``condition`` is true.</doc>
<arguments>
<arg>${count Home screen} &gt; 0</arg>
<arg>Run Keywords</arg>
<arg>Click Web Button</arg>
<arg>${btnHome}</arg>
<arg>AND</arg>
<arg>Wait For Page Load</arg>
</arguments>
<status status="PASS" starttime="20191119 14:45:50.073" endtime="20191119 14:45:50.073"></status>
</kw>
<status status="PASS" starttime="20191119 14:45:50.034" endtime="20191119 14:45:50.073"></status>
</kw>
<kw name="Go To Home Screen" library="General Page">
<kw name="Click Web Button" library="General Page">
<arguments>
<arg>${btnHome}</arg>
</arguments>
<kw name="Click Element" library="SeleniumLibrary">
<doc>Click the element identified by ``locator``.</doc>
<arguments>
<arg>${btnName}</arg>
</arguments>
<msg timestamp="20191119 14:45:50.073" level="INFO">Clicking element '//div[@id='home-lang']'.</msg>
<status status="PASS" starttime="20191119 14:45:50.073" endtime="20191119 14:45:50.162"></status>
</kw>
<status status="PASS" starttime="20191119 14:45:50.073" endtime="20191119 14:45:50.162"></status>
</kw>
<kw name="Wait For Page Load" library="General Page">
<kw name="Sleep" library="BuiltIn">
<doc>Pauses the test executed for the given time.</doc>
<arguments>
<arg>${PAGE LOAD TIMEOUT}</arg>
</arguments>
<msg timestamp="20191119 14:45:50.673" level="INFO">Slept 500 milliseconds</msg>
<status status="PASS" starttime="20191119 14:45:50.163" endtime="20191119 14:45:50.673"></status>
</kw>
<status status="PASS" starttime="20191119 14:45:50.163" endtime="20191119 14:45:50.673"></status>
</kw>
<status status="PASS" starttime="20191119 14:45:50.073" endtime="20191119 14:45:50.673"></status>
</kw>
<status status="PASS" starttime="20191119 14:45:41.774" endtime="20191119 14:45:50.673"></status>
</kw>
<status status="PASS" starttime="20191119 14:45:39.924" endtime="20191119 14:45:50.673"></status>
</kw>
<kw name="Given Go To Bulk Patching Screen" library="Home Page">
<kw name="Click Element" library="SeleniumLibrary">
<doc>Click the element identified by ``locator``.</doc>
<arguments>
<arg>${btnBulk Patching}</arg>
</arguments>
<msg timestamp="20191119 14:45:50.673" level="INFO">Clicking element '//input[@id='bulk-patch-btn']'.</msg>
<status status="PASS" starttime="20191119 14:45:50.673" endtime="20191119 14:45:50.722"></status>
</kw>
<kw name="Wait For Page Load" library="General Page">
<kw name="Sleep" library="BuiltIn">
<doc>Pauses the test executed for the given time.</doc>
<arguments>
<arg>${PAGE LOAD TIMEOUT}</arg>
</arguments>
<msg timestamp="20191119 14:45:51.224" level="INFO">Slept 500 milliseconds</msg>
<status status="PASS" starttime="20191119 14:45:50.722" endtime="20191119 14:45:51.224"></status>
</kw>
<status status="PASS" starttime="20191119 14:45:50.722" endtime="20191119 14:45:51.224"></status>
</kw>
<status status="PASS" starttime="20191119 14:45:50.673" endtime="20191119 14:45:51.224"></status>
</kw>
<kw name="Then Bulk Patching Screen Should Be Opened" library="Bulk Patching Page">
<kw name="Page Should Contain Element" library="SeleniumLibrary">
<doc>Verifies that element ``locator`` is found on the current page.</doc>
<arguments>
<arg>${lblBulk Patching Title}</arg>
</arguments>
<msg timestamp="20191119 14:45:51.248" level="INFO">Current page contains element '//div[@id='bulk-patch-title' and @style='display: block;']'.</msg>
<status status="PASS" starttime="20191119 14:45:51.228" endtime="20191119 14:45:51.248"></status>
</kw>
<status status="PASS" starttime="20191119 14:45:51.228" endtime="20191119 14:45:51.248"></status>
</kw>
<kw name="Set Web UI to Stand By State and Close Current Browser" library="General Page" type="teardown">
<kw name="Get Element Count" library="SeleniumLibrary">
<doc>Returns the number of elements matching ``locator``.</doc>
<arguments>
<arg>${btnExit}</arg>
</arguments>
<assign>
<var>${count Exit button}</var>
</assign>
<msg timestamp="20191119 14:45:51.255" level="INFO">${count Exit button} = 1</msg>
<status status="PASS" starttime="20191119 14:45:51.255" endtime="20191119 14:45:51.255"></status>
</kw>
<kw name="Run Keyword If" library="BuiltIn">
<doc>Runs the given keyword with the given arguments, if ``condition`` is true.</doc>
<arguments>
<arg>${count Exit button} &gt; 0</arg>
<arg>Exit Screen</arg>
</arguments>
<kw name="Exit Screen" library="General Page">
<kw name="Click Web Button" library="General Page">
<arguments>
<arg>${btnExit}</arg>
</arguments>
<kw name="Click Element" library="SeleniumLibrary">
<doc>Click the element identified by ``locator``.</doc>
<arguments>
<arg>${btnName}</arg>
</arguments>
<msg timestamp="20191119 14:45:51.265" level="INFO">Clicking element '//div[@id='exit-footer' and @style='display: block;']/div[@id='exit-button']'.</msg>
<status status="PASS" starttime="20191119 14:45:51.265" endtime="20191119 14:45:51.308"></status>
</kw>
<status status="PASS" starttime="20191119 14:45:51.265" endtime="20191119 14:45:51.308"></status>
</kw>
<kw name="Wait For Page Load" library="General Page">
<kw name="Sleep" library="BuiltIn">
<doc>Pauses the test executed for the given time.</doc>
<arguments>
<arg>${PAGE LOAD TIMEOUT}</arg>
</arguments>
<msg timestamp="20191119 14:45:51.814" level="INFO">Slept 500 milliseconds</msg>
<status status="PASS" starttime="20191119 14:45:51.309" endtime="20191119 14:45:51.814"></status>
</kw>
<status status="PASS" starttime="20191119 14:45:51.308" endtime="20191119 14:45:51.814"></status>
</kw>
<status status="PASS" starttime="20191119 14:45:51.265" endtime="20191119 14:45:51.814"></status>
</kw>
<status status="PASS" starttime="20191119 14:45:51.264" endtime="20191119 14:45:51.814"></status>
</kw>
<kw name="Get Element Count" library="SeleniumLibrary">
<doc>Returns the number of elements matching ``locator``.</doc>
<arguments>
<arg>${lblimVisionX}</arg>
</arguments>
<assign>
<var>${count Home screen}</var>
</assign>
<msg timestamp="20191119 14:45:51.824" level="INFO">${count Home screen} = 1</msg>
<status status="PASS" starttime="20191119 14:45:51.814" endtime="20191119 14:45:51.824"></status>
</kw>
<kw name="Run Keyword If" library="BuiltIn">
<doc>Runs the given keyword with the given arguments, if ``condition`` is true.</doc>
<arguments>
<arg>${count Home screen} &gt; 0</arg>
<arg>Run Keywords</arg>
<arg>Click Web Button</arg>
<arg>${btnHome}</arg>
<arg>AND</arg>
<arg>Wait For Page Load</arg>
</arguments>
<kw name="Run Keywords" library="BuiltIn">
<doc>Executes all the given keywords in a sequence.</doc>
<arguments>
<arg>Click Web Button</arg>
<arg>${btnHome}</arg>
<arg>AND</arg>
<arg>Wait For Page Load</arg>
</arguments>
<kw name="Click Web Button" library="General Page">
<arguments>
<arg>${btnHome}</arg>
</arguments>
<kw name="Click Element" library="SeleniumLibrary">
<doc>Click the element identified by ``locator``.</doc>
<arguments>
<arg>${btnName}</arg>
</arguments>
<msg timestamp="20191119 14:45:51.824" level="INFO">Clicking element '//div[@id='home-lang']'.</msg>
<status status="PASS" starttime="20191119 14:45:51.824" endtime="20191119 14:45:51.870"></status>
</kw>
<status status="PASS" starttime="20191119 14:45:51.824" endtime="20191119 14:45:51.870"></status>
</kw>
<kw name="Wait For Page Load" library="General Page">
<kw name="Sleep" library="BuiltIn">
<doc>Pauses the test executed for the given time.</doc>
<arguments>
<arg>${PAGE LOAD TIMEOUT}</arg>
</arguments>
<msg timestamp="20191119 14:45:52.374" level="INFO">Slept 500 milliseconds</msg>
<status status="PASS" starttime="20191119 14:45:51.871" endtime="20191119 14:45:52.375"></status>
</kw>
<status status="PASS" starttime="20191119 14:45:51.871" endtime="20191119 14:45:52.375"></status>
</kw>
<status status="PASS" starttime="20191119 14:45:51.824" endtime="20191119 14:45:52.377"></status>
</kw>
<status status="PASS" starttime="20191119 14:45:51.824" endtime="20191119 14:45:52.377"></status>
</kw>
<kw name="Close Browser" library="SeleniumLibrary">
<doc>Closes the current browser.</doc>
<status status="PASS" starttime="20191119 14:45:52.377" endtime="20191119 14:45:54.595"></status>
</kw>
<status status="PASS" starttime="20191119 14:45:51.255" endtime="20191119 14:45:54.595"></status>
</kw>
<status status="PASS" starttime="20191119 14:45:39.924" endtime="20191119 14:45:54.595" critical="yes"></status>
</test>
<test id="s1-s1-s1-s1-s1-t2" name="INSERT_END_A_01_02_Verify that imVision X shows correctly after selecting Bulk Patching button on the home page if observing the header of End A">
<kw name="Run Keywords" library="BuiltIn" type="setup">
<doc>Executes all the given keywords in a sequence.</doc>
<arguments>
<arg>Open SSH Connection and Login</arg>
<arg>Open WebUI And Go To Home Screen</arg>
</arguments>
<kw name="Open SSH Connection and Login" library="SSH definitions">
<kw name="Open Connection" library="SSHLibrary">
<doc>Opens a new SSH connection to the given ``host`` and ``port``.</doc>
<arguments>
<arg>${HOST}</arg>
</arguments>
<status status="PASS" starttime="20191119 14:45:54.608" endtime="20191119 14:45:54.608"></status>
</kw>
<kw name="Login" library="SSHLibrary">
<doc>Logs into the SSH server with the given ``username`` and ``password``.</doc>
<arguments>
<arg>${USERNAME}</arg>
<arg>${PASSWORD}</arg>
</arguments>
<msg timestamp="20191119 14:45:54.608" level="INFO">Logging into '192.168.171.201:22' as 'root'.</msg>
<msg timestamp="20191119 14:45:56.446" level="INFO">Read output: #</msg>
<status status="PASS" starttime="20191119 14:45:54.608" endtime="20191119 14:45:56.447"></status>
</kw>
<status status="PASS" starttime="20191119 14:45:54.608" endtime="20191119 14:45:56.448"></status>
</kw>
<kw name="Open WebUI And Go To Home Screen" library="General Page">
<kw name="Catenate" library="BuiltIn">
<doc>Catenates the given items together and returns the resulted string.</doc>
<arguments>
<arg>SEPARATOR=</arg>
<arg>http://</arg>
<arg>${HOST}</arg>
<arg>:8888</arg>
</arguments>
<assign>
<var>${WebUI url}</var>
</assign>
<msg timestamp="20191119 14:45:56.452" level="INFO">${WebUI url} = http://192.168.171.201:8888</msg>
<status status="PASS" starttime="20191119 14:45:56.451" endtime="20191119 14:45:56.453"></status>
</kw>
<kw name="Open Browser" library="SeleniumLibrary">
<doc>Opens a new browser instance to the optional ``url``.</doc>
<arguments>
<arg>${WebUI url}</arg>
<arg>${BROWSER}</arg>
</arguments>
<msg timestamp="20191119 14:45:56.456" level="INFO">Opening browser 'Chrome' to base url 'http://192.168.171.201:8888'.</msg>
<status status="PASS" starttime="20191119 14:45:56.454" endtime="20191119 14:46:00.826"></status>
</kw>
<kw name="Maximize Browser Window" library="SeleniumLibrary">
<doc>Maximizes current browser window.</doc>
<status status="PASS" starttime="20191119 14:46:00.827" endtime="20191119 14:46:01.954"></status>
</kw>
<kw name="Sleep" library="BuiltIn">
<doc>Pauses the test executed for the given time.</doc>
<arguments>
<arg>${PAGE LOAD TIMEOUT}</arg>
</arguments>
<msg timestamp="20191119 14:46:02.455" level="INFO">Slept 500 milliseconds</msg>
<status status="PASS" starttime="20191119 14:46:01.954" endtime="20191119 14:46:02.455"></status>
</kw>
<kw name="Set Web UI to Stand By State" library="General Page">
<kw name="Get Element Count" library="SeleniumLibrary">
<doc>Returns the number of elements matching ``locator``.</doc>
<arguments>
<arg>${btnExit}</arg>
</arguments>
<assign>
<var>${count Exit button}</var>
</assign>
<msg timestamp="20191119 14:46:02.505" level="INFO">${count Exit button} = 0</msg>
<status status="PASS" starttime="20191119 14:46:02.455" endtime="20191119 14:46:02.505"></status>
</kw>
<kw name="Run Keyword If" library="BuiltIn">
<doc>Runs the given keyword with the given arguments, if ``condition`` is true.</doc>
<arguments>
<arg>${count Exit button} &gt; 0</arg>
<arg>Exit Screen</arg>
</arguments>
<status status="PASS" starttime="20191119 14:46:02.505" endtime="20191119 14:46:02.506"></status>
</kw>
<kw name="Get Element Count" library="SeleniumLibrary">
<doc>Returns the number of elements matching ``locator``.</doc>
<arguments>
<arg>${btnCancel}</arg>
</arguments>
<assign>
<var>${count Cancel button}</var>
</assign>
<msg timestamp="20191119 14:46:02.526" level="INFO">${count Cancel button} = 0</msg>
<status status="PASS" starttime="20191119 14:46:02.506" endtime="20191119 14:46:02.526"></status>
</kw>
<kw name="Run Keyword If" library="BuiltIn">
<doc>Runs the given keyword with the given arguments, if ``condition`` is true.</doc>
<arguments>
<arg>${count Cancel button} &gt; 0</arg>
<arg>Exit Screen</arg>
</arguments>
<status status="PASS" starttime="20191119 14:46:02.526" endtime="20191119 14:46:02.526"></status>
</kw>
<kw name="Get Element Count" library="SeleniumLibrary">
<doc>Returns the number of elements matching ``locator``.</doc>
<arguments>
<arg>${lblimVisionX}</arg>
</arguments>
<assign>
<var>${count Home screen}</var>
</assign>
<msg timestamp="20191119 14:46:02.544" level="INFO">${count Home screen} = 0</msg>
<status status="PASS" starttime="20191119 14:46:02.526" endtime="20191119 14:46:02.544"></status>
</kw>
<kw name="Run Keyword If" library="BuiltIn">
<doc>Runs the given keyword with the given arguments, if ``condition`` is true.</doc>
<arguments>
<arg>${count Home screen} &gt; 0</arg>
<arg>Run Keywords</arg>
<arg>Click Web Button</arg>
<arg>${btnHome}</arg>
<arg>AND</arg>
<arg>Wait For Page Load</arg>
</arguments>
<status status="PASS" starttime="20191119 14:46:02.544" endtime="20191119 14:46:02.544"></status>
</kw>
<status status="PASS" starttime="20191119 14:46:02.455" endtime="20191119 14:46:02.544"></status>
</kw>
<kw name="Go To Home Screen" library="General Page">
<kw name="Click Web Button" library="General Page">
<arguments>
<arg>${btnHome}</arg>
</arguments>
<kw name="Click Element" library="SeleniumLibrary">
<doc>Click the element identified by ``locator``.</doc>
<arguments>
<arg>${btnName}</arg>
</arguments>
<msg timestamp="20191119 14:46:02.544" level="INFO">Clicking element '//div[@id='home-lang']'.</msg>
<status status="PASS" starttime="20191119 14:46:02.544" endtime="20191119 14:46:02.664"></status>
</kw>
<status status="PASS" starttime="20191119 14:46:02.544" endtime="20191119 14:46:02.665"></status>
</kw>
<kw name="Wait For Page Load" library="General Page">
<kw name="Sleep" library="BuiltIn">
<doc>Pauses the test executed for the given time.</doc>
<arguments>
<arg>${PAGE LOAD TIMEOUT}</arg>
</arguments>
<msg timestamp="20191119 14:46:03.185" level="INFO">Slept 500 milliseconds</msg>
<status status="PASS" starttime="20191119 14:46:02.668" endtime="20191119 14:46:03.185"></status>
</kw>
<status status="PASS" starttime="20191119 14:46:02.666" endtime="20191119 14:46:03.185"></status>
</kw>
<status status="PASS" starttime="20191119 14:46:02.544" endtime="20191119 14:46:03.187"></status>
</kw>
<status status="PASS" starttime="20191119 14:45:56.449" endtime="20191119 14:46:03.187"></status>
</kw>
<status status="PASS" starttime="20191119 14:45:54.605" endtime="20191119 14:46:03.187"></status>
</kw>
<kw name="Given Go To Bulk Patching Screen" library="Home Page">
<kw name="Click Element" library="SeleniumLibrary">
<doc>Click the element identified by ``locator``.</doc>
<arguments>
<arg>${btnBulk Patching}</arg>
</arguments>
<msg timestamp="20191119 14:46:03.195" level="INFO">Clicking element '//input[@id='bulk-patch-btn']'.</msg>
<status status="PASS" starttime="20191119 14:46:03.187" endtime="20191119 14:46:03.264"></status>
</kw>
<kw name="Wait For Page Load" library="General Page">
<kw name="Sleep" library="BuiltIn">
<doc>Pauses the test executed for the given time.</doc>
<arguments>
<arg>${PAGE LOAD TIMEOUT}</arg>
</arguments>
<msg timestamp="20191119 14:46:03.766" level="INFO">Slept 500 milliseconds</msg>
<status status="PASS" starttime="20191119 14:46:03.265" endtime="20191119 14:46:03.766"></status>
</kw>
<status status="PASS" starttime="20191119 14:46:03.264" endtime="20191119 14:46:03.766"></status>
</kw>
<status status="PASS" starttime="20191119 14:46:03.187" endtime="20191119 14:46:03.766"></status>
</kw>
<kw name="Then The Header of End A Is &quot;${active}&quot;" library="Bulk Patching definitions">
<kw name="Get Status of Tab End A" library="Bulk Patching Page">
<assign>
<var>${get status}</var>
</assign>
<kw name="Get Element Attribute" library="SeleniumLibrary">
<doc>Returns the value of ``attribute`` from the element ``locator``.</doc>
<arguments>
<arg>${tabEndA}</arg>
<arg>style</arg>
</arguments>
<assign>
<var>${output status}</var>
</assign>
<msg timestamp="20191119 14:46:03.787" level="INFO">${output status} = background: black;</msg>
<status status="PASS" starttime="20191119 14:46:03.768" endtime="20191119 14:46:03.787"></status>
</kw>
<kw name="Run Keyword If" library="BuiltIn">
<doc>Runs the given keyword with the given arguments, if ``condition`` is true.</doc>
<arguments>
<arg>'${output status}' == '${attribute tab active}'</arg>
<arg>Set Variable</arg>
<arg>"active"</arg>
<arg>ELSE IF</arg>
<arg>'${output status}' == '${attribute tab inactive}'</arg>
<arg>Set Variable</arg>
<arg>"inactive"</arg>
</arguments>
<assign>
<var>${status}</var>
</assign>
<kw name="Set Variable" library="BuiltIn">
<doc>Returns the given values which can then be assigned to a variables.</doc>
<arguments>
<arg>"active"</arg>
</arguments>
<status status="PASS" starttime="20191119 14:46:03.788" endtime="20191119 14:46:03.788"></status>
</kw>
<msg timestamp="20191119 14:46:03.788" level="INFO">${status} = "active"</msg>
<status status="PASS" starttime="20191119 14:46:03.787" endtime="20191119 14:46:03.789"></status>
</kw>
<msg timestamp="20191119 14:46:03.789" level="INFO">${get status} = "active"</msg>
<status status="PASS" starttime="20191119 14:46:03.767" endtime="20191119 14:46:03.789"></status>
</kw>
<kw name="Should Be Equal" library="BuiltIn">
<doc>Fails if the given objects are unequal.</doc>
<arguments>
<arg>${status}</arg>
<arg>${get status}</arg>
<arg>msg="Status of End A is not matched the checked value!!!"</arg>
</arguments>
<status status="PASS" starttime="20191119 14:46:03.789" endtime="20191119 14:46:03.790"></status>
</kw>
<status status="PASS" starttime="20191119 14:46:03.767" endtime="20191119 14:46:03.790"></status>
</kw>
<kw name="Set Web UI to Stand By State and Close Current Browser" library="General Page" type="teardown">
<kw name="Get Element Count" library="SeleniumLibrary">
<doc>Returns the number of elements matching ``locator``.</doc>
<arguments>
<arg>${btnExit}</arg>
</arguments>
<assign>
<var>${count Exit button}</var>
</assign>
<msg timestamp="20191119 14:46:03.799" level="INFO">${count Exit button} = 1</msg>
<status status="PASS" starttime="20191119 14:46:03.791" endtime="20191119 14:46:03.799"></status>
</kw>
<kw name="Run Keyword If" library="BuiltIn">
<doc>Runs the given keyword with the given arguments, if ``condition`` is true.</doc>
<arguments>
<arg>${count Exit button} &gt; 0</arg>
<arg>Exit Screen</arg>
</arguments>
<kw name="Exit Screen" library="General Page">
<kw name="Click Web Button" library="General Page">
<arguments>
<arg>${btnExit}</arg>
</arguments>
<kw name="Click Element" library="SeleniumLibrary">
<doc>Click the element identified by ``locator``.</doc>
<arguments>
<arg>${btnName}</arg>
</arguments>
<msg timestamp="20191119 14:46:03.801" level="INFO">Clicking element '//div[@id='exit-footer' and @style='display: block;']/div[@id='exit-button']'.</msg>
<status status="PASS" starttime="20191119 14:46:03.801" endtime="20191119 14:46:03.839"></status>
</kw>
<status status="PASS" starttime="20191119 14:46:03.800" endtime="20191119 14:46:03.840"></status>
</kw>
<kw name="Wait For Page Load" library="General Page">
<kw name="Sleep" library="BuiltIn">
<doc>Pauses the test executed for the given time.</doc>
<arguments>
<arg>${PAGE LOAD TIMEOUT}</arg>
</arguments>
<msg timestamp="20191119 14:46:04.342" level="INFO">Slept 500 milliseconds</msg>
<status status="PASS" starttime="20191119 14:46:03.841" endtime="20191119 14:46:04.342"></status>
</kw>
<status status="PASS" starttime="20191119 14:46:03.840" endtime="20191119 14:46:04.343"></status>
</kw>
<status status="PASS" starttime="20191119 14:46:03.800" endtime="20191119 14:46:04.344"></status>
</kw>
<status status="PASS" starttime="20191119 14:46:03.799" endtime="20191119 14:46:04.344"></status>
</kw>
<kw name="Get Element Count" library="SeleniumLibrary">
<doc>Returns the number of elements matching ``locator``.</doc>
<arguments>
<arg>${lblimVisionX}</arg>
</arguments>
<assign>
<var>${count Home screen}</var>
</assign>
<msg timestamp="20191119 14:46:04.363" level="INFO">${count Home screen} = 1</msg>
<status status="PASS" starttime="20191119 14:46:04.345" endtime="20191119 14:46:04.363"></status>
</kw>
<kw name="Run Keyword If" library="BuiltIn">
<doc>Runs the given keyword with the given arguments, if ``condition`` is true.</doc>
<arguments>
<arg>${count Home screen} &gt; 0</arg>
<arg>Run Keywords</arg>
<arg>Click Web Button</arg>
<arg>${btnHome}</arg>
<arg>AND</arg>
<arg>Wait For Page Load</arg>
</arguments>
<kw name="Run Keywords" library="BuiltIn">
<doc>Executes all the given keywords in a sequence.</doc>
<arguments>
<arg>Click Web Button</arg>
<arg>${btnHome}</arg>
<arg>AND</arg>
<arg>Wait For Page Load</arg>
</arguments>
<kw name="Click Web Button" library="General Page">
<arguments>
<arg>${btnHome}</arg>
</arguments>
<kw name="Click Element" library="SeleniumLibrary">
<doc>Click the element identified by ``locator``.</doc>
<arguments>
<arg>${btnName}</arg>
</arguments>
<msg timestamp="20191119 14:46:04.369" level="INFO">Clicking element '//div[@id='home-lang']'.</msg>
<status status="PASS" starttime="20191119 14:46:04.368" endtime="20191119 14:46:04.417"></status>
</kw>
<status status="PASS" starttime="20191119 14:46:04.367" endtime="20191119 14:46:04.418"></status>
</kw>
<kw name="Wait For Page Load" library="General Page">
<kw name="Sleep" library="BuiltIn">
<doc>Pauses the test executed for the given time.</doc>
<arguments>
<arg>${PAGE LOAD TIMEOUT}</arg>
</arguments>
<msg timestamp="20191119 14:46:04.934" level="INFO">Slept 500 milliseconds</msg>
<status status="PASS" starttime="20191119 14:46:04.419" endtime="20191119 14:46:04.934"></status>
</kw>
<status status="PASS" starttime="20191119 14:46:04.418" endtime="20191119 14:46:04.934"></status>
</kw>
<status status="PASS" starttime="20191119 14:46:04.365" endtime="20191119 14:46:04.934"></status>
</kw>
<status status="PASS" starttime="20191119 14:46:04.364" endtime="20191119 14:46:04.934"></status>
</kw>
<kw name="Close Browser" library="SeleniumLibrary">
<doc>Closes the current browser.</doc>
<status status="PASS" starttime="20191119 14:46:04.934" endtime="20191119 14:46:07.135"></status>
</kw>
<status status="PASS" starttime="20191119 14:46:03.790" endtime="20191119 14:46:07.135"></status>
</kw>
<status status="PASS" starttime="20191119 14:45:54.600" endtime="20191119 14:46:07.135" critical="yes"></status>
</test>
<test id="s1-s1-s1-s1-s1-t3" name="INSERT_END_A_01_03_Verify that imVision X shows correctly after selecting Bulk Patching button on the home page if observing the header of End B">
<kw name="Run Keywords" library="BuiltIn" type="setup">
<doc>Executes all the given keywords in a sequence.</doc>
<arguments>
<arg>Open SSH Connection and Login</arg>
<arg>Open WebUI And Go To Home Screen</arg>
</arguments>
<kw name="Open SSH Connection and Login" library="SSH definitions">
<kw name="Open Connection" library="SSHLibrary">
<doc>Opens a new SSH connection to the given ``host`` and ``port``.</doc>
<arguments>
<arg>${HOST}</arg>
</arguments>
<status status="PASS" starttime="20191119 14:46:07.148" endtime="20191119 14:46:07.148"></status>
</kw>
<kw name="Login" library="SSHLibrary">
<doc>Logs into the SSH server with the given ``username`` and ``password``.</doc>
<arguments>
<arg>${USERNAME}</arg>
<arg>${PASSWORD}</arg>
</arguments>
<msg timestamp="20191119 14:46:07.148" level="INFO">Logging into '192.168.171.201:22' as 'root'.</msg>
<msg timestamp="20191119 14:46:08.984" level="INFO">Read output: #</msg>
<status status="PASS" starttime="20191119 14:46:07.148" endtime="20191119 14:46:08.984"></status>
</kw>
<status status="PASS" starttime="20191119 14:46:07.144" endtime="20191119 14:46:08.984"></status>
</kw>
<kw name="Open WebUI And Go To Home Screen" library="General Page">
<kw name="Catenate" library="BuiltIn">
<doc>Catenates the given items together and returns the resulted string.</doc>
<arguments>
<arg>SEPARATOR=</arg>
<arg>http://</arg>
<arg>${HOST}</arg>
<arg>:8888</arg>
</arguments>
<assign>
<var>${WebUI url}</var>
</assign>
<msg timestamp="20191119 14:46:08.984" level="INFO">${WebUI url} = http://192.168.171.201:8888</msg>
<status status="PASS" starttime="20191119 14:46:08.984" endtime="20191119 14:46:08.984"></status>
</kw>
<kw name="Open Browser" library="SeleniumLibrary">
<doc>Opens a new browser instance to the optional ``url``.</doc>
<arguments>
<arg>${WebUI url}</arg>
<arg>${BROWSER}</arg>
</arguments>
<msg timestamp="20191119 14:46:08.984" level="INFO">Opening browser 'Chrome' to base url 'http://192.168.171.201:8888'.</msg>
<status status="PASS" starttime="20191119 14:46:08.984" endtime="20191119 14:46:13.069"></status>
</kw>
<kw name="Maximize Browser Window" library="SeleniumLibrary">
<doc>Maximizes current browser window.</doc>
<status status="PASS" starttime="20191119 14:46:13.069" endtime="20191119 14:46:14.196"></status>
</kw>
<kw name="Sleep" library="BuiltIn">
<doc>Pauses the test executed for the given time.</doc>
<arguments>
<arg>${PAGE LOAD TIMEOUT}</arg>
</arguments>
<msg timestamp="20191119 14:46:14.715" level="INFO">Slept 500 milliseconds</msg>
<status status="PASS" starttime="20191119 14:46:14.197" endtime="20191119 14:46:14.715"></status>
</kw>
<kw name="Set Web UI to Stand By State" library="General Page">
<kw name="Get Element Count" library="SeleniumLibrary">
<doc>Returns the number of elements matching ``locator``.</doc>
<arguments>
<arg>${btnExit}</arg>
</arguments>
<assign>
<var>${count Exit button}</var>
</assign>
<msg timestamp="20191119 14:46:14.753" level="INFO">${count Exit button} = 0</msg>
<status status="PASS" starttime="20191119 14:46:14.717" endtime="20191119 14:46:14.753"></status>
</kw>
<kw name="Run Keyword If" library="BuiltIn">
<doc>Runs the given keyword with the given arguments, if ``condition`` is true.</doc>
<arguments>
<arg>${count Exit button} &gt; 0</arg>
<arg>Exit Screen</arg>
</arguments>
<status status="PASS" starttime="20191119 14:46:14.753" endtime="20191119 14:46:14.758"></status>
</kw>
<kw name="Get Element Count" library="SeleniumLibrary">
<doc>Returns the number of elements matching ``locator``.</doc>
<arguments>
<arg>${btnCancel}</arg>
</arguments>
<assign>
<var>${count Cancel button}</var>
</assign>
<msg timestamp="20191119 14:46:14.775" level="INFO">${count Cancel button} = 0</msg>
<status status="PASS" starttime="20191119 14:46:14.758" endtime="20191119 14:46:14.775"></status>
</kw>
<kw name="Run Keyword If" library="BuiltIn">
<doc>Runs the given keyword with the given arguments, if ``condition`` is true.</doc>
<arguments>
<arg>${count Cancel button} &gt; 0</arg>
<arg>Exit Screen</arg>
</arguments>
<status status="PASS" starttime="20191119 14:46:14.775" endtime="20191119 14:46:14.775"></status>
</kw>
<kw name="Get Element Count" library="SeleniumLibrary">
<doc>Returns the number of elements matching ``locator``.</doc>
<arguments>
<arg>${lblimVisionX}</arg>
</arguments>
<assign>
<var>${count Home screen}</var>
</assign>
<msg timestamp="20191119 14:46:14.795" level="INFO">${count Home screen} = 0</msg>
<status status="PASS" starttime="20191119 14:46:14.775" endtime="20191119 14:46:14.795"></status>
</kw>
<kw name="Run Keyword If" library="BuiltIn">
<doc>Runs the given keyword with the given arguments, if ``condition`` is true.</doc>
<arguments>
<arg>${count Home screen} &gt; 0</arg>
<arg>Run Keywords</arg>
<arg>Click Web Button</arg>
<arg>${btnHome}</arg>
<arg>AND</arg>
<arg>Wait For Page Load</arg>
</arguments>
<status status="PASS" starttime="20191119 14:46:14.795" endtime="20191119 14:46:14.795"></status>
</kw>
<status status="PASS" starttime="20191119 14:46:14.715" endtime="20191119 14:46:14.795"></status>
</kw>
<kw name="Go To Home Screen" library="General Page">
<kw name="Click Web Button" library="General Page">
<arguments>
<arg>${btnHome}</arg>
</arguments>
<kw name="Click Element" library="SeleniumLibrary">
<doc>Click the element identified by ``locator``.</doc>
<arguments>
<arg>${btnName}</arg>
</arguments>
<msg timestamp="20191119 14:46:14.795" level="INFO">Clicking element '//div[@id='home-lang']'.</msg>
<status status="PASS" starttime="20191119 14:46:14.795" endtime="20191119 14:46:14.910"></status>
</kw>
<status status="PASS" starttime="20191119 14:46:14.795" endtime="20191119 14:46:14.911"></status>
</kw>
<kw name="Wait For Page Load" library="General Page">
<kw name="Sleep" library="BuiltIn">
<doc>Pauses the test executed for the given time.</doc>
<arguments>
<arg>${PAGE LOAD TIMEOUT}</arg>
</arguments>
<msg timestamp="20191119 14:46:15.415" level="INFO">Slept 500 milliseconds</msg>
<status status="PASS" starttime="20191119 14:46:14.913" endtime="20191119 14:46:15.415"></status>
</kw>
<status status="PASS" starttime="20191119 14:46:14.912" endtime="20191119 14:46:15.415"></status>
</kw>
<status status="PASS" starttime="20191119 14:46:14.795" endtime="20191119 14:46:15.415"></status>
</kw>
<status status="PASS" starttime="20191119 14:46:08.984" endtime="20191119 14:46:15.415"></status>
</kw>
<status status="PASS" starttime="20191119 14:46:07.142" endtime="20191119 14:46:15.418"></status>
</kw>
<kw name="Given Go To Bulk Patching Screen" library="Home Page">
<kw name="Click Element" library="SeleniumLibrary">
<doc>Click the element identified by ``locator``.</doc>
<arguments>
<arg>${btnBulk Patching}</arg>
</arguments>
<msg timestamp="20191119 14:46:15.418" level="INFO">Clicking element '//input[@id='bulk-patch-btn']'.</msg>
<status status="PASS" starttime="20191119 14:46:15.418" endtime="20191119 14:46:15.500"></status>
</kw>
<kw name="Wait For Page Load" library="General Page">
<kw name="Sleep" library="BuiltIn">
<doc>Pauses the test executed for the given time.</doc>
<arguments>
<arg>${PAGE LOAD TIMEOUT}</arg>
</arguments>
<msg timestamp="20191119 14:46:16.004" level="INFO">Slept 500 milliseconds</msg>
<status status="PASS" starttime="20191119 14:46:15.501" endtime="20191119 14:46:16.004"></status>
</kw>
<status status="PASS" starttime="20191119 14:46:15.501" endtime="20191119 14:46:16.004"></status>
</kw>
<status status="PASS" starttime="20191119 14:46:15.418" endtime="20191119 14:46:16.005"></status>
</kw>
<kw name="Then The Header of End B Is &quot;${inactive}&quot;" library="Bulk Patching definitions">
<kw name="Get Status of Tab End B" library="Bulk Patching definitions">
<assign>
<var>${get status}</var>
</assign>
<kw name="Get Element Attribute" library="SeleniumLibrary">
<doc>Returns the value of ``attribute`` from the element ``locator``.</doc>
<arguments>
<arg>${tabEndB}</arg>
<arg>style</arg>
</arguments>
<assign>
<var>${output status}</var>
</assign>
<msg timestamp="20191119 14:46:16.046" level="INFO">${output status} = background: gray;</msg>
<status status="PASS" starttime="20191119 14:46:16.009" endtime="20191119 14:46:16.046"></status>
</kw>
<kw name="Run Keyword If" library="BuiltIn">
<doc>Runs the given keyword with the given arguments, if ``condition`` is true.</doc>
<arguments>
<arg>'${output status}' == '${attribute tab active}'</arg>
<arg>Set Variable</arg>
<arg>"active"</arg>
<arg>ELSE IF</arg>
<arg>'${output status}' == '${attribute tab inactive}'</arg>
<arg>Set Variable</arg>
<arg>"inactive"</arg>
</arguments>
<assign>
<var>${status}</var>
</assign>
<kw name="Set Variable" library="BuiltIn">
<doc>Returns the given values which can then be assigned to a variables.</doc>
<arguments>
<arg>"inactive"</arg>
</arguments>
<status status="PASS" starttime="20191119 14:46:16.048" endtime="20191119 14:46:16.048"></status>
</kw>
<msg timestamp="20191119 14:46:16.048" level="INFO">${status} = "inactive"</msg>
<status status="PASS" starttime="20191119 14:46:16.047" endtime="20191119 14:46:16.049"></status>
</kw>
<msg timestamp="20191119 14:46:16.049" level="INFO">${get status} = "inactive"</msg>
<status status="PASS" starttime="20191119 14:46:16.008" endtime="20191119 14:46:16.049"></status>
</kw>
<kw name="Should Be Equal" library="BuiltIn">
<doc>Fails if the given objects are unequal.</doc>
<arguments>
<arg>${status}</arg>
<arg>${get status}</arg>
<arg>msg="Status of End B is not matched the checked value!!!"</arg>
</arguments>
<status status="PASS" starttime="20191119 14:46:16.050" endtime="20191119 14:46:16.050"></status>
</kw>
<status status="PASS" starttime="20191119 14:46:16.007" endtime="20191119 14:46:16.051"></status>
</kw>
<kw name="Set Web UI to Stand By State and Close Current Browser" library="General Page" type="teardown">
<kw name="Get Element Count" library="SeleniumLibrary">
<doc>Returns the number of elements matching ``locator``.</doc>
<arguments>
<arg>${btnExit}</arg>
</arguments>
<assign>
<var>${count Exit button}</var>
</assign>
<msg timestamp="20191119 14:46:16.063" level="INFO">${count Exit button} = 1</msg>
<status status="PASS" starttime="20191119 14:46:16.052" endtime="20191119 14:46:16.063"></status>
</kw>
<kw name="Run Keyword If" library="BuiltIn">
<doc>Runs the given keyword with the given arguments, if ``condition`` is true.</doc>
<arguments>
<arg>${count Exit button} &gt; 0</arg>
<arg>Exit Screen</arg>
</arguments>
<kw name="Exit Screen" library="General Page">
<kw name="Click Web Button" library="General Page">
<arguments>
<arg>${btnExit}</arg>
</arguments>
<kw name="Click Element" library="SeleniumLibrary">
<doc>Click the element identified by ``locator``.</doc>
<arguments>
<arg>${btnName}</arg>
</arguments>
<msg timestamp="20191119 14:46:16.066" level="INFO">Clicking element '//div[@id='exit-footer' and @style='display: block;']/div[@id='exit-button']'.</msg>
<status status="PASS" starttime="20191119 14:46:16.065" endtime="20191119 14:46:16.103"></status>
</kw>
<status status="PASS" starttime="20191119 14:46:16.065" endtime="20191119 14:46:16.103"></status>
</kw>
<kw name="Wait For Page Load" library="General Page">
<kw name="Sleep" library="BuiltIn">
<doc>Pauses the test executed for the given time.</doc>
<arguments>
<arg>${PAGE LOAD TIMEOUT}</arg>
</arguments>
<msg timestamp="20191119 14:46:16.605" level="INFO">Slept 500 milliseconds</msg>
<status status="PASS" starttime="20191119 14:46:16.104" endtime="20191119 14:46:16.606"></status>
</kw>
<status status="PASS" starttime="20191119 14:46:16.104" endtime="20191119 14:46:16.607"></status>
</kw>
<status status="PASS" starttime="20191119 14:46:16.064" endtime="20191119 14:46:16.608"></status>
</kw>
<status status="PASS" starttime="20191119 14:46:16.064" endtime="20191119 14:46:16.608"></status>
</kw>
<kw name="Get Element Count" library="SeleniumLibrary">
<doc>Returns the number of elements matching ``locator``.</doc>
<arguments>
<arg>${lblimVisionX}</arg>
</arguments>
<assign>
<var>${count Home screen}</var>
</assign>
<msg timestamp="20191119 14:46:16.635" level="INFO">${count Home screen} = 1</msg>
<status status="PASS" starttime="20191119 14:46:16.610" endtime="20191119 14:46:16.636"></status>
</kw>
<kw name="Run Keyword If" library="BuiltIn">
<doc>Runs the given keyword with the given arguments, if ``condition`` is true.</doc>
<arguments>
<arg>${count Home screen} &gt; 0</arg>
<arg>Run Keywords</arg>
<arg>Click Web Button</arg>
<arg>${btnHome}</arg>
<arg>AND</arg>
<arg>Wait For Page Load</arg>
</arguments>
<kw name="Run Keywords" library="BuiltIn">
<doc>Executes all the given keywords in a sequence.</doc>
<arguments>
<arg>Click Web Button</arg>
<arg>${btnHome}</arg>
<arg>AND</arg>
<arg>Wait For Page Load</arg>
</arguments>
<kw name="Click Web Button" library="General Page">
<arguments>
<arg>${btnHome}</arg>
</arguments>
<kw name="Click Element" library="SeleniumLibrary">
<doc>Click the element identified by ``locator``.</doc>
<arguments>
<arg>${btnName}</arg>
</arguments>
<msg timestamp="20191119 14:46:16.641" level="INFO">Clicking element '//div[@id='home-lang']'.</msg>
<status status="PASS" starttime="20191119 14:46:16.640" endtime="20191119 14:46:16.690"></status>
</kw>
<status status="PASS" starttime="20191119 14:46:16.639" endtime="20191119 14:46:16.690"></status>
</kw>
<kw name="Wait For Page Load" library="General Page">
<kw name="Sleep" library="BuiltIn">
<doc>Pauses the test executed for the given time.</doc>
<arguments>
<arg>${PAGE LOAD TIMEOUT}</arg>
</arguments>
<msg timestamp="20191119 14:46:17.195" level="INFO">Slept 500 milliseconds</msg>
<status status="PASS" starttime="20191119 14:46:16.691" endtime="20191119 14:46:17.195"></status>
</kw>
<status status="PASS" starttime="20191119 14:46:16.691" endtime="20191119 14:46:17.195"></status>
</kw>
<status status="PASS" starttime="20191119 14:46:16.638" endtime="20191119 14:46:17.197"></status>
</kw>
<status status="PASS" starttime="20191119 14:46:16.636" endtime="20191119 14:46:17.197"></status>
</kw>
<kw name="Close Browser" library="SeleniumLibrary">
<doc>Closes the current browser.</doc>
<status status="PASS" starttime="20191119 14:46:17.197" endtime="20191119 14:46:19.314"></status>
</kw>
<status status="PASS" starttime="20191119 14:46:16.051" endtime="20191119 14:46:19.314"></status>
</kw>
<status status="PASS" starttime="20191119 14:46:07.140" endtime="20191119 14:46:19.314" critical="yes"></status>
</test>
<test id="s1-s1-s1-s1-s1-t4" name="INSERT_END_A_01_04_Verify that imVision X shows correctly after selecting Bulk Patching button on the home page if observing the help text on Display of ImVisionX">
<kw name="Run Keywords" library="BuiltIn" type="setup">
<doc>Executes all the given keywords in a sequence.</doc>
<arguments>
<arg>Open SSH Connection and Login</arg>
<arg>Open WebUI And Go To Home Screen</arg>
</arguments>
<kw name="Open SSH Connection and Login" library="SSH definitions">
<kw name="Open Connection" library="SSHLibrary">
<doc>Opens a new SSH connection to the given ``host`` and ``port``.</doc>
<arguments>
<arg>${HOST}</arg>
</arguments>
<status status="PASS" starttime="20191119 14:46:19.319" endtime="20191119 14:46:19.319"></status>
</kw>
<kw name="Login" library="SSHLibrary">
<doc>Logs into the SSH server with the given ``username`` and ``password``.</doc>
<arguments>
<arg>${USERNAME}</arg>
<arg>${PASSWORD}</arg>
</arguments>
<msg timestamp="20191119 14:46:19.319" level="INFO">Logging into '192.168.171.201:22' as 'root'.</msg>
<msg timestamp="20191119 14:46:21.145" level="INFO">Read output: #</msg>
<status status="PASS" starttime="20191119 14:46:19.319" endtime="20191119 14:46:21.145"></status>
</kw>
<status status="PASS" starttime="20191119 14:46:19.319" endtime="20191119 14:46:21.145"></status>
</kw>
<kw name="Open WebUI And Go To Home Screen" library="General Page">
<kw name="Catenate" library="BuiltIn">
<doc>Catenates the given items together and returns the resulted string.</doc>
<arguments>
<arg>SEPARATOR=</arg>
<arg>http://</arg>
<arg>${HOST}</arg>
<arg>:8888</arg>
</arguments>
<assign>
<var>${WebUI url}</var>
</assign>
<msg timestamp="20191119 14:46:21.145" level="INFO">${WebUI url} = http://192.168.171.201:8888</msg>
<status status="PASS" starttime="20191119 14:46:21.145" endtime="20191119 14:46:21.145"></status>
</kw>
<kw name="Open Browser" library="SeleniumLibrary">
<doc>Opens a new browser instance to the optional ``url``.</doc>
<arguments>
<arg>${WebUI url}</arg>
<arg>${BROWSER}</arg>
</arguments>
<msg timestamp="20191119 14:46:21.145" level="INFO">Opening browser 'Chrome' to base url 'http://192.168.171.201:8888'.</msg>
<status status="PASS" starttime="20191119 14:46:21.145" endtime="20191119 14:46:25.425"></status>
</kw>
<kw name="Maximize Browser Window" library="SeleniumLibrary">
<doc>Maximizes current browser window.</doc>
<status status="PASS" starttime="20191119 14:46:25.426" endtime="20191119 14:46:26.615"></status>
</kw>
<kw name="Sleep" library="BuiltIn">
<doc>Pauses the test executed for the given time.</doc>
<arguments>
<arg>${PAGE LOAD TIMEOUT}</arg>
</arguments>
<msg timestamp="20191119 14:46:27.115" level="INFO">Slept 500 milliseconds</msg>
<status status="PASS" starttime="20191119 14:46:26.615" endtime="20191119 14:46:27.115"></status>
</kw>
<kw name="Set Web UI to Stand By State" library="General Page">
<kw name="Get Element Count" library="SeleniumLibrary">
<doc>Returns the number of elements matching ``locator``.</doc>
<arguments>
<arg>${btnExit}</arg>
</arguments>
<assign>
<var>${count Exit button}</var>
</assign>
<msg timestamp="20191119 14:46:27.158" level="INFO">${count Exit button} = 0</msg>
<status status="PASS" starttime="20191119 14:46:27.117" endtime="20191119 14:46:27.164"></status>
</kw>
<kw name="Run Keyword If" library="BuiltIn">
<doc>Runs the given keyword with the given arguments, if ``condition`` is true.</doc>
<arguments>
<arg>${count Exit button} &gt; 0</arg>
<arg>Exit Screen</arg>
</arguments>
<status status="PASS" starttime="20191119 14:46:27.164" endtime="20191119 14:46:27.164"></status>
</kw>
<kw name="Get Element Count" library="SeleniumLibrary">
<doc>Returns the number of elements matching ``locator``.</doc>
<arguments>
<arg>${btnCancel}</arg>
</arguments>
<assign>
<var>${count Cancel button}</var>
</assign>
<msg timestamp="20191119 14:46:27.185" level="INFO">${count Cancel button} = 0</msg>
<status status="PASS" starttime="20191119 14:46:27.164" endtime="20191119 14:46:27.185"></status>
</kw>
<kw name="Run Keyword If" library="BuiltIn">
<doc>Runs the given keyword with the given arguments, if ``condition`` is true.</doc>
<arguments>
<arg>${count Cancel button} &gt; 0</arg>
<arg>Exit Screen</arg>
</arguments>
<status status="PASS" starttime="20191119 14:46:27.185" endtime="20191119 14:46:27.185"></status>
</kw>
<kw name="Get Element Count" library="SeleniumLibrary">
<doc>Returns the number of elements matching ``locator``.</doc>
<arguments>
<arg>${lblimVisionX}</arg>
</arguments>
<assign>
<var>${count Home screen}</var>
</assign>
<msg timestamp="20191119 14:46:27.199" level="INFO">${count Home screen} = 0</msg>
<status status="PASS" starttime="20191119 14:46:27.185" endtime="20191119 14:46:27.199"></status>
</kw>
<kw name="Run Keyword If" library="BuiltIn">
<doc>Runs the given keyword with the given arguments, if ``condition`` is true.</doc>
<arguments>
<arg>${count Home screen} &gt; 0</arg>
<arg>Run Keywords</arg>
<arg>Click Web Button</arg>
<arg>${btnHome}</arg>
<arg>AND</arg>
<arg>Wait For Page Load</arg>
</arguments>
<status status="PASS" starttime="20191119 14:46:27.199" endtime="20191119 14:46:27.199"></status>
</kw>
<status status="PASS" starttime="20191119 14:46:27.117" endtime="20191119 14:46:27.199"></status>
</kw>
<kw name="Go To Home Screen" library="General Page">
<kw name="Click Web Button" library="General Page">
<arguments>
<arg>${btnHome}</arg>
</arguments>
<kw name="Click Element" library="SeleniumLibrary">
<doc>Click the element identified by ``locator``.</doc>
<arguments>
<arg>${btnName}</arg>
</arguments>
<msg timestamp="20191119 14:46:27.199" level="INFO">Clicking element '//div[@id='home-lang']'.</msg>
<status status="PASS" starttime="20191119 14:46:27.199" endtime="20191119 14:46:27.312"></status>
</kw>
<status status="PASS" starttime="20191119 14:46:27.199" endtime="20191119 14:46:27.313"></status>
</kw>
<kw name="Wait For Page Load" library="General Page">
<kw name="Sleep" library="BuiltIn">
<doc>Pauses the test executed for the given time.</doc>
<arguments>
<arg>${PAGE LOAD TIMEOUT}</arg>
</arguments>
<msg timestamp="20191119 14:46:27.834" level="INFO">Slept 500 milliseconds</msg>
<status status="PASS" starttime="20191119 14:46:27.314" endtime="20191119 14:46:27.834"></status>
</kw>
<status status="PASS" starttime="20191119 14:46:27.313" endtime="20191119 14:46:27.834"></status>
</kw>
<status status="PASS" starttime="20191119 14:46:27.199" endtime="20191119 14:46:27.834"></status>
</kw>
<status status="PASS" starttime="20191119 14:46:21.145" endtime="20191119 14:46:27.834"></status>
</kw>
<status status="PASS" starttime="20191119 14:46:19.318" endtime="20191119 14:46:27.834"></status>
</kw>
<kw name="Given Go To Bulk Patching Screen" library="Home Page">
<kw name="Click Element" library="SeleniumLibrary">
<doc>Click the element identified by ``locator``.</doc>
<arguments>
<arg>${btnBulk Patching}</arg>
</arguments>
<msg timestamp="20191119 14:46:27.844" level="INFO">Clicking element '//input[@id='bulk-patch-btn']'.</msg>
<status status="PASS" starttime="20191119 14:46:27.834" endtime="20191119 14:46:27.944"></status>
</kw>
<kw name="Wait For Page Load" library="General Page">
<kw name="Sleep" library="BuiltIn">
<doc>Pauses the test executed for the given time.</doc>
<arguments>
<arg>${PAGE LOAD TIMEOUT}</arg>
</arguments>
<msg timestamp="20191119 14:46:28.455" level="INFO">Slept 500 milliseconds</msg>
<status status="PASS" starttime="20191119 14:46:27.946" endtime="20191119 14:46:28.456"></status>
</kw>
<status status="PASS" starttime="20191119 14:46:27.945" endtime="20191119 14:46:28.458"></status>
</kw>
<status status="PASS" starttime="20191119 14:46:27.834" endtime="20191119 14:46:28.459"></status>
</kw>
<kw name="Then The Help Text Is &quot;${txtInsertAllEndAPlugs}&quot;" library="Bulk Patching definitions">
<kw name="Get Text" library="SeleniumLibrary">
<doc>Returns the text value of the element identified by ``locator``.</doc>
<arguments>
<arg>${lblHelpText}</arg>
</arguments>
<assign>
<var>${get helptext}</var>
</assign>
<msg timestamp="20191119 14:46:28.515" level="INFO">${get helptext} = Insert all End A plugs, then select End B.</msg>
<status status="PASS" starttime="20191119 14:46:28.462" endtime="20191119 14:46:28.515"></status>
</kw>
<kw name="Should Be Equal" library="BuiltIn">
<doc>Fails if the given objects are unequal.</doc>
<arguments>
<arg>${helptext}</arg>
<arg>${get helptext}</arg>
<arg>msg="The helptext is not matched the checked value!!!"</arg>
</arguments>
<status status="PASS" starttime="20191119 14:46:28.515" endtime="20191119 14:46:28.515"></status>
</kw>
<status status="PASS" starttime="20191119 14:46:28.461" endtime="20191119 14:46:28.515"></status>
</kw>
<kw name="Set Web UI to Stand By State and Close Current Browser" library="General Page" type="teardown">
<kw name="Get Element Count" library="SeleniumLibrary">
<doc>Returns the number of elements matching ``locator``.</doc>
<arguments>
<arg>${btnExit}</arg>
</arguments>
<assign>
<var>${count Exit button}</var>
</assign>
<msg timestamp="20191119 14:46:28.524" level="INFO">${count Exit button} = 1</msg>
<status status="PASS" starttime="20191119 14:46:28.524" endtime="20191119 14:46:28.524"></status>
</kw>
<kw name="Run Keyword If" library="BuiltIn">
<doc>Runs the given keyword with the given arguments, if ``condition`` is true.</doc>
<arguments>
<arg>${count Exit button} &gt; 0</arg>
<arg>Exit Screen</arg>
</arguments>
<kw name="Exit Screen" library="General Page">
<kw name="Click Web Button" library="General Page">
<arguments>
<arg>${btnExit}</arg>
</arguments>
<kw name="Click Element" library="SeleniumLibrary">
<doc>Click the element identified by ``locator``.</doc>
<arguments>
<arg>${btnName}</arg>
</arguments>
<msg timestamp="20191119 14:46:28.535" level="INFO">Clicking element '//div[@id='exit-footer' and @style='display: block;']/div[@id='exit-button']'.</msg>
<status status="PASS" starttime="20191119 14:46:28.535" endtime="20191119 14:46:28.579"></status>
</kw>
<status status="PASS" starttime="20191119 14:46:28.535" endtime="20191119 14:46:28.579"></status>
</kw>
<kw name="Wait For Page Load" library="General Page">
<kw name="Sleep" library="BuiltIn">
<doc>Pauses the test executed for the given time.</doc>
<arguments>
<arg>${PAGE LOAD TIMEOUT}</arg>
</arguments>
<msg timestamp="20191119 14:46:29.081" level="INFO">Slept 500 milliseconds</msg>
<status status="PASS" starttime="20191119 14:46:28.580" endtime="20191119 14:46:29.082"></status>
</kw>
<status status="PASS" starttime="20191119 14:46:28.579" endtime="20191119 14:46:29.083"></status>
</kw>
<status status="PASS" starttime="20191119 14:46:28.535" endtime="20191119 14:46:29.084"></status>
</kw>
<status status="PASS" starttime="20191119 14:46:28.535" endtime="20191119 14:46:29.085"></status>
</kw>
<kw name="Get Element Count" library="SeleniumLibrary">
<doc>Returns the number of elements matching ``locator``.</doc>
<arguments>
<arg>${lblimVisionX}</arg>
</arguments>
<assign>
<var>${count Home screen}</var>
</assign>
<msg timestamp="20191119 14:46:29.112" level="INFO">${count Home screen} = 1</msg>
<status status="PASS" starttime="20191119 14:46:29.086" endtime="20191119 14:46:29.113"></status>
</kw>
<kw name="Run Keyword If" library="BuiltIn">
<doc>Runs the given keyword with the given arguments, if ``condition`` is true.</doc>
<arguments>
<arg>${count Home screen} &gt; 0</arg>
<arg>Run Keywords</arg>
<arg>Click Web Button</arg>
<arg>${btnHome}</arg>
<arg>AND</arg>
<arg>Wait For Page Load</arg>
</arguments>
<kw name="Run Keywords" library="BuiltIn">
<doc>Executes all the given keywords in a sequence.</doc>
<arguments>
<arg>Click Web Button</arg>
<arg>${btnHome}</arg>
<arg>AND</arg>
<arg>Wait For Page Load</arg>
</arguments>
<kw name="Click Web Button" library="General Page">
<arguments>
<arg>${btnHome}</arg>
</arguments>
<kw name="Click Element" library="SeleniumLibrary">
<doc>Click the element identified by ``locator``.</doc>
<arguments>
<arg>${btnName}</arg>
</arguments>
<msg timestamp="20191119 14:46:29.117" level="INFO">Clicking element '//div[@id='home-lang']'.</msg>
<status status="PASS" starttime="20191119 14:46:29.116" endtime="20191119 14:46:29.159"></status>
</kw>
<status status="PASS" starttime="20191119 14:46:29.115" endtime="20191119 14:46:29.159"></status>
</kw>
<kw name="Wait For Page Load" library="General Page">
<kw name="Sleep" library="BuiltIn">
<doc>Pauses the test executed for the given time.</doc>
<arguments>
<arg>${PAGE LOAD TIMEOUT}</arg>
</arguments>
<msg timestamp="20191119 14:46:29.660" level="INFO">Slept 500 milliseconds</msg>
<status status="PASS" starttime="20191119 14:46:29.160" endtime="20191119 14:46:29.660"></status>
</kw>
<status status="PASS" starttime="20191119 14:46:29.159" endtime="20191119 14:46:29.661"></status>
</kw>
<status status="PASS" starttime="20191119 14:46:29.115" endtime="20191119 14:46:29.661"></status>
</kw>
<status status="PASS" starttime="20191119 14:46:29.113" endtime="20191119 14:46:29.662"></status>
</kw>
<kw name="Close Browser" library="SeleniumLibrary">
<doc>Closes the current browser.</doc>
<status status="PASS" starttime="20191119 14:46:29.662" endtime="20191119 14:46:31.815"></status>
</kw>
<status status="PASS" starttime="20191119 14:46:28.524" endtime="20191119 14:46:31.815"></status>
</kw>
<status status="PASS" starttime="20191119 14:46:19.314" endtime="20191119 14:46:31.815" critical="yes"></status>
</test>
<status status="PASS" starttime="20191119 14:45:39.536" endtime="20191119 14:46:31.816"></status>
</suite>
<suite id="s1-s1-s1-s1-s2" name="2.2. Check End A when plugging correct tip on End A" source="D:\RobotFW_program\BulkPatching_Robot\BulkPatching_Robot\Test Resources\Test Suites\2. Insert All End As\2.2. Check End A when plugging correct tip on End A.robot">
<test id="s1-s1-s1-s1-s2-t1" name="INSERT_END_A_02_02_01_Verify that all ImVisionXs in the zone show the bulk patching list correctly after plugging a connector into the End A list if there is a 24-port Legacy Copper">
<kw name="Run Keywords" library="BuiltIn" type="setup">
<doc>Executes all the given keywords in a sequence.</doc>
<arguments>
<arg>Open SSH Connection and Login</arg>
<arg>Open WebUI And Go To Home Screen</arg>
</arguments>
<kw name="Open SSH Connection and Login" library="SSH definitions">
<kw name="Open Connection" library="SSHLibrary">
<doc>Opens a new SSH connection to the given ``host`` and ``port``.</doc>
<arguments>
<arg>${HOST}</arg>
</arguments>
<status status="PASS" starttime="20191119 14:46:31.838" endtime="20191119 14:46:31.838"></status>
</kw>
<kw name="Login" library="SSHLibrary">
<doc>Logs into the SSH server with the given ``username`` and ``password``.</doc>
<arguments>
<arg>${USERNAME}</arg>
<arg>${PASSWORD}</arg>
</arguments>
<msg timestamp="20191119 14:46:31.838" level="INFO">Logging into '192.168.171.201:22' as 'root'.</msg>
<msg timestamp="20191119 14:46:33.713" level="INFO">Read output: #</msg>
<status status="PASS" starttime="20191119 14:46:31.838" endtime="20191119 14:46:33.714"></status>
</kw>
<status status="PASS" starttime="20191119 14:46:31.838" endtime="20191119 14:46:33.715"></status>
</kw>
<kw name="Open WebUI And Go To Home Screen" library="General Page">
<kw name="Catenate" library="BuiltIn">
<doc>Catenates the given items together and returns the resulted string.</doc>
<arguments>
<arg>SEPARATOR=</arg>
<arg>http://</arg>
<arg>${HOST}</arg>
<arg>:8888</arg>
</arguments>
<assign>
<var>${WebUI url}</var>
</assign>
<msg timestamp="20191119 14:46:33.719" level="INFO">${WebUI url} = http://192.168.171.201:8888</msg>
<status status="PASS" starttime="20191119 14:46:33.718" endtime="20191119 14:46:33.720"></status>
</kw>
<kw name="Open Browser" library="SeleniumLibrary">
<doc>Opens a new browser instance to the optional ``url``.</doc>
<arguments>
<arg>${WebUI url}</arg>
<arg>${BROWSER}</arg>
</arguments>
<msg timestamp="20191119 14:46:33.723" level="INFO">Opening browser 'Chrome' to base url 'http://192.168.171.201:8888'.</msg>
<status status="PASS" starttime="20191119 14:46:33.721" endtime="20191119 14:46:38.188"></status>
</kw>
<kw name="Maximize Browser Window" library="SeleniumLibrary">
<doc>Maximizes current browser window.</doc>
<status status="PASS" starttime="20191119 14:46:38.190" endtime="20191119 14:46:39.345"></status>
</kw>
<kw name="Sleep" library="BuiltIn">
<doc>Pauses the test executed for the given time.</doc>
<arguments>
<arg>${PAGE LOAD TIMEOUT}</arg>
</arguments>
<msg timestamp="20191119 14:46:39.865" level="INFO">Slept 500 milliseconds</msg>
<status status="PASS" starttime="20191119 14:46:39.345" endtime="20191119 14:46:39.865"></status>
</kw>
<kw name="Set Web UI to Stand By State" library="General Page">
<kw name="Get Element Count" library="SeleniumLibrary">
<doc>Returns the number of elements matching ``locator``.</doc>
<arguments>
<arg>${btnExit}</arg>
</arguments>
<assign>
<var>${count Exit button}</var>
</assign>
<msg timestamp="20191119 14:46:39.878" level="INFO">${count Exit button} = 0</msg>
<status status="PASS" starttime="20191119 14:46:39.866" endtime="20191119 14:46:39.878"></status>
</kw>
<kw name="Run Keyword If" library="BuiltIn">
<doc>Runs the given keyword with the given arguments, if ``condition`` is true.</doc>
<arguments>
<arg>${count Exit button} &gt; 0</arg>
<arg>Exit Screen</arg>
</arguments>
<status status="PASS" starttime="20191119 14:46:39.879" endtime="20191119 14:46:39.879"></status>
</kw>
<kw name="Get Element Count" library="SeleniumLibrary">
<doc>Returns the number of elements matching ``locator``.</doc>
<arguments>
<arg>${btnCancel}</arg>
</arguments>
<assign>
<var>${count Cancel button}</var>
</assign>
<msg timestamp="20191119 14:46:39.885" level="INFO">${count Cancel button} = 0</msg>
<status status="PASS" starttime="20191119 14:46:39.880" endtime="20191119 14:46:39.885"></status>
</kw>
<kw name="Run Keyword If" library="BuiltIn">
<doc>Runs the given keyword with the given arguments, if ``condition`` is true.</doc>
<arguments>
<arg>${count Cancel button} &gt; 0</arg>
<arg>Exit Screen</arg>
</arguments>
<status status="PASS" starttime="20191119 14:46:39.885" endtime="20191119 14:46:39.885"></status>
</kw>
<kw name="Get Element Count" library="SeleniumLibrary">
<doc>Returns the number of elements matching ``locator``.</doc>
<arguments>
<arg>${lblimVisionX}</arg>
</arguments>
<assign>
<var>${count Home screen}</var>
</assign>
<msg timestamp="20191119 14:46:39.895" level="INFO">${count Home screen} = 0</msg>
<status status="PASS" starttime="20191119 14:46:39.885" endtime="20191119 14:46:39.895"></status>
</kw>
<kw name="Run Keyword If" library="BuiltIn">
<doc>Runs the given keyword with the given arguments, if ``condition`` is true.</doc>
<arguments>
<arg>${count Home screen} &gt; 0</arg>
<arg>Run Keywords</arg>
<arg>Click Web Button</arg>
<arg>${btnHome}</arg>
<arg>AND</arg>
<arg>Wait For Page Load</arg>
</arguments>
<status status="PASS" starttime="20191119 14:46:39.895" endtime="20191119 14:46:39.895"></status>
</kw>
<status status="PASS" starttime="20191119 14:46:39.865" endtime="20191119 14:46:39.895"></status>
</kw>
<kw name="Go To Home Screen" library="General Page">
<kw name="Click Web Button" library="General Page">
<arguments>
<arg>${btnHome}</arg>
</arguments>
<kw name="Click Element" library="SeleniumLibrary">
<doc>Click the element identified by ``locator``.</doc>
<arguments>
<arg>${btnName}</arg>
</arguments>
<msg timestamp="20191119 14:46:39.905" level="INFO">Clicking element '//div[@id='home-lang']'.</msg>
<status status="PASS" starttime="20191119 14:46:39.905" endtime="20191119 14:46:40.005"></status>
</kw>
<status status="PASS" starttime="20191119 14:46:39.905" endtime="20191119 14:46:40.006"></status>
</kw>
<kw name="Wait For Page Load" library="General Page">
<kw name="Sleep" library="BuiltIn">
<doc>Pauses the test executed for the given time.</doc>
<arguments>
<arg>${PAGE LOAD TIMEOUT}</arg>
</arguments>
<msg timestamp="20191119 14:46:40.525" level="INFO">Slept 500 milliseconds</msg>
<status status="PASS" starttime="20191119 14:46:40.008" endtime="20191119 14:46:40.525"></status>
</kw>
<status status="PASS" starttime="20191119 14:46:40.007" endtime="20191119 14:46:40.525"></status>
</kw>
<status status="PASS" starttime="20191119 14:46:39.905" endtime="20191119 14:46:40.525"></status>
</kw>
<status status="PASS" starttime="20191119 14:46:33.716" endtime="20191119 14:46:40.525"></status>
</kw>
<status status="PASS" starttime="20191119 14:46:31.838" endtime="20191119 14:46:40.525"></status>
</kw>
<kw name="Given Go To Bulk Patching Screen" library="Home Page">
<kw name="Click Element" library="SeleniumLibrary">
<doc>Click the element identified by ``locator``.</doc>
<arguments>
<arg>${btnBulk Patching}</arg>
</arguments>
<msg timestamp="20191119 14:46:40.525" level="INFO">Clicking element '//input[@id='bulk-patch-btn']'.</msg>
<status status="PASS" starttime="20191119 14:46:40.525" endtime="20191119 14:46:40.574"></status>
</kw>
<kw name="Wait For Page Load" library="General Page">
<kw name="Sleep" library="BuiltIn">
<doc>Pauses the test executed for the given time.</doc>
<arguments>
<arg>${PAGE LOAD TIMEOUT}</arg>
</arguments>
<msg timestamp="20191119 14:46:41.077" level="INFO">Slept 500 milliseconds</msg>
<status status="PASS" starttime="20191119 14:46:40.575" endtime="20191119 14:46:41.077"></status>
</kw>
<status status="PASS" starttime="20191119 14:46:40.574" endtime="20191119 14:46:41.077"></status>
</kw>
<status status="PASS" starttime="20191119 14:46:40.525" endtime="20191119 14:46:41.078"></status>
</kw>
<kw name="When Plugin Copper Tip to Rack &quot;1&quot; Panel &quot;1&quot; Row &quot;1&quot; Port &quot;1&quot;" library="Virtual Panel definitions">
<kw name="Get Copper Panel Index" library="Virtual Panel definitions">
<arguments>
<arg>${rackID}</arg>
<arg>${panelID}</arg>
<arg>${row}</arg>
</arguments>
<assign>
<var>${panel index}</var>
</assign>
<kw name="Get Length" library="BuiltIn">
<doc>Returns and logs the length of the given item as an integer.</doc>
<arguments>
<arg>${VPpanels}</arg>
</arguments>
<assign>
<var>${panels number}</var>
</assign>
<msg timestamp="20191119 14:46:41.079" level="INFO">Length is 12</msg>
<msg timestamp="20191119 14:46:41.079" level="INFO">${panels number} = 12</msg>
<status status="PASS" starttime="20191119 14:46:41.079" endtime="20191119 14:46:41.080"></status>
</kw>
<kw name="${panel index} IN RANGE [ ${panels number-1} ]" type="for">
<kw name="${panel index} = 0" type="foritem">
<kw name="Run Keyword If" library="BuiltIn">
<doc>Runs the given keyword with the given arguments, if ``condition`` is true.</doc>
<arguments>
<arg>'${VPpanels[${panel index+1}][&amp;{dic panels table}[panel type]]}' == '${VIRTUAL PANELS TYPE}[COPPER]' and '${VPpanels[${panel index+1}][&amp;{dic panels table}[rackID]]}' == '${input rackID}' and '${VPpanels[${panel index+1}][&amp;{dic panels table}[panelID]]}' == '${input panelID}' and '${VPpanels[${panel index+1}][&amp;{dic panels table}[row]]}' == '${input row}'</arg>
<arg>Exit For Loop</arg>
</arguments>
<kw name="Exit For Loop" library="BuiltIn">
<doc>Stops executing the enclosing for loop.</doc>
<msg timestamp="20191119 14:46:41.087" level="INFO">Exiting for loop altogether.</msg>
<status status="PASS" starttime="20191119 14:46:41.086" endtime="20191119 14:46:41.088"></status>
</kw>
<status status="PASS" starttime="20191119 14:46:41.080" endtime="20191119 14:46:41.088"></status>
</kw>
<status status="PASS" starttime="20191119 14:46:41.080" endtime="20191119 14:46:41.089"></status>
</kw>
<status status="PASS" starttime="20191119 14:46:41.080" endtime="20191119 14:46:41.090"></status>
</kw>
<msg timestamp="20191119 14:46:41.092" level="INFO">${panel index} = 1</msg>
<status status="PASS" starttime="20191119 14:46:41.078" endtime="20191119 14:46:41.092"></status>
</kw>
<kw name="Log" library="BuiltIn">
<doc>Logs the given message with the given level.</doc>
<arguments>
<arg>${panel index}</arg>
</arguments>
<msg timestamp="20191119 14:46:41.095" level="INFO">1</msg>
<status status="PASS" starttime="20191119 14:46:41.093" endtime="20191119 14:46:41.095"></status>
</kw>
<kw name="Catenate" library="BuiltIn">
<doc>Catenates the given items together and returns the resulted string.</doc>
<arguments>
<arg>vp_cmd_helper --plugin --rack</arg>
<arg>${rackID}</arg>
<arg>--panel</arg>
<arg>${panel index}</arg>
<arg>--port</arg>
<arg>${portID}</arg>
</arguments>
<assign>
<var>${completed command}</var>
</assign>
<msg timestamp="20191119 14:46:41.098" level="INFO">${completed command} = vp_cmd_helper --plugin --rack 1 --panel 1 --port 1</msg>
<status status="PASS" starttime="20191119 14:46:41.096" endtime="20191119 14:46:41.098"></status>
</kw>
<kw name="Log" library="BuiltIn">
<doc>Logs the given message with the given level.</doc>
<arguments>
<arg>${completed command}</arg>
</arguments>
<msg timestamp="20191119 14:46:41.101" level="INFO">vp_cmd_helper --plugin --rack 1 --panel 1 --port 1</msg>
<status status="PASS" starttime="20191119 14:46:41.100" endtime="20191119 14:46:41.102"></status>
</kw>
<kw name="Enter Virtual Command ${completed command}" library="SSH definitions">
<kw name="Write" library="SSHLibrary">
<doc>Writes the given ``text`` on the remote machine and appends a newline.</doc>
<arguments>
<arg>${command}</arg>
</arguments>
<msg timestamp="20191119 14:46:41.129" level="INFO">vp_cmd_helper --plugin --rack 1 --panel 1 --port 1</msg>
<status status="PASS" starttime="20191119 14:46:41.105" endtime="20191119 14:46:41.129"></status>
</kw>
<kw name="Read" library="SSHLibrary">
<doc>Consumes and returns everything available on the server output.</doc>
<arguments>
<arg>loglevel=Trace</arg>
<arg>delay=1s</arg>
</arguments>
<assign>
<var>${stdout}</var>
</assign>
<msg timestamp="20191119 14:46:43.135" level="INFO">${stdout} = result=success
command=plugin
test_setup=on
bus_connect=on
bus_power=on
rack=1
panel=1
type=1100ps
panel_state=RUN
row=1
serial=28FFFF600001
count=11
# </msg>
<status status="PASS" starttime="20191119 14:46:41.130" endtime="20191119 14:46:43.135"></status>
</kw>
<kw name="Log" library="BuiltIn">
<doc>Logs the given message with the given level.</doc>
<arguments>
<arg>${stdout}</arg>
</arguments>
<msg timestamp="20191119 14:46:43.136" level="INFO">result=success
command=plugin
test_setup=on
bus_connect=on
bus_power=on
rack=1
panel=1
type=1100ps
panel_state=RUN
row=1
serial=28FFFF600001
count=11
# </msg>
<status status="PASS" starttime="20191119 14:46:43.136" endtime="20191119 14:46:43.136"></status>
</kw>
<status status="PASS" starttime="20191119 14:46:41.103" endtime="20191119 14:46:43.137"></status>
</kw>
<status status="PASS" starttime="20191119 14:46:41.078" endtime="20191119 14:46:43.137"></status>
</kw>
<kw name="Then Check to see if Rack &quot;1&quot; Panel &quot;1&quot; Port &quot;1&quot; existed in End &quot;A&quot;" library="Bulk Patching definitions">
<doc>This keyword is used to check the information of Coper or LC panel displaying in either End A or End B on Bulk Patching screen</doc>
<kw name="Run Keyword If" library="BuiltIn">
<doc>Runs the given keyword with the given arguments, if ``condition`` is true.</doc>
<arguments>
<arg>'${end position}'=='a' or '${end position}'=='A'</arg>
<arg>Set Variable</arg>
<arg>2</arg>
<arg>ELSE IF</arg>
<arg>'${end position}'=='b' or '${end position}'=='B'</arg>
<arg>Set Variable</arg>
<arg>4</arg>
</arguments>
<assign>
<var>${input end position}</var>
</assign>
<kw name="Set Variable" library="BuiltIn">
<doc>Returns the given values which can then be assigned to a variables.</doc>
<arguments>
<arg>2</arg>
</arguments>
<status status="PASS" starttime="20191119 14:46:43.138" endtime="20191119 14:46:43.139"></status>
</kw>
<msg timestamp="20191119 14:46:43.139" level="INFO">${input end position} = 2</msg>
<status status="PASS" starttime="20191119 14:46:43.138" endtime="20191119 14:46:43.139"></status>
</kw>
<kw name="Catenate" library="BuiltIn">
<doc>Catenates the given items together and returns the resulted string.</doc>
<arguments>
<arg>Rack</arg>
<arg>${rackID}</arg>
</arguments>
<assign>
<var>${input rack}</var>
</assign>
<msg timestamp="20191119 14:46:43.140" level="INFO">${input rack} = Rack 1</msg>
<status status="PASS" starttime="20191119 14:46:43.139" endtime="20191119 14:46:43.140"></status>
</kw>
<kw name="Catenate" library="BuiltIn">
<doc>Catenates the given items together and returns the resulted string.</doc>
<arguments>
<arg>-Panel</arg>
<arg>${panelID}</arg>
</arguments>
<assign>
<var>${input panel}</var>
</assign>
<msg timestamp="20191119 14:46:43.140" level="INFO">${input panel} = -Panel 1</msg>
<status status="PASS" starttime="20191119 14:46:43.140" endtime="20191119 14:46:43.141"></status>
</kw>
<kw name="Catenate" library="BuiltIn">
<doc>Catenates the given items together and returns the resulted string.</doc>
<arguments>
<arg>-Port</arg>
<arg>${portID}</arg>
</arguments>
<assign>
<var>${input port}</var>
</assign>
<msg timestamp="20191119 14:46:43.141" level="INFO">${input port} = -Port 1</msg>
<status status="PASS" starttime="20191119 14:46:43.141" endtime="20191119 14:46:43.141"></status>
</kw>
<kw name="Catenate" library="BuiltIn">
<doc>Catenates the given items together and returns the resulted string.</doc>
<arguments>
<arg>SEPARATOR=</arg>
<arg>${input rack}</arg>
<arg>${input panel}</arg>
<arg>${input port}</arg>
</arguments>
<assign>
<var>${input port information}</var>
</assign>
<msg timestamp="20191119 14:46:43.142" level="INFO">${input port information} = Rack 1-Panel 1-Port 1</msg>
<status status="PASS" starttime="20191119 14:46:43.142" endtime="20191119 14:46:43.142"></status>
</kw>
<kw name="Replace String" library="String">
<doc>Replaces ``search_for`` in the given ``string`` with ``replace_with``.</doc>
<arguments>
<arg>${dynamic port position}</arg>
<arg>End Position</arg>
<arg>${input end position}</arg>
</arguments>
<assign>
<var>${xPath syntax1}</var>
</assign>
<msg timestamp="20191119 14:46:43.143" level="INFO">${xPath syntax1} = //ul[@id='bulkPatchList']/li[Line Position]/div[2]/p[contains(text(),'Port Information')]</msg>
<status status="PASS" starttime="20191119 14:46:43.143" endtime="20191119 14:46:43.143"></status>
</kw>
<kw name="Replace String" library="String">
<doc>Replaces ``search_for`` in the given ``string`` with ``replace_with``.</doc>
<arguments>
<arg>${xPath syntax1}</arg>
<arg>Port Information</arg>
<arg>${input port information}</arg>
</arguments>
<assign>
<var>${xPath syntax2}</var>
</assign>
<msg timestamp="20191119 14:46:43.144" level="INFO">${xPath syntax2} = //ul[@id='bulkPatchList']/li[Line Position]/div[2]/p[contains(text(),'Rack 1-Panel 1-Port 1')]</msg>
<status status="PASS" starttime="20191119 14:46:43.143" endtime="20191119 14:46:43.144"></status>
</kw>
<kw name="Number of Lines in Bulk Patching Screen" library="Bulk Patching definitions">
<assign>
<var>${number of lines}</var>
</assign>
<kw name="Get Element Count" library="SeleniumLibrary">
<doc>Returns the number of elements matching ``locator``.</doc>
<arguments>
<arg>${number of lines}</arg>
</arguments>
<assign>
<var>${count}</var>
</assign>
<msg timestamp="20191119 14:46:43.158" level="INFO">${count} = 1</msg>
<status status="PASS" starttime="20191119 14:46:43.145" endtime="20191119 14:46:43.158"></status>
</kw>
<msg timestamp="20191119 14:46:43.158" level="INFO">${number of lines} = 1</msg>
<status status="PASS" starttime="20191119 14:46:43.144" endtime="20191119 14:46:43.159"></status>
</kw>
<kw name="Set Variable" library="BuiltIn">
<doc>Returns the given values which can then be assigned to a variables.</doc>
<arguments>
<arg>0</arg>
</arguments>
<assign>
<var>${count}</var>
</assign>
<msg timestamp="20191119 14:46:43.159" level="INFO">${count} = 0</msg>
<status status="PASS" starttime="20191119 14:46:43.159" endtime="20191119 14:46:43.159"></status>
</kw>
<kw name="${index} IN RANGE [ ${number of lines+1} ]" type="for">
<kw name="${index} = 0" type="foritem">
<kw name="Evaluate" library="BuiltIn">
<doc>Evaluates the given expression in Python and returns the results.</doc>
<arguments>
<arg>${index} + 1</arg>
</arguments>
<assign>
<var>${index temp}</var>
</assign>
<msg timestamp="20191119 14:46:43.161" level="INFO">${index temp} = 1</msg>
<status status="PASS" starttime="20191119 14:46:43.160" endtime="20191119 14:46:43.161"></status>
</kw>
<kw name="Convert To String" library="BuiltIn">
<doc>Converts the given item to a Unicode string.</doc>
<arguments>
<arg>${index+1}</arg>
</arguments>
<assign>
<var>${index string}</var>
</assign>
<msg timestamp="20191119 14:46:43.161" level="INFO">${index string} = 1</msg>
<status status="PASS" starttime="20191119 14:46:43.161" endtime="20191119 14:46:43.161"></status>
</kw>
<kw name="Replace String" library="String">
<doc>Replaces ``search_for`` in the given ``string`` with ``replace_with``.</doc>
<arguments>
<arg>${xPath syntax2}</arg>
<arg>Line Position</arg>
<arg>${index string}</arg>
</arguments>
<assign>
<var>${xPath syntax3}</var>
</assign>
<msg timestamp="20191119 14:46:43.162" level="INFO">${xPath syntax3} = //ul[@id='bulkPatchList']/li[1]/div[2]/p[contains(text(),'Rack 1-Panel 1-Port 1')]</msg>
<status status="PASS" starttime="20191119 14:46:43.162" endtime="20191119 14:46:43.162"></status>
</kw>
<kw name="Log" library="BuiltIn">
<doc>Logs the given message with the given level.</doc>
<arguments>
<arg>${xPath syntax3}</arg>
</arguments>
<msg timestamp="20191119 14:46:43.163" level="INFO">//ul[@id='bulkPatchList']/li[1]/div[2]/p[contains(text(),'Rack 1-Panel 1-Port 1')]</msg>
<status status="PASS" starttime="20191119 14:46:43.162" endtime="20191119 14:46:43.163"></status>
</kw>
<kw name="Get Element Count" library="SeleniumLibrary">
<doc>Returns the number of elements matching ``locator``.</doc>
<arguments>
<arg>${xPath syntax3}</arg>
</arguments>
<assign>
<var>${count}</var>
</assign>
<msg timestamp="20191119 14:46:43.174" level="INFO">${count} = 1</msg>
<status status="PASS" starttime="20191119 14:46:43.163" endtime="20191119 14:46:43.175"></status>
</kw>
<kw name="Exit For Loop If" library="BuiltIn">
<doc>Stops executing the enclosing for loop if the ``condition`` is true.</doc>
<arguments>
<arg>${count} == 1</arg>
</arguments>
<msg timestamp="20191119 14:46:43.175" level="INFO">Exiting for loop altogether.</msg>
<status status="PASS" starttime="20191119 14:46:43.175" endtime="20191119 14:46:43.176"></status>
</kw>
<status status="PASS" starttime="20191119 14:46:43.160" endtime="20191119 14:46:43.176"></status>
</kw>
<status status="PASS" starttime="20191119 14:46:43.160" endtime="20191119 14:46:43.176"></status>
</kw>
<kw name="Should Be Equal As Strings" library="BuiltIn">
[...]
<doc>Logs the given message with the given level.</doc>
<arguments>
<arg>${xPath syntax3}</arg>
</arguments>
<msg timestamp="20191119 14:48:17.445" level="INFO">//ul[@id='bulkPatchList']/li[2]/div[2][@style='color:#F00;']/p[contains(text(),'Rack 1-Panel 1-Port 2')]</msg>
<status status="PASS" starttime="20191119 14:48:17.445" endtime="20191119 14:48:17.445"></status>
</kw>
<kw name="Get Element Count" library="SeleniumLibrary">
<doc>Returns the number of elements matching ``locator``.</doc>
<arguments>
<arg>${xPath syntax3}</arg>
</arguments>
<assign>
<var>${count}</var>
</assign>
<msg timestamp="20191119 14:48:17.455" level="INFO">${count} = 1</msg>
<status status="PASS" starttime="20191119 14:48:17.445" endtime="20191119 14:48:17.455"></status>
</kw>
<kw name="Exit For Loop If" library="BuiltIn">
<doc>Stops executing the enclosing for loop if the ``condition`` is true.</doc>
<arguments>
<arg>${count} == 1</arg>
</arguments>
<msg timestamp="20191119 14:48:17.455" level="INFO">Exiting for loop altogether.</msg>
<status status="PASS" starttime="20191119 14:48:17.455" endtime="20191119 14:48:17.455"></status>
</kw>
<status status="PASS" starttime="20191119 14:48:17.445" endtime="20191119 14:48:17.465"></status>
</kw>
<status status="PASS" starttime="20191119 14:48:17.429" endtime="20191119 14:48:17.465"></status>
</kw>
<kw name="Should Be Equal As Strings" library="BuiltIn">
<doc>Fails if objects are unequal after converting them to strings.</doc>
<arguments>
<arg>${count}</arg>
<arg>1</arg>
</arguments>
<msg timestamp="20191119 14:48:17.465" level="INFO">Argument types are:
&lt;class 'int'&gt;
&lt;type 'unicode'&gt;</msg>
<status status="PASS" starttime="20191119 14:48:17.465" endtime="20191119 14:48:17.465"></status>
</kw>
<status status="PASS" starttime="20191119 14:48:17.405" endtime="20191119 14:48:17.465"></status>
</kw>
<kw name="Then Plugout Copper Tip to Rack &quot;1&quot; Panel &quot;1&quot; Row &quot;1&quot; Port &quot;4&quot;" library="Virtual Panel definitions">
<kw name="Get Copper Panel Index" library="Virtual Panel definitions">
<arguments>
<arg>${rackID}</arg>
<arg>${panelID}</arg>
<arg>${row}</arg>
</arguments>
<assign>
<var>${panel index}</var>
</assign>
<kw name="Get Length" library="BuiltIn">
<doc>Returns and logs the length of the given item as an integer.</doc>
<arguments>
<arg>${VPpanels}</arg>
</arguments>
<assign>
<var>${panels number}</var>
</assign>
<msg timestamp="20191119 14:48:17.468" level="INFO">Length is 12</msg>
<msg timestamp="20191119 14:48:17.468" level="INFO">${panels number} = 12</msg>
<status status="PASS" starttime="20191119 14:48:17.465" endtime="20191119 14:48:17.468"></status>
</kw>
<kw name="${panel index} IN RANGE [ ${panels number-1} ]" type="for">
<kw name="${panel index} = 0" type="foritem">
<kw name="Run Keyword If" library="BuiltIn">
<doc>Runs the given keyword with the given arguments, if ``condition`` is true.</doc>
<arguments>
<arg>'${VPpanels[${panel index+1}][&amp;{dic panels table}[panel type]]}' == '${VIRTUAL PANELS TYPE}[COPPER]' and '${VPpanels[${panel index+1}][&amp;{dic panels table}[rackID]]}' == '${input rackID}' and '${VPpanels[${panel index+1}][&amp;{dic panels table}[panelID]]}' == '${input panelID}' and '${VPpanels[${panel index+1}][&amp;{dic panels table}[row]]}' == '${input row}'</arg>
<arg>Exit For Loop</arg>
</arguments>
<kw name="Exit For Loop" library="BuiltIn">
<doc>Stops executing the enclosing for loop.</doc>
<msg timestamp="20191119 14:48:17.468" level="INFO">Exiting for loop altogether.</msg>
<status status="PASS" starttime="20191119 14:48:17.468" endtime="20191119 14:48:17.468"></status>
</kw>
<status status="PASS" starttime="20191119 14:48:17.468" endtime="20191119 14:48:17.468"></status>
</kw>
<status status="PASS" starttime="20191119 14:48:17.468" endtime="20191119 14:48:17.468"></status>
</kw>
<status status="PASS" starttime="20191119 14:48:17.468" endtime="20191119 14:48:17.468"></status>
</kw>
<msg timestamp="20191119 14:48:17.468" level="INFO">${panel index} = 1</msg>
<status status="PASS" starttime="20191119 14:48:17.465" endtime="20191119 14:48:17.468"></status>
</kw>
<kw name="Log" library="BuiltIn">
<doc>Logs the given message with the given level.</doc>
<arguments>
<arg>${panel index}</arg>
</arguments>
<msg timestamp="20191119 14:48:17.468" level="INFO">1</msg>
<status status="PASS" starttime="20191119 14:48:17.468" endtime="20191119 14:48:17.468"></status>
</kw>
<kw name="Catenate" library="BuiltIn">
<doc>Catenates the given items together and returns the resulted string.</doc>
<arguments>
<arg>vp_cmd_helper --plugout --rack</arg>
<arg>${rackID}</arg>
<arg>--panel</arg>
<arg>${panel index}</arg>
<arg>--port</arg>
<arg>${portID}</arg>
</arguments>
<assign>
<var>${completed command}</var>
</assign>
<msg timestamp="20191119 14:48:17.468" level="INFO">${completed command} = vp_cmd_helper --plugout --rack 1 --panel 1 --port 4</msg>
<status status="PASS" starttime="20191119 14:48:17.468" endtime="20191119 14:48:17.468"></status>
</kw>
<kw name="Log" library="BuiltIn">
<doc>Logs the given message with the given level.</doc>
<arguments>
<arg>${completed command}</arg>
</arguments>
<msg timestamp="20191119 14:48:17.468" level="INFO">vp_cmd_helper --plugout --rack 1 --panel 1 --port 4</msg>
<status status="PASS" starttime="20191119 14:48:17.468" endtime="20191119 14:48:17.468"></status>
</kw>
<kw name="Enter Virtual Command ${completed command}" library="SSH definitions">
<kw name="Write" library="SSHLibrary">
<doc>Writes the given ``text`` on the remote machine and appends a newline.</doc>
<arguments>
<arg>${command}</arg>
</arguments>
<msg timestamp="20191119 14:48:17.565" level="INFO">vp_cmd_helper --plugout --rack 1 --panel 1 --port 4</msg>
<status status="PASS" starttime="20191119 14:48:17.475" endtime="20191119 14:48:17.565"></status>
</kw>
<kw name="Read" library="SSHLibrary">
<doc>Consumes and returns everything available on the server output.</doc>
<arguments>
<arg>loglevel=Trace</arg>
<arg>delay=1s</arg>
</arguments>
<assign>
<var>${stdout}</var>
</assign>
<msg timestamp="20191119 14:48:19.596" level="INFO">${stdout} = result=success
command=plugout
test_setup=on
bus_connect=on
bus_power=on
rack=1
panel=1
type=1100ps
panel_state=RUN
row=1
serial=28FFFF600001
count=11
# </msg>
<status status="PASS" starttime="20191119 14:48:17.565" endtime="20191119 14:48:19.596"></status>
</kw>
<kw name="Log" library="BuiltIn">
<doc>Logs the given message with the given level.</doc>
<arguments>
<arg>${stdout}</arg>
</arguments>
<msg timestamp="20191119 14:48:19.596" level="INFO">result=success
command=plugout
test_setup=on
bus_connect=on
bus_power=on
rack=1
panel=1
type=1100ps
panel_state=RUN
row=1
serial=28FFFF600001
count=11
# </msg>
<status status="PASS" starttime="20191119 14:48:19.596" endtime="20191119 14:48:19.596"></status>
</kw>
<status status="PASS" starttime="20191119 14:48:17.468" endtime="20191119 14:48:19.596"></status>
</kw>
<status status="PASS" starttime="20191119 14:48:17.465" endtime="20191119 14:48:19.596"></status>
</kw>
<kw name="Then Plugout Copper Tip to Rack &quot;1&quot; Panel &quot;1&quot; Row &quot;1&quot; Port &quot;3&quot;" library="Virtual Panel definitions">
<kw name="Get Copper Panel Index" library="Virtual Panel definitions">
<arguments>
<arg>${rackID}</arg>
<arg>${panelID}</arg>
<arg>${row}</arg>
</arguments>
<assign>
<var>${panel index}</var>
</assign>
<kw name="Get Length" library="BuiltIn">
<doc>Returns and logs the length of the given item as an integer.</doc>
<arguments>
<arg>${VPpanels}</arg>
</arguments>
<assign>
<var>${panels number}</var>
</assign>
<msg timestamp="20191119 14:48:19.596" level="INFO">Length is 12</msg>
<msg timestamp="20191119 14:48:19.600" level="INFO">${panels number} = 12</msg>
<status status="PASS" starttime="20191119 14:48:19.596" endtime="20191119 14:48:19.600"></status>
</kw>
<kw name="${panel index} IN RANGE [ ${panels number-1} ]" type="for">
<kw name="${panel index} = 0" type="foritem">
<kw name="Run Keyword If" library="BuiltIn">
<doc>Runs the given keyword with the given arguments, if ``condition`` is true.</doc>
<arguments>
<arg>'${VPpanels[${panel index+1}][&amp;{dic panels table}[panel type]]}' == '${VIRTUAL PANELS TYPE}[COPPER]' and '${VPpanels[${panel index+1}][&amp;{dic panels table}[rackID]]}' == '${input rackID}' and '${VPpanels[${panel index+1}][&amp;{dic panels table}[panelID]]}' == '${input panelID}' and '${VPpanels[${panel index+1}][&amp;{dic panels table}[row]]}' == '${input row}'</arg>
<arg>Exit For Loop</arg>
</arguments>
<kw name="Exit For Loop" library="BuiltIn">
<doc>Stops executing the enclosing for loop.</doc>
<msg timestamp="20191119 14:48:19.600" level="INFO">Exiting for loop altogether.</msg>
<status status="PASS" starttime="20191119 14:48:19.600" endtime="20191119 14:48:19.600"></status>
</kw>
<status status="PASS" starttime="20191119 14:48:19.600" endtime="20191119 14:48:19.600"></status>
</kw>
<status status="PASS" starttime="20191119 14:48:19.600" endtime="20191119 14:48:19.600"></status>
</kw>
<status status="PASS" starttime="20191119 14:48:19.600" endtime="20191119 14:48:19.600"></status>
</kw>
<msg timestamp="20191119 14:48:19.600" level="INFO">${panel index} = 1</msg>
<status status="PASS" starttime="20191119 14:48:19.596" endtime="20191119 14:48:19.600"></status>
</kw>
<kw name="Log" library="BuiltIn">
<doc>Logs the given message with the given level.</doc>
<arguments>
<arg>${panel index}</arg>
</arguments>
<msg timestamp="20191119 14:48:19.600" level="INFO">1</msg>
<status status="PASS" starttime="20191119 14:48:19.600" endtime="20191119 14:48:19.600"></status>
</kw>
<kw name="Catenate" library="BuiltIn">
<doc>Catenates the given items together and returns the resulted string.</doc>
<arguments>
<arg>vp_cmd_helper --plugout --rack</arg>
<arg>${rackID}</arg>
<arg>--panel</arg>
<arg>${panel index}</arg>
<arg>--port</arg>
<arg>${portID}</arg>
</arguments>
<assign>
<var>${completed command}</var>
</assign>
<msg timestamp="20191119 14:48:19.600" level="INFO">${completed command} = vp_cmd_helper --plugout --rack 1 --panel 1 --port 3</msg>
<status status="PASS" starttime="20191119 14:48:19.600" endtime="20191119 14:48:19.600"></status>
</kw>
<kw name="Log" library="BuiltIn">
<doc>Logs the given message with the given level.</doc>
<arguments>
<arg>${completed command}</arg>
</arguments>
<msg timestamp="20191119 14:48:19.600" level="INFO">vp_cmd_helper --plugout --rack 1 --panel 1 --port 3</msg>
<status status="PASS" starttime="20191119 14:48:19.600" endtime="20191119 14:48:19.600"></status>
</kw>
<kw name="Enter Virtual Command ${completed command}" library="SSH definitions">
<kw name="Write" library="SSHLibrary">
<doc>Writes the given ``text`` on the remote machine and appends a newline.</doc>
<arguments>
<arg>${command}</arg>
</arguments>
<msg timestamp="20191119 14:48:19.675" level="INFO">vp_cmd_helper --plugout --rack 1 --panel 1 --port 3</msg>
<status status="PASS" starttime="20191119 14:48:19.606" endtime="20191119 14:48:19.675"></status>
</kw>
<kw name="Read" library="SSHLibrary">
<doc>Consumes and returns everything available on the server output.</doc>
<arguments>
<arg>loglevel=Trace</arg>
<arg>delay=1s</arg>
</arguments>
<assign>
<var>${stdout}</var>
</assign>
<msg timestamp="20191119 14:48:21.695" level="INFO">${stdout} = result=success
command=plugout
test_setup=on
bus_connect=on
bus_power=on
rack=1
panel=1
type=1100ps
panel_state=RUN
row=1
serial=28FFFF600001
count=11
# </msg>
<status status="PASS" starttime="20191119 14:48:19.675" endtime="20191119 14:48:21.695"></status>
</kw>
<kw name="Log" library="BuiltIn">
<doc>Logs the given message with the given level.</doc>
<arguments>
<arg>${stdout}</arg>
</arguments>
<msg timestamp="20191119 14:48:21.696" level="INFO">result=success
command=plugout
test_setup=on
bus_connect=on
bus_power=on
rack=1
panel=1
type=1100ps
panel_state=RUN
row=1
serial=28FFFF600001
count=11
# </msg>
<status status="PASS" starttime="20191119 14:48:21.696" endtime="20191119 14:48:21.697"></status>
</kw>
<status status="PASS" starttime="20191119 14:48:19.606" endtime="20191119 14:48:21.697"></status>
</kw>
<status status="PASS" starttime="20191119 14:48:19.596" endtime="20191119 14:48:21.697"></status>
</kw>
<kw name="Then Plugout Copper Tip to Rack &quot;1&quot; Panel &quot;1&quot; Row &quot;1&quot; Port &quot;1&quot;" library="Virtual Panel definitions">
<kw name="Get Copper Panel Index" library="Virtual Panel definitions">
<arguments>
<arg>${rackID}</arg>
<arg>${panelID}</arg>
<arg>${row}</arg>
</arguments>
<assign>
<var>${panel index}</var>
</assign>
<kw name="Get Length" library="BuiltIn">
<doc>Returns and logs the length of the given item as an integer.</doc>
<arguments>
<arg>${VPpanels}</arg>
</arguments>
<assign>
<var>${panels number}</var>
</assign>
<msg timestamp="20191119 14:48:21.697" level="INFO">Length is 12</msg>
<msg timestamp="20191119 14:48:21.697" level="INFO">${panels number} = 12</msg>
<status status="PASS" starttime="20191119 14:48:21.697" endtime="20191119 14:48:21.697"></status>
</kw>
<kw name="${panel index} IN RANGE [ ${panels number-1} ]" type="for">
<kw name="${panel index} = 0" type="foritem">
<kw name="Run Keyword If" library="BuiltIn">
<doc>Runs the given keyword with the given arguments, if ``condition`` is true.</doc>
<arguments>
<arg>'${VPpanels[${panel index+1}][&amp;{dic panels table}[panel type]]}' == '${VIRTUAL PANELS TYPE}[COPPER]' and '${VPpanels[${panel index+1}][&amp;{dic panels table}[rackID]]}' == '${input rackID}' and '${VPpanels[${panel index+1}][&amp;{dic panels table}[panelID]]}' == '${input panelID}' and '${VPpanels[${panel index+1}][&amp;{dic panels table}[row]]}' == '${input row}'</arg>
<arg>Exit For Loop</arg>
</arguments>
<kw name="Exit For Loop" library="BuiltIn">
<doc>Stops executing the enclosing for loop.</doc>
<msg timestamp="20191119 14:48:21.697" level="INFO">Exiting for loop altogether.</msg>
<status status="PASS" starttime="20191119 14:48:21.697" endtime="20191119 14:48:21.697"></status>
</kw>
<status status="PASS" starttime="20191119 14:48:21.697" endtime="20191119 14:48:21.697"></status>
</kw>
<status status="PASS" starttime="20191119 14:48:21.697" endtime="20191119 14:48:21.697"></status>
</kw>
<status status="PASS" starttime="20191119 14:48:21.697" endtime="20191119 14:48:21.697"></status>
</kw>
<msg timestamp="20191119 14:48:21.697" level="INFO">${panel index} = 1</msg>
<status status="PASS" starttime="20191119 14:48:21.697" endtime="20191119 14:48:21.697"></status>
</kw>
<kw name="Log" library="BuiltIn">
<doc>Logs the given message with the given level.</doc>
<arguments>
<arg>${panel index}</arg>
</arguments>
<msg timestamp="20191119 14:48:21.697" level="INFO">1</msg>
<status status="PASS" starttime="20191119 14:48:21.697" endtime="20191119 14:48:21.697"></status>
</kw>
<kw name="Catenate" library="BuiltIn">
<doc>Catenates the given items together and returns the resulted string.</doc>
<arguments>
<arg>vp_cmd_helper --plugout --rack</arg>
<arg>${rackID}</arg>
<arg>--panel</arg>
<arg>${panel index}</arg>
<arg>--port</arg>
<arg>${portID}</arg>
</arguments>
<assign>
<var>${completed command}</var>
</assign>
<msg timestamp="20191119 14:48:21.697" level="INFO">${completed command} = vp_cmd_helper --plugout --rack 1 --panel 1 --port 1</msg>
<status status="PASS" starttime="20191119 14:48:21.697" endtime="20191119 14:48:21.705"></status>
</kw>
<kw name="Log" library="BuiltIn">
<doc>Logs the given message with the given level.</doc>
<arguments>
<arg>${completed command}</arg>
</arguments>
<msg timestamp="20191119 14:48:21.705" level="INFO">vp_cmd_helper --plugout --rack 1 --panel 1 --port 1</msg>
<status status="PASS" starttime="20191119 14:48:21.705" endtime="20191119 14:48:21.705"></status>
</kw>
<kw name="Enter Virtual Command ${completed command}" library="SSH definitions">
<kw name="Write" library="SSHLibrary">
<doc>Writes the given ``text`` on the remote machine and appends a newline.</doc>
<arguments>
<arg>${command}</arg>
</arguments>
<msg timestamp="20191119 14:48:21.775" level="INFO">vp_cmd_helper --plugout --rack 1 --panel 1 --port 1</msg>
<status status="PASS" starttime="20191119 14:48:21.705" endtime="20191119 14:48:21.775"></status>
</kw>
<kw name="Read" library="SSHLibrary">
<doc>Consumes and returns everything available on the server output.</doc>
<arguments>
<arg>loglevel=Trace</arg>
<arg>delay=1s</arg>
</arguments>
<assign>
<var>${stdout}</var>
</assign>
<msg timestamp="20191119 14:48:23.786" level="INFO">${stdout} = result=success
command=plugout
test_setup=on
bus_connect=on
bus_power=on
rack=1
panel=1
type=1100ps
panel_state=RUN
row=1
serial=28FFFF600001
count=11
# </msg>
<status status="PASS" starttime="20191119 14:48:21.775" endtime="20191119 14:48:23.786"></status>
</kw>
<kw name="Log" library="BuiltIn">
<doc>Logs the given message with the given level.</doc>
<arguments>
<arg>${stdout}</arg>
</arguments>
<msg timestamp="20191119 14:48:23.787" level="INFO">result=success
command=plugout
test_setup=on
bus_connect=on
bus_power=on
rack=1
panel=1
type=1100ps
panel_state=RUN
row=1
serial=28FFFF600001
count=11
# </msg>
<status status="PASS" starttime="20191119 14:48:23.787" endtime="20191119 14:48:23.787"></status>
</kw>
<status status="PASS" starttime="20191119 14:48:21.705" endtime="20191119 14:48:23.788"></status>
</kw>
<status status="PASS" starttime="20191119 14:48:21.697" endtime="20191119 14:48:23.788"></status>
</kw>
<status status="PASS" starttime="20191119 14:47:56.085" endtime="20191119 14:48:23.788" critical="yes"></status>
</test>
<status status="PASS" starttime="20191119 14:47:56.035" endtime="20191119 14:48:23.789"></status>
</suite>
<status status="PASS" starttime="20191119 14:45:39.534" endtime="20191119 14:48:23.792"></status>
</suite>
<status status="PASS" starttime="20191119 14:45:39.524" endtime="20191119 14:48:23.798"></status>
</suite>
<status status="PASS" starttime="20191119 14:45:39.524" endtime="20191119 14:48:23.804"></status>
</suite>
<status status="PASS" starttime="20191119 14:45:39.504" endtime="20191119 14:48:23.810"></status>
</suite>
<statistics>
<total>
<stat pass="10" fail="0">Critical Tests</stat>
<stat pass="10" fail="0">All Tests</stat>
</total>
<tag>
</tag>
<suite>
<stat pass="10" fail="0" id="s1" name="BulkPatching Robot">BulkPatching Robot</stat>
<stat pass="10" fail="0" id="s1-s1" name="Test Resources">BulkPatching Robot.Test Resources</stat>
<stat pass="10" fail="0" id="s1-s1-s1" name="Test Suites">BulkPatching Robot.Test Resources.Test Suites</stat>
<stat pass="10" fail="0" id="s1-s1-s1-s1" name="2. Insert All End As">BulkPatching Robot.Test Resources.Test Suites.2. Insert All End As</stat>
<stat pass="4" fail="0" id="s1-s1-s1-s1-s1" name="2.1. Check header of End A and End B when openning Bulk Patching screen firstly">BulkPatching Robot.Test Resources.Test Suites.2. Insert All End As.2.1. Check header of End A and End B when openning Bulk Patching screen firstly</stat>
<stat pass="5" fail="0" id="s1-s1-s1-s1-s2" name="2.2. Check End A when plugging correct tip on End A">BulkPatching Robot.Test Resources.Test Suites.2. Insert All End As.2.2. Check End A when plugging correct tip on End A</stat>
<stat pass="1" fail="0" id="s1-s1-s1-s1-s3" name="2.3. Check End A when plugging correct tip in the middle of list of End A">BulkPatching Robot.Test Resources.Test Suites.2. Insert All End As.2.3. Check End A when plugging correct tip in the middle of list of End A</stat>
</suite>
</statistics>
<errors>
</errors>
</robot>
