<?xml version="1.0" encoding="UTF-8"?>
<robot generator="Robot 3.1.2 (Python 3.8.0 on win32)" generated="20200203 10:03:14.431" rpa="false">
<suite id="s1" name="BulkPatching Robot" source="C:\Users\quocanh.ho\git\BulkPatching_Robot\BulkPatching_Robot">
<suite id="s1-s1" name="Test Resources" source="C:\Users\quocanh.ho\git\BulkPatching_Robot\BulkPatching_Robot\Test_Resources">
<suite id="s1-s1-s1" name="Test Suites" source="C:\Users\quocanh.ho\git\BulkPatching_Robot\BulkPatching_Robot\Test_Resources\Test_Suites">
<suite id="s1-s1-s1-s1" name="5.Create Equipment" source="C:\Users\quocanh.ho\git\BulkPatching_Robot\BulkPatching_Robot\Test_Resources\Test_Suites\5.Create_Equipment">
<suite id="s1-s1-s1-s1-s1" name="5.2.CheckEquipmentInTranslation" source="C:\Users\quocanh.ho\git\BulkPatching_Robot\BulkPatching_Robot\Test_Resources\Test_Suites\5.Create_Equipment\5.2.CheckEquipmentInTranslation.robot">
<test id="s1-s1-s1-s1-s1-t1" name="Create_Equip-02_01_Verify that &quot;Equipment&quot; should use the same translation as the text in the &quot;Equipment&quot; button if changing to Danish">
<kw name="Run Keywords" library="BuiltIn" type="setup">
<doc>Executes all the given keywords in a sequence.</doc>
<arguments>
<arg>Open SSH Connection and Login</arg>
<arg>Open WebUI And Go To Home Screen</arg>
</arguments>
<kw name="Open SSH Connection and Login" library="SSHDefinitions">
<kw name="Open Connection" library="SSHLibrary">
<doc>Opens a new SSH connection to the given ``host`` and ``port``.</doc>
<arguments>
<arg>${HOST_A}</arg>
</arguments>
<status status="PASS" starttime="20200203 10:03:15.325" endtime="20200203 10:03:15.327"></status>
</kw>
<kw name="Login" library="SSHLibrary">
<doc>Logs into the SSH server with the given ``username`` and ``password``.</doc>
<arguments>
<arg>${USERNAME}</arg>
<arg>${PASSWORD}</arg>
</arguments>
<msg timestamp="20200203 10:03:15.328" level="INFO">Logging into '192.168.171.201:22' as 'root'.</msg>
<msg timestamp="20200203 10:03:16.734" level="INFO">Read output: #</msg>
<status status="PASS" starttime="20200203 10:03:15.327" endtime="20200203 10:03:16.735"></status>
</kw>
<status status="PASS" starttime="20200203 10:03:15.324" endtime="20200203 10:03:16.735"></status>
</kw>
<kw name="Open WebUI And Go To Home Screen" library="GeneralPage">
<tags>
<tag>host_A</tag>
<tag>host_B</tag>
</tags>
<kw name="Catenate" library="BuiltIn">
<doc>Catenates the given items together and returns the resulted string.</doc>
<arguments>
<arg>SEPARATOR=</arg>
<arg>http://</arg>
<arg>${HOST A}</arg>
<arg>:8888</arg>
</arguments>
<assign>
<var>${WebUI url}</var>
</assign>
<msg timestamp="20200203 10:03:16.739" level="INFO">${WebUI url} = http://192.168.171.201:8888</msg>
<status status="PASS" starttime="20200203 10:03:16.738" endtime="20200203 10:03:16.740"></status>
</kw>
<kw name="Open Browser" library="SeleniumLibrary">
<doc>Opens a new browser instance to the optional ``url``.</doc>
<arguments>
<arg>${WebUI url}</arg>
<arg>${BROWSER}</arg>
</arguments>
<msg timestamp="20200203 10:03:16.742" level="INFO">Opening browser 'Chrome' to base url 'http://192.168.171.201:8888'.</msg>
<status status="PASS" starttime="20200203 10:03:16.741" endtime="20200203 10:03:19.850"></status>
</kw>
<kw name="Maximize Browser Window" library="SeleniumLibrary">
<doc>Maximizes current browser window.</doc>
<status status="PASS" starttime="20200203 10:03:19.851" endtime="20200203 10:03:20.980"></status>
</kw>
<kw name="Sleep" library="BuiltIn">
<doc>Pauses the test executed for the given time.</doc>
<arguments>
<arg>${PAGE LOAD TIMEOUT}</arg>
</arguments>
<msg timestamp="20200203 10:03:21.982" level="INFO">Slept 1 second</msg>
<status status="PASS" starttime="20200203 10:03:20.981" endtime="20200203 10:03:21.982"></status>
</kw>
<kw name="Set Web UI to Stand By State" library="GeneralPage">
<kw name="Get Element Count" library="SeleniumLibrary">
<doc>Returns the number of elements matching ``locator``.</doc>
<arguments>
<arg>${btnExit}</arg>
</arguments>
<assign>
<var>${count Exit button}</var>
</assign>
<msg timestamp="20200203 10:03:22.018" level="INFO">${count Exit button} = 0</msg>
<status status="PASS" starttime="20200203 10:03:21.985" endtime="20200203 10:03:22.018"></status>
</kw>
<kw name="Run Keyword If" library="BuiltIn">
<doc>Runs the given keyword with the given arguments, if ``condition`` is true.</doc>
<arguments>
<arg>${count Exit button} &gt; 0</arg>
<arg>Exit Screen</arg>
</arguments>
<status status="PASS" starttime="20200203 10:03:22.019" endtime="20200203 10:03:22.020"></status>
</kw>
<kw name="Get Element Count" library="SeleniumLibrary">
<doc>Returns the number of elements matching ``locator``.</doc>
<arguments>
<arg>${btnCancel}</arg>
</arguments>
<assign>
<var>${count Cancel button}</var>
</assign>
<msg timestamp="20200203 10:03:22.044" level="INFO">${count Cancel button} = 0</msg>
<status status="PASS" starttime="20200203 10:03:22.021" endtime="20200203 10:03:22.045"></status>
</kw>
<kw name="Run Keyword If" library="BuiltIn">
<doc>Runs the given keyword with the given arguments, if ``condition`` is true.</doc>
<arguments>
<arg>${count Cancel button} &gt; 0</arg>
<arg>Exit Screen</arg>
</arguments>
<status status="PASS" starttime="20200203 10:03:22.045" endtime="20200203 10:03:22.046"></status>
</kw>
<kw name="Get Element Count" library="SeleniumLibrary">
<doc>Returns the number of elements matching ``locator``.</doc>
<arguments>
<arg>${lblimVisionX}</arg>
</arguments>
<assign>
<var>${count Home screen}</var>
</assign>
<msg timestamp="20200203 10:03:22.072" level="INFO">${count Home screen} = 0</msg>
<status status="PASS" starttime="20200203 10:03:22.046" endtime="20200203 10:03:22.072"></status>
</kw>
<kw name="Run Keyword If" library="BuiltIn">
<doc>Runs the given keyword with the given arguments, if ``condition`` is true.</doc>
<arguments>
<arg>${count Home screen} &gt; 0</arg>
<arg>Run Keywords</arg>
<arg>Click Web Button</arg>
<arg>${btnHome}</arg>
<arg>AND</arg>
<arg>Wait For Page Load</arg>
</arguments>
<status status="PASS" starttime="20200203 10:03:22.073" endtime="20200203 10:03:22.074"></status>
</kw>
<status status="PASS" starttime="20200203 10:03:21.983" endtime="20200203 10:03:22.074"></status>
</kw>
<kw name="Go To Home Screen" library="GeneralPage">
<kw name="Click Web Button" library="GeneralPage">
<arguments>
<arg>${btnHome}</arg>
</arguments>
<kw name="Get Element Count" library="SeleniumLibrary">
<doc>Returns the number of elements matching ``locator``.</doc>
<arguments>
<arg>${btnName}</arg>
</arguments>
<assign>
<var>${button exist}</var>
</assign>
<msg timestamp="20200203 10:03:22.091" level="INFO">${button exist} = 1</msg>
<status status="PASS" starttime="20200203 10:03:22.076" endtime="20200203 10:03:22.091"></status>
</kw>
<kw name="Run Keyword If" library="BuiltIn">
<doc>Runs the given keyword with the given arguments, if ``condition`` is true.</doc>
<arguments>
<arg>${button exist} == 1</arg>
<arg>Run Keyword And Continue On Failure</arg>
<arg>Run Keywords</arg>
<arg>Click Element</arg>
<arg>${btnName}</arg>
<arg>AND</arg>
<arg>Wait For Page Load</arg>
</arguments>
<kw name="Run Keyword And Continue On Failure" library="BuiltIn">
<doc>Runs the keyword and continues execution even if a failure occurs.</doc>
<arguments>
<arg>Run Keywords</arg>
<arg>Click Element</arg>
<arg>${btnName}</arg>
<arg>AND</arg>
<arg>Wait For Page Load</arg>
</arguments>
<kw name="Run Keywords" library="BuiltIn">
<doc>Executes all the given keywords in a sequence.</doc>
<arguments>
<arg>Click Element</arg>
<arg>${btnName}</arg>
<arg>AND</arg>
<arg>Wait For Page Load</arg>
</arguments>
<kw name="Click Element" library="SeleniumLibrary">
<doc>Click the element identified by ``locator``.</doc>
<arguments>
<arg>${btnName}</arg>
</arguments>
<msg timestamp="20200203 10:03:22.095" level="INFO">Clicking element '//div[@id='home-lang']'.</msg>
<status status="PASS" starttime="20200203 10:03:22.094" endtime="20200203 10:03:22.211"></status>
</kw>
<kw name="Wait For Page Load" library="GeneralPage">
<kw name="Sleep" library="BuiltIn">
<doc>Pauses the test executed for the given time.</doc>
<arguments>
<arg>${PAGE LOAD TIMEOUT}</arg>
</arguments>
<msg timestamp="20200203 10:03:23.217" level="INFO">Slept 1 second</msg>
<status status="PASS" starttime="20200203 10:03:22.216" endtime="20200203 10:03:23.218"></status>
</kw>
<status status="PASS" starttime="20200203 10:03:22.213" endtime="20200203 10:03:23.219"></status>
</kw>
<status status="PASS" starttime="20200203 10:03:22.094" endtime="20200203 10:03:23.220"></status>
</kw>
<status status="PASS" starttime="20200203 10:03:22.093" endtime="20200203 10:03:23.221"></status>
</kw>
<status status="PASS" starttime="20200203 10:03:22.092" endtime="20200203 10:03:23.222"></status>
</kw>
<status status="PASS" starttime="20200203 10:03:22.075" endtime="20200203 10:03:23.223"></status>
</kw>
<status status="PASS" starttime="20200203 10:03:22.075" endtime="20200203 10:03:23.224"></status>
</kw>
<status status="PASS" starttime="20200203 10:03:16.736" endtime="20200203 10:03:23.225"></status>
</kw>
<status status="PASS" starttime="20200203 10:03:15.324" endtime="20200203 10:03:23.226"></status>
</kw>
<kw name="Given Go To Select Language &quot;danish&quot;" library="SelectLanguageDefinitions">
<kw name="Select Language &quot;${language}&quot;" library="SelectLanguagePage">
<kw name="Go To Settings Screen" library="HomePage">
<kw name="Click Element" library="SeleniumLibrary">
<doc>Click the element identified by ``locator``.</doc>
<arguments>
<arg>${btnSettings}</arg>
</arguments>
<msg timestamp="20200203 10:03:23.234" level="INFO">Clicking element '//div[@id='settings']/div/input[@type='submit']'.</msg>
<status status="PASS" starttime="20200203 10:03:23.233" endtime="20200203 10:03:23.369"></status>
</kw>
<kw name="Wait For Page Load" library="GeneralPage">
<kw name="Sleep" library="BuiltIn">
<doc>Pauses the test executed for the given time.</doc>
<arguments>
<arg>${PAGE LOAD TIMEOUT}</arg>
</arguments>
<msg timestamp="20200203 10:03:24.373" level="INFO">Slept 1 second</msg>
<status status="PASS" starttime="20200203 10:03:23.371" endtime="20200203 10:03:24.373"></status>
</kw>
<status status="PASS" starttime="20200203 10:03:23.370" endtime="20200203 10:03:24.374"></status>
</kw>
<status status="PASS" starttime="20200203 10:03:23.232" endtime="20200203 10:03:24.375"></status>
</kw>
<kw name="Go To Select Language Screen" library="SettingsPage">
<kw name="Click Element" library="SeleniumLibrary">
<doc>Click the element identified by ``locator``.</doc>
<arguments>
<arg>${btnLanguage Settings}</arg>
</arguments>
<msg timestamp="20200203 10:03:24.379" level="INFO">Clicking element '//div[@id='settings-language']'.</msg>
<status status="PASS" starttime="20200203 10:03:24.378" endtime="20200203 10:03:24.990"></status>
</kw>
<kw name="Wait For Page Load" library="GeneralPage">
<kw name="Sleep" library="BuiltIn">
<doc>Pauses the test executed for the given time.</doc>
<arguments>
<arg>${PAGE LOAD TIMEOUT}</arg>
</arguments>
<msg timestamp="20200203 10:03:25.995" level="INFO">Slept 1 second</msg>
<status status="PASS" starttime="20200203 10:03:24.993" endtime="20200203 10:03:25.995"></status>
</kw>
<status status="PASS" starttime="20200203 10:03:24.991" endtime="20200203 10:03:25.996"></status>
</kw>
<status status="PASS" starttime="20200203 10:03:24.376" endtime="20200203 10:03:25.996"></status>
</kw>
<kw name="Convert To Lowercase" library="String">
<doc>Converts string to lowercase.</doc>
<arguments>
<arg>${language}</arg>
</arguments>
<assign>
<var>${temp language}</var>
</assign>
<msg timestamp="20200203 10:03:25.997" level="INFO">${temp language} = danish</msg>
<status status="PASS" starttime="20200203 10:03:25.997" endtime="20200203 10:03:25.997"></status>
</kw>
<kw name="Run Keyword If" library="BuiltIn">
<doc>Runs the given keyword with the given arguments, if ``condition`` is true.</doc>
<arguments>
<arg>'${temp language}' == 'danish'</arg>
<arg>Run Keyword And Continue On Failure</arg>
<arg>Click Element</arg>
<arg>${btnDanish}</arg>
<arg>ELSE IF</arg>
<arg>'${temp language}' == 'german'</arg>
<arg>Run Keyword And Continue On Failure</arg>
<arg>Click Element</arg>
<arg>${btnGerman}</arg>
<arg>ELSE IF</arg>
<arg>'${temp language}' == 'english'</arg>
<arg>Run Keyword And Continue On Failure</arg>
<arg>Click Element</arg>
<arg>${btnEnglish}</arg>
<arg>ELSE IF</arg>
<arg>'${temp language}' == 'spainish'</arg>
<arg>Run Keyword And Continue On Failure</arg>
<arg>Click Element</arg>
<arg>${btnSpainish}</arg>
<arg>ELSE IF</arg>
<arg>'${temp language}' == 'french'</arg>
<arg>Run Keyword And Continue On Failure</arg>
<arg>Click Element</arg>
<arg>${btnFrench}</arg>
<arg>ELSE IF</arg>
<arg>'${temp language}' == 'italian'</arg>
<arg>Run Keyword And Continue On Failure</arg>
<arg>Click Element</arg>
<arg>${btnItalian}</arg>
<arg>ELSE IF</arg>
<arg>'${temp language}' == 'polish'</arg>
<arg>Run Keyword And Continue On Failure</arg>
<arg>Move down and click element "${btnPolish}"</arg>
<arg>ELSE IF</arg>
<arg>'${temp language}' == 'portuguese'</arg>
<arg>Run Keyword And Continue On Failure</arg>
<arg>Move down and click element "${btnPortuguese}"</arg>
<arg>ELSE IF</arg>
<arg>'${temp language}' == 'russian'</arg>
<arg>Run Keyword And Continue On Failure</arg>
<arg>Move down and click element "${btnRussian}"</arg>
<arg>ELSE IF</arg>
<arg>'${temp language}' == 'chinese'</arg>
<arg>Run Keyword And Continue On Failure</arg>
<arg>Move down and click element "${btnChinese}"</arg>
<arg>ELSE IF</arg>
<arg>'${temp language}' == 'korean'</arg>
<arg>Run Keyword And Continue On Failure</arg>
<arg>Move down and click element "${btnKorean}"</arg>
<arg>ELSE</arg>
<arg>Run Keyword And Continue On Failure</arg>
<arg>Log</arg>
<arg>${temp language}</arg>
</arguments>
<kw name="Run Keyword And Continue On Failure" library="BuiltIn">
<doc>Runs the keyword and continues execution even if a failure occurs.</doc>
<arguments>
<arg>Click Element</arg>
<arg>${btnDanish}</arg>
</arguments>
<kw name="Click Element" library="SeleniumLibrary">
<doc>Click the element identified by ``locator``.</doc>
<arguments>
<arg>${btnDanish}</arg>
</arguments>
<msg timestamp="20200203 10:03:26.000" level="INFO">Clicking element '//div[@id='language-list']/div[@id='1005']'.</msg>
<status status="PASS" starttime="20200203 10:03:25.999" endtime="20200203 10:03:26.063"></status>
</kw>
<status status="PASS" starttime="20200203 10:03:25.999" endtime="20200203 10:03:26.064"></status>
</kw>
<status status="PASS" starttime="20200203 10:03:25.998" endtime="20200203 10:03:26.065"></status>
</kw>
<kw name="Touch Save Language" library="SelectLanguagePage">
<kw name="Click Element" library="SeleniumLibrary">
<doc>Click the element identified by ``locator``.</doc>
<arguments>
<arg>${btnSave}</arg>
</arguments>
<msg timestamp="20200203 10:03:26.068" level="INFO">Clicking element '//div[@id='save-button']'.</msg>
<status status="PASS" starttime="20200203 10:03:26.067" endtime="20200203 10:03:26.145"></status>
</kw>
<kw name="Wait For Page Load" library="GeneralPage">
<kw name="Sleep" library="BuiltIn">
<doc>Pauses the test executed for the given time.</doc>
<arguments>
<arg>${PAGE LOAD TIMEOUT}</arg>
</arguments>
<msg timestamp="20200203 10:03:27.150" level="INFO">Slept 1 second</msg>
<status status="PASS" starttime="20200203 10:03:26.148" endtime="20200203 10:03:27.150"></status>
</kw>
<status status="PASS" starttime="20200203 10:03:26.146" endtime="20200203 10:03:27.151"></status>
</kw>
<status status="PASS" starttime="20200203 10:03:26.066" endtime="20200203 10:03:27.152"></status>
</kw>
<status status="PASS" starttime="20200203 10:03:23.231" endtime="20200203 10:03:27.152"></status>
</kw>
<status status="PASS" starttime="20200203 10:03:23.229" endtime="20200203 10:03:27.153"></status>
</kw>
<kw name="Given Go To Home Screen" library="GeneralPage">
<kw name="Click Web Button" library="GeneralPage">
<arguments>
<arg>${btnHome}</arg>
</arguments>
<kw name="Get Element Count" library="SeleniumLibrary">
<doc>Returns the number of elements matching ``locator``.</doc>
<arguments>
<arg>${btnName}</arg>
</arguments>
<assign>
<var>${button exist}</var>
</assign>
<msg timestamp="20200203 10:03:27.172" level="INFO">${button exist} = 1</msg>
<status status="PASS" starttime="20200203 10:03:27.157" endtime="20200203 10:03:27.172"></status>
</kw>
<kw name="Run Keyword If" library="BuiltIn">
<doc>Runs the given keyword with the given arguments, if ``condition`` is true.</doc>
<arguments>
<arg>${button exist} == 1</arg>
<arg>Run Keyword And Continue On Failure</arg>
<arg>Run Keywords</arg>
<arg>Click Element</arg>
<arg>${btnName}</arg>
<arg>AND</arg>
<arg>Wait For Page Load</arg>
</arguments>
<kw name="Run Keyword And Continue On Failure" library="BuiltIn">
<doc>Runs the keyword and continues execution even if a failure occurs.</doc>
<arguments>
<arg>Run Keywords</arg>
<arg>Click Element</arg>
<arg>${btnName}</arg>
<arg>AND</arg>
<arg>Wait For Page Load</arg>
</arguments>
<kw name="Run Keywords" library="BuiltIn">
<doc>Executes all the given keywords in a sequence.</doc>
<arguments>
<arg>Click Element</arg>
<arg>${btnName}</arg>
<arg>AND</arg>
<arg>Wait For Page Load</arg>
</arguments>
<kw name="Click Element" library="SeleniumLibrary">
<doc>Click the element identified by ``locator``.</doc>
<arguments>
<arg>${btnName}</arg>
</arguments>
<msg timestamp="20200203 10:03:27.177" level="INFO">Clicking element '//div[@id='home-lang']'.</msg>
<status status="PASS" starttime="20200203 10:03:27.176" endtime="20200203 10:03:27.277"></status>
</kw>
<kw name="Wait For Page Load" library="GeneralPage">
<kw name="Sleep" library="BuiltIn">
<doc>Pauses the test executed for the given time.</doc>
<arguments>
<arg>${PAGE LOAD TIMEOUT}</arg>
</arguments>
<msg timestamp="20200203 10:03:28.282" level="INFO">Slept 1 second</msg>
<status status="PASS" starttime="20200203 10:03:27.281" endtime="20200203 10:03:28.282"></status>
</kw>
<status status="PASS" starttime="20200203 10:03:27.279" endtime="20200203 10:03:28.283"></status>
</kw>
<status status="PASS" starttime="20200203 10:03:27.175" endtime="20200203 10:03:28.283"></status>
</kw>
<status status="PASS" starttime="20200203 10:03:27.174" endtime="20200203 10:03:28.284"></status>
</kw>
<status status="PASS" starttime="20200203 10:03:27.173" endtime="20200203 10:03:28.284"></status>
</kw>
<status status="PASS" starttime="20200203 10:03:27.155" endtime="20200203 10:03:28.284"></status>
</kw>
<status status="PASS" starttime="20200203 10:03:27.154" endtime="20200203 10:03:28.285"></status>
</kw>
<kw name="Given Go To Bulk Patching Screen" library="HomePage">
<kw name="Click Element" library="SeleniumLibrary">
<doc>Click the element identified by ``locator``.</doc>
<arguments>
<arg>${btnBulk Patching}</arg>
</arguments>
<msg timestamp="20200203 10:03:28.287" level="INFO">Clicking element '//input[@id='bulk-patch-btn']'.</msg>
<status status="PASS" starttime="20200203 10:03:28.287" endtime="20200203 10:03:28.352"></status>
</kw>
<kw name="Wait For Page Load" library="GeneralPage">
<kw name="Sleep" library="BuiltIn">
<doc>Pauses the test executed for the given time.</doc>
<arguments>
<arg>${PAGE LOAD TIMEOUT}</arg>
</arguments>
<msg timestamp="20200203 10:03:29.355" level="INFO">Slept 1 second</msg>
<status status="PASS" starttime="20200203 10:03:28.354" endtime="20200203 10:03:29.355"></status>
</kw>
<status status="PASS" starttime="20200203 10:03:28.353" endtime="20200203 10:03:29.356"></status>
</kw>
<status status="PASS" starttime="20200203 10:03:28.286" endtime="20200203 10:03:29.356"></status>
</kw>
<kw name="When Plugin Copper Tip to Rack &quot;1&quot; Panel &quot;1&quot; Row &quot;1&quot; Port &quot;1&quot;" library="VirtualPanelDefinitions">
<kw name="Get Copper Panel Index" library="VirtualPanelDefinitions">
<arguments>
<arg>${rackID}</arg>
<arg>${panelID}</arg>
<arg>${row}</arg>
</arguments>
<assign>
<var>${panel index}</var>
</assign>
<kw name="Get Length" library="BuiltIn">
<doc>Returns and logs the length of the given item as an integer.</doc>
<arguments>
<arg>${VPpanels}</arg>
</arguments>
<assign>
<var>${panels number}</var>
</assign>
<msg timestamp="20200203 10:03:29.359" level="INFO">Length is 12</msg>
<msg timestamp="20200203 10:03:29.359" level="INFO">${panels number} = 12</msg>
<status status="PASS" starttime="20200203 10:03:29.358" endtime="20200203 10:03:29.359"></status>
</kw>
<kw name="${panel index} IN RANGE [ ${panels number-1} ]" type="for">
<kw name="${panel index} = 0" type="foritem">
<kw name="Run Keyword If" library="BuiltIn">
<doc>Runs the given keyword with the given arguments, if ``condition`` is true.</doc>
<arguments>
<arg>'${VPpanels[${panel index+1}][&amp;{dic panels table}[panel type]]}' == '${VIRTUAL PANELS TYPE}[COPPER]' and '${VPpanels[${panel index+1}][&amp;{dic panels table}[rackID]]}' == '${input rackID}' and '${VPpanels[${panel index+1}][&amp;{dic panels table}[panelID]]}' == '${input panelID}' and '${VPpanels[${panel index+1}][&amp;{dic panels table}[row]]}' == '${input row}'</arg>
<arg>Exit For Loop</arg>
</arguments>
<kw name="Exit For Loop" library="BuiltIn">
<doc>Stops executing the enclosing for loop.</doc>
<msg timestamp="20200203 10:03:29.364" level="INFO">Exiting for loop altogether.</msg>
<status status="PASS" starttime="20200203 10:03:29.363" endtime="20200203 10:03:29.364"></status>
</kw>
<status status="PASS" starttime="20200203 10:03:29.360" endtime="20200203 10:03:29.365"></status>
</kw>
<status status="PASS" starttime="20200203 10:03:29.360" endtime="20200203 10:03:29.365"></status>
</kw>
<status status="PASS" starttime="20200203 10:03:29.360" endtime="20200203 10:03:29.365"></status>
</kw>
<msg timestamp="20200203 10:03:29.367" level="INFO">${panel index} = 1</msg>
<status status="PASS" starttime="20200203 10:03:29.358" endtime="20200203 10:03:29.367"></status>
</kw>
<kw name="Log" library="BuiltIn">
<doc>Logs the given message with the given level.</doc>
<arguments>
<arg>${panel index}</arg>
</arguments>
<msg timestamp="20200203 10:03:29.369" level="INFO">1</msg>
<status status="PASS" starttime="20200203 10:03:29.368" endtime="20200203 10:03:29.369"></status>
</kw>
<kw name="Catenate" library="BuiltIn">
<doc>Catenates the given items together and returns the resulted string.</doc>
<arguments>
<arg>vp_cmd_helper --plugin --rack</arg>
<arg>${rackID}</arg>
<arg>--panel</arg>
<arg>${panel index}</arg>
<arg>--port</arg>
<arg>${portID}</arg>
</arguments>
<assign>
<var>${completed command}</var>
</assign>
<msg timestamp="20200203 10:03:29.371" level="INFO">${completed command} = vp_cmd_helper --plugin --rack 1 --panel 1 --port 1</msg>
<status status="PASS" starttime="20200203 10:03:29.370" endtime="20200203 10:03:29.371"></status>
</kw>
<kw name="Log" library="BuiltIn">
<doc>Logs the given message with the given level.</doc>
<arguments>
<arg>${completed command}</arg>
</arguments>
<msg timestamp="20200203 10:03:29.373" level="INFO">vp_cmd_helper --plugin --rack 1 --panel 1 --port 1</msg>
<status status="PASS" starttime="20200203 10:03:29.372" endtime="20200203 10:03:29.374"></status>
</kw>
<kw name="Enter Virtual Command ${completed command}" library="SSHDefinitions">
<kw name="Write" library="SSHLibrary">
<doc>Writes the given ``text`` on the remote machine and appends a newline.</doc>
<arguments>
<arg>${command}</arg>
</arguments>
<msg timestamp="20200203 10:03:29.411" level="INFO">vp_cmd_helper --plugin --rack 1 --panel 1 --port 1</msg>
<status status="PASS" starttime="20200203 10:03:29.376" endtime="20200203 10:03:29.411"></status>
</kw>
<kw name="Read" library="SSHLibrary">
<doc>Consumes and returns everything available on the server output.</doc>
<arguments>
<arg>loglevel=Trace</arg>
<arg>delay=1s</arg>
</arguments>
<assign>
<var>${stdout}</var>
</assign>
<msg timestamp="20200203 10:03:31.414" level="INFO">${stdout} = result=success
command=plugin
test_setup=on
bus_connect=on
bus_power=on
rack=1
panel=1
type=1100ps
panel_state=RUN
row=1
serial=28FFFF600001
count=11
# </msg>
<status status="PASS" starttime="20200203 10:03:29.412" endtime="20200203 10:03:31.415"></status>
</kw>
<kw name="Log" library="BuiltIn">
<doc>Logs the given message with the given level.</doc>
<arguments>
<arg>${stdout}</arg>
</arguments>
<msg timestamp="20200203 10:03:31.417" level="INFO">result=success
command=plugin
test_setup=on
bus_connect=on
bus_power=on
rack=1
panel=1
type=1100ps
panel_state=RUN
row=1
serial=28FFFF600001
count=11
# </msg>
<status status="PASS" starttime="20200203 10:03:31.416" endtime="20200203 10:03:31.418"></status>
</kw>
<status status="PASS" starttime="20200203 10:03:29.375" endtime="20200203 10:03:31.418"></status>
</kw>
<status status="PASS" starttime="20200203 10:03:29.357" endtime="20200203 10:03:31.419"></status>
</kw>
<kw name="When Select Tab End &quot;B&quot;" library="BulkPatchingPage">
<kw name="Convert To Lowercase" library="String">
<doc>Converts string to lowercase.</doc>
<arguments>
<arg>${end position}</arg>
</arguments>
<assign>
<var>${temp end position}</var>
</assign>
<msg timestamp="20200203 10:03:31.422" level="INFO">${temp end position} = b</msg>
<status status="PASS" starttime="20200203 10:03:31.421" endtime="20200203 10:03:31.422"></status>
</kw>
<kw name="Run Keyword If" library="BuiltIn">
<doc>Runs the given keyword with the given arguments, if ``condition`` is true.</doc>
<arguments>
<arg>'${temp end position}' == 'a'</arg>
<arg>Click Web Button</arg>
<arg>${tabEndA}</arg>
<arg>ELSE IF</arg>
<arg>'${temp end position}' == 'b'</arg>
<arg>Click Web Button</arg>
<arg>${tabEndB}</arg>
</arguments>
<kw name="Click Web Button" library="GeneralPage">
<arguments>
<arg>${tabEndB}</arg>
</arguments>
<kw name="Get Element Count" library="SeleniumLibrary">
<doc>Returns the number of elements matching ``locator``.</doc>
<arguments>
<arg>${btnName}</arg>
</arguments>
<assign>
<var>${button exist}</var>
</assign>
<msg timestamp="20200203 10:03:31.455" level="INFO">${button exist} = 1</msg>
<status status="PASS" starttime="20200203 10:03:31.426" endtime="20200203 10:03:31.455"></status>
</kw>
<kw name="Run Keyword If" library="BuiltIn">
<doc>Runs the given keyword with the given arguments, if ``condition`` is true.</doc>
<arguments>
<arg>${button exist} == 1</arg>
<arg>Run Keyword And Continue On Failure</arg>
<arg>Run Keywords</arg>
<arg>Click Element</arg>
<arg>${btnName}</arg>
<arg>AND</arg>
<arg>Wait For Page Load</arg>
</arguments>
<kw name="Run Keyword And Continue On Failure" library="BuiltIn">
<doc>Runs the keyword and continues execution even if a failure occurs.</doc>
<arguments>
<arg>Run Keywords</arg>
<arg>Click Element</arg>
<arg>${btnName}</arg>
<arg>AND</arg>
<arg>Wait For Page Load</arg>
</arguments>
<kw name="Run Keywords" library="BuiltIn">
<doc>Executes all the given keywords in a sequence.</doc>
<arguments>
<arg>Click Element</arg>
<arg>${btnName}</arg>
<arg>AND</arg>
<arg>Wait For Page Load</arg>
</arguments>
<kw name="Click Element" library="SeleniumLibrary">
<doc>Click the element identified by ``locator``.</doc>
<arguments>
<arg>${btnName}</arg>
</arguments>
<msg timestamp="20200203 10:03:31.459" level="INFO">Clicking element '//div[@id='btn-end-b']'.</msg>
<status status="PASS" starttime="20200203 10:03:31.458" endtime="20200203 10:03:31.511"></status>
</kw>
<kw name="Wait For Page Load" library="GeneralPage">
<kw name="Sleep" library="BuiltIn">
<doc>Pauses the test executed for the given time.</doc>
<arguments>
<arg>${PAGE LOAD TIMEOUT}</arg>
</arguments>
<msg timestamp="20200203 10:03:32.515" level="INFO">Slept 1 second</msg>
<status status="PASS" starttime="20200203 10:03:31.512" endtime="20200203 10:03:32.515"></status>
</kw>
<status status="PASS" starttime="20200203 10:03:31.512" endtime="20200203 10:03:32.516"></status>
</kw>
<status status="PASS" starttime="20200203 10:03:31.457" endtime="20200203 10:03:32.517"></status>
</kw>
<status status="PASS" starttime="20200203 10:03:31.457" endtime="20200203 10:03:32.517"></status>
</kw>
<status status="PASS" starttime="20200203 10:03:31.456" endtime="20200203 10:03:32.518"></status>
</kw>
<status status="PASS" starttime="20200203 10:03:31.425" endtime="20200203 10:03:32.518"></status>
</kw>
<status status="PASS" starttime="20200203 10:03:31.423" endtime="20200203 10:03:32.519"></status>
</kw>
<kw name="Wait For Page Load" library="GeneralPage">
<kw name="Sleep" library="BuiltIn">
<doc>Pauses the test executed for the given time.</doc>
<arguments>
<arg>${PAGE LOAD TIMEOUT}</arg>
</arguments>
<msg timestamp="20200203 10:03:33.521" level="INFO">Slept 1 second</msg>
<status status="PASS" starttime="20200203 10:03:32.521" endtime="20200203 10:03:33.521"></status>
</kw>
<status status="PASS" starttime="20200203 10:03:32.520" endtime="20200203 10:03:33.522"></status>
</kw>
<status status="PASS" starttime="20200203 10:03:31.420" endtime="20200203 10:03:33.523"></status>
</kw>
<kw name="Then Equipment Button Should Be &quot;appeared&quot;" library="BulkPatchingDefinitions">
<kw name="Convert To Lowercase" library="String">
<doc>Converts string to lowercase.</doc>
<arguments>
<arg>${status}</arg>
</arguments>
<assign>
<var>${temp status}</var>
</assign>
<msg timestamp="20200203 10:03:33.526" level="INFO">${temp status} = appeared</msg>
<status status="PASS" starttime="20200203 10:03:33.526" endtime="20200203 10:03:33.527"></status>
</kw>
<kw name="Run Keyword If" library="BuiltIn">
<doc>Runs the given keyword with the given arguments, if ``condition`` is true.</doc>
<arguments>
<arg>'${temp status}' == 'appeared'</arg>
<arg>Run Keyword And Continue On Failure</arg>
<arg>Page Should Contain Element</arg>
<arg>${btnEquipment}</arg>
<arg>ELSE IF</arg>
<arg>'${temp status}' == 'disappeared'</arg>
<arg>Run Keyword And Continue On Failure</arg>
<arg>Page Should Not Contain Element</arg>
<arg>${btnEquipment}</arg>
</arguments>
<kw name="Run Keyword And Continue On Failure" library="BuiltIn">
<doc>Runs the keyword and continues execution even if a failure occurs.</doc>
<arguments>
<arg>Page Should Contain Element</arg>
<arg>${btnEquipment}</arg>
</arguments>
<kw name="Page Should Contain Element" library="SeleniumLibrary">
<doc>Verifies that element ``locator`` is found on the current page.</doc>
<arguments>
<arg>${btnEquipment}</arg>
</arguments>
<msg timestamp="20200203 10:03:33.557" level="INFO">Current page contains element '//div[@id='btn-header' and contains(@style,'visibility: visible')]'.</msg>
<status status="PASS" starttime="20200203 10:03:33.530" endtime="20200203 10:03:33.557"></status>
</kw>
<status status="PASS" starttime="20200203 10:03:33.529" endtime="20200203 10:03:33.558"></status>
</kw>
<status status="PASS" starttime="20200203 10:03:33.528" endtime="20200203 10:03:33.558"></status>
</kw>
<status status="PASS" starttime="20200203 10:03:33.524" endtime="20200203 10:03:33.559"></status>
</kw>
<kw name="When Touch Equipment Button" library="BulkPatchingPage">
<kw name="Click Web Button" library="GeneralPage">
<arguments>
<arg>${btnEquipment}</arg>
</arguments>
<kw name="Get Element Count" library="SeleniumLibrary">
<doc>Returns the number of elements matching ``locator``.</doc>
<arguments>
<arg>${btnName}</arg>
</arguments>
<assign>
<var>${button exist}</var>
</assign>
<msg timestamp="20200203 10:03:33.578" level="INFO">${button exist} = 1</msg>
<status status="PASS" starttime="20200203 10:03:33.562" endtime="20200203 10:03:33.578"></status>
</kw>
<kw name="Run Keyword If" library="BuiltIn">
<doc>Runs the given keyword with the given arguments, if ``condition`` is true.</doc>
<arguments>
<arg>${button exist} == 1</arg>
<arg>Run Keyword And Continue On Failure</arg>
<arg>Run Keywords</arg>
<arg>Click Element</arg>
<arg>${btnName}</arg>
<arg>AND</arg>
<arg>Wait For Page Load</arg>
</arguments>
<kw name="Run Keyword And Continue On Failure" library="BuiltIn">
<doc>Runs the keyword and continues execution even if a failure occurs.</doc>
<arguments>
<arg>Run Keywords</arg>
<arg>Click Element</arg>
<arg>${btnName}</arg>
<arg>AND</arg>
<arg>Wait For Page Load</arg>
</arguments>
<kw name="Run Keywords" library="BuiltIn">
<doc>Executes all the given keywords in a sequence.</doc>
<arguments>
<arg>Click Element</arg>
<arg>${btnName}</arg>
<arg>AND</arg>
<arg>Wait For Page Load</arg>
</arguments>
<kw name="Click Element" library="SeleniumLibrary">
<doc>Click the element identified by ``locator``.</doc>
<arguments>
<arg>${btnName}</arg>
</arguments>
<msg timestamp="20200203 10:03:33.584" level="INFO">Clicking element '//div[@id='btn-header' and contains(@style,'visibility: visible')]'.</msg>
<status status="PASS" starttime="20200203 10:03:33.583" endtime="20200203 10:03:33.647"></status>
</kw>
<kw name="Wait For Page Load" library="GeneralPage">
<kw name="Sleep" library="BuiltIn">
<doc>Pauses the test executed for the given time.</doc>
<arguments>
<arg>${PAGE LOAD TIMEOUT}</arg>
</arguments>
<msg timestamp="20200203 10:03:34.648" level="INFO">Slept 1 second</msg>
<status status="PASS" starttime="20200203 10:03:33.648" endtime="20200203 10:03:34.648"></status>
</kw>
<status status="PASS" starttime="20200203 10:03:33.647" endtime="20200203 10:03:34.649"></status>
</kw>
<status status="PASS" starttime="20200203 10:03:33.582" endtime="20200203 10:03:34.649"></status>
</kw>
<status status="PASS" starttime="20200203 10:03:33.581" endtime="20200203 10:03:34.649"></status>
</kw>
<status status="PASS" starttime="20200203 10:03:33.579" endtime="20200203 10:03:34.650"></status>
</kw>
<status status="PASS" starttime="20200203 10:03:33.561" endtime="20200203 10:03:34.650"></status>
</kw>
<kw name="Wait For Page Load" library="GeneralPage">
<kw name="Sleep" library="BuiltIn">
<doc>Pauses the test executed for the given time.</doc>
<arguments>
<arg>${PAGE LOAD TIMEOUT}</arg>
</arguments>
<msg timestamp="20200203 10:03:35.652" level="INFO">Slept 1 second</msg>
<status status="PASS" starttime="20200203 10:03:34.651" endtime="20200203 10:03:35.652"></status>
</kw>
<status status="PASS" starttime="20200203 10:03:34.651" endtime="20200203 10:03:35.653"></status>
</kw>
<status status="PASS" starttime="20200203 10:03:33.560" endtime="20200203 10:03:35.654"></status>
</kw>
<kw name="Then Check Equipment Text at Path Location &quot;E:\EquipmentTranslate.xlsx&quot; in Language &quot;danish&quot; &quot;appeared&quot;" library="BulkPatchingDefinitions">
<doc>This keyword is used to check the language of text"Equipment" displayed in End B list on Bulk Patching screen</doc>
<kw name="Convert To Lowercase" library="String">
<doc>Converts string to lowercase.</doc>
<arguments>
<arg>${languageID}</arg>
</arguments>
<assign>
<var>${input language}</var>
</assign>
<msg timestamp="20200203 10:03:35.659" level="INFO">${input language} = danish</msg>
<status status="PASS" starttime="20200203 10:03:35.657" endtime="20200203 10:03:35.659"></status>
</kw>
<kw name="Convert To String" library="BuiltIn">
<doc>Converts the given item to a Unicode string.</doc>
<arguments>
<arg>${input language}</arg>
</arguments>
<assign>
<var>${input language1}</var>
</assign>
<msg timestamp="20200203 10:03:35.661" level="INFO">${input language1} = danish</msg>
<status status="PASS" starttime="20200203 10:03:35.660" endtime="20200203 10:03:35.661"></status>
</kw>
<kw name="Catenate" library="BuiltIn">
<doc>Catenates the given items together and returns the resulted string.</doc>
<arguments>
<arg>${path}</arg>
</arguments>
<assign>
<var>${path1}</var>
</assign>
<msg timestamp="20200203 10:03:35.662" level="INFO">${path1} = E:EquipmentTranslate.xlsx</msg>
<status status="PASS" starttime="20200203 10:03:35.662" endtime="20200203 10:03:35.663"></status>
</kw>
<kw name="Log" library="BuiltIn">
<doc>Logs the given message with the given level.</doc>
<arguments>
<arg>${path1}</arg>
</arguments>
<msg timestamp="20200203 10:03:35.664" level="INFO">E:EquipmentTranslate.xlsx</msg>
<status status="PASS" starttime="20200203 10:03:35.664" endtime="20200203 10:03:35.665"></status>
</kw>
<kw name="Create List" library="MyOwnLib">
<arguments>
<arg>${path1}</arg>
<arg>0</arg>
</arguments>
<assign>
<var>${langList}</var>
</assign>
<msg timestamp="20200203 10:03:35.675" level="INFO">${langList} = ['english', 'portuguese', 'danish', 'german', 'spainish', 'french', 'italian', 'korean', 'polish', 'russian', 'chinese']</msg>
<status status="PASS" starttime="20200203 10:03:35.665" endtime="20200203 10:03:35.675"></status>
</kw>
<kw name="Log" library="BuiltIn">
<doc>Logs the given message with the given level.</doc>
<arguments>
<arg>${langList}</arg>
</arguments>
<msg timestamp="20200203 10:03:35.677" level="INFO">['english', 'portuguese', 'danish', 'german', 'spainish', 'french', 'italian', 'korean', 'polish', 'russian', 'chinese']</msg>
<status status="PASS" starttime="20200203 10:03:35.676" endtime="20200203 10:03:35.677"></status>
</kw>
<kw name="Create List" library="MyOwnLib">
<arguments>
<arg>${path1}</arg>
<arg>1</arg>
</arguments>
<assign>
<var>${textList}</var>
</assign>
<msg timestamp="20200203 10:03:35.684" level="INFO">${textList} = ['Equipment', 'Equipamento', 'Udstyr', 'Komponente', 'Equipo', 'Équipements', 'Apparecchiatura', '장비', 'Sprzęt', 'Oборудование', '设备模式']</msg>
<status status="PASS" starttime="20200203 10:03:35.678" endtime="20200203 10:03:35.684"></status>
</kw>
<kw name="Log" library="BuiltIn">
<doc>Logs the given message with the given level.</doc>
<arguments>
<arg>${textList}</arg>
</arguments>
<msg timestamp="20200203 10:03:35.685" level="INFO">['Equipment', 'Equipamento', 'Udstyr', 'Komponente', 'Equipo', 'Équipements', 'Apparecchiatura', '장비', 'Sprzęt', 'Oборудование', '设备模式']</msg>
<status status="PASS" starttime="20200203 10:03:35.685" endtime="20200203 10:03:35.686"></status>
</kw>
<kw name="Get Index List" library="MyOwnLib">
<arguments>
<arg>${langList}</arg>
<arg>${input language1}</arg>
</arguments>
<assign>
<var>${index}</var>
</assign>
<msg timestamp="20200203 10:03:35.687" level="INFO">${index} = 2</msg>
<status status="PASS" starttime="20200203 10:03:35.686" endtime="20200203 10:03:35.687"></status>
</kw>
<kw name="Log" library="BuiltIn">
<doc>Logs the given message with the given level.</doc>
<arguments>
<arg>${index}</arg>
</arguments>
<msg timestamp="20200203 10:03:35.688" level="INFO">2</msg>
<status status="PASS" starttime="20200203 10:03:35.688" endtime="20200203 10:03:35.688"></status>
</kw>
<kw name="Get Equipment Text" library="MyOwnLib">
<arguments>
<arg>${textList}</arg>
<arg>${index}</arg>
</arguments>
<assign>
<var>${text}</var>
</assign>
<msg timestamp="20200203 10:03:35.690" level="INFO">${text} = Udstyr</msg>
<status status="PASS" starttime="20200203 10:03:35.689" endtime="20200203 10:03:35.690"></status>
</kw>
<kw name="Log" library="BuiltIn">
<doc>Logs the given message with the given level.</doc>
<arguments>
<arg>${text}</arg>
</arguments>
<msg timestamp="20200203 10:03:35.692" level="INFO">Udstyr</msg>
<status status="PASS" starttime="20200203 10:03:35.691" endtime="20200203 10:03:35.692"></status>
</kw>
<kw name="Replace String" library="String">
<doc>Replaces ``search_for`` in the given ``string`` with ``replace_with``.</doc>
<arguments>
<arg>${txtEquipmentLanguage}</arg>
<arg>Equipment</arg>
<arg>${text}</arg>
</arguments>
<assign>
<var>${xPath syntax}</var>
</assign>
<msg timestamp="20200203 10:03:35.693" level="INFO">${xPath syntax} = //div[@style='float:left' and contains(text(),'Udstyr')]</msg>
<status status="PASS" starttime="20200203 10:03:35.693" endtime="20200203 10:03:35.694"></status>
</kw>
<kw name="Log" library="BuiltIn">
<doc>Logs the given message with the given level.</doc>
<arguments>
<arg>${xPath syntax}</arg>
</arguments>
<msg timestamp="20200203 10:03:35.695" level="INFO">//div[@style='float:left' and contains(text(),'Udstyr')]</msg>
<status status="PASS" starttime="20200203 10:03:35.695" endtime="20200203 10:03:35.696"></status>
</kw>
<kw name="Number of Lines in Bulk Patching Screen" library="BulkPatchingDefinitions">
<assign>
<var>${number of lines}</var>
</assign>
<kw name="Get Element Count" library="SeleniumLibrary">
<doc>Returns the number of elements matching ``locator``.</doc>
<arguments>
<arg>${number of lines}</arg>
</arguments>
<assign>
<var>${count}</var>
</assign>
<msg timestamp="20200203 10:03:35.715" level="INFO">${count} = 1</msg>
<status status="PASS" starttime="20200203 10:03:35.698" endtime="20200203 10:03:35.716"></status>
</kw>
<msg timestamp="20200203 10:03:35.716" level="INFO">${number of lines} = 1</msg>
<status status="PASS" starttime="20200203 10:03:35.697" endtime="20200203 10:03:35.716"></status>
</kw>
<kw name="Set Variable" library="BuiltIn">
<doc>Returns the given values which can then be assigned to a variables.</doc>
<arguments>
<arg>0</arg>
</arguments>
<assign>
<var>${count}</var>
</assign>
<msg timestamp="20200203 10:03:35.717" level="INFO">${count} = 0</msg>
<status status="PASS" starttime="20200203 10:03:35.717" endtime="20200203 10:03:35.717"></status>
</kw>
<kw name="${index} IN RANGE [ ${number of lines+1} ]" type="for">
<kw name="${index} = 0" type="foritem">
<kw name="Evaluate" library="BuiltIn">
<doc>Evaluates the given expression in Python and returns the results.</doc>
<arguments>
<arg>${index} + 1</arg>
</arguments>
<assign>
<var>${index temp}</var>
</assign>
<msg timestamp="20200203 10:03:35.719" level="INFO">${index temp} = 1</msg>
<status status="PASS" starttime="20200203 10:03:35.718" endtime="20200203 10:03:35.719"></status>
</kw>
<kw name="Convert To String" library="BuiltIn">
<doc>Converts the given item to a Unicode string.</doc>
<arguments>
<arg>${index+1}</arg>
</arguments>
<assign>
<var>${index string}</var>
</assign>
<msg timestamp="20200203 10:03:35.720" level="INFO">${index string} = 1</msg>
<status status="PASS" starttime="20200203 10:03:35.719" endtime="20200203 10:03:35.720"></status>
</kw>
<kw name="Get Element Count" library="SeleniumLibrary">
<doc>Returns the number of elements matching ``locator``.</doc>
<arguments>
<arg>${xPath syntax}</arg>
</arguments>
<assign>
<var>${count}</var>
</assign>
<msg timestamp="20200203 10:03:35.736" level="INFO">${count} = 1</msg>
<status status="PASS" starttime="20200203 10:03:35.721" endtime="20200203 10:03:35.736"></status>
</kw>
<kw name="Exit For Loop If" library="BuiltIn">
<doc>Stops executing the enclosing for loop if the ``condition`` is true.</doc>
<arguments>
<arg>${count} == 1</arg>
</arguments>
<msg timestamp="20200203 10:03:35.737" level="INFO">Exiting for loop altogether.</msg>
<status status="PASS" starttime="20200203 10:03:35.736" endtime="20200203 10:03:35.737"></status>
</kw>
<status status="PASS" starttime="20200203 10:03:35.718" endtime="20200203 10:03:35.737"></status>
</kw>
<status status="PASS" starttime="20200203 10:03:35.718" endtime="20200203 10:03:35.737"></status>
</kw>
<kw name="Convert To Lowercase" library="String">
<doc>Converts string to lowercase.</doc>
<arguments>
<arg>${status}</arg>
</arguments>
<assign>
<var>${temp status}</var>
</assign>
<msg timestamp="20200203 10:03:35.738" level="INFO">${temp status} = appeared</msg>
<status status="PASS" starttime="20200203 10:03:35.738" endtime="20200203 10:03:35.738"></status>
</kw>
<kw name="Run Keyword If" library="BuiltIn">
<doc>Runs the given keyword with the given arguments, if ``condition`` is true.</doc>
<arguments>
<arg>'${temp status}' == 'appeared'</arg>
<arg>Set Variable</arg>
<arg>1</arg>
<arg>ELSE IF</arg>
<arg>'${temp status}' == 'disappeared'</arg>
<arg>Set Variable</arg>
<arg>0</arg>
</arguments>
<assign>
<var>${expected value}</var>
</assign>
<kw name="Set Variable" library="BuiltIn">
<doc>Returns the given values which can then be assigned to a variables.</doc>
<arguments>
<arg>1</arg>
</arguments>
<status status="PASS" starttime="20200203 10:03:35.739" endtime="20200203 10:03:35.740"></status>
</kw>
<msg timestamp="20200203 10:03:35.740" level="INFO">${expected value} = 1</msg>
<status status="PASS" starttime="20200203 10:03:35.739" endtime="20200203 10:03:35.740"></status>
</kw>
<kw name="Run Keyword And Continue On Failure" library="BuiltIn">
<doc>Runs the keyword and continues execution even if a failure occurs.</doc>
<arguments>
<arg>Should Be Equal</arg>
<arg>'${count}'</arg>
<arg>'${expected value}'</arg>
</arguments>
<kw name="Should Be Equal" library="BuiltIn">
<doc>Fails if the given objects are unequal.</doc>
<arguments>
<arg>'${count}'</arg>
<arg>'${expected value}'</arg>
</arguments>
<status status="PASS" starttime="20200203 10:03:35.741" endtime="20200203 10:03:35.742"></status>
</kw>
<status status="PASS" starttime="20200203 10:03:35.741" endtime="20200203 10:03:35.742"></status>
</kw>
<status status="PASS" starttime="20200203 10:03:35.656" endtime="20200203 10:03:35.742"></status>
</kw>
<kw name="And Plugout Copper Tip to Rack &quot;1&quot; Panel &quot;1&quot; Row &quot;1&quot; Port &quot;1&quot;" library="VirtualPanelDefinitions">
<kw name="Get Copper Panel Index" library="VirtualPanelDefinitions">
<arguments>
<arg>${rackID}</arg>
<arg>${panelID}</arg>
<arg>${row}</arg>
</arguments>
<assign>
<var>${panel index}</var>
</assign>
<kw name="Get Length" library="BuiltIn">
<doc>Returns and logs the length of the given item as an integer.</doc>
<arguments>
<arg>${VPpanels}</arg>
</arguments>
<assign>
<var>${panels number}</var>
</assign>
<msg timestamp="20200203 10:03:35.744" level="INFO">Length is 12</msg>
<msg timestamp="20200203 10:03:35.745" level="INFO">${panels number} = 12</msg>
<status status="PASS" starttime="20200203 10:03:35.744" endtime="20200203 10:03:35.745"></status>
</kw>
<kw name="${panel index} IN RANGE [ ${panels number-1} ]" type="for">
<kw name="${panel index} = 0" type="foritem">
<kw name="Run Keyword If" library="BuiltIn">
<doc>Runs the given keyword with the given arguments, if ``condition`` is true.</doc>
<arguments>
<arg>'${VPpanels[${panel index+1}][&amp;{dic panels table}[panel type]]}' == '${VIRTUAL PANELS TYPE}[COPPER]' and '${VPpanels[${panel index+1}][&amp;{dic panels table}[rackID]]}' == '${input rackID}' and '${VPpanels[${panel index+1}][&amp;{dic panels table}[panelID]]}' == '${input panelID}' and '${VPpanels[${panel index+1}][&amp;{dic panels table}[row]]}' == '${input row}'</arg>
<arg>Exit For Loop</arg>
</arguments>
<kw name="Exit For Loop" library="BuiltIn">
<doc>Stops executing the enclosing for loop.</doc>
<msg timestamp="20200203 10:03:35.748" level="INFO">Exiting for loop altogether.</msg>
<status status="PASS" starttime="20200203 10:03:35.748" endtime="20200203 10:03:35.748"></status>
</kw>
<status status="PASS" starttime="20200203 10:03:35.746" endtime="20200203 10:03:35.749"></status>
</kw>
<status status="PASS" starttime="20200203 10:03:35.745" endtime="20200203 10:03:35.749"></status>
</kw>
<status status="PASS" starttime="20200203 10:03:35.745" endtime="20200203 10:03:35.749"></status>
</kw>
<msg timestamp="20200203 10:03:35.750" level="INFO">${panel index} = 1</msg>
<status status="PASS" starttime="20200203 10:03:35.743" endtime="20200203 10:03:35.750"></status>
</kw>
<kw name="Log" library="BuiltIn">
<doc>Logs the given message with the given level.</doc>
<arguments>
<arg>${panel index}</arg>
</arguments>
<msg timestamp="20200203 10:03:35.751" level="INFO">1</msg>
<status status="PASS" starttime="20200203 10:03:35.750" endtime="20200203 10:03:35.751"></status>
</kw>
<kw name="Catenate" library="BuiltIn">
<doc>Catenates the given items together and returns the resulted string.</doc>
<arguments>
<arg>vp_cmd_helper --plugout --rack</arg>
<arg>${rackID}</arg>
<arg>--panel</arg>
<arg>${panel index}</arg>
<arg>--port</arg>
<arg>${portID}</arg>
</arguments>
<assign>
<var>${completed command}</var>
</assign>
<msg timestamp="20200203 10:03:35.752" level="INFO">${completed command} = vp_cmd_helper --plugout --rack 1 --panel 1 --port 1</msg>
<status status="PASS" starttime="20200203 10:03:35.751" endtime="20200203 10:03:35.752"></status>
</kw>
<kw name="Log" library="BuiltIn">
<doc>Logs the given message with the given level.</doc>
<arguments>
<arg>${completed command}</arg>
</arguments>
<msg timestamp="20200203 10:03:35.753" level="INFO">vp_cmd_helper --plugout --rack 1 --panel 1 --port 1</msg>
<status status="PASS" starttime="20200203 10:03:35.752" endtime="20200203 10:03:35.753"></status>
</kw>
<kw name="Enter Virtual Command ${completed command}" library="SSHDefinitions">
<kw name="Write" library="SSHLibrary">
<doc>Writes the given ``text`` on the remote machine and appends a newline.</doc>
<arguments>
<arg>${command}</arg>
</arguments>
<msg timestamp="20200203 10:03:35.772" level="INFO">vp_cmd_helper --plugout --rack 1 --panel 1 --port 1</msg>
<status status="PASS" starttime="20200203 10:03:35.754" endtime="20200203 10:03:35.773"></status>
</kw>
<kw name="Read" library="SSHLibrary">
<doc>Consumes and returns everything available on the server output.</doc>
<arguments>
<arg>loglevel=Trace</arg>
<arg>delay=1s</arg>
</arguments>
<assign>
<var>${stdout}</var>
</assign>
<msg timestamp="20200203 10:03:37.774" level="INFO">${stdout} = result=success
command=plugout
test_setup=on
bus_connect=on
bus_power=on
rack=1
panel=1
type=1100ps
panel_state=RUN
row=1
serial=28FFFF600001
count=11
# </msg>
<status status="PASS" starttime="20200203 10:03:35.773" endtime="20200203 10:03:37.775"></status>
</kw>
<kw name="Log" library="BuiltIn">
<doc>Logs the given message with the given level.</doc>
<arguments>
<arg>${stdout}</arg>
</arguments>
<msg timestamp="20200203 10:03:37.777" level="INFO">result=success
command=plugout
test_setup=on
bus_connect=on
bus_power=on
rack=1
panel=1
type=1100ps
panel_state=RUN
row=1
serial=28FFFF600001
count=11
# </msg>
<status status="PASS" starttime="20200203 10:03:37.776" endtime="20200203 10:03:37.778"></status>
</kw>
<status status="PASS" starttime="20200203 10:03:35.753" endtime="20200203 10:03:37.779"></status>
</kw>
<status status="PASS" starttime="20200203 10:03:35.743" endtime="20200203 10:03:37.780"></status>
</kw>
<kw name="And Exit Screen" library="GeneralPage">
<kw name="Click Web Button" library="GeneralPage">
<arguments>
<arg>${btnExit}</arg>
</arguments>
<kw name="Get Element Count" library="SeleniumLibrary">
<doc>Returns the number of elements matching ``locator``.</doc>
<arguments>
<arg>${btnName}</arg>
</arguments>
<assign>
<var>${button exist}</var>
</assign>
<msg timestamp="20200203 10:03:37.799" level="INFO">${button exist} = 1</msg>
<status status="PASS" starttime="20200203 10:03:37.784" endtime="20200203 10:03:37.799"></status>
</kw>
<kw name="Run Keyword If" library="BuiltIn">
<doc>Runs the given keyword with the given arguments, if ``condition`` is true.</doc>
<arguments>
<arg>${button exist} == 1</arg>
<arg>Run Keyword And Continue On Failure</arg>
<arg>Run Keywords</arg>
<arg>Click Element</arg>
<arg>${btnName}</arg>
<arg>AND</arg>
<arg>Wait For Page Load</arg>
</arguments>
<kw name="Run Keyword And Continue On Failure" library="BuiltIn">
<doc>Runs the keyword and continues execution even if a failure occurs.</doc>
<arguments>
<arg>Run Keywords</arg>
<arg>Click Element</arg>
<arg>${btnName}</arg>
<arg>AND</arg>
<arg>Wait For Page Load</arg>
</arguments>
<kw name="Run Keywords" library="BuiltIn">
<doc>Executes all the given keywords in a sequence.</doc>
<arguments>
<arg>Click Element</arg>
<arg>${btnName}</arg>
<arg>AND</arg>
<arg>Wait For Page Load</arg>
</arguments>
<kw name="Click Element" library="SeleniumLibrary">
<doc>Click the element identified by ``locator``.</doc>
<arguments>
<arg>${btnName}</arg>
</arguments>
<msg timestamp="20200203 10:03:37.803" level="INFO">Clicking element '//div[@id='exit-footer' and @style='display: block;']/div[@id='exit-button']'.</msg>
<status status="PASS" starttime="20200203 10:03:37.803" endtime="20200203 10:03:37.866"></status>
</kw>
<kw name="Wait For Page Load" library="GeneralPage">
<kw name="Sleep" library="BuiltIn">
<doc>Pauses the test executed for the given time.</doc>
<arguments>
<arg>${PAGE LOAD TIMEOUT}</arg>
</arguments>
<msg timestamp="20200203 10:03:38.869" level="INFO">Slept 1 second</msg>
<status status="PASS" starttime="20200203 10:03:37.867" endtime="20200203 10:03:38.869"></status>
</kw>
<status status="PASS" starttime="20200203 10:03:37.866" endtime="20200203 10:03:38.870"></status>
</kw>
<status status="PASS" starttime="20200203 10:03:37.802" endtime="20200203 10:03:38.870"></status>
</kw>
<status status="PASS" starttime="20200203 10:03:37.801" endtime="20200203 10:03:38.870"></status>
</kw>
<status status="PASS" starttime="20200203 10:03:37.800" endtime="20200203 10:03:38.871"></status>
</kw>
<status status="PASS" starttime="20200203 10:03:37.782" endtime="20200203 10:03:38.871"></status>
</kw>
<kw name="Wait For Page Load" library="GeneralPage">
<kw name="Sleep" library="BuiltIn">
<doc>Pauses the test executed for the given time.</doc>
<arguments>
<arg>${PAGE LOAD TIMEOUT}</arg>
</arguments>
<msg timestamp="20200203 10:03:39.873" level="INFO">Slept 1 second</msg>
<status status="PASS" starttime="20200203 10:03:38.873" endtime="20200203 10:03:39.873"></status>
</kw>
<status status="PASS" starttime="20200203 10:03:38.872" endtime="20200203 10:03:39.874"></status>
</kw>
<status status="PASS" starttime="20200203 10:03:37.781" endtime="20200203 10:03:39.875"></status>
</kw>
<kw name="And Go To Select Language &quot;english&quot;" library="SelectLanguageDefinitions">
<kw name="Select Language &quot;${language}&quot;" library="SelectLanguagePage">
<kw name="Go To Settings Screen" library="HomePage">
<kw name="Click Element" library="SeleniumLibrary">
<doc>Click the element identified by ``locator``.</doc>
<arguments>
<arg>${btnSettings}</arg>
</arguments>
<msg timestamp="20200203 10:03:39.882" level="INFO">Clicking element '//div[@id='settings']/div/input[@type='submit']'.</msg>
<status status="PASS" starttime="20200203 10:03:39.881" endtime="20200203 10:03:39.993"></status>
</kw>
<kw name="Wait For Page Load" library="GeneralPage">
<kw name="Sleep" library="BuiltIn">
<doc>Pauses the test executed for the given time.</doc>
<arguments>
<arg>${PAGE LOAD TIMEOUT}</arg>
</arguments>
<msg timestamp="20200203 10:03:40.998" level="INFO">Slept 1 second</msg>
<status status="PASS" starttime="20200203 10:03:39.996" endtime="20200203 10:03:40.999"></status>
</kw>
<status status="PASS" starttime="20200203 10:03:39.995" endtime="20200203 10:03:40.999"></status>
</kw>
<status status="PASS" starttime="20200203 10:03:39.880" endtime="20200203 10:03:41.000"></status>
</kw>
<kw name="Go To Select Language Screen" library="SettingsPage">
<kw name="Click Element" library="SeleniumLibrary">
<doc>Click the element identified by ``locator``.</doc>
<arguments>
<arg>${btnLanguage Settings}</arg>
</arguments>
<msg timestamp="20200203 10:03:41.003" level="INFO">Clicking element '//div[@id='settings-language']'.</msg>
<status status="PASS" starttime="20200203 10:03:41.002" endtime="20200203 10:03:41.142"></status>
</kw>
<kw name="Wait For Page Load" library="GeneralPage">
<kw name="Sleep" library="BuiltIn">
<doc>Pauses the test executed for the given time.</doc>
<arguments>
<arg>${PAGE LOAD TIMEOUT}</arg>
</arguments>
<msg timestamp="20200203 10:03:42.149" level="INFO">Slept 1 second</msg>
<status status="PASS" starttime="20200203 10:03:41.146" endtime="20200203 10:03:42.150"></status>
</kw>
<status status="PASS" starttime="20200203 10:03:41.144" endtime="20200203 10:03:42.150"></status>
</kw>
<status status="PASS" starttime="20200203 10:03:41.001" endtime="20200203 10:03:42.151"></status>
</kw>
<kw name="Convert To Lowercase" library="String">
<doc>Converts string to lowercase.</doc>
<arguments>
<arg>${language}</arg>
</arguments>
<assign>
<var>${temp language}</var>
</assign>
<msg timestamp="20200203 10:03:42.153" level="INFO">${temp language} = english</msg>
<status status="PASS" starttime="20200203 10:03:42.152" endtime="20200203 10:03:42.154"></status>
</kw>
<kw name="Run Keyword If" library="BuiltIn">
<doc>Runs the given keyword with the given arguments, if ``condition`` is true.</doc>
<arguments>
<arg>'${temp language}' == 'danish'</arg>
<arg>Run Keyword And Continue On Failure</arg>
<arg>Click Element</arg>
<arg>${btnDanish}</arg>
<arg>ELSE IF</arg>
<arg>'${temp language}' == 'german'</arg>
<arg>Run Keyword And Continue On Failure</arg>
<arg>Click Element</arg>
<arg>${btnGerman}</arg>
<arg>ELSE IF</arg>
<arg>'${temp language}' == 'english'</arg>
<arg>Run Keyword And Continue On Failure</arg>
<arg>Click Element</arg>
<arg>${btnEnglish}</arg>
<arg>ELSE IF</arg>
<arg>'${temp language}' == 'spainish'</arg>
<arg>Run Keyword And Continue On Failure</arg>
<arg>Click Element</arg>
<arg>${btnSpainish}</arg>
<arg>ELSE IF</arg>
<arg>'${temp language}' == 'french'</arg>
<arg>Run Keyword And Continue On Failure</arg>
<arg>Click Element</arg>
<arg>${btnFrench}</arg>
<arg>ELSE IF</arg>
<arg>'${temp language}' == 'italian'</arg>
<arg>Run Keyword And Continue On Failure</arg>
<arg>Click Element</arg>
<arg>${btnItalian}</arg>
<arg>ELSE IF</arg>
<arg>'${temp language}' == 'polish'</arg>
<arg>Run Keyword And Continue On Failure</arg>
<arg>Move down and click element "${btnPolish}"</arg>
<arg>ELSE IF</arg>
<arg>'${temp language}' == 'portuguese'</arg>
<arg>Run Keyword And Continue On Failure</arg>
<arg>Move down and click element "${btnPortuguese}"</arg>
<arg>ELSE IF</arg>
<arg>'${temp language}' == 'russian'</arg>
<arg>Run Keyword And Continue On Failure</arg>
<arg>Move down and click element "${btnRussian}"</arg>
<arg>ELSE IF</arg>
<arg>'${temp language}' == 'chinese'</arg>
<arg>Run Keyword And Continue On Failure</arg>
<arg>Move down and click element "${btnChinese}"</arg>
<arg>ELSE IF</arg>
<arg>'${temp language}' == 'korean'</arg>
<arg>Run Keyword And Continue On Failure</arg>
<arg>Move down and click element "${btnKorean}"</arg>
<arg>ELSE</arg>
<arg>Run Keyword And Continue On Failure</arg>
<arg>Log</arg>
<arg>${temp language}</arg>
</arguments>
<kw name="Run Keyword And Continue On Failure" library="BuiltIn">
<doc>Runs the keyword and continues execution even if a failure occurs.</doc>
<arguments>
<arg>Click Element</arg>
<arg>${btnEnglish}</arg>
</arguments>
<kw name="Click Element" library="SeleniumLibrary">
<doc>Click the element identified by ``locator``.</doc>
<arguments>
<arg>${btnEnglish}</arg>
</arguments>
<msg timestamp="20200203 10:03:42.159" level="INFO">Clicking element '//div[@id='language-list']/div[@id='1000']'.</msg>
<status status="PASS" starttime="20200203 10:03:42.158" endtime="20200203 10:03:42.232"></status>
</kw>
<status status="PASS" starttime="20200203 10:03:42.157" endtime="20200203 10:03:42.233"></status>
</kw>
<status status="PASS" starttime="20200203 10:03:42.154" endtime="20200203 10:03:42.233"></status>
</kw>
<kw name="Touch Save Language" library="SelectLanguagePage">
<kw name="Click Element" library="SeleniumLibrary">
<doc>Click the element identified by ``locator``.</doc>
<arguments>
<arg>${btnSave}</arg>
</arguments>
<msg timestamp="20200203 10:03:42.236" level="INFO">Clicking element '//div[@id='save-button']'.</msg>
<status status="PASS" starttime="20200203 10:03:42.235" endtime="20200203 10:03:42.291"></status>
</kw>
<kw name="Wait For Page Load" library="GeneralPage">
<kw name="Sleep" library="BuiltIn">
<doc>Pauses the test executed for the given time.</doc>
<arguments>
<arg>${PAGE LOAD TIMEOUT}</arg>
</arguments>
<msg timestamp="20200203 10:03:43.294" level="INFO">Slept 1 second</msg>
<status status="PASS" starttime="20200203 10:03:42.292" endtime="20200203 10:03:43.294"></status>
</kw>
<status status="PASS" starttime="20200203 10:03:42.292" endtime="20200203 10:03:43.295"></status>
</kw>
<status status="PASS" starttime="20200203 10:03:42.234" endtime="20200203 10:03:43.296"></status>
</kw>
<status status="PASS" starttime="20200203 10:03:39.879" endtime="20200203 10:03:43.296"></status>
</kw>
<status status="PASS" starttime="20200203 10:03:39.877" endtime="20200203 10:03:43.297"></status>
</kw>
<kw name="Set Web UI to Stand By State and Close Current Browser" library="GeneralPage" type="teardown">
<kw name="Wait For Page Update" library="GeneralPage">
<kw name="Sleep" library="BuiltIn">
<doc>Pauses the test executed for the given time.</doc>
<arguments>
<arg>${PAGE UPDATE TIMEOUT}</arg>
</arguments>
<msg timestamp="20200203 10:03:43.403" level="INFO">Slept 100 milliseconds</msg>
<status status="PASS" starttime="20200203 10:03:43.301" endtime="20200203 10:03:43.403"></status>
</kw>
<status status="PASS" starttime="20200203 10:03:43.300" endtime="20200203 10:03:43.404"></status>
</kw>
<kw name="Get Element Count" library="SeleniumLibrary">
<doc>Returns the number of elements matching ``locator``.</doc>
<arguments>
<arg>${btnExit}</arg>
</arguments>
<assign>
<var>${count Exit button}</var>
</assign>
<msg timestamp="20200203 10:03:43.423" level="INFO">${count Exit button} = 0</msg>
<status status="PASS" starttime="20200203 10:03:43.405" endtime="20200203 10:03:43.423"></status>
</kw>
<kw name="Run Keyword If" library="BuiltIn">
<doc>Runs the given keyword with the given arguments, if ``condition`` is true.</doc>
<arguments>
<arg>${count Exit button} &gt; 0</arg>
<arg>Exit Screen</arg>
</arguments>
<status status="PASS" starttime="20200203 10:03:43.424" endtime="20200203 10:03:43.425"></status>
</kw>
<kw name="Get Element Count" library="SeleniumLibrary">
<doc>Returns the number of elements matching ``locator``.</doc>
<arguments>
<arg>${lblimVisionX}</arg>
</arguments>
<assign>
<var>${count Home screen}</var>
</assign>
<msg timestamp="20200203 10:03:43.442" level="INFO">${count Home screen} = 0</msg>
<status status="PASS" starttime="20200203 10:03:43.426" endtime="20200203 10:03:43.443"></status>
</kw>
<kw name="Run Keyword If" library="BuiltIn">
<doc>Runs the given keyword with the given arguments, if ``condition`` is true.</doc>
<arguments>
<arg>${count Home screen} &gt; 0</arg>
<arg>Run Keywords</arg>
<arg>Click Web Button</arg>
<arg>${btnHome}</arg>
<arg>AND</arg>
<arg>Wait For Page Load</arg>
</arguments>
<status status="PASS" starttime="20200203 10:03:43.443" endtime="20200203 10:03:43.444"></status>
</kw>
<kw name="Close Browser" library="SeleniumLibrary">
<doc>Closes the current browser.</doc>
<status status="PASS" starttime="20200203 10:03:43.445" endtime="20200203 10:03:45.657"></status>
</kw>
<status status="PASS" starttime="20200203 10:03:43.298" endtime="20200203 10:03:45.658"></status>
</kw>
<status status="PASS" starttime="20200203 10:03:15.322" endtime="20200203 10:03:45.659" critical="yes"></status>
</test>
<status status="PASS" starttime="20200203 10:03:14.575" endtime="20200203 10:03:45.660"></status>
</suite>
<status status="PASS" starttime="20200203 10:03:14.570" endtime="20200203 10:03:45.665"></status>
</suite>
<status status="PASS" starttime="20200203 10:03:14.564" endtime="20200203 10:03:45.669"></status>
</suite>
<status status="PASS" starttime="20200203 10:03:14.559" endtime="20200203 10:03:45.673"></status>
</suite>
<status status="PASS" starttime="20200203 10:03:14.511" endtime="20200203 10:03:45.676"></status>
</suite>
<statistics>
<total>
<stat pass="1" fail="0">Critical Tests</stat>
<stat pass="1" fail="0">All Tests</stat>
</total>
<tag>
</tag>
<suite>
<stat pass="1" fail="0" id="s1" name="BulkPatching Robot">BulkPatching Robot</stat>
<stat pass="1" fail="0" id="s1-s1" name="Test Resources">BulkPatching Robot.Test Resources</stat>
<stat pass="1" fail="0" id="s1-s1-s1" name="Test Suites">BulkPatching Robot.Test Resources.Test Suites</stat>
<stat pass="1" fail="0" id="s1-s1-s1-s1" name="5.Create Equipment">BulkPatching Robot.Test Resources.Test Suites.5.Create Equipment</stat>
<stat pass="1" fail="0" id="s1-s1-s1-s1-s1" name="5.2.CheckEquipmentInTranslation">BulkPatching Robot.Test Resources.Test Suites.5.Create Equipment.5.2.CheckEquipmentInTranslation</stat>
</suite>
</statistics>
<errors>
</errors>
</robot>
