<?xml version="1.0" encoding="UTF-8"?>
<robot generator="Robot 3.1.2 (Python 3.8.0 on win32)" generated="20191120 15:41:43.224" rpa="false">
<suite id="s1" name="BulkPatching Robot" source="D:\RobotFW_program\BulkPatching_Robot\BulkPatching_Robot">
<suite id="s1-s1" name="Test Resources" source="D:\RobotFW_program\BulkPatching_Robot\BulkPatching_Robot\Test Resources">
<suite id="s1-s1-s1" name="Test Suites" source="D:\RobotFW_program\BulkPatching_Robot\BulkPatching_Robot\Test Resources\Test Suites">
<suite id="s1-s1-s1-s1" name="2. Insert All End As" source="D:\RobotFW_program\BulkPatching_Robot\BulkPatching_Robot\Test Resources\Test Suites\2. Insert All End As">
<suite id="s1-s1-s1-s1-s1" name="2.5. Check End A when plugging correct tip in the middle of list of End A then delete it" source="D:\RobotFW_program\BulkPatching_Robot\BulkPatching_Robot\Test Resources\Test Suites\2. Insert All End As\2.5. Check End A when plugging correct tip in the middle of list of End A then delete it.robot">
<test id="s1-s1-s1-s1-s1-t1" name="INSERT_END_A_05_01_Verify that imVision X will remove all unplugged ports from the End A list, and turn off all port LEDs after selecting Delete button in the bottom bar if doing on a 24-port Legacy Copper">
<kw name="Run Keywords" library="BuiltIn" type="setup">
<doc>Executes all the given keywords in a sequence.</doc>
<arguments>
<arg>Open SSH Connection and Login</arg>
<arg>Open WebUI And Go To Home Screen</arg>
</arguments>
<kw name="Open SSH Connection and Login" library="SSH definitions">
<kw name="Open Connection" library="SSHLibrary">
<doc>Opens a new SSH connection to the given ``host`` and ``port``.</doc>
<arguments>
<arg>${HOST}</arg>
</arguments>
<status status="PASS" starttime="20191120 15:41:43.668" endtime="20191120 15:41:43.669"></status>
</kw>
<kw name="Login" library="SSHLibrary">
<doc>Logs into the SSH server with the given ``username`` and ``password``.</doc>
<arguments>
<arg>${USERNAME}</arg>
<arg>${PASSWORD}</arg>
</arguments>
<msg timestamp="20191120 15:41:43.670" level="INFO">Logging into '192.168.171.201:22' as 'root'.</msg>
<msg timestamp="20191120 15:41:45.068" level="INFO">Read output: #</msg>
<status status="PASS" starttime="20191120 15:41:43.669" endtime="20191120 15:41:45.068"></status>
</kw>
<status status="PASS" starttime="20191120 15:41:43.668" endtime="20191120 15:41:45.068"></status>
</kw>
<kw name="Open WebUI And Go To Home Screen" library="General Page">
<kw name="Catenate" library="BuiltIn">
<doc>Catenates the given items together and returns the resulted string.</doc>
<arguments>
<arg>SEPARATOR=</arg>
<arg>http://</arg>
<arg>${HOST}</arg>
<arg>:8888</arg>
</arguments>
<assign>
<var>${WebUI url}</var>
</assign>
<msg timestamp="20191120 15:41:45.071" level="INFO">${WebUI url} = http://192.168.171.201:8888</msg>
<status status="PASS" starttime="20191120 15:41:45.071" endtime="20191120 15:41:45.071"></status>
</kw>
<kw name="Open Browser" library="SeleniumLibrary">
<doc>Opens a new browser instance to the optional ``url``.</doc>
<arguments>
<arg>${WebUI url}</arg>
<arg>${BROWSER}</arg>
</arguments>
<msg timestamp="20191120 15:41:45.071" level="INFO">Opening browser 'Chrome' to base url 'http://192.168.171.201:8888'.</msg>
<status status="PASS" starttime="20191120 15:41:45.071" endtime="20191120 15:41:51.692"></status>
</kw>
<kw name="Maximize Browser Window" library="SeleniumLibrary">
<doc>Maximizes current browser window.</doc>
<status status="PASS" starttime="20191120 15:41:51.693" endtime="20191120 15:41:52.817"></status>
</kw>
<kw name="Sleep" library="BuiltIn">
<doc>Pauses the test executed for the given time.</doc>
<arguments>
<arg>${PAGE LOAD TIMEOUT}</arg>
</arguments>
<msg timestamp="20191120 15:41:53.319" level="INFO">Slept 500 milliseconds</msg>
<status status="PASS" starttime="20191120 15:41:52.817" endtime="20191120 15:41:53.319"></status>
</kw>
<kw name="Set Web UI to Stand By State" library="General Page">
<kw name="Get Element Count" library="SeleniumLibrary">
<doc>Returns the number of elements matching ``locator``.</doc>
<arguments>
<arg>${btnExit}</arg>
</arguments>
<assign>
<var>${count Exit button}</var>
</assign>
<msg timestamp="20191120 15:41:53.335" level="INFO">${count Exit button} = 0</msg>
<status status="PASS" starttime="20191120 15:41:53.320" endtime="20191120 15:41:53.336"></status>
</kw>
<kw name="Run Keyword If" library="BuiltIn">
<doc>Runs the given keyword with the given arguments, if ``condition`` is true.</doc>
<arguments>
<arg>${count Exit button} &gt; 0</arg>
<arg>Exit Screen</arg>
</arguments>
<status status="PASS" starttime="20191120 15:41:53.336" endtime="20191120 15:41:53.337"></status>
</kw>
<kw name="Get Element Count" library="SeleniumLibrary">
<doc>Returns the number of elements matching ``locator``.</doc>
<arguments>
<arg>${btnCancel}</arg>
</arguments>
<assign>
<var>${count Cancel button}</var>
</assign>
<msg timestamp="20191120 15:41:53.350" level="INFO">${count Cancel button} = 0</msg>
<status status="PASS" starttime="20191120 15:41:53.337" endtime="20191120 15:41:53.351"></status>
</kw>
<kw name="Run Keyword If" library="BuiltIn">
<doc>Runs the given keyword with the given arguments, if ``condition`` is true.</doc>
<arguments>
<arg>${count Cancel button} &gt; 0</arg>
<arg>Exit Screen</arg>
</arguments>
<status status="PASS" starttime="20191120 15:41:53.351" endtime="20191120 15:41:53.352"></status>
</kw>
<kw name="Get Element Count" library="SeleniumLibrary">
<doc>Returns the number of elements matching ``locator``.</doc>
<arguments>
<arg>${lblimVisionX}</arg>
</arguments>
<assign>
<var>${count Home screen}</var>
</assign>
<msg timestamp="20191120 15:41:53.365" level="INFO">${count Home screen} = 0</msg>
<status status="PASS" starttime="20191120 15:41:53.352" endtime="20191120 15:41:53.365"></status>
</kw>
<kw name="Run Keyword If" library="BuiltIn">
<doc>Runs the given keyword with the given arguments, if ``condition`` is true.</doc>
<arguments>
<arg>${count Home screen} &gt; 0</arg>
<arg>Run Keywords</arg>
<arg>Click Web Button</arg>
<arg>${btnHome}</arg>
<arg>AND</arg>
<arg>Wait For Page Load</arg>
</arguments>
<status status="PASS" starttime="20191120 15:41:53.365" endtime="20191120 15:41:53.366"></status>
</kw>
<status status="PASS" starttime="20191120 15:41:53.320" endtime="20191120 15:41:53.366"></status>
</kw>
<kw name="Go To Home Screen" library="General Page">
<kw name="Click Web Button" library="General Page">
<arguments>
<arg>${btnHome}</arg>
</arguments>
<kw name="Click Element" library="SeleniumLibrary">
<doc>Click the element identified by ``locator``.</doc>
<arguments>
<arg>${btnName}</arg>
</arguments>
<msg timestamp="20191120 15:41:53.368" level="INFO">Clicking element '//div[@id='home-lang']'.</msg>
<status status="PASS" starttime="20191120 15:41:53.368" endtime="20191120 15:41:53.453"></status>
</kw>
<status status="PASS" starttime="20191120 15:41:53.367" endtime="20191120 15:41:53.454"></status>
</kw>
<kw name="Wait For Page Load" library="General Page">
<kw name="Sleep" library="BuiltIn">
<doc>Pauses the test executed for the given time.</doc>
<arguments>
<arg>${PAGE LOAD TIMEOUT}</arg>
</arguments>
<msg timestamp="20191120 15:41:53.956" level="INFO">Slept 500 milliseconds</msg>
<status status="PASS" starttime="20191120 15:41:53.455" endtime="20191120 15:41:53.956"></status>
</kw>
<status status="PASS" starttime="20191120 15:41:53.454" endtime="20191120 15:41:53.956"></status>
</kw>
<status status="PASS" starttime="20191120 15:41:53.367" endtime="20191120 15:41:53.957"></status>
</kw>
<status status="PASS" starttime="20191120 15:41:45.068" endtime="20191120 15:41:53.957"></status>
</kw>
<status status="PASS" starttime="20191120 15:41:43.667" endtime="20191120 15:41:53.957"></status>
</kw>
<kw name="Given Go To Bulk Patching Screen" library="Home Page">
<kw name="Click Element" library="SeleniumLibrary">
<doc>Click the element identified by ``locator``.</doc>
<arguments>
<arg>${btnBulk Patching}</arg>
</arguments>
<msg timestamp="20191120 15:41:53.959" level="INFO">Clicking element '//input[@id='bulk-patch-btn']'.</msg>
<status status="PASS" starttime="20191120 15:41:53.958" endtime="20191120 15:41:54.013"></status>
</kw>
<kw name="Wait For Page Load" library="General Page">
<kw name="Sleep" library="BuiltIn">
<doc>Pauses the test executed for the given time.</doc>
<arguments>
<arg>${PAGE LOAD TIMEOUT}</arg>
</arguments>
<msg timestamp="20191120 15:41:54.516" level="INFO">Slept 500 milliseconds</msg>
<status status="PASS" starttime="20191120 15:41:54.014" endtime="20191120 15:41:54.516"></status>
</kw>
<status status="PASS" starttime="20191120 15:41:54.014" endtime="20191120 15:41:54.517"></status>
</kw>
<status status="PASS" starttime="20191120 15:41:53.958" endtime="20191120 15:41:54.518"></status>
</kw>
<kw name="When Plugin Copper Tip to Rack &quot;1&quot; Panel &quot;1&quot; Row &quot;1&quot; Port &quot;1&quot;" library="Virtual Panel definitions">
<kw name="Get Copper Panel Index" library="Virtual Panel definitions">
<arguments>
<arg>${rackID}</arg>
<arg>${panelID}</arg>
<arg>${row}</arg>
</arguments>
<assign>
<var>${panel index}</var>
</assign>
<kw name="Get Length" library="BuiltIn">
<doc>Returns and logs the length of the given item as an integer.</doc>
<arguments>
<arg>${VPpanels}</arg>
</arguments>
<assign>
<var>${panels number}</var>
</assign>
<msg timestamp="20191120 15:41:54.522" level="INFO">Length is 12</msg>
<msg timestamp="20191120 15:41:54.522" level="INFO">${panels number} = 12</msg>
<status status="PASS" starttime="20191120 15:41:54.521" endtime="20191120 15:41:54.523"></status>
</kw>
<kw name="${panel index} IN RANGE [ ${panels number-1} ]" type="for">
<kw name="${panel index} = 0" type="foritem">
<kw name="Run Keyword If" library="BuiltIn">
<doc>Runs the given keyword with the given arguments, if ``condition`` is true.</doc>
<arguments>
<arg>'${VPpanels[${panel index+1}][&amp;{dic panels table}[panel type]]}' == '${VIRTUAL PANELS TYPE}[COPPER]' and '${VPpanels[${panel index+1}][&amp;{dic panels table}[rackID]]}' == '${input rackID}' and '${VPpanels[${panel index+1}][&amp;{dic panels table}[panelID]]}' == '${input panelID}' and '${VPpanels[${panel index+1}][&amp;{dic panels table}[row]]}' == '${input row}'</arg>
<arg>Exit For Loop</arg>
</arguments>
<kw name="Exit For Loop" library="BuiltIn">
<doc>Stops executing the enclosing for loop.</doc>
<msg timestamp="20191120 15:41:54.529" level="INFO">Exiting for loop altogether.</msg>
<status status="PASS" starttime="20191120 15:41:54.528" endtime="20191120 15:41:54.529"></status>
</kw>
<status status="PASS" starttime="20191120 15:41:54.524" endtime="20191120 15:41:54.530"></status>
</kw>
<status status="PASS" starttime="20191120 15:41:54.524" endtime="20191120 15:41:54.530"></status>
</kw>
<status status="PASS" starttime="20191120 15:41:54.523" endtime="20191120 15:41:54.531"></status>
</kw>
<msg timestamp="20191120 15:41:54.532" level="INFO">${panel index} = 1</msg>
<status status="PASS" starttime="20191120 15:41:54.520" endtime="20191120 15:41:54.532"></status>
</kw>
<kw name="Log" library="BuiltIn">
<doc>Logs the given message with the given level.</doc>
<arguments>
<arg>${panel index}</arg>
</arguments>
<msg timestamp="20191120 15:41:54.534" level="INFO">1</msg>
<status status="PASS" starttime="20191120 15:41:54.533" endtime="20191120 15:41:54.534"></status>
</kw>
<kw name="Catenate" library="BuiltIn">
<doc>Catenates the given items together and returns the resulted string.</doc>
<arguments>
<arg>vp_cmd_helper --plugin --rack</arg>
<arg>${rackID}</arg>
<arg>--panel</arg>
<arg>${panel index}</arg>
<arg>--port</arg>
<arg>${portID}</arg>
</arguments>
<assign>
<var>${completed command}</var>
</assign>
<msg timestamp="20191120 15:41:54.536" level="INFO">${completed command} = vp_cmd_helper --plugin --rack 1 --panel 1 --port 1</msg>
<status status="PASS" starttime="20191120 15:41:54.535" endtime="20191120 15:41:54.536"></status>
</kw>
<kw name="Log" library="BuiltIn">
<doc>Logs the given message with the given level.</doc>
<arguments>
<arg>${completed command}</arg>
</arguments>
<msg timestamp="20191120 15:41:54.538" level="INFO">vp_cmd_helper --plugin --rack 1 --panel 1 --port 1</msg>
<status status="PASS" starttime="20191120 15:41:54.537" endtime="20191120 15:41:54.538"></status>
</kw>
<kw name="Enter Virtual Command ${completed command}" library="SSH definitions">
<kw name="Write" library="SSHLibrary">
<doc>Writes the given ``text`` on the remote machine and appends a newline.</doc>
<arguments>
<arg>${command}</arg>
</arguments>
<msg timestamp="20191120 15:41:54.562" level="INFO">vp_cmd_helper --plugin --rack 1 --panel 1 --port 1</msg>
<status status="PASS" starttime="20191120 15:41:54.540" endtime="20191120 15:41:54.562"></status>
</kw>
<kw name="Read" library="SSHLibrary">
<doc>Consumes and returns everything available on the server output.</doc>
<arguments>
<arg>loglevel=Trace</arg>
<arg>delay=1s</arg>
</arguments>
<assign>
<var>${stdout}</var>
</assign>
<msg timestamp="20191120 15:41:56.578" level="INFO">${stdout} = result=success
command=plugin
test_setup=on
bus_connect=on
bus_power=on
rack=1
panel=1
type=1100ps
panel_state=RUN
row=1
serial=28FFFF600001
count=11
# </msg>
<status status="PASS" starttime="20191120 15:41:54.563" endtime="20191120 15:41:56.579"></status>
</kw>
<kw name="Log" library="BuiltIn">
<doc>Logs the given message with the given level.</doc>
<arguments>
<arg>${stdout}</arg>
</arguments>
<msg timestamp="20191120 15:41:56.583" level="INFO">result=success
command=plugin
test_setup=on
bus_connect=on
bus_power=on
rack=1
panel=1
type=1100ps
panel_state=RUN
row=1
serial=28FFFF600001
count=11
# </msg>
<status status="PASS" starttime="20191120 15:41:56.581" endtime="20191120 15:41:56.583"></status>
</kw>
<status status="PASS" starttime="20191120 15:41:54.539" endtime="20191120 15:41:56.584"></status>
</kw>
<status status="PASS" starttime="20191120 15:41:54.519" endtime="20191120 15:41:56.585"></status>
</kw>
<kw name="When Plugin Copper Tip to Rack &quot;1&quot; Panel &quot;1&quot; Row &quot;1&quot; Port &quot;2&quot;" library="Virtual Panel definitions">
<kw name="Get Copper Panel Index" library="Virtual Panel definitions">
<arguments>
<arg>${rackID}</arg>
<arg>${panelID}</arg>
<arg>${row}</arg>
</arguments>
<assign>
<var>${panel index}</var>
</assign>
<kw name="Get Length" library="BuiltIn">
<doc>Returns and logs the length of the given item as an integer.</doc>
<arguments>
<arg>${VPpanels}</arg>
</arguments>
<assign>
<var>${panels number}</var>
</assign>
<msg timestamp="20191120 15:41:56.593" level="INFO">Length is 12</msg>
<msg timestamp="20191120 15:41:56.593" level="INFO">${panels number} = 12</msg>
<status status="PASS" starttime="20191120 15:41:56.591" endtime="20191120 15:41:56.594"></status>
</kw>
<kw name="${panel index} IN RANGE [ ${panels number-1} ]" type="for">
<kw name="${panel index} = 0" type="foritem">
<kw name="Run Keyword If" library="BuiltIn">
<doc>Runs the given keyword with the given arguments, if ``condition`` is true.</doc>
<arguments>
<arg>'${VPpanels[${panel index+1}][&amp;{dic panels table}[panel type]]}' == '${VIRTUAL PANELS TYPE}[COPPER]' and '${VPpanels[${panel index+1}][&amp;{dic panels table}[rackID]]}' == '${input rackID}' and '${VPpanels[${panel index+1}][&amp;{dic panels table}[panelID]]}' == '${input panelID}' and '${VPpanels[${panel index+1}][&amp;{dic panels table}[row]]}' == '${input row}'</arg>
<arg>Exit For Loop</arg>
</arguments>
<kw name="Exit For Loop" library="BuiltIn">
<doc>Stops executing the enclosing for loop.</doc>
<msg timestamp="20191120 15:41:56.600" level="INFO">Exiting for loop altogether.</msg>
<status status="PASS" starttime="20191120 15:41:56.599" endtime="20191120 15:41:56.600"></status>
</kw>
<status status="PASS" starttime="20191120 15:41:56.596" endtime="20191120 15:41:56.600"></status>
</kw>
<status status="PASS" starttime="20191120 15:41:56.596" endtime="20191120 15:41:56.601"></status>
</kw>
<status status="PASS" starttime="20191120 15:41:56.595" endtime="20191120 15:41:56.601"></status>
</kw>
<msg timestamp="20191120 15:41:56.602" level="INFO">${panel index} = 1</msg>
<status status="PASS" starttime="20191120 15:41:56.589" endtime="20191120 15:41:56.602"></status>
</kw>
<kw name="Log" library="BuiltIn">
<doc>Logs the given message with the given level.</doc>
<arguments>
<arg>${panel index}</arg>
</arguments>
<msg timestamp="20191120 15:41:56.603" level="INFO">1</msg>
<status status="PASS" starttime="20191120 15:41:56.603" endtime="20191120 15:41:56.604"></status>
</kw>
<kw name="Catenate" library="BuiltIn">
<doc>Catenates the given items together and returns the resulted string.</doc>
<arguments>
<arg>vp_cmd_helper --plugin --rack</arg>
<arg>${rackID}</arg>
<arg>--panel</arg>
<arg>${panel index}</arg>
<arg>--port</arg>
<arg>${portID}</arg>
</arguments>
<assign>
<var>${completed command}</var>
</assign>
<msg timestamp="20191120 15:41:56.605" level="INFO">${completed command} = vp_cmd_helper --plugin --rack 1 --panel 1 --port 2</msg>
<status status="PASS" starttime="20191120 15:41:56.604" endtime="20191120 15:41:56.605"></status>
</kw>
<kw name="Log" library="BuiltIn">
<doc>Logs the given message with the given level.</doc>
<arguments>
<arg>${completed command}</arg>
</arguments>
<msg timestamp="20191120 15:41:56.606" level="INFO">vp_cmd_helper --plugin --rack 1 --panel 1 --port 2</msg>
<status status="PASS" starttime="20191120 15:41:56.606" endtime="20191120 15:41:56.606"></status>
</kw>
<kw name="Enter Virtual Command ${completed command}" library="SSH definitions">
<kw name="Write" library="SSHLibrary">
<doc>Writes the given ``text`` on the remote machine and appends a newline.</doc>
<arguments>
<arg>${command}</arg>
</arguments>
<msg timestamp="20191120 15:41:56.636" level="INFO">vp_cmd_helper --plugin --rack 1 --panel 1 --port 2</msg>
<status status="PASS" starttime="20191120 15:41:56.608" endtime="20191120 15:41:56.636"></status>
</kw>
<kw name="Read" library="SSHLibrary">
<doc>Consumes and returns everything available on the server output.</doc>
<arguments>
<arg>loglevel=Trace</arg>
<arg>delay=1s</arg>
</arguments>
<assign>
<var>${stdout}</var>
</assign>
<msg timestamp="20191120 15:41:58.637" level="INFO">${stdout} = result=success
command=plugin
test_setup=on
bus_connect=on
bus_power=on
rack=1
panel=1
type=1100ps
panel_state=RUN
row=1
serial=28FFFF600001
count=11
# </msg>
<status status="PASS" starttime="20191120 15:41:56.637" endtime="20191120 15:41:58.638"></status>
</kw>
<kw name="Log" library="BuiltIn">
<doc>Logs the given message with the given level.</doc>
<arguments>
<arg>${stdout}</arg>
</arguments>
<msg timestamp="20191120 15:41:58.641" level="INFO">result=success
command=plugin
test_setup=on
bus_connect=on
bus_power=on
rack=1
panel=1
type=1100ps
panel_state=RUN
row=1
serial=28FFFF600001
count=11
# </msg>
<status status="PASS" starttime="20191120 15:41:58.639" endtime="20191120 15:41:58.642"></status>
</kw>
<status status="PASS" starttime="20191120 15:41:56.607" endtime="20191120 15:41:58.643"></status>
</kw>
<status status="PASS" starttime="20191120 15:41:56.587" endtime="20191120 15:41:58.644"></status>
</kw>
<kw name="When Plugin Copper Tip to Rack &quot;1&quot; Panel &quot;1&quot; Row &quot;1&quot; Port &quot;3&quot;" library="Virtual Panel definitions">
<kw name="Get Copper Panel Index" library="Virtual Panel definitions">
<arguments>
<arg>${rackID}</arg>
<arg>${panelID}</arg>
<arg>${row}</arg>
</arguments>
<assign>
<var>${panel index}</var>
</assign>
<kw name="Get Length" library="BuiltIn">
<doc>Returns and logs the length of the given item as an integer.</doc>
<arguments>
<arg>${VPpanels}</arg>
</arguments>
<assign>
<var>${panels number}</var>
</assign>
<msg timestamp="20191120 15:41:58.650" level="INFO">Length is 12</msg>
<msg timestamp="20191120 15:41:58.651" level="INFO">${panels number} = 12</msg>
<status status="PASS" starttime="20191120 15:41:58.649" endtime="20191120 15:41:58.652"></status>
</kw>
<kw name="${panel index} IN RANGE [ ${panels number-1} ]" type="for">
<kw name="${panel index} = 0" type="foritem">
<kw name="Run Keyword If" library="BuiltIn">
<doc>Runs the given keyword with the given arguments, if ``condition`` is true.</doc>
<arguments>
<arg>'${VPpanels[${panel index+1}][&amp;{dic panels table}[panel type]]}' == '${VIRTUAL PANELS TYPE}[COPPER]' and '${VPpanels[${panel index+1}][&amp;{dic panels table}[rackID]]}' == '${input rackID}' and '${VPpanels[${panel index+1}][&amp;{dic panels table}[panelID]]}' == '${input panelID}' and '${VPpanels[${panel index+1}][&amp;{dic panels table}[row]]}' == '${input row}'</arg>
<arg>Exit For Loop</arg>
</arguments>
<kw name="Exit For Loop" library="BuiltIn">
<doc>Stops executing the enclosing for loop.</doc>
<msg timestamp="20191120 15:41:58.663" level="INFO">Exiting for loop altogether.</msg>
<status status="PASS" starttime="20191120 15:41:58.661" endtime="20191120 15:41:58.663"></status>
</kw>
<status status="PASS" starttime="20191120 15:41:58.655" endtime="20191120 15:41:58.664"></status>
</kw>
<status status="PASS" starttime="20191120 15:41:58.653" endtime="20191120 15:41:58.665"></status>
</kw>
<status status="PASS" starttime="20191120 15:41:58.652" endtime="20191120 15:41:58.665"></status>
</kw>
<msg timestamp="20191120 15:41:58.666" level="INFO">${panel index} = 1</msg>
<status status="PASS" starttime="20191120 15:41:58.647" endtime="20191120 15:41:58.667"></status>
</kw>
<kw name="Log" library="BuiltIn">
<doc>Logs the given message with the given level.</doc>
<arguments>
<arg>${panel index}</arg>
</arguments>
<msg timestamp="20191120 15:41:58.668" level="INFO">1</msg>
<status status="PASS" starttime="20191120 15:41:58.667" endtime="20191120 15:41:58.668"></status>
</kw>
<kw name="Catenate" library="BuiltIn">
<doc>Catenates the given items together and returns the resulted string.</doc>
<arguments>
<arg>vp_cmd_helper --plugin --rack</arg>
<arg>${rackID}</arg>
<arg>--panel</arg>
<arg>${panel index}</arg>
<arg>--port</arg>
<arg>${portID}</arg>
</arguments>
<assign>
<var>${completed command}</var>
</assign>
<msg timestamp="20191120 15:41:58.669" level="INFO">${completed command} = vp_cmd_helper --plugin --rack 1 --panel 1 --port 3</msg>
<status status="PASS" starttime="20191120 15:41:58.669" endtime="20191120 15:41:58.670"></status>
</kw>
<kw name="Log" library="BuiltIn">
<doc>Logs the given message with the given level.</doc>
<arguments>
<arg>${completed command}</arg>
</arguments>
<msg timestamp="20191120 15:41:58.671" level="INFO">vp_cmd_helper --plugin --rack 1 --panel 1 --port 3</msg>
<status status="PASS" starttime="20191120 15:41:58.670" endtime="20191120 15:41:58.671"></status>
</kw>
<kw name="Enter Virtual Command ${completed command}" library="SSH definitions">
<kw name="Write" library="SSHLibrary">
<doc>Writes the given ``text`` on the remote machine and appends a newline.</doc>
<arguments>
<arg>${command}</arg>
</arguments>
<msg timestamp="20191120 15:41:58.683" level="INFO">vp_cmd_helper --plugin --rack 1 --panel 1 --port 3</msg>
<status status="PASS" starttime="20191120 15:41:58.672" endtime="20191120 15:41:58.683"></status>
</kw>
<kw name="Read" library="SSHLibrary">
<doc>Consumes and returns everything available on the server output.</doc>
<arguments>
<arg>loglevel=Trace</arg>
<arg>delay=1s</arg>
</arguments>
<assign>
<var>${stdout}</var>
</assign>
<msg timestamp="20191120 15:42:00.685" level="INFO">${stdout} = result=success
command=plugin
test_setup=on
bus_connect=on
bus_power=on
rack=1
panel=1
type=1100ps
panel_state=RUN
row=1
serial=28FFFF600001
count=11
# </msg>
<status status="PASS" starttime="20191120 15:41:58.684" endtime="20191120 15:42:00.686"></status>
</kw>
<kw name="Log" library="BuiltIn">
<doc>Logs the given message with the given level.</doc>
<arguments>
<arg>${stdout}</arg>
</arguments>
<msg timestamp="20191120 15:42:00.690" level="INFO">result=success
command=plugin
test_setup=on
bus_connect=on
bus_power=on
rack=1
panel=1
type=1100ps
panel_state=RUN
row=1
serial=28FFFF600001
count=11
# </msg>
<status status="PASS" starttime="20191120 15:42:00.687" endtime="20191120 15:42:00.691"></status>
</kw>
<status status="PASS" starttime="20191120 15:41:58.671" endtime="20191120 15:42:00.692"></status>
</kw>
<status status="PASS" starttime="20191120 15:41:58.645" endtime="20191120 15:42:00.693"></status>
</kw>
<kw name="When Plugin Copper Tip to Rack &quot;1&quot; Panel &quot;1&quot; Row &quot;1&quot; Port &quot;4&quot;" library="Virtual Panel definitions">
<kw name="Get Copper Panel Index" library="Virtual Panel definitions">
<arguments>
<arg>${rackID}</arg>
<arg>${panelID}</arg>
<arg>${row}</arg>
</arguments>
<assign>
<var>${panel index}</var>
</assign>
<kw name="Get Length" library="BuiltIn">
<doc>Returns and logs the length of the given item as an integer.</doc>
<arguments>
<arg>${VPpanels}</arg>
</arguments>
<assign>
<var>${panels number}</var>
</assign>
<msg timestamp="20191120 15:42:00.700" level="INFO">Length is 12</msg>
<msg timestamp="20191120 15:42:00.700" level="INFO">${panels number} = 12</msg>
<status status="PASS" starttime="20191120 15:42:00.698" endtime="20191120 15:42:00.701"></status>
</kw>
<kw name="${panel index} IN RANGE [ ${panels number-1} ]" type="for">
<kw name="${panel index} = 0" type="foritem">
<kw name="Run Keyword If" library="BuiltIn">
<doc>Runs the given keyword with the given arguments, if ``condition`` is true.</doc>
<arguments>
<arg>'${VPpanels[${panel index+1}][&amp;{dic panels table}[panel type]]}' == '${VIRTUAL PANELS TYPE}[COPPER]' and '${VPpanels[${panel index+1}][&amp;{dic panels table}[rackID]]}' == '${input rackID}' and '${VPpanels[${panel index+1}][&amp;{dic panels table}[panelID]]}' == '${input panelID}' and '${VPpanels[${panel index+1}][&amp;{dic panels table}[row]]}' == '${input row}'</arg>
<arg>Exit For Loop</arg>
</arguments>
<kw name="Exit For Loop" library="BuiltIn">
<doc>Stops executing the enclosing for loop.</doc>
<msg timestamp="20191120 15:42:00.711" level="INFO">Exiting for loop altogether.</msg>
<status status="PASS" starttime="20191120 15:42:00.710" endtime="20191120 15:42:00.712"></status>
</kw>
<status status="PASS" starttime="20191120 15:42:00.704" endtime="20191120 15:42:00.712"></status>
</kw>
<status status="PASS" starttime="20191120 15:42:00.703" endtime="20191120 15:42:00.713"></status>
</kw>
<status status="PASS" starttime="20191120 15:42:00.701" endtime="20191120 15:42:00.714"></status>
</kw>
<msg timestamp="20191120 15:42:00.716" level="INFO">${panel index} = 1</msg>
<status status="PASS" starttime="20191120 15:42:00.696" endtime="20191120 15:42:00.716"></status>
</kw>
<kw name="Log" library="BuiltIn">
<doc>Logs the given message with the given level.</doc>
<arguments>
<arg>${panel index}</arg>
</arguments>
<msg timestamp="20191120 15:42:00.719" level="INFO">1</msg>
<status status="PASS" starttime="20191120 15:42:00.717" endtime="20191120 15:42:00.719"></status>
</kw>
<kw name="Catenate" library="BuiltIn">
<doc>Catenates the given items together and returns the resulted string.</doc>
<arguments>
<arg>vp_cmd_helper --plugin --rack</arg>
<arg>${rackID}</arg>
<arg>--panel</arg>
<arg>${panel index}</arg>
<arg>--port</arg>
<arg>${portID}</arg>
</arguments>
<assign>
<var>${completed command}</var>
</assign>
<msg timestamp="20191120 15:42:00.723" level="INFO">${completed command} = vp_cmd_helper --plugin --rack 1 --panel 1 --port 4</msg>
<status status="PASS" starttime="20191120 15:42:00.721" endtime="20191120 15:42:00.723"></status>
</kw>
<kw name="Log" library="BuiltIn">
<doc>Logs the given message with the given level.</doc>
<arguments>
<arg>${completed command}</arg>
</arguments>
<msg timestamp="20191120 15:42:00.725" level="INFO">vp_cmd_helper --plugin --rack 1 --panel 1 --port 4</msg>
<status status="PASS" starttime="20191120 15:42:00.724" endtime="20191120 15:42:00.726"></status>
</kw>
<kw name="Enter Virtual Command ${completed command}" library="SSH definitions">
<kw name="Write" library="SSHLibrary">
<doc>Writes the given ``text`` on the remote machine and appends a newline.</doc>
<arguments>
<arg>${command}</arg>
</arguments>
<msg timestamp="20191120 15:42:00.752" level="INFO">vp_cmd_helper --plugin --rack 1 --panel 1 --port 4</msg>
<status status="PASS" starttime="20191120 15:42:00.729" endtime="20191120 15:42:00.752"></status>
</kw>
<kw name="Read" library="SSHLibrary">
<doc>Consumes and returns everything available on the server output.</doc>
<arguments>
<arg>loglevel=Trace</arg>
<arg>delay=1s</arg>
</arguments>
<assign>
<var>${stdout}</var>
</assign>
<msg timestamp="20191120 15:42:02.754" level="INFO">${stdout} = result=success
command=plugin
test_setup=on
bus_connect=on
bus_power=on
rack=1
panel=1
type=1100ps
panel_state=RUN
row=1
serial=28FFFF600001
count=11
# </msg>
<status status="PASS" starttime="20191120 15:42:00.753" endtime="20191120 15:42:02.755"></status>
</kw>
<kw name="Log" library="BuiltIn">
<doc>Logs the given message with the given level.</doc>
<arguments>
<arg>${stdout}</arg>
</arguments>
<msg timestamp="20191120 15:42:02.758" level="INFO">result=success
command=plugin
test_setup=on
bus_connect=on
bus_power=on
rack=1
panel=1
type=1100ps
panel_state=RUN
row=1
serial=28FFFF600001
count=11
# </msg>
<status status="PASS" starttime="20191120 15:42:02.756" endtime="20191120 15:42:02.759"></status>
</kw>
<status status="PASS" starttime="20191120 15:42:00.727" endtime="20191120 15:42:02.760"></status>
</kw>
<status status="PASS" starttime="20191120 15:42:00.694" endtime="20191120 15:42:02.761"></status>
</kw>
<kw name="When Plugout Copper Tip to Rack &quot;1&quot; Panel &quot;1&quot; Row &quot;1&quot; Port &quot;2&quot;" library="Virtual Panel definitions">
<kw name="Get Copper Panel Index" library="Virtual Panel definitions">
<arguments>
<arg>${rackID}</arg>
<arg>${panelID}</arg>
<arg>${row}</arg>
</arguments>
<assign>
<var>${panel index}</var>
</assign>
<kw name="Get Length" library="BuiltIn">
<doc>Returns and logs the length of the given item as an integer.</doc>
<arguments>
<arg>${VPpanels}</arg>
</arguments>
<assign>
<var>${panels number}</var>
</assign>
<msg timestamp="20191120 15:42:02.768" level="INFO">Length is 12</msg>
<msg timestamp="20191120 15:42:02.768" level="INFO">${panels number} = 12</msg>
<status status="PASS" starttime="20191120 15:42:02.766" endtime="20191120 15:42:02.769"></status>
</kw>
<kw name="${panel index} IN RANGE [ ${panels number-1} ]" type="for">
<kw name="${panel index} = 0" type="foritem">
<kw name="Run Keyword If" library="BuiltIn">
<doc>Runs the given keyword with the given arguments, if ``condition`` is true.</doc>
<arguments>
<arg>'${VPpanels[${panel index+1}][&amp;{dic panels table}[panel type]]}' == '${VIRTUAL PANELS TYPE}[COPPER]' and '${VPpanels[${panel index+1}][&amp;{dic panels table}[rackID]]}' == '${input rackID}' and '${VPpanels[${panel index+1}][&amp;{dic panels table}[panelID]]}' == '${input panelID}' and '${VPpanels[${panel index+1}][&amp;{dic panels table}[row]]}' == '${input row}'</arg>
<arg>Exit For Loop</arg>
</arguments>
<kw name="Exit For Loop" library="BuiltIn">
<doc>Stops executing the enclosing for loop.</doc>
<msg timestamp="20191120 15:42:02.777" level="INFO">Exiting for loop altogether.</msg>
<status status="PASS" starttime="20191120 15:42:02.777" endtime="20191120 15:42:02.778"></status>
</kw>
<status status="PASS" starttime="20191120 15:42:02.772" endtime="20191120 15:42:02.778"></status>
</kw>
<status status="PASS" starttime="20191120 15:42:02.771" endtime="20191120 15:42:02.778"></status>
</kw>
<status status="PASS" starttime="20191120 15:42:02.769" endtime="20191120 15:42:02.779"></status>
</kw>
<msg timestamp="20191120 15:42:02.780" level="INFO">${panel index} = 1</msg>
<status status="PASS" starttime="20191120 15:42:02.764" endtime="20191120 15:42:02.780"></status>
</kw>
<kw name="Log" library="BuiltIn">
<doc>Logs the given message with the given level.</doc>
<arguments>
<arg>${panel index}</arg>
</arguments>
<msg timestamp="20191120 15:42:02.781" level="INFO">1</msg>
<status status="PASS" starttime="20191120 15:42:02.781" endtime="20191120 15:42:02.782"></status>
</kw>
<kw name="Catenate" library="BuiltIn">
<doc>Catenates the given items together and returns the resulted string.</doc>
<arguments>
<arg>vp_cmd_helper --plugout --rack</arg>
<arg>${rackID}</arg>
<arg>--panel</arg>
<arg>${panel index}</arg>
<arg>--port</arg>
<arg>${portID}</arg>
</arguments>
<assign>
<var>${completed command}</var>
</assign>
<msg timestamp="20191120 15:42:02.783" level="INFO">${completed command} = vp_cmd_helper --plugout --rack 1 --panel 1 --port 2</msg>
<status status="PASS" starttime="20191120 15:42:02.782" endtime="20191120 15:42:02.784"></status>
</kw>
<kw name="Log" library="BuiltIn">
<doc>Logs the given message with the given level.</doc>
<arguments>
<arg>${completed command}</arg>
</arguments>
<msg timestamp="20191120 15:42:02.785" level="INFO">vp_cmd_helper --plugout --rack 1 --panel 1 --port 2</msg>
<status status="PASS" starttime="20191120 15:42:02.784" endtime="20191120 15:42:02.785"></status>
</kw>
<kw name="Enter Virtual Command ${completed command}" library="SSH definitions">
<kw name="Write" library="SSHLibrary">
<doc>Writes the given ``text`` on the remote machine and appends a newline.</doc>
<arguments>
<arg>${command}</arg>
</arguments>
<msg timestamp="20191120 15:42:02.831" level="INFO">vp_cmd_helper --plugout --rack 1 --panel 1 --port 2</msg>
<status status="PASS" starttime="20191120 15:42:02.787" endtime="20191120 15:42:02.831"></status>
</kw>
<kw name="Read" library="SSHLibrary">
<doc>Consumes and returns everything available on the server output.</doc>
<arguments>
<arg>loglevel=Trace</arg>
<arg>delay=1s</arg>
</arguments>
<assign>
<var>${stdout}</var>
</assign>
<msg timestamp="20191120 15:42:04.832" level="INFO">${stdout} = result=success
command=plugout
test_setup=on
bus_connect=on
bus_power=on
rack=1
panel=1
type=1100ps
panel_state=RUN
row=1
serial=28FFFF600001
count=11
# </msg>
<status status="PASS" starttime="20191120 15:42:02.832" endtime="20191120 15:42:04.833"></status>
</kw>
<kw name="Log" library="BuiltIn">
<doc>Logs the given message with the given level.</doc>
<arguments>
<arg>${stdout}</arg>
</arguments>
<msg timestamp="20191120 15:42:04.836" level="INFO">result=success
command=plugout
test_setup=on
bus_connect=on
bus_power=on
rack=1
panel=1
type=1100ps
panel_state=RUN
row=1
serial=28FFFF600001
count=11
# </msg>
<status status="PASS" starttime="20191120 15:42:04.835" endtime="20191120 15:42:04.837"></status>
</kw>
<status status="PASS" starttime="20191120 15:42:02.786" endtime="20191120 15:42:04.838"></status>
</kw>
<status status="PASS" starttime="20191120 15:42:02.763" endtime="20191120 15:42:04.839"></status>
</kw>
<kw name="When Plugout Copper Tip to Rack &quot;1&quot; Panel &quot;1&quot; Row &quot;1&quot; Port &quot;3&quot;" library="Virtual Panel definitions">
<kw name="Get Copper Panel Index" library="Virtual Panel definitions">
<arguments>
<arg>${rackID}</arg>
<arg>${panelID}</arg>
<arg>${row}</arg>
</arguments>
<assign>
<var>${panel index}</var>
</assign>
<kw name="Get Length" library="BuiltIn">
<doc>Returns and logs the length of the given item as an integer.</doc>
<arguments>
<arg>${VPpanels}</arg>
</arguments>
<assign>
<var>${panels number}</var>
</assign>
<msg timestamp="20191120 15:42:04.846" level="INFO">Length is 12</msg>
<msg timestamp="20191120 15:42:04.846" level="INFO">${panels number} = 12</msg>
<status status="PASS" starttime="20191120 15:42:04.845" endtime="20191120 15:42:04.847"></status>
</kw>
<kw name="${panel index} IN RANGE [ ${panels number-1} ]" type="for">
<kw name="${panel index} = 0" type="foritem">
<kw name="Run Keyword If" library="BuiltIn">
<doc>Runs the given keyword with the given arguments, if ``condition`` is true.</doc>
<arguments>
<arg>'${VPpanels[${panel index+1}][&amp;{dic panels table}[panel type]]}' == '${VIRTUAL PANELS TYPE}[COPPER]' and '${VPpanels[${panel index+1}][&amp;{dic panels table}[rackID]]}' == '${input rackID}' and '${VPpanels[${panel index+1}][&amp;{dic panels table}[panelID]]}' == '${input panelID}' and '${VPpanels[${panel index+1}][&amp;{dic panels table}[row]]}' == '${input row}'</arg>
<arg>Exit For Loop</arg>
</arguments>
<kw name="Exit For Loop" library="BuiltIn">
<doc>Stops executing the enclosing for loop.</doc>
<msg timestamp="20191120 15:42:04.857" level="INFO">Exiting for loop altogether.</msg>
<status status="PASS" starttime="20191120 15:42:04.856" endtime="20191120 15:42:04.858"></status>
</kw>
<status status="PASS" starttime="20191120 15:42:04.850" endtime="20191120 15:42:04.858"></status>
</kw>
<status status="PASS" starttime="20191120 15:42:04.849" endtime="20191120 15:42:04.859"></status>
</kw>
<status status="PASS" starttime="20191120 15:42:04.848" endtime="20191120 15:42:04.860"></status>
</kw>
<msg timestamp="20191120 15:42:04.862" level="INFO">${panel index} = 1</msg>
<status status="PASS" starttime="20191120 15:42:04.842" endtime="20191120 15:42:04.862"></status>
</kw>
<kw name="Log" library="BuiltIn">
<doc>Logs the given message with the given level.</doc>
<arguments>
<arg>${panel index}</arg>
</arguments>
<msg timestamp="20191120 15:42:04.864" level="INFO">1</msg>
<status status="PASS" starttime="20191120 15:42:04.863" endtime="20191120 15:42:04.865"></status>
</kw>
<kw name="Catenate" library="BuiltIn">
<doc>Catenates the given items together and returns the resulted string.</doc>
<arguments>
<arg>vp_cmd_helper --plugout --rack</arg>
<arg>${rackID}</arg>
<arg>--panel</arg>
<arg>${panel index}</arg>
<arg>--port</arg>
<arg>${portID}</arg>
</arguments>
<assign>
<var>${completed command}</var>
</assign>
<msg timestamp="20191120 15:42:04.868" level="INFO">${completed command} = vp_cmd_helper --plugout --rack 1 --panel 1 --port 3</msg>
<status status="PASS" starttime="20191120 15:42:04.866" endtime="20191120 15:42:04.868"></status>
</kw>
<kw name="Log" library="BuiltIn">
<doc>Logs the given message with the given level.</doc>
<arguments>
<arg>${completed command}</arg>
</arguments>
<msg timestamp="20191120 15:42:04.871" level="INFO">vp_cmd_helper --plugout --rack 1 --panel 1 --port 3</msg>
<status status="PASS" starttime="20191120 15:42:04.869" endtime="20191120 15:42:04.871"></status>
</kw>
<kw name="Enter Virtual Command ${completed command}" library="SSH definitions">
<kw name="Write" library="SSHLibrary">
<doc>Writes the given ``text`` on the remote machine and appends a newline.</doc>
<arguments>
<arg>${command}</arg>
</arguments>
<msg timestamp="20191120 15:42:04.891" level="INFO">vp_cmd_helper --plugout --rack 1 --panel 1 --port 3</msg>
<status status="PASS" starttime="20191120 15:42:04.874" endtime="20191120 15:42:04.891"></status>
</kw>
<kw name="Read" library="SSHLibrary">
<doc>Consumes and returns everything available on the server output.</doc>
<arguments>
<arg>loglevel=Trace</arg>
<arg>delay=1s</arg>
</arguments>
<assign>
<var>${stdout}</var>
</assign>
<msg timestamp="20191120 15:42:06.893" level="INFO">${stdout} = result=success
command=plugout
test_setup=on
bus_connect=on
bus_power=on
rack=1
panel=1
type=1100ps
panel_state=RUN
row=1
serial=28FFFF600001
count=11
# </msg>
<status status="PASS" starttime="20191120 15:42:04.892" endtime="20191120 15:42:06.893"></status>
</kw>
<kw name="Log" library="BuiltIn">
<doc>Logs the given message with the given level.</doc>
<arguments>
<arg>${stdout}</arg>
</arguments>
<msg timestamp="20191120 15:42:06.895" level="INFO">result=success
command=plugout
test_setup=on
bus_connect=on
bus_power=on
rack=1
panel=1
type=1100ps
panel_state=RUN
row=1
serial=28FFFF600001
count=11
# </msg>
<status status="PASS" starttime="20191120 15:42:06.894" endtime="20191120 15:42:06.895"></status>
</kw>
<status status="PASS" starttime="20191120 15:42:04.872" endtime="20191120 15:42:06.896"></status>
</kw>
<status status="PASS" starttime="20191120 15:42:04.841" endtime="20191120 15:42:06.896"></status>
</kw>
<kw name="Then Click Delete Button" library="General Page">
<kw name="Click Web Button" library="General Page">
<arguments>
<arg>${btnDelete}</arg>
</arguments>
<kw name="Click Element" library="SeleniumLibrary">
<doc>Click the element identified by ``locator``.</doc>
<arguments>
<arg>${btnName}</arg>
</arguments>
<msg timestamp="20191120 15:42:06.899" level="INFO">Clicking element '//div[@id='exit-footer' and @style='display: block;']/div[@id='delete-button']'.</msg>
<status status="PASS" starttime="20191120 15:42:06.899" endtime="20191120 15:42:06.968"></status>
</kw>
<status status="PASS" starttime="20191120 15:42:06.898" endtime="20191120 15:42:06.969"></status>
</kw>
<kw name="Wait For Page Update" library="General Page">
<kw name="Sleep" library="BuiltIn">
<doc>Pauses the test executed for the given time.</doc>
<arguments>
<arg>${PAGE UPDATE TIMEOUT}</arg>
</arguments>
<msg timestamp="20191120 15:42:07.071" level="INFO">Slept 100 milliseconds</msg>
<status status="PASS" starttime="20191120 15:42:06.970" endtime="20191120 15:42:07.071"></status>
</kw>
<status status="PASS" starttime="20191120 15:42:06.969" endtime="20191120 15:42:07.071"></status>
</kw>
<status status="PASS" starttime="20191120 15:42:06.897" endtime="20191120 15:42:07.072"></status>
</kw>
<kw name="Then Check if Rack &quot;1&quot; Panel &quot;1&quot; Row &quot;1&quot; Port &quot;2&quot; &quot;disappeared&quot; in End &quot;A&quot;" library="Bulk Patching definitions">
<doc>This keyword is used to check the information of Coper panel displaying in either End A or End B on Bulk Patching screen</doc>
<kw name="Run Keyword If" library="BuiltIn">
<doc>Runs the given keyword with the given arguments, if ``condition`` is true.</doc>
<arguments>
<arg>'${end position}'=='a' or '${end position}'=='A'</arg>
<arg>Set Variable</arg>
<arg>2</arg>
<arg>ELSE IF</arg>
<arg>'${end position}'=='b' or '${end position}'=='B'</arg>
<arg>Set Variable</arg>
<arg>4</arg>
</arguments>
<assign>
<var>${input end position}</var>
</assign>
<kw name="Set Variable" library="BuiltIn">
<doc>Returns the given values which can then be assigned to a variables.</doc>
<arguments>
<arg>2</arg>
</arguments>
<status status="PASS" starttime="20191120 15:42:07.073" endtime="20191120 15:42:07.073"></status>
</kw>
<msg timestamp="20191120 15:42:07.074" level="INFO">${input end position} = 2</msg>
<status status="PASS" starttime="20191120 15:42:07.072" endtime="20191120 15:42:07.074"></status>
</kw>
<kw name="Catenate" library="BuiltIn">
<doc>Catenates the given items together and returns the resulted string.</doc>
<arguments>
<arg>Rack</arg>
<arg>${rackID}</arg>
</arguments>
<assign>
<var>${input rack}</var>
</assign>
<msg timestamp="20191120 15:42:07.074" level="INFO">${input rack} = Rack 1</msg>
<status status="PASS" starttime="20191120 15:42:07.074" endtime="20191120 15:42:07.074"></status>
</kw>
<kw name="Catenate" library="BuiltIn">
<doc>Catenates the given items together and returns the resulted string.</doc>
<arguments>
<arg>-Panel</arg>
<arg>${panelID}</arg>
</arguments>
<assign>
<var>${input panel}</var>
</assign>
<msg timestamp="20191120 15:42:07.075" level="INFO">${input panel} = -Panel 1</msg>
<status status="PASS" starttime="20191120 15:42:07.075" endtime="20191120 15:42:07.075"></status>
</kw>
<kw name="Catenate" library="BuiltIn">
<doc>Catenates the given items together and returns the resulted string.</doc>
<arguments>
<arg>-Port</arg>
<arg>${portID}</arg>
</arguments>
<assign>
<var>${input port}</var>
</assign>
<msg timestamp="20191120 15:42:07.076" level="INFO">${input port} = -Port 2</msg>
<status status="PASS" starttime="20191120 15:42:07.075" endtime="20191120 15:42:07.076"></status>
</kw>
<kw name="Catenate" library="BuiltIn">
<doc>Catenates the given items together and returns the resulted string.</doc>
<arguments>
<arg>SEPARATOR=</arg>
<arg>${input rack}</arg>
<arg>${input panel}</arg>
<arg>${input port}</arg>
</arguments>
<assign>
<var>${input port information}</var>
</assign>
<msg timestamp="20191120 15:42:07.076" level="INFO">${input port information} = Rack 1-Panel 1-Port 2</msg>
<status status="PASS" starttime="20191120 15:42:07.076" endtime="20191120 15:42:07.077"></status>
</kw>
<kw name="Replace String" library="String">
<doc>Replaces ``search_for`` in the given ``string`` with ``replace_with``.</doc>
<arguments>
<arg>${dynamic port position}</arg>
<arg>End Position</arg>
<arg>${input end position}</arg>
</arguments>
<assign>
<var>${xPath syntax1}</var>
</assign>
<msg timestamp="20191120 15:42:07.077" level="INFO">${xPath syntax1} = //ul[@id='bulkPatchList']/li[Line Position]/div[2]/p[contains(text(),'Port Information')]</msg>
<status status="PASS" starttime="20191120 15:42:07.077" endtime="20191120 15:42:07.077"></status>
</kw>
<kw name="Replace String" library="String">
<doc>Replaces ``search_for`` in the given ``string`` with ``replace_with``.</doc>
<arguments>
<arg>${xPath syntax1}</arg>
<arg>Port Information</arg>
<arg>${input port information}</arg>
</arguments>
<assign>
<var>${xPath syntax2}</var>
</assign>
<msg timestamp="20191120 15:42:07.078" level="INFO">${xPath syntax2} = //ul[@id='bulkPatchList']/li[Line Position]/div[2]/p[contains(text(),'Rack 1-Panel 1-Port 2')]</msg>
<status status="PASS" starttime="20191120 15:42:07.078" endtime="20191120 15:42:07.078"></status>
</kw>
<kw name="Number of Lines in Bulk Patching Screen" library="Bulk Patching definitions">
<assign>
<var>${number of lines}</var>
</assign>
<kw name="Get Element Count" library="SeleniumLibrary">
<doc>Returns the number of elements matching ``locator``.</doc>
<arguments>
<arg>${number of lines}</arg>
</arguments>
<assign>
<var>${count}</var>
</assign>
<msg timestamp="20191120 15:42:07.091" level="INFO">${count} = 2</msg>
<status status="PASS" starttime="20191120 15:42:07.079" endtime="20191120 15:42:07.091"></status>
</kw>
<msg timestamp="20191120 15:42:07.091" level="INFO">${number of lines} = 2</msg>
<status status="PASS" starttime="20191120 15:42:07.078" endtime="20191120 15:42:07.091"></status>
</kw>
<kw name="Set Variable" library="BuiltIn">
<doc>Returns the given values which can then be assigned to a variables.</doc>
<arguments>
<arg>0</arg>
</arguments>
<assign>
<var>${count}</var>
</assign>
<msg timestamp="20191120 15:42:07.091" level="INFO">${count} = 0</msg>
<status status="PASS" starttime="20191120 15:42:07.091" endtime="20191120 15:42:07.091"></status>
</kw>
<kw name="${index} IN RANGE [ ${number of lines+1} ]" type="for">
<kw name="${index} = 0" type="foritem">
<kw name="Evaluate" library="BuiltIn">
<doc>Evaluates the given expression in Python and returns the results.</doc>
<arguments>
<arg>${index} + 1</arg>
</arguments>
<assign>
<var>${index temp}</var>
</assign>
<msg timestamp="20191120 15:42:07.091" level="INFO">${index temp} = 1</msg>
<status status="PASS" starttime="20191120 15:42:07.091" endtime="20191120 15:42:07.091"></status>
</kw>
<kw name="Convert To String" library="BuiltIn">
<doc>Converts the given item to a Unicode string.</doc>
<arguments>
<arg>${index+1}</arg>
</arguments>
<assign>
<var>${index string}</var>
</assign>
<msg timestamp="20191120 15:42:07.091" level="INFO">${index string} = 1</msg>
<status status="PASS" starttime="20191120 15:42:07.091" endtime="20191120 15:42:07.091"></status>
</kw>
<kw name="Replace String" library="String">
<doc>Replaces ``search_for`` in the given ``string`` with ``replace_with``.</doc>
<arguments>
<arg>${xPath syntax2}</arg>
<arg>Line Position</arg>
<arg>${index string}</arg>
</arguments>
<assign>
<var>${xPath syntax3}</var>
</assign>
<msg timestamp="20191120 15:42:07.091" level="INFO">${xPath syntax3} = //ul[@id='bulkPatchList']/li[1]/div[2]/p[contains(text(),'Rack 1-Panel 1-Port 2')]</msg>
<status status="PASS" starttime="20191120 15:42:07.091" endtime="20191120 15:42:07.091"></status>
</kw>
<kw name="Log" library="BuiltIn">
<doc>Logs the given message with the given level.</doc>
<arguments>
<arg>${xPath syntax3}</arg>
</arguments>
<msg timestamp="20191120 15:42:07.091" level="INFO">//ul[@id='bulkPatchList']/li[1]/div[2]/p[contains(text(),'Rack 1-Panel 1-Port 2')]</msg>
<status status="PASS" starttime="20191120 15:42:07.091" endtime="20191120 15:42:07.091"></status>
</kw>
<kw name="Get Element Count" library="SeleniumLibrary">
<doc>Returns the number of elements matching ``locator``.</doc>
<arguments>
<arg>${xPath syntax3}</arg>
</arguments>
<assign>
<var>${count}</var>
</assign>
<msg timestamp="20191120 15:42:07.097" level="INFO">${count} = 0</msg>
<status status="PASS" starttime="20191120 15:42:07.091" endtime="20191120 15:42:07.097"></status>
</kw>
<kw name="Exit For Loop If" library="BuiltIn">
<doc>Stops executing the enclosing for loop if the ``condition`` is true.</doc>
<arguments>
<arg>${count} == 1</arg>
</arguments>
<status status="PASS" starttime="20191120 15:42:07.108" endtime="20191120 15:42:07.108"></status>
</kw>
<status status="PASS" starttime="20191120 15:42:07.091" endtime="20191120 15:42:07.108"></status>
</kw>
<kw name="${index} = 1" type="foritem">
<kw name="Evaluate" library="BuiltIn">
<doc>Evaluates the given expression in Python and returns the results.</doc>
<arguments>
<arg>${index} + 1</arg>
</arguments>
<assign>
<var>${index temp}</var>
</assign>
<msg timestamp="20191120 15:42:07.108" level="INFO">${index temp} = 2</msg>
<status status="PASS" starttime="20191120 15:42:07.108" endtime="20191120 15:42:07.108"></status>
</kw>
<kw name="Convert To String" library="BuiltIn">
<doc>Converts the given item to a Unicode string.</doc>
<arguments>
<arg>${index+1}</arg>
</arguments>
<assign>
<var>${index string}</var>
</assign>
<msg timestamp="20191120 15:42:07.108" level="INFO">${index string} = 2</msg>
<status status="PASS" starttime="20191120 15:42:07.108" endtime="20191120 15:42:07.108"></status>
</kw>
<kw name="Replace String" library="String">
<doc>Replaces ``search_for`` in the given ``string`` with ``replace_with``.</doc>
<arguments>
<arg>${xPath syntax2}</arg>
<arg>Line Position</arg>
<arg>${index string}</arg>
</arguments>
<assign>
<var>${xPath syntax3}</var>
</assign>
<msg timestamp="20191120 15:42:07.111" level="INFO">${xPath syntax3} = //ul[@id='bulkPatchList']/li[2]/div[2]/p[contains(text(),'Rack 1-Panel 1-Port 2')]</msg>
<status status="PASS" starttime="20191120 15:42:07.111" endtime="20191120 15:42:07.111"></status>
</kw>
<kw name="Log" library="BuiltIn">
<doc>Logs the given message with the given level.</doc>
<arguments>
<arg>${xPath syntax3}</arg>
</arguments>
<msg timestamp="20191120 15:42:07.111" level="INFO">//ul[@id='bulkPatchList']/li[2]/div[2]/p[contains(text(),'Rack 1-Panel 1-Port 2')]</msg>
<status status="PASS" starttime="20191120 15:42:07.111" endtime="20191120 15:42:07.111"></status>
</kw>
<kw name="Get Element Count" library="SeleniumLibrary">
<doc>Returns the number of elements matching ``locator``.</doc>
<arguments>
<arg>${xPath syntax3}</arg>
</arguments>
<assign>
<var>${count}</var>
</assign>
<msg timestamp="20191120 15:42:07.118" level="INFO">${count} = 0</msg>
<status status="PASS" starttime="20191120 15:42:07.111" endtime="20191120 15:42:07.118"></status>
</kw>
<kw name="Exit For Loop If" library="BuiltIn">
<doc>Stops executing the enclosing for loop if the ``condition`` is true.</doc>
<arguments>
<arg>${count} == 1</arg>
</arguments>
<status status="PASS" starttime="20191120 15:42:07.118" endtime="20191120 15:42:07.118"></status>
</kw>
<status status="PASS" starttime="20191120 15:42:07.108" endtime="20191120 15:42:07.118"></status>
</kw>
<kw name="${index} = 2" type="foritem">
<kw name="Evaluate" library="BuiltIn">
<doc>Evaluates the given expression in Python and returns the results.</doc>
<arguments>
<arg>${index} + 1</arg>
</arguments>
<assign>
<var>${index temp}</var>
</assign>
<msg timestamp="20191120 15:42:07.118" level="INFO">${index temp} = 3</msg>
<status status="PASS" starttime="20191120 15:42:07.118" endtime="20191120 15:42:07.118"></status>
</kw>
<kw name="Convert To String" library="BuiltIn">
<doc>Converts the given item to a Unicode string.</doc>
<arguments>
<arg>${index+1}</arg>
</arguments>
<assign>
<var>${index string}</var>
</assign>
<msg timestamp="20191120 15:42:07.118" level="INFO">${index string} = 3</msg>
<status status="PASS" starttime="20191120 15:42:07.118" endtime="20191120 15:42:07.118"></status>
</kw>
<kw name="Replace String" library="String">
<doc>Replaces ``search_for`` in the given ``string`` with ``replace_with``.</doc>
<arguments>
<arg>${xPath syntax2}</arg>
<arg>Line Position</arg>
<arg>${index string}</arg>
</arguments>
<assign>
<var>${xPath syntax3}</var>
</assign>
<msg timestamp="20191120 15:42:07.118" level="INFO">${xPath syntax3} = //ul[@id='bulkPatchList']/li[3]/div[2]/p[contains(text(),'Rack 1-Panel 1-Port 2')]</msg>
<status status="PASS" starttime="20191120 15:42:07.118" endtime="20191120 15:42:07.118"></status>
</kw>
<kw name="Log" library="BuiltIn">
<doc>Logs the given message with the given level.</doc>
<arguments>
<arg>${xPath syntax3}</arg>
</arguments>
<msg timestamp="20191120 15:42:07.118" level="INFO">//ul[@id='bulkPatchList']/li[3]/div[2]/p[contains(text(),'Rack 1-Panel 1-Port 2')]</msg>
<status status="PASS" starttime="20191120 15:42:07.118" endtime="20191120 15:42:07.118"></status>
</kw>
<kw name="Get Element Count" library="SeleniumLibrary">
<doc>Returns the number of elements matching ``locator``.</doc>
<arguments>
<arg>${xPath syntax3}</arg>
</arguments>
<assign>
<var>${count}</var>
</assign>
<msg timestamp="20191120 15:42:07.138" level="INFO">${count} = 0</msg>
<status status="PASS" starttime="20191120 15:42:07.118" endtime="20191120 15:42:07.138"></status>
</kw>
<kw name="Exit For Loop If" library="BuiltIn">
<doc>Stops executing the enclosing for loop if the ``condition`` is true.</doc>
<arguments>
<arg>${count} == 1</arg>
</arguments>
<status status="PASS" starttime="20191120 15:42:07.138" endtime="20191120 15:42:07.138"></status>
</kw>
<status status="PASS" starttime="20191120 15:42:07.118" endtime="20191120 15:42:07.138"></status>
</kw>
<status status="PASS" starttime="20191120 15:42:07.091" endtime="20191120 15:42:07.138"></status>
</kw>
<kw name="Convert To Lowercase" library="String">
<doc>Converts string to lowercase.</doc>
<arguments>
<arg>${status}</arg>
</arguments>
<assign>
<var>${temp status}</var>
</assign>
<msg timestamp="20191120 15:42:07.138" level="INFO">${temp status} = disappeared</msg>
<status status="PASS" starttime="20191120 15:42:07.138" endtime="20191120 15:42:07.138"></status>
</kw>
<kw name="Run Keyword If" library="BuiltIn">
<doc>Runs the given keyword with the given arguments, if ``condition`` is true.</doc>
<arguments>
<arg>'${temp status}' == 'appeared'</arg>
<arg>Set Variable</arg>
<arg>1</arg>
<arg>ELSE IF</arg>
<arg>'${temp status}' == 'disappeared'</arg>
<arg>Set Variable</arg>
<arg>0</arg>
</arguments>
<assign>
<var>${expected value}</var>
</assign>
<kw name="Set Variable" library="BuiltIn">
<doc>Returns the given values which can then be assigned to a variables.</doc>
<arguments>
<arg>0</arg>
</arguments>
<status status="PASS" starttime="20191120 15:42:07.138" endtime="20191120 15:42:07.138"></status>
</kw>
<msg timestamp="20191120 15:42:07.138" level="INFO">${expected value} = 0</msg>
<status status="PASS" starttime="20191120 15:42:07.138" endtime="20191120 15:42:07.138"></status>
</kw>
<kw name="Run Keyword And Continue On Failure" library="BuiltIn">
<doc>Runs the keyword and continues execution even if a failure occurs.</doc>
<arguments>
<arg>Should Be Equal</arg>
<arg>'${count}'</arg>
<arg>'${expected value}'</arg>
</arguments>
<kw name="Should Be Equal" library="BuiltIn">
<doc>Fails if the given objects are unequal.</doc>
<arguments>
<arg>'${count}'</arg>
<arg>'${expected value}'</arg>
</arguments>
<status status="PASS" starttime="20191120 15:42:07.138" endtime="20191120 15:42:07.138"></status>
</kw>
<status status="PASS" starttime="20191120 15:42:07.138" endtime="20191120 15:42:07.138"></status>
</kw>
<status status="PASS" starttime="20191120 15:42:07.072" endtime="20191120 15:42:07.138"></status>
</kw>
<kw name="Then Check if Rack &quot;1&quot; Panel &quot;1&quot; Row &quot;1&quot; Port &quot;3&quot; &quot;disappeared&quot; in End &quot;A&quot;" library="Bulk Patching definitions">
<doc>This keyword is used to check the information of Coper panel displaying in either End A or End B on Bulk Patching screen</doc>
<kw name="Run Keyword If" library="BuiltIn">
<doc>Runs the given keyword with the given arguments, if ``condition`` is true.</doc>
<arguments>
<arg>'${end position}'=='a' or '${end position}'=='A'</arg>
<arg>Set Variable</arg>
<arg>2</arg>
<arg>ELSE IF</arg>
<arg>'${end position}'=='b' or '${end position}'=='B'</arg>
<arg>Set Variable</arg>
<arg>4</arg>
</arguments>
<assign>
<var>${input end position}</var>
</assign>
<kw name="Set Variable" library="BuiltIn">
<doc>Returns the given values which can then be assigned to a variables.</doc>
<arguments>
<arg>2</arg>
</arguments>
<status status="PASS" starttime="20191120 15:42:07.138" endtime="20191120 15:42:07.138"></status>
</kw>
<msg timestamp="20191120 15:42:07.138" level="INFO">${input end position} = 2</msg>
<status status="PASS" starttime="20191120 15:42:07.138" endtime="20191120 15:42:07.138"></status>
</kw>
<kw name="Catenate" library="BuiltIn">
<doc>Catenates the given items together and returns the resulted string.</doc>
<arguments>
<arg>Rack</arg>
<arg>${rackID}</arg>
</arguments>
<assign>
<var>${input rack}</var>
</assign>
<msg timestamp="20191120 15:42:07.138" level="INFO">${input rack} = Rack 1</msg>
<status status="PASS" starttime="20191120 15:42:07.138" endtime="20191120 15:42:07.138"></status>
</kw>
<kw name="Catenate" library="BuiltIn">
<doc>Catenates the given items together and returns the resulted string.</doc>
<arguments>
<arg>-Panel</arg>
<arg>${panelID}</arg>
</arguments>
<assign>
<var>${input panel}</var>
</assign>
<msg timestamp="20191120 15:42:07.138" level="INFO">${input panel} = -Panel 1</msg>
<status status="PASS" starttime="20191120 15:42:07.138" endtime="20191120 15:42:07.138"></status>
</kw>
<kw name="Catenate" library="BuiltIn">
<doc>Catenates the given items together and returns the resulted string.</doc>
<arguments>
<arg>-Port</arg>
<arg>${portID}</arg>
</arguments>
<assign>
<var>${input port}</var>
</assign>
<msg timestamp="20191120 15:42:07.138" level="INFO">${input port} = -Port 3</msg>
<status status="PASS" starttime="20191120 15:42:07.138" endtime="20191120 15:42:07.138"></status>
</kw>
<kw name="Catenate" library="BuiltIn">
<doc>Catenates the given items together and returns the resulted string.</doc>
<arguments>
<arg>SEPARATOR=</arg>
<arg>${input rack}</arg>
<arg>${input panel}</arg>
<arg>${input port}</arg>
</arguments>
<assign>
<var>${input port information}</var>
</assign>
<msg timestamp="20191120 15:42:07.147" level="INFO">${input port information} = Rack 1-Panel 1-Port 3</msg>
<status status="PASS" starttime="20191120 15:42:07.147" endtime="20191120 15:42:07.147"></status>
</kw>
<kw name="Replace String" library="String">
<doc>Replaces ``search_for`` in the given ``string`` with ``replace_with``.</doc>
<arguments>
<arg>${dynamic port position}</arg>
<arg>End Position</arg>
<arg>${input end position}</arg>
</arguments>
<assign>
<var>${xPath syntax1}</var>
</assign>
<msg timestamp="20191120 15:42:07.147" level="INFO">${xPath syntax1} = //ul[@id='bulkPatchList']/li[Line Position]/div[2]/p[contains(text(),'Port Information')]</msg>
<status status="PASS" starttime="20191120 15:42:07.147" endtime="20191120 15:42:07.147"></status>
</kw>
<kw name="Replace String" library="String">
<doc>Replaces ``search_for`` in the given ``string`` with ``replace_with``.</doc>
<arguments>
<arg>${xPath syntax1}</arg>
<arg>Port Information</arg>
<arg>${input port information}</arg>
</arguments>
<assign>
<var>${xPath syntax2}</var>
</assign>
<msg timestamp="20191120 15:42:07.147" level="INFO">${xPath syntax2} = //ul[@id='bulkPatchList']/li[Line Position]/div[2]/p[contains(text(),'Rack 1-Panel 1-Port 3')]</msg>
<status status="PASS" starttime="20191120 15:42:07.147" endtime="20191120 15:42:07.147"></status>
</kw>
<kw name="Number of Lines in Bulk Patching Screen" library="Bulk Patching definitions">
<assign>
<var>${number of lines}</var>
</assign>
<kw name="Get Element Count" library="SeleniumLibrary">
<doc>Returns the number of elements matching ``locator``.</doc>
<arguments>
<arg>${number of lines}</arg>
</arguments>
<assign>
<var>${count}</var>
</assign>
<msg timestamp="20191120 15:42:07.147" level="INFO">${count} = 2</msg>
<status status="PASS" starttime="20191120 15:42:07.147" endtime="20191120 15:42:07.158"></status>
</kw>
<msg timestamp="20191120 15:42:07.158" level="INFO">${number of lines} = 2</msg>
<status status="PASS" starttime="20191120 15:42:07.147" endtime="20191120 15:42:07.158"></status>
</kw>
<kw name="Set Variable" library="BuiltIn">
<doc>Returns the given values which can then be assigned to a variables.</doc>
<arguments>
<arg>0</arg>
</arguments>
<assign>
<var>${count}</var>
</assign>
<msg timestamp="20191120 15:42:07.158" level="INFO">${count} = 0</msg>
<status status="PASS" starttime="20191120 15:42:07.158" endtime="20191120 15:42:07.158"></status>
</kw>
<kw name="${index} IN RANGE [ ${number of lines+1} ]" type="for">
<kw name="${index} = 0" type="foritem">
<kw name="Evaluate" library="BuiltIn">
<doc>Evaluates the given expression in Python and returns the results.</doc>
<arguments>
<arg>${index} + 1</arg>
</arguments>
<assign>
<var>${index temp}</var>
</assign>
<msg timestamp="20191120 15:42:07.158" level="INFO">${index temp} = 1</msg>
<status status="PASS" starttime="20191120 15:42:07.158" endtime="20191120 15:42:07.158"></status>
</kw>
<kw name="Convert To String" library="BuiltIn">
<doc>Converts the given item to a Unicode string.</doc>
<arguments>
<arg>${index+1}</arg>
</arguments>
<assign>
<var>${index string}</var>
</assign>
<msg timestamp="20191120 15:42:07.158" level="INFO">${index string} = 1</msg>
<status status="PASS" starttime="20191120 15:42:07.158" endtime="20191120 15:42:07.158"></status>
</kw>
<kw name="Replace String" library="String">
<doc>Replaces ``search_for`` in the given ``string`` with ``replace_with``.</doc>
<arguments>
<arg>${xPath syntax2}</arg>
<arg>Line Position</arg>
<arg>${index string}</arg>
</arguments>
<assign>
<var>${xPath syntax3}</var>
</assign>
<msg timestamp="20191120 15:42:07.161" level="INFO">${xPath syntax3} = //ul[@id='bulkPatchList']/li[1]/div[2]/p[contains(text(),'Rack 1-Panel 1-Port 3')]</msg>
<status status="PASS" starttime="20191120 15:42:07.161" endtime="20191120 15:42:07.161"></status>
</kw>
<kw name="Log" library="BuiltIn">
<doc>Logs the given message with the given level.</doc>
<arguments>
<arg>${xPath syntax3}</arg>
</arguments>
<msg timestamp="20191120 15:42:07.161" level="INFO">//ul[@id='bulkPatchList']/li[1]/div[2]/p[contains(text(),'Rack 1-Panel 1-Port 3')]</msg>
<status status="PASS" starttime="20191120 15:42:07.161" endtime="20191120 15:42:07.161"></status>
</kw>
<kw name="Get Element Count" library="SeleniumLibrary">
<doc>Returns the number of elements matching ``locator``.</doc>
<arguments>
<arg>${xPath syntax3}</arg>
</arguments>
<assign>
<var>${count}</var>
</assign>
<msg timestamp="20191120 15:42:07.168" level="INFO">${count} = 0</msg>
<status status="PASS" starttime="20191120 15:42:07.161" endtime="20191120 15:42:07.168"></status>
</kw>
<kw name="Exit For Loop If" library="BuiltIn">
<doc>Stops executing the enclosing for loop if the ``condition`` is true.</doc>
<arguments>
<arg>${count} == 1</arg>
</arguments>
<status status="PASS" starttime="20191120 15:42:07.168" endtime="20191120 15:42:07.168"></status>
</kw>
<status status="PASS" starttime="20191120 15:42:07.158" endtime="20191120 15:42:07.168"></status>
</kw>
<kw name="${index} = 1" type="foritem">
<kw name="Evaluate" library="BuiltIn">
<doc>Evaluates the given expression in Python and returns the results.</doc>
<arguments>
<arg>${index} + 1</arg>
</arguments>
<assign>
<var>${index temp}</var>
</assign>
<msg timestamp="20191120 15:42:07.168" level="INFO">${index temp} = 2</msg>
<status status="PASS" starttime="20191120 15:42:07.168" endtime="20191120 15:42:07.168"></status>
</kw>
<kw name="Convert To String" library="BuiltIn">
<doc>Converts the given item to a Unicode string.</doc>
<arguments>
<arg>${index+1}</arg>
</arguments>
<assign>
<var>${index string}</var>
</assign>
<msg timestamp="20191120 15:42:07.168" level="INFO">${index string} = 2</msg>
<status status="PASS" starttime="20191120 15:42:07.168" endtime="20191120 15:42:07.168"></status>
</kw>
<kw name="Replace String" library="String">
<doc>Replaces ``search_for`` in the given ``string`` with ``replace_with``.</doc>
<arguments>
<arg>${xPath syntax2}</arg>
<arg>Line Position</arg>
<arg>${index string}</arg>
</arguments>
<assign>
<var>${xPath syntax3}</var>
</assign>
<msg timestamp="20191120 15:42:07.168" level="INFO">${xPath syntax3} = //ul[@id='bulkPatchList']/li[2]/div[2]/p[contains(text(),'Rack 1-Panel 1-Port 3')]</msg>
<status status="PASS" starttime="20191120 15:42:07.168" endtime="20191120 15:42:07.168"></status>
</kw>
<kw name="Log" library="BuiltIn">
<doc>Logs the given message with the given level.</doc>
<arguments>
<arg>${xPath syntax3}</arg>
</arguments>
<msg timestamp="20191120 15:42:07.177" level="INFO">//ul[@id='bulkPatchList']/li[2]/div[2]/p[contains(text(),'Rack 1-Panel 1-Port 3')]</msg>
<status status="PASS" starttime="20191120 15:42:07.168" endtime="20191120 15:42:07.177"></status>
</kw>
<kw name="Get Element Count" library="SeleniumLibrary">
<doc>Returns the number of elements matching ``locator``.</doc>
<arguments>
<arg>${xPath syntax3}</arg>
</arguments>
<assign>
<var>${count}</var>
</assign>
<msg timestamp="20191120 15:42:07.188" level="INFO">${count} = 0</msg>
<status status="PASS" starttime="20191120 15:42:07.177" endtime="20191120 15:42:07.188"></status>
</kw>
<kw name="Exit For Loop If" library="BuiltIn">
<doc>Stops executing the enclosing for loop if the ``condition`` is true.</doc>
<arguments>
<arg>${count} == 1</arg>
</arguments>
<status status="PASS" starttime="20191120 15:42:07.188" endtime="20191120 15:42:07.188"></status>
</kw>
<status status="PASS" starttime="20191120 15:42:07.168" endtime="20191120 15:42:07.188"></status>
</kw>
<kw name="${index} = 2" type="foritem">
<kw name="Evaluate" library="BuiltIn">
<doc>Evaluates the given expression in Python and returns the results.</doc>
<arguments>
<arg>${index} + 1</arg>
</arguments>
<assign>
<var>${index temp}</var>
</assign>
<msg timestamp="20191120 15:42:07.191" level="INFO">${index temp} = 3</msg>
<status status="PASS" starttime="20191120 15:42:07.188" endtime="20191120 15:42:07.191"></status>
</kw>
<kw name="Convert To String" library="BuiltIn">
<doc>Converts the given item to a Unicode string.</doc>
<arguments>
<arg>${index+1}</arg>
</arguments>
<assign>
<var>${index string}</var>
</assign>
<msg timestamp="20191120 15:42:07.191" level="INFO">${index string} = 3</msg>
<status status="PASS" starttime="20191120 15:42:07.191" endtime="20191120 15:42:07.191"></status>
</kw>
<kw name="Replace String" library="String">
<doc>Replaces ``search_for`` in the given ``string`` with ``replace_with``.</doc>
<arguments>
<arg>${xPath syntax2}</arg>
<arg>Line Position</arg>
<arg>${index string}</arg>
</arguments>
<assign>
<var>${xPath syntax3}</var>
</assign>
<msg timestamp="20191120 15:42:07.191" level="INFO">${xPath syntax3} = //ul[@id='bulkPatchList']/li[3]/div[2]/p[contains(text(),'Rack 1-Panel 1-Port 3')]</msg>
<status status="PASS" starttime="20191120 15:42:07.191" endtime="20191120 15:42:07.191"></status>
</kw>
<kw name="Log" library="BuiltIn">
<doc>Logs the given message with the given level.</doc>
<arguments>
<arg>${xPath syntax3}</arg>
</arguments>
<msg timestamp="20191120 15:42:07.191" level="INFO">//ul[@id='bulkPatchList']/li[3]/div[2]/p[contains(text(),'Rack 1-Panel 1-Port 3')]</msg>
<status status="PASS" starttime="20191120 15:42:07.191" endtime="20191120 15:42:07.191"></status>
</kw>
<kw name="Get Element Count" library="SeleniumLibrary">
<doc>Returns the number of elements matching ``locator``.</doc>
<arguments>
<arg>${xPath syntax3}</arg>
</arguments>
<assign>
<var>${count}</var>
</assign>
<msg timestamp="20191120 15:42:07.196" level="INFO">${count} = 0</msg>
<status status="PASS" starttime="20191120 15:42:07.191" endtime="20191120 15:42:07.196"></status>
</kw>
<kw name="Exit For Loop If" library="BuiltIn">
<doc>Stops executing the enclosing for loop if the ``condition`` is true.</doc>
<arguments>
<arg>${count} == 1</arg>
</arguments>
<status status="PASS" starttime="20191120 15:42:07.196" endtime="20191120 15:42:07.196"></status>
</kw>
<status status="PASS" starttime="20191120 15:42:07.188" endtime="20191120 15:42:07.196"></status>
</kw>
<status status="PASS" starttime="20191120 15:42:07.158" endtime="20191120 15:42:07.196"></status>
</kw>
<kw name="Convert To Lowercase" library="String">
<doc>Converts string to lowercase.</doc>
<arguments>
<arg>${status}</arg>
</arguments>
<assign>
<var>${temp status}</var>
</assign>
<msg timestamp="20191120 15:42:07.196" level="INFO">${temp status} = disappeared</msg>
<status status="PASS" starttime="20191120 15:42:07.196" endtime="20191120 15:42:07.208"></status>
</kw>
<kw name="Run Keyword If" library="BuiltIn">
<doc>Runs the given keyword with the given arguments, if ``condition`` is true.</doc>
<arguments>
<arg>'${temp status}' == 'appeared'</arg>
<arg>Set Variable</arg>
<arg>1</arg>
<arg>ELSE IF</arg>
<arg>'${temp status}' == 'disappeared'</arg>
<arg>Set Variable</arg>
<arg>0</arg>
</arguments>
<assign>
<var>${expected value}</var>
</assign>
<kw name="Set Variable" library="BuiltIn">
<doc>Returns the given values which can then be assigned to a variables.</doc>
<arguments>
<arg>0</arg>
</arguments>
<status status="PASS" starttime="20191120 15:42:07.208" endtime="20191120 15:42:07.208"></status>
</kw>
<msg timestamp="20191120 15:42:07.208" level="INFO">${expected value} = 0</msg>
<status status="PASS" starttime="20191120 15:42:07.208" endtime="20191120 15:42:07.208"></status>
</kw>
<kw name="Run Keyword And Continue On Failure" library="BuiltIn">
<doc>Runs the keyword and continues execution even if a failure occurs.</doc>
<arguments>
<arg>Should Be Equal</arg>
<arg>'${count}'</arg>
<arg>'${expected value}'</arg>
</arguments>
<kw name="Should Be Equal" library="BuiltIn">
<doc>Fails if the given objects are unequal.</doc>
<arguments>
<arg>'${count}'</arg>
<arg>'${expected value}'</arg>
</arguments>
<status status="PASS" starttime="20191120 15:42:07.210" endtime="20191120 15:42:07.210"></status>
</kw>
<status status="PASS" starttime="20191120 15:42:07.208" endtime="20191120 15:42:07.210"></status>
</kw>
<status status="PASS" starttime="20191120 15:42:07.138" endtime="20191120 15:42:07.210"></status>
</kw>
<kw name="Then Plugout Copper Tip to Rack &quot;1&quot; Panel &quot;1&quot; Row &quot;1&quot; Port &quot;4&quot;" library="Virtual Panel definitions">
<kw name="Get Copper Panel Index" library="Virtual Panel definitions">
<arguments>
<arg>${rackID}</arg>
<arg>${panelID}</arg>
<arg>${row}</arg>
</arguments>
<assign>
<var>${panel index}</var>
</assign>
<kw name="Get Length" library="BuiltIn">
<doc>Returns and logs the length of the given item as an integer.</doc>
<arguments>
<arg>${VPpanels}</arg>
</arguments>
<assign>
<var>${panels number}</var>
</assign>
<msg timestamp="20191120 15:42:07.210" level="INFO">Length is 12</msg>
<msg timestamp="20191120 15:42:07.210" level="INFO">${panels number} = 12</msg>
<status status="PASS" starttime="20191120 15:42:07.210" endtime="20191120 15:42:07.210"></status>
</kw>
<kw name="${panel index} IN RANGE [ ${panels number-1} ]" type="for">
<kw name="${panel index} = 0" type="foritem">
<kw name="Run Keyword If" library="BuiltIn">
<doc>Runs the given keyword with the given arguments, if ``condition`` is true.</doc>
<arguments>
<arg>'${VPpanels[${panel index+1}][&amp;{dic panels table}[panel type]]}' == '${VIRTUAL PANELS TYPE}[COPPER]' and '${VPpanels[${panel index+1}][&amp;{dic panels table}[rackID]]}' == '${input rackID}' and '${VPpanels[${panel index+1}][&amp;{dic panels table}[panelID]]}' == '${input panelID}' and '${VPpanels[${panel index+1}][&amp;{dic panels table}[row]]}' == '${input row}'</arg>
<arg>Exit For Loop</arg>
</arguments>
<kw name="Exit For Loop" library="BuiltIn">
<doc>Stops executing the enclosing for loop.</doc>
<msg timestamp="20191120 15:42:07.210" level="INFO">Exiting for loop altogether.</msg>
<status status="PASS" starttime="20191120 15:42:07.210" endtime="20191120 15:42:07.210"></status>
</kw>
<status status="PASS" starttime="20191120 15:42:07.210" endtime="20191120 15:42:07.210"></status>
</kw>
<status status="PASS" starttime="20191120 15:42:07.210" endtime="20191120 15:42:07.210"></status>
</kw>
<status status="PASS" starttime="20191120 15:42:07.210" endtime="20191120 15:42:07.210"></status>
</kw>
<msg timestamp="20191120 15:42:07.210" level="INFO">${panel index} = 1</msg>
<status status="PASS" starttime="20191120 15:42:07.210" endtime="20191120 15:42:07.210"></status>
</kw>
<kw name="Log" library="BuiltIn">
<doc>Logs the given message with the given level.</doc>
<arguments>
<arg>${panel index}</arg>
</arguments>
<msg timestamp="20191120 15:42:07.210" level="INFO">1</msg>
<status status="PASS" starttime="20191120 15:42:07.210" endtime="20191120 15:42:07.210"></status>
</kw>
<kw name="Catenate" library="BuiltIn">
<doc>Catenates the given items together and returns the resulted string.</doc>
<arguments>
<arg>vp_cmd_helper --plugout --rack</arg>
<arg>${rackID}</arg>
<arg>--panel</arg>
<arg>${panel index}</arg>
<arg>--port</arg>
<arg>${portID}</arg>
</arguments>
<assign>
<var>${completed command}</var>
</assign>
<msg timestamp="20191120 15:42:07.210" level="INFO">${completed command} = vp_cmd_helper --plugout --rack 1 --panel 1 --port 4</msg>
<status status="PASS" starttime="20191120 15:42:07.210" endtime="20191120 15:42:07.210"></status>
</kw>
<kw name="Log" library="BuiltIn">
<doc>Logs the given message with the given level.</doc>
<arguments>
<arg>${completed command}</arg>
</arguments>
<msg timestamp="20191120 15:42:07.218" level="INFO">vp_cmd_helper --plugout --rack 1 --panel 1 --port 4</msg>
<status status="PASS" starttime="20191120 15:42:07.210" endtime="20191120 15:42:07.218"></status>
</kw>
<kw name="Enter Virtual Command ${completed command}" library="SSH definitions">
<kw name="Write" library="SSHLibrary">
<doc>Writes the given ``text`` on the remote machine and appends a newline.</doc>
<arguments>
<arg>${command}</arg>
</arguments>
<msg timestamp="20191120 15:42:07.293" level="INFO">vp_cmd_helper --plugout --rack 1 --panel 1 --port 4</msg>
<status status="PASS" starttime="20191120 15:42:07.218" endtime="20191120 15:42:07.294"></status>
</kw>
<kw name="Read" library="SSHLibrary">
<doc>Consumes and returns everything available on the server output.</doc>
<arguments>
<arg>loglevel=Trace</arg>
<arg>delay=1s</arg>
</arguments>
<assign>
<var>${stdout}</var>
</assign>
<msg timestamp="20191120 15:42:09.308" level="INFO">${stdout} = result=success
command=plugout
test_setup=on
bus_connect=on
bus_power=on
rack=1
panel=1
type=1100ps
panel_state=RUN
row=1
serial=28FFFF600001
count=11
# </msg>
<status status="PASS" starttime="20191120 15:42:07.294" endtime="20191120 15:42:09.308"></status>
</kw>
<kw name="Log" library="BuiltIn">
<doc>Logs the given message with the given level.</doc>
<arguments>
<arg>${stdout}</arg>
</arguments>
<msg timestamp="20191120 15:42:09.310" level="INFO">result=success
command=plugout
test_setup=on
bus_connect=on
bus_power=on
rack=1
panel=1
type=1100ps
panel_state=RUN
row=1
serial=28FFFF600001
count=11
# </msg>
<status status="PASS" starttime="20191120 15:42:09.309" endtime="20191120 15:42:09.311"></status>
</kw>
<status status="PASS" starttime="20191120 15:42:07.218" endtime="20191120 15:42:09.311"></status>
</kw>
<status status="PASS" starttime="20191120 15:42:07.210" endtime="20191120 15:42:09.312"></status>
</kw>
<kw name="Then Plugout Copper Tip to Rack &quot;1&quot; Panel &quot;1&quot; Row &quot;1&quot; Port &quot;1&quot;" library="Virtual Panel definitions">
<kw name="Get Copper Panel Index" library="Virtual Panel definitions">
<arguments>
<arg>${rackID}</arg>
<arg>${panelID}</arg>
<arg>${row}</arg>
</arguments>
<assign>
<var>${panel index}</var>
</assign>
<kw name="Get Length" library="BuiltIn">
<doc>Returns and logs the length of the given item as an integer.</doc>
<arguments>
<arg>${VPpanels}</arg>
</arguments>
<assign>
<var>${panels number}</var>
</assign>
<msg timestamp="20191120 15:42:09.315" level="INFO">Length is 12</msg>
<msg timestamp="20191120 15:42:09.316" level="INFO">${panels number} = 12</msg>
<status status="PASS" starttime="20191120 15:42:09.315" endtime="20191120 15:42:09.316"></status>
</kw>
<kw name="${panel index} IN RANGE [ ${panels number-1} ]" type="for">
<kw name="${panel index} = 0" type="foritem">
<kw name="Run Keyword If" library="BuiltIn">
<doc>Runs the given keyword with the given arguments, if ``condition`` is true.</doc>
<arguments>
<arg>'${VPpanels[${panel index+1}][&amp;{dic panels table}[panel type]]}' == '${VIRTUAL PANELS TYPE}[COPPER]' and '${VPpanels[${panel index+1}][&amp;{dic panels table}[rackID]]}' == '${input rackID}' and '${VPpanels[${panel index+1}][&amp;{dic panels table}[panelID]]}' == '${input panelID}' and '${VPpanels[${panel index+1}][&amp;{dic panels table}[row]]}' == '${input row}'</arg>
<arg>Exit For Loop</arg>
</arguments>
<kw name="Exit For Loop" library="BuiltIn">
<doc>Stops executing the enclosing for loop.</doc>
<msg timestamp="20191120 15:42:09.322" level="INFO">Exiting for loop altogether.</msg>
<status status="PASS" starttime="20191120 15:42:09.321" endtime="20191120 15:42:09.322"></status>
</kw>
<status status="PASS" starttime="20191120 15:42:09.318" endtime="20191120 15:42:09.322"></status>
</kw>
<status status="PASS" starttime="20191120 15:42:09.317" endtime="20191120 15:42:09.323"></status>
</kw>
[...]
<arg>Set Variable</arg>
<arg>AB</arg>
<arg>ELSE IF</arg>
<arg>'${input module}' == 'C' or '${input module}' == 'c' or '${input module}' == 'D' or '${input module}' == 'd'</arg>
<arg>Set Variable</arg>
<arg>CD</arg>
</arguments>
<assign>
<var>${temp module}</var>
</assign>
<kw name="Set Variable" library="BuiltIn">
<doc>Returns the given values which can then be assigned to a variables.</doc>
<arguments>
<arg>AB</arg>
</arguments>
<status status="PASS" starttime="20191120 15:44:05.933" endtime="20191120 15:44:05.934"></status>
</kw>
<msg timestamp="20191120 15:44:05.934" level="INFO">${temp module} = AB</msg>
<status status="PASS" starttime="20191120 15:44:05.933" endtime="20191120 15:44:05.934"></status>
</kw>
<kw name="${panel index} IN RANGE [ ${panels number-1} ]" type="for">
<kw name="${panel index} = 0" type="foritem">
<kw name="Run Keyword If" library="BuiltIn">
<doc>Runs the given keyword with the given arguments, if ``condition`` is true.</doc>
<arguments>
<arg>'${VPpanels[${panel index+1}][&amp;{dic panels table}[panel type]]}' == '${VIRTUAL PANELS TYPE}[24F]' and '${VPpanels[${panel index+1}][&amp;{dic panels table}[rackID]]}' == '${input rackID}' and '${VPpanels[${panel index+1}][&amp;{dic panels table}[panelID]]}' == '${input panelID}' and '${VPpanels[${panel index+1}][&amp;{dic panels table}[row]]}' == '${input row}' and '${VPpanels[${panel index+1}][&amp;{dic panels table}[module]]}' == '${temp module}'</arg>
<arg>Exit For Loop</arg>
</arguments>
<status status="PASS" starttime="20191120 15:44:05.935" endtime="20191120 15:44:05.937"></status>
</kw>
<status status="PASS" starttime="20191120 15:44:05.935" endtime="20191120 15:44:05.937"></status>
</kw>
<kw name="${panel index} = 1" type="foritem">
<kw name="Run Keyword If" library="BuiltIn">
<doc>Runs the given keyword with the given arguments, if ``condition`` is true.</doc>
<arguments>
<arg>'${VPpanels[${panel index+1}][&amp;{dic panels table}[panel type]]}' == '${VIRTUAL PANELS TYPE}[24F]' and '${VPpanels[${panel index+1}][&amp;{dic panels table}[rackID]]}' == '${input rackID}' and '${VPpanels[${panel index+1}][&amp;{dic panels table}[panelID]]}' == '${input panelID}' and '${VPpanels[${panel index+1}][&amp;{dic panels table}[row]]}' == '${input row}' and '${VPpanels[${panel index+1}][&amp;{dic panels table}[module]]}' == '${temp module}'</arg>
<arg>Exit For Loop</arg>
</arguments>
<status status="PASS" starttime="20191120 15:44:05.938" endtime="20191120 15:44:05.940"></status>
</kw>
<status status="PASS" starttime="20191120 15:44:05.937" endtime="20191120 15:44:05.940"></status>
</kw>
<kw name="${panel index} = 2" type="foritem">
<kw name="Run Keyword If" library="BuiltIn">
<doc>Runs the given keyword with the given arguments, if ``condition`` is true.</doc>
<arguments>
<arg>'${VPpanels[${panel index+1}][&amp;{dic panels table}[panel type]]}' == '${VIRTUAL PANELS TYPE}[24F]' and '${VPpanels[${panel index+1}][&amp;{dic panels table}[rackID]]}' == '${input rackID}' and '${VPpanels[${panel index+1}][&amp;{dic panels table}[panelID]]}' == '${input panelID}' and '${VPpanels[${panel index+1}][&amp;{dic panels table}[row]]}' == '${input row}' and '${VPpanels[${panel index+1}][&amp;{dic panels table}[module]]}' == '${temp module}'</arg>
<arg>Exit For Loop</arg>
</arguments>
<status status="PASS" starttime="20191120 15:44:05.941" endtime="20191120 15:44:05.943"></status>
</kw>
<status status="PASS" starttime="20191120 15:44:05.941" endtime="20191120 15:44:05.943"></status>
</kw>
<kw name="${panel index} = 3" type="foritem">
<kw name="Run Keyword If" library="BuiltIn">
<doc>Runs the given keyword with the given arguments, if ``condition`` is true.</doc>
<arguments>
<arg>'${VPpanels[${panel index+1}][&amp;{dic panels table}[panel type]]}' == '${VIRTUAL PANELS TYPE}[24F]' and '${VPpanels[${panel index+1}][&amp;{dic panels table}[rackID]]}' == '${input rackID}' and '${VPpanels[${panel index+1}][&amp;{dic panels table}[panelID]]}' == '${input panelID}' and '${VPpanels[${panel index+1}][&amp;{dic panels table}[row]]}' == '${input row}' and '${VPpanels[${panel index+1}][&amp;{dic panels table}[module]]}' == '${temp module}'</arg>
<arg>Exit For Loop</arg>
</arguments>
<status status="PASS" starttime="20191120 15:44:05.944" endtime="20191120 15:44:05.946"></status>
</kw>
<status status="PASS" starttime="20191120 15:44:05.943" endtime="20191120 15:44:05.946"></status>
</kw>
<kw name="${panel index} = 4" type="foritem">
<kw name="Run Keyword If" library="BuiltIn">
<doc>Runs the given keyword with the given arguments, if ``condition`` is true.</doc>
<arguments>
<arg>'${VPpanels[${panel index+1}][&amp;{dic panels table}[panel type]]}' == '${VIRTUAL PANELS TYPE}[24F]' and '${VPpanels[${panel index+1}][&amp;{dic panels table}[rackID]]}' == '${input rackID}' and '${VPpanels[${panel index+1}][&amp;{dic panels table}[panelID]]}' == '${input panelID}' and '${VPpanels[${panel index+1}][&amp;{dic panels table}[row]]}' == '${input row}' and '${VPpanels[${panel index+1}][&amp;{dic panels table}[module]]}' == '${temp module}'</arg>
<arg>Exit For Loop</arg>
</arguments>
<status status="PASS" starttime="20191120 15:44:05.947" endtime="20191120 15:44:05.949"></status>
</kw>
<status status="PASS" starttime="20191120 15:44:05.946" endtime="20191120 15:44:05.949"></status>
</kw>
<kw name="${panel index} = 5" type="foritem">
<kw name="Run Keyword If" library="BuiltIn">
<doc>Runs the given keyword with the given arguments, if ``condition`` is true.</doc>
<arguments>
<arg>'${VPpanels[${panel index+1}][&amp;{dic panels table}[panel type]]}' == '${VIRTUAL PANELS TYPE}[24F]' and '${VPpanels[${panel index+1}][&amp;{dic panels table}[rackID]]}' == '${input rackID}' and '${VPpanels[${panel index+1}][&amp;{dic panels table}[panelID]]}' == '${input panelID}' and '${VPpanels[${panel index+1}][&amp;{dic panels table}[row]]}' == '${input row}' and '${VPpanels[${panel index+1}][&amp;{dic panels table}[module]]}' == '${temp module}'</arg>
<arg>Exit For Loop</arg>
</arguments>
<status status="PASS" starttime="20191120 15:44:05.950" endtime="20191120 15:44:05.952"></status>
</kw>
<status status="PASS" starttime="20191120 15:44:05.949" endtime="20191120 15:44:05.952"></status>
</kw>
<kw name="${panel index} = 6" type="foritem">
<kw name="Run Keyword If" library="BuiltIn">
<doc>Runs the given keyword with the given arguments, if ``condition`` is true.</doc>
<arguments>
<arg>'${VPpanels[${panel index+1}][&amp;{dic panels table}[panel type]]}' == '${VIRTUAL PANELS TYPE}[24F]' and '${VPpanels[${panel index+1}][&amp;{dic panels table}[rackID]]}' == '${input rackID}' and '${VPpanels[${panel index+1}][&amp;{dic panels table}[panelID]]}' == '${input panelID}' and '${VPpanels[${panel index+1}][&amp;{dic panels table}[row]]}' == '${input row}' and '${VPpanels[${panel index+1}][&amp;{dic panels table}[module]]}' == '${temp module}'</arg>
<arg>Exit For Loop</arg>
</arguments>
<status status="PASS" starttime="20191120 15:44:05.952" endtime="20191120 15:44:05.954"></status>
</kw>
<status status="PASS" starttime="20191120 15:44:05.952" endtime="20191120 15:44:05.955"></status>
</kw>
<kw name="${panel index} = 7" type="foritem">
<kw name="Run Keyword If" library="BuiltIn">
<doc>Runs the given keyword with the given arguments, if ``condition`` is true.</doc>
<arguments>
<arg>'${VPpanels[${panel index+1}][&amp;{dic panels table}[panel type]]}' == '${VIRTUAL PANELS TYPE}[24F]' and '${VPpanels[${panel index+1}][&amp;{dic panels table}[rackID]]}' == '${input rackID}' and '${VPpanels[${panel index+1}][&amp;{dic panels table}[panelID]]}' == '${input panelID}' and '${VPpanels[${panel index+1}][&amp;{dic panels table}[row]]}' == '${input row}' and '${VPpanels[${panel index+1}][&amp;{dic panels table}[module]]}' == '${temp module}'</arg>
<arg>Exit For Loop</arg>
</arguments>
<status status="PASS" starttime="20191120 15:44:05.955" endtime="20191120 15:44:05.957"></status>
</kw>
<status status="PASS" starttime="20191120 15:44:05.955" endtime="20191120 15:44:05.957"></status>
</kw>
<kw name="${panel index} = 8" type="foritem">
<kw name="Run Keyword If" library="BuiltIn">
<doc>Runs the given keyword with the given arguments, if ``condition`` is true.</doc>
<arguments>
<arg>'${VPpanels[${panel index+1}][&amp;{dic panels table}[panel type]]}' == '${VIRTUAL PANELS TYPE}[24F]' and '${VPpanels[${panel index+1}][&amp;{dic panels table}[rackID]]}' == '${input rackID}' and '${VPpanels[${panel index+1}][&amp;{dic panels table}[panelID]]}' == '${input panelID}' and '${VPpanels[${panel index+1}][&amp;{dic panels table}[row]]}' == '${input row}' and '${VPpanels[${panel index+1}][&amp;{dic panels table}[module]]}' == '${temp module}'</arg>
<arg>Exit For Loop</arg>
</arguments>
<status status="PASS" starttime="20191120 15:44:05.958" endtime="20191120 15:44:05.960"></status>
</kw>
<status status="PASS" starttime="20191120 15:44:05.958" endtime="20191120 15:44:05.960"></status>
</kw>
<kw name="${panel index} = 9" type="foritem">
<kw name="Run Keyword If" library="BuiltIn">
<doc>Runs the given keyword with the given arguments, if ``condition`` is true.</doc>
<arguments>
<arg>'${VPpanels[${panel index+1}][&amp;{dic panels table}[panel type]]}' == '${VIRTUAL PANELS TYPE}[24F]' and '${VPpanels[${panel index+1}][&amp;{dic panels table}[rackID]]}' == '${input rackID}' and '${VPpanels[${panel index+1}][&amp;{dic panels table}[panelID]]}' == '${input panelID}' and '${VPpanels[${panel index+1}][&amp;{dic panels table}[row]]}' == '${input row}' and '${VPpanels[${panel index+1}][&amp;{dic panels table}[module]]}' == '${temp module}'</arg>
<arg>Exit For Loop</arg>
</arguments>
<kw name="Exit For Loop" library="BuiltIn">
<doc>Stops executing the enclosing for loop.</doc>
<msg timestamp="20191120 15:44:05.963" level="INFO">Exiting for loop altogether.</msg>
<status status="PASS" starttime="20191120 15:44:05.963" endtime="20191120 15:44:05.963"></status>
</kw>
<status status="PASS" starttime="20191120 15:44:05.961" endtime="20191120 15:44:05.963"></status>
</kw>
<status status="PASS" starttime="20191120 15:44:05.960" endtime="20191120 15:44:05.964"></status>
</kw>
<status status="PASS" starttime="20191120 15:44:05.934" endtime="20191120 15:44:05.964"></status>
</kw>
<msg timestamp="20191120 15:44:05.964" level="INFO">${panel index} = 10</msg>
<status status="PASS" starttime="20191120 15:44:05.930" endtime="20191120 15:44:05.965"></status>
</kw>
<kw name="Log" library="BuiltIn">
<doc>Logs the given message with the given level.</doc>
<arguments>
<arg>${panel index}</arg>
</arguments>
<msg timestamp="20191120 15:44:05.965" level="INFO">10</msg>
<status status="PASS" starttime="20191120 15:44:05.965" endtime="20191120 15:44:05.965"></status>
</kw>
<kw name="Catenate" library="BuiltIn">
<doc>Catenates the given items together and returns the resulted string.</doc>
<arguments>
<arg>vp_cmd_helper --plugout --rack</arg>
<arg>${rackID}</arg>
<arg>--panel</arg>
<arg>${panel index}</arg>
<arg>--module</arg>
<arg>${module}</arg>
<arg>--port</arg>
<arg>${portID}</arg>
</arguments>
<assign>
<var>${completed command}</var>
</assign>
<msg timestamp="20191120 15:44:05.966" level="INFO">${completed command} = vp_cmd_helper --plugout --rack 1 --panel 10 --module B --port 1</msg>
<status status="PASS" starttime="20191120 15:44:05.966" endtime="20191120 15:44:05.966"></status>
</kw>
<kw name="Log" library="BuiltIn">
<doc>Logs the given message with the given level.</doc>
<arguments>
<arg>${completed command}</arg>
</arguments>
<msg timestamp="20191120 15:44:05.967" level="INFO">vp_cmd_helper --plugout --rack 1 --panel 10 --module B --port 1</msg>
<status status="PASS" starttime="20191120 15:44:05.967" endtime="20191120 15:44:05.967"></status>
</kw>
<kw name="Enter Virtual Command ${completed command}" library="SSH definitions">
<kw name="Write" library="SSHLibrary">
<doc>Writes the given ``text`` on the remote machine and appends a newline.</doc>
<arguments>
<arg>${command}</arg>
</arguments>
<msg timestamp="20191120 15:44:06.008" level="INFO">vp_cmd_helper --plugout --rack 1 --panel 10 --module B --port 1</msg>
<status status="PASS" starttime="20191120 15:44:05.968" endtime="20191120 15:44:06.008"></status>
</kw>
<kw name="Read" library="SSHLibrary">
<doc>Consumes and returns everything available on the server output.</doc>
<arguments>
<arg>loglevel=Trace</arg>
<arg>delay=1s</arg>
</arguments>
<assign>
<var>${stdout}</var>
</assign>
<msg timestamp="20191120 15:44:08.010" level="INFO">${stdout} = result=success
command=plugout
test_setup=on
bus_connect=on
bus_power=on
rack=1
panel=10
type=96lc
panel_state=RUN
modulekit=AB
serial=36FFFF200001
count=11
# </msg>
<status status="PASS" starttime="20191120 15:44:06.009" endtime="20191120 15:44:08.010"></status>
</kw>
<kw name="Log" library="BuiltIn">
<doc>Logs the given message with the given level.</doc>
<arguments>
<arg>${stdout}</arg>
</arguments>
<msg timestamp="20191120 15:44:08.011" level="INFO">result=success
command=plugout
test_setup=on
bus_connect=on
bus_power=on
rack=1
panel=10
type=96lc
panel_state=RUN
modulekit=AB
serial=36FFFF200001
count=11
# </msg>
<status status="PASS" starttime="20191120 15:44:08.011" endtime="20191120 15:44:08.012"></status>
</kw>
<status status="PASS" starttime="20191120 15:44:05.968" endtime="20191120 15:44:08.012"></status>
</kw>
<status status="PASS" starttime="20191120 15:44:05.930" endtime="20191120 15:44:08.012"></status>
</kw>
<kw name="Set Web UI to Stand By State and Close Current Browser" library="General Page" type="teardown">
<kw name="Get Element Count" library="SeleniumLibrary">
<doc>Returns the number of elements matching ``locator``.</doc>
<arguments>
<arg>${btnExit}</arg>
</arguments>
<assign>
<var>${count Exit button}</var>
</assign>
<msg timestamp="20191120 15:44:08.023" level="INFO">${count Exit button} = 1</msg>
<status status="PASS" starttime="20191120 15:44:08.013" endtime="20191120 15:44:08.023"></status>
</kw>
<kw name="Run Keyword If" library="BuiltIn">
<doc>Runs the given keyword with the given arguments, if ``condition`` is true.</doc>
<arguments>
<arg>${count Exit button} &gt; 0</arg>
<arg>Exit Screen</arg>
</arguments>
<kw name="Exit Screen" library="General Page">
<kw name="Click Web Button" library="General Page">
<arguments>
<arg>${btnExit}</arg>
</arguments>
<kw name="Click Element" library="SeleniumLibrary">
<doc>Click the element identified by ``locator``.</doc>
<arguments>
<arg>${btnName}</arg>
</arguments>
<msg timestamp="20191120 15:44:08.026" level="INFO">Clicking element '//div[@id='exit-footer' and @style='display: block;']/div[@id='exit-button']'.</msg>
<status status="PASS" starttime="20191120 15:44:08.025" endtime="20191120 15:44:08.062"></status>
</kw>
<status status="PASS" starttime="20191120 15:44:08.025" endtime="20191120 15:44:08.062"></status>
</kw>
<kw name="Wait For Page Load" library="General Page">
<kw name="Sleep" library="BuiltIn">
<doc>Pauses the test executed for the given time.</doc>
<arguments>
<arg>${PAGE LOAD TIMEOUT}</arg>
</arguments>
<msg timestamp="20191120 15:44:08.579" level="INFO">Slept 500 milliseconds</msg>
<status status="PASS" starttime="20191120 15:44:08.063" endtime="20191120 15:44:08.579"></status>
</kw>
<status status="PASS" starttime="20191120 15:44:08.063" endtime="20191120 15:44:08.579"></status>
</kw>
<status status="PASS" starttime="20191120 15:44:08.024" endtime="20191120 15:44:08.579"></status>
</kw>
<status status="PASS" starttime="20191120 15:44:08.023" endtime="20191120 15:44:08.579"></status>
</kw>
<kw name="Get Element Count" library="SeleniumLibrary">
<doc>Returns the number of elements matching ``locator``.</doc>
<arguments>
<arg>${lblimVisionX}</arg>
</arguments>
<assign>
<var>${count Home screen}</var>
</assign>
<msg timestamp="20191120 15:44:08.588" level="INFO">${count Home screen} = 1</msg>
<status status="PASS" starttime="20191120 15:44:08.579" endtime="20191120 15:44:08.588"></status>
</kw>
<kw name="Run Keyword If" library="BuiltIn">
<doc>Runs the given keyword with the given arguments, if ``condition`` is true.</doc>
<arguments>
<arg>${count Home screen} &gt; 0</arg>
<arg>Run Keywords</arg>
<arg>Click Web Button</arg>
<arg>${btnHome}</arg>
<arg>AND</arg>
<arg>Wait For Page Load</arg>
</arguments>
<kw name="Run Keywords" library="BuiltIn">
<doc>Executes all the given keywords in a sequence.</doc>
<arguments>
<arg>Click Web Button</arg>
<arg>${btnHome}</arg>
<arg>AND</arg>
<arg>Wait For Page Load</arg>
</arguments>
<kw name="Click Web Button" library="General Page">
<arguments>
<arg>${btnHome}</arg>
</arguments>
<kw name="Click Element" library="SeleniumLibrary">
<doc>Click the element identified by ``locator``.</doc>
<arguments>
<arg>${btnName}</arg>
</arguments>
<msg timestamp="20191120 15:44:08.588" level="INFO">Clicking element '//div[@id='home-lang']'.</msg>
<status status="PASS" starttime="20191120 15:44:08.588" endtime="20191120 15:44:08.620"></status>
</kw>
<status status="PASS" starttime="20191120 15:44:08.588" endtime="20191120 15:44:08.620"></status>
</kw>
<kw name="Wait For Page Load" library="General Page">
<kw name="Sleep" library="BuiltIn">
<doc>Pauses the test executed for the given time.</doc>
<arguments>
<arg>${PAGE LOAD TIMEOUT}</arg>
</arguments>
<msg timestamp="20191120 15:44:09.121" level="INFO">Slept 500 milliseconds</msg>
<status status="PASS" starttime="20191120 15:44:08.621" endtime="20191120 15:44:09.121"></status>
</kw>
<status status="PASS" starttime="20191120 15:44:08.621" endtime="20191120 15:44:09.121"></status>
</kw>
<status status="PASS" starttime="20191120 15:44:08.588" endtime="20191120 15:44:09.122"></status>
</kw>
<status status="PASS" starttime="20191120 15:44:08.588" endtime="20191120 15:44:09.122"></status>
</kw>
<kw name="Close Browser" library="SeleniumLibrary">
<doc>Closes the current browser.</doc>
<status status="PASS" starttime="20191120 15:44:09.122" endtime="20191120 15:44:11.235"></status>
</kw>
<status status="PASS" starttime="20191120 15:44:08.013" endtime="20191120 15:44:11.235"></status>
</kw>
<status status="PASS" starttime="20191120 15:43:41.893" endtime="20191120 15:44:11.236" critical="yes"></status>
</test>
<status status="PASS" starttime="20191120 15:41:43.283" endtime="20191120 15:44:11.237"></status>
</suite>
<status status="PASS" starttime="20191120 15:41:43.281" endtime="20191120 15:44:11.241"></status>
</suite>
<status status="PASS" starttime="20191120 15:41:43.278" endtime="20191120 15:44:11.245"></status>
</suite>
<status status="PASS" starttime="20191120 15:41:43.275" endtime="20191120 15:44:11.248"></status>
</suite>
<status status="PASS" starttime="20191120 15:41:43.252" endtime="20191120 15:44:11.251"></status>
</suite>
<statistics>
<total>
<stat pass="5" fail="0">Critical Tests</stat>
<stat pass="5" fail="0">All Tests</stat>
</total>
<tag>
</tag>
<suite>
<stat pass="5" fail="0" id="s1" name="BulkPatching Robot">BulkPatching Robot</stat>
<stat pass="5" fail="0" id="s1-s1" name="Test Resources">BulkPatching Robot.Test Resources</stat>
<stat pass="5" fail="0" id="s1-s1-s1" name="Test Suites">BulkPatching Robot.Test Resources.Test Suites</stat>
<stat pass="5" fail="0" id="s1-s1-s1-s1" name="2. Insert All End As">BulkPatching Robot.Test Resources.Test Suites.2. Insert All End As</stat>
<stat pass="5" fail="0" id="s1-s1-s1-s1-s1" name="2.5. Check End A when plugging correct tip in the middle of list of End A then delete it">BulkPatching Robot.Test Resources.Test Suites.2. Insert All End As.2.5. Check End A when plugging correct tip in the middle of list of End A then delete it</stat>
</suite>
</statistics>
<errors>
</errors>
</robot>
