<?xml version="1.0" encoding="UTF-8"?>
<robot generator="Robot 3.1.2 (Python 3.8.0 on win32)" generated="20191120 14:41:55.636" rpa="false">
<suite id="s1" name="BulkPatching Robot" source="D:\RobotFW_program\BulkPatching_Robot\BulkPatching_Robot">
<suite id="s1-s1" name="Test Resources" source="D:\RobotFW_program\BulkPatching_Robot\BulkPatching_Robot\Test Resources">
<suite id="s1-s1-s1" name="Test Suites" source="D:\RobotFW_program\BulkPatching_Robot\BulkPatching_Robot\Test Resources\Test Suites">
<suite id="s1-s1-s1-s1" name="2. Insert All End As" source="D:\RobotFW_program\BulkPatching_Robot\BulkPatching_Robot\Test Resources\Test Suites\2. Insert All End As">
<suite id="s1-s1-s1-s1-s1" name="2.4. Check End A when plugging correct tip in the middle of list of End A then replug" source="D:\RobotFW_program\BulkPatching_Robot\BulkPatching_Robot\Test Resources\Test Suites\2. Insert All End As\2.4. Check End A when plugging correct tip in the middle of list of End A then replug.robot">
<test id="s1-s1-s1-s1-s1-t1" name="INSERT_END_A_04_01_Verify that imVision X shall show correctly when plugging a connector that is matched to one of unplugged connectors in the End A list and the connector is highlighted in black">
<kw name="Run Keywords" library="BuiltIn" type="setup">
<doc>Executes all the given keywords in a sequence.</doc>
<arguments>
<arg>Open SSH Connection and Login</arg>
<arg>Open WebUI And Go To Home Screen</arg>
</arguments>
<kw name="Open SSH Connection and Login" library="SSH definitions">
<kw name="Open Connection" library="SSHLibrary">
<doc>Opens a new SSH connection to the given ``host`` and ``port``.</doc>
<arguments>
<arg>${HOST}</arg>
</arguments>
<status status="PASS" starttime="20191120 14:41:56.076" endtime="20191120 14:41:56.076"></status>
</kw>
<kw name="Login" library="SSHLibrary">
<doc>Logs into the SSH server with the given ``username`` and ``password``.</doc>
<arguments>
<arg>${USERNAME}</arg>
<arg>${PASSWORD}</arg>
</arguments>
<msg timestamp="20191120 14:41:56.076" level="INFO">Logging into '192.168.171.201:22' as 'root'.</msg>
<msg timestamp="20191120 14:41:57.486" level="INFO">Read output: #</msg>
<status status="PASS" starttime="20191120 14:41:56.076" endtime="20191120 14:41:57.486"></status>
</kw>
<status status="PASS" starttime="20191120 14:41:56.076" endtime="20191120 14:41:57.486"></status>
</kw>
<kw name="Open WebUI And Go To Home Screen" library="General Page">
<kw name="Catenate" library="BuiltIn">
<doc>Catenates the given items together and returns the resulted string.</doc>
<arguments>
<arg>SEPARATOR=</arg>
<arg>http://</arg>
<arg>${HOST}</arg>
<arg>:8888</arg>
</arguments>
<assign>
<var>${WebUI url}</var>
</assign>
<msg timestamp="20191120 14:41:57.486" level="INFO">${WebUI url} = http://192.168.171.201:8888</msg>
<status status="PASS" starttime="20191120 14:41:57.486" endtime="20191120 14:41:57.486"></status>
</kw>
<kw name="Open Browser" library="SeleniumLibrary">
<doc>Opens a new browser instance to the optional ``url``.</doc>
<arguments>
<arg>${WebUI url}</arg>
<arg>${BROWSER}</arg>
</arguments>
<msg timestamp="20191120 14:41:57.496" level="INFO">Opening browser 'Chrome' to base url 'http://192.168.171.201:8888'.</msg>
<status status="PASS" starttime="20191120 14:41:57.486" endtime="20191120 14:42:01.790"></status>
</kw>
<kw name="Maximize Browser Window" library="SeleniumLibrary">
<doc>Maximizes current browser window.</doc>
<status status="PASS" starttime="20191120 14:42:01.790" endtime="20191120 14:42:02.934"></status>
</kw>
<kw name="Sleep" library="BuiltIn">
<doc>Pauses the test executed for the given time.</doc>
<arguments>
<arg>${PAGE LOAD TIMEOUT}</arg>
</arguments>
<msg timestamp="20191120 14:42:03.446" level="INFO">Slept 500 milliseconds</msg>
<status status="PASS" starttime="20191120 14:42:02.935" endtime="20191120 14:42:03.446"></status>
</kw>
<kw name="Set Web UI to Stand By State" library="General Page">
<kw name="Get Element Count" library="SeleniumLibrary">
<doc>Returns the number of elements matching ``locator``.</doc>
<arguments>
<arg>${btnExit}</arg>
</arguments>
<assign>
<var>${count Exit button}</var>
</assign>
<msg timestamp="20191120 14:42:03.456" level="INFO">${count Exit button} = 0</msg>
<status status="PASS" starttime="20191120 14:42:03.446" endtime="20191120 14:42:03.456"></status>
</kw>
<kw name="Run Keyword If" library="BuiltIn">
<doc>Runs the given keyword with the given arguments, if ``condition`` is true.</doc>
<arguments>
<arg>${count Exit button} &gt; 0</arg>
<arg>Exit Screen</arg>
</arguments>
<status status="PASS" starttime="20191120 14:42:03.456" endtime="20191120 14:42:03.456"></status>
</kw>
<kw name="Get Element Count" library="SeleniumLibrary">
<doc>Returns the number of elements matching ``locator``.</doc>
<arguments>
<arg>${btnCancel}</arg>
</arguments>
<assign>
<var>${count Cancel button}</var>
</assign>
<msg timestamp="20191120 14:42:03.466" level="INFO">${count Cancel button} = 0</msg>
<status status="PASS" starttime="20191120 14:42:03.456" endtime="20191120 14:42:03.466"></status>
</kw>
<kw name="Run Keyword If" library="BuiltIn">
<doc>Runs the given keyword with the given arguments, if ``condition`` is true.</doc>
<arguments>
<arg>${count Cancel button} &gt; 0</arg>
<arg>Exit Screen</arg>
</arguments>
<status status="PASS" starttime="20191120 14:42:03.466" endtime="20191120 14:42:03.466"></status>
</kw>
<kw name="Get Element Count" library="SeleniumLibrary">
<doc>Returns the number of elements matching ``locator``.</doc>
<arguments>
<arg>${lblimVisionX}</arg>
</arguments>
<assign>
<var>${count Home screen}</var>
</assign>
<msg timestamp="20191120 14:42:03.476" level="INFO">${count Home screen} = 0</msg>
<status status="PASS" starttime="20191120 14:42:03.466" endtime="20191120 14:42:03.476"></status>
</kw>
<kw name="Run Keyword If" library="BuiltIn">
<doc>Runs the given keyword with the given arguments, if ``condition`` is true.</doc>
<arguments>
<arg>${count Home screen} &gt; 0</arg>
<arg>Run Keywords</arg>
<arg>Click Web Button</arg>
<arg>${btnHome}</arg>
<arg>AND</arg>
<arg>Wait For Page Load</arg>
</arguments>
<status status="PASS" starttime="20191120 14:42:03.476" endtime="20191120 14:42:03.476"></status>
</kw>
<status status="PASS" starttime="20191120 14:42:03.446" endtime="20191120 14:42:03.476"></status>
</kw>
<kw name="Go To Home Screen" library="General Page">
<kw name="Click Web Button" library="General Page">
<arguments>
<arg>${btnHome}</arg>
</arguments>
<kw name="Click Element" library="SeleniumLibrary">
<doc>Click the element identified by ``locator``.</doc>
<arguments>
<arg>${btnName}</arg>
</arguments>
<msg timestamp="20191120 14:42:03.486" level="INFO">Clicking element '//div[@id='home-lang']'.</msg>
<status status="PASS" starttime="20191120 14:42:03.486" endtime="20191120 14:42:03.567"></status>
</kw>
<status status="PASS" starttime="20191120 14:42:03.486" endtime="20191120 14:42:03.567"></status>
</kw>
<kw name="Wait For Page Load" library="General Page">
<kw name="Sleep" library="BuiltIn">
<doc>Pauses the test executed for the given time.</doc>
<arguments>
<arg>${PAGE LOAD TIMEOUT}</arg>
</arguments>
<msg timestamp="20191120 14:42:04.069" level="INFO">Slept 500 milliseconds</msg>
<status status="PASS" starttime="20191120 14:42:03.568" endtime="20191120 14:42:04.070"></status>
</kw>
<status status="PASS" starttime="20191120 14:42:03.568" endtime="20191120 14:42:04.071"></status>
</kw>
<status status="PASS" starttime="20191120 14:42:03.486" endtime="20191120 14:42:04.072"></status>
</kw>
<status status="PASS" starttime="20191120 14:41:57.486" endtime="20191120 14:42:04.074"></status>
</kw>
<status status="PASS" starttime="20191120 14:41:56.067" endtime="20191120 14:42:04.075"></status>
</kw>
<kw name="Given Go To Bulk Patching Screen" library="Home Page">
<kw name="Click Element" library="SeleniumLibrary">
<doc>Click the element identified by ``locator``.</doc>
<arguments>
<arg>${btnBulk Patching}</arg>
</arguments>
<msg timestamp="20191120 14:42:04.080" level="INFO">Clicking element '//input[@id='bulk-patch-btn']'.</msg>
<status status="PASS" starttime="20191120 14:42:04.079" endtime="20191120 14:42:04.154"></status>
</kw>
<kw name="Wait For Page Load" library="General Page">
<kw name="Sleep" library="BuiltIn">
<doc>Pauses the test executed for the given time.</doc>
<arguments>
<arg>${PAGE LOAD TIMEOUT}</arg>
</arguments>
<msg timestamp="20191120 14:42:04.656" level="INFO">Slept 500 milliseconds</msg>
<status status="PASS" starttime="20191120 14:42:04.155" endtime="20191120 14:42:04.656"></status>
</kw>
<status status="PASS" starttime="20191120 14:42:04.154" endtime="20191120 14:42:04.657"></status>
</kw>
<status status="PASS" starttime="20191120 14:42:04.076" endtime="20191120 14:42:04.658"></status>
</kw>
<kw name="When Plugin Copper Tip to Rack &quot;1&quot; Panel &quot;1&quot; Row &quot;1&quot; Port &quot;1&quot;" library="Virtual Panel definitions">
<kw name="Get Copper Panel Index" library="Virtual Panel definitions">
<arguments>
<arg>${rackID}</arg>
<arg>${panelID}</arg>
<arg>${row}</arg>
</arguments>
<assign>
<var>${panel index}</var>
</assign>
<kw name="Get Length" library="BuiltIn">
<doc>Returns and logs the length of the given item as an integer.</doc>
<arguments>
<arg>${VPpanels}</arg>
</arguments>
<assign>
<var>${panels number}</var>
</assign>
<msg timestamp="20191120 14:42:04.663" level="INFO">Length is 12</msg>
<msg timestamp="20191120 14:42:04.664" level="INFO">${panels number} = 12</msg>
<status status="PASS" starttime="20191120 14:42:04.662" endtime="20191120 14:42:04.664"></status>
</kw>
<kw name="${panel index} IN RANGE [ ${panels number-1} ]" type="for">
<kw name="${panel index} = 0" type="foritem">
<kw name="Run Keyword If" library="BuiltIn">
<doc>Runs the given keyword with the given arguments, if ``condition`` is true.</doc>
<arguments>
<arg>'${VPpanels[${panel index+1}][&amp;{dic panels table}[panel type]]}' == '${VIRTUAL PANELS TYPE}[COPPER]' and '${VPpanels[${panel index+1}][&amp;{dic panels table}[rackID]]}' == '${input rackID}' and '${VPpanels[${panel index+1}][&amp;{dic panels table}[panelID]]}' == '${input panelID}' and '${VPpanels[${panel index+1}][&amp;{dic panels table}[row]]}' == '${input row}'</arg>
<arg>Exit For Loop</arg>
</arguments>
<kw name="Exit For Loop" library="BuiltIn">
<doc>Stops executing the enclosing for loop.</doc>
<msg timestamp="20191120 14:42:04.672" level="INFO">Exiting for loop altogether.</msg>
<status status="PASS" starttime="20191120 14:42:04.672" endtime="20191120 14:42:04.673"></status>
</kw>
<status status="PASS" starttime="20191120 14:42:04.666" endtime="20191120 14:42:04.673"></status>
</kw>
<status status="PASS" starttime="20191120 14:42:04.665" endtime="20191120 14:42:04.674"></status>
</kw>
<status status="PASS" starttime="20191120 14:42:04.665" endtime="20191120 14:42:04.674"></status>
</kw>
<msg timestamp="20191120 14:42:04.676" level="INFO">${panel index} = 1</msg>
<status status="PASS" starttime="20191120 14:42:04.661" endtime="20191120 14:42:04.676"></status>
</kw>
<kw name="Log" library="BuiltIn">
<doc>Logs the given message with the given level.</doc>
<arguments>
<arg>${panel index}</arg>
</arguments>
<msg timestamp="20191120 14:42:04.678" level="INFO">1</msg>
<status status="PASS" starttime="20191120 14:42:04.677" endtime="20191120 14:42:04.679"></status>
</kw>
<kw name="Catenate" library="BuiltIn">
<doc>Catenates the given items together and returns the resulted string.</doc>
<arguments>
<arg>vp_cmd_helper --plugin --rack</arg>
<arg>${rackID}</arg>
<arg>--panel</arg>
<arg>${panel index}</arg>
<arg>--port</arg>
<arg>${portID}</arg>
</arguments>
<assign>
<var>${completed command}</var>
</assign>
<msg timestamp="20191120 14:42:04.681" level="INFO">${completed command} = vp_cmd_helper --plugin --rack 1 --panel 1 --port 1</msg>
<status status="PASS" starttime="20191120 14:42:04.679" endtime="20191120 14:42:04.681"></status>
</kw>
<kw name="Log" library="BuiltIn">
<doc>Logs the given message with the given level.</doc>
<arguments>
<arg>${completed command}</arg>
</arguments>
<msg timestamp="20191120 14:42:04.683" level="INFO">vp_cmd_helper --plugin --rack 1 --panel 1 --port 1</msg>
<status status="PASS" starttime="20191120 14:42:04.682" endtime="20191120 14:42:04.683"></status>
</kw>
<kw name="Enter Virtual Command ${completed command}" library="SSH definitions">
<kw name="Write" library="SSHLibrary">
<doc>Writes the given ``text`` on the remote machine and appends a newline.</doc>
<arguments>
<arg>${command}</arg>
</arguments>
<msg timestamp="20191120 14:42:04.708" level="INFO">vp_cmd_helper --plugin --rack 1 --panel 1 --port 1</msg>
<status status="PASS" starttime="20191120 14:42:04.685" endtime="20191120 14:42:04.709"></status>
</kw>
<kw name="Read" library="SSHLibrary">
<doc>Consumes and returns everything available on the server output.</doc>
<arguments>
<arg>loglevel=Trace</arg>
<arg>delay=1s</arg>
</arguments>
<assign>
<var>${stdout}</var>
</assign>
<msg timestamp="20191120 14:42:06.711" level="INFO">${stdout} = result=success
command=plugin
test_setup=on
bus_connect=on
bus_power=on
rack=1
panel=1
type=1100ps
panel_state=RUN
row=1
serial=28FFFF600001
count=11
# </msg>
<status status="PASS" starttime="20191120 14:42:04.709" endtime="20191120 14:42:06.712"></status>
</kw>
<kw name="Log" library="BuiltIn">
<doc>Logs the given message with the given level.</doc>
<arguments>
<arg>${stdout}</arg>
</arguments>
<msg timestamp="20191120 14:42:06.714" level="INFO">result=success
command=plugin
test_setup=on
bus_connect=on
bus_power=on
rack=1
panel=1
type=1100ps
panel_state=RUN
row=1
serial=28FFFF600001
count=11
# </msg>
<status status="PASS" starttime="20191120 14:42:06.712" endtime="20191120 14:42:06.714"></status>
</kw>
<status status="PASS" starttime="20191120 14:42:04.684" endtime="20191120 14:42:06.715"></status>
</kw>
<status status="PASS" starttime="20191120 14:42:04.659" endtime="20191120 14:42:06.715"></status>
</kw>
<kw name="When Plugin Copper Tip to Rack &quot;1&quot; Panel &quot;1&quot; Row &quot;1&quot; Port &quot;2&quot;" library="Virtual Panel definitions">
<kw name="Get Copper Panel Index" library="Virtual Panel definitions">
<arguments>
<arg>${rackID}</arg>
<arg>${panelID}</arg>
<arg>${row}</arg>
</arguments>
<assign>
<var>${panel index}</var>
</assign>
<kw name="Get Length" library="BuiltIn">
<doc>Returns and logs the length of the given item as an integer.</doc>
<arguments>
<arg>${VPpanels}</arg>
</arguments>
<assign>
<var>${panels number}</var>
</assign>
<msg timestamp="20191120 14:42:06.719" level="INFO">Length is 12</msg>
<msg timestamp="20191120 14:42:06.720" level="INFO">${panels number} = 12</msg>
<status status="PASS" starttime="20191120 14:42:06.719" endtime="20191120 14:42:06.720"></status>
</kw>
<kw name="${panel index} IN RANGE [ ${panels number-1} ]" type="for">
<kw name="${panel index} = 0" type="foritem">
<kw name="Run Keyword If" library="BuiltIn">
<doc>Runs the given keyword with the given arguments, if ``condition`` is true.</doc>
<arguments>
<arg>'${VPpanels[${panel index+1}][&amp;{dic panels table}[panel type]]}' == '${VIRTUAL PANELS TYPE}[COPPER]' and '${VPpanels[${panel index+1}][&amp;{dic panels table}[rackID]]}' == '${input rackID}' and '${VPpanels[${panel index+1}][&amp;{dic panels table}[panelID]]}' == '${input panelID}' and '${VPpanels[${panel index+1}][&amp;{dic panels table}[row]]}' == '${input row}'</arg>
<arg>Exit For Loop</arg>
</arguments>
<kw name="Exit For Loop" library="BuiltIn">
<doc>Stops executing the enclosing for loop.</doc>
<msg timestamp="20191120 14:42:06.726" level="INFO">Exiting for loop altogether.</msg>
<status status="PASS" starttime="20191120 14:42:06.726" endtime="20191120 14:42:06.727"></status>
</kw>
<status status="PASS" starttime="20191120 14:42:06.722" endtime="20191120 14:42:06.727"></status>
</kw>
<status status="PASS" starttime="20191120 14:42:06.721" endtime="20191120 14:42:06.728"></status>
</kw>
<status status="PASS" starttime="20191120 14:42:06.721" endtime="20191120 14:42:06.728"></status>
</kw>
<msg timestamp="20191120 14:42:06.730" level="INFO">${panel index} = 1</msg>
<status status="PASS" starttime="20191120 14:42:06.717" endtime="20191120 14:42:06.730"></status>
</kw>
<kw name="Log" library="BuiltIn">
<doc>Logs the given message with the given level.</doc>
<arguments>
<arg>${panel index}</arg>
</arguments>
<msg timestamp="20191120 14:42:06.731" level="INFO">1</msg>
<status status="PASS" starttime="20191120 14:42:06.731" endtime="20191120 14:42:06.732"></status>
</kw>
<kw name="Catenate" library="BuiltIn">
<doc>Catenates the given items together and returns the resulted string.</doc>
<arguments>
<arg>vp_cmd_helper --plugin --rack</arg>
<arg>${rackID}</arg>
<arg>--panel</arg>
<arg>${panel index}</arg>
<arg>--port</arg>
<arg>${portID}</arg>
</arguments>
<assign>
<var>${completed command}</var>
</assign>
<msg timestamp="20191120 14:42:06.733" level="INFO">${completed command} = vp_cmd_helper --plugin --rack 1 --panel 1 --port 2</msg>
<status status="PASS" starttime="20191120 14:42:06.732" endtime="20191120 14:42:06.734"></status>
</kw>
<kw name="Log" library="BuiltIn">
<doc>Logs the given message with the given level.</doc>
<arguments>
<arg>${completed command}</arg>
</arguments>
<msg timestamp="20191120 14:42:06.735" level="INFO">vp_cmd_helper --plugin --rack 1 --panel 1 --port 2</msg>
<status status="PASS" starttime="20191120 14:42:06.734" endtime="20191120 14:42:06.736"></status>
</kw>
<kw name="Enter Virtual Command ${completed command}" library="SSH definitions">
<kw name="Write" library="SSHLibrary">
<doc>Writes the given ``text`` on the remote machine and appends a newline.</doc>
<arguments>
<arg>${command}</arg>
</arguments>
<msg timestamp="20191120 14:42:06.759" level="INFO">vp_cmd_helper --plugin --rack 1 --panel 1 --port 2</msg>
<status status="PASS" starttime="20191120 14:42:06.737" endtime="20191120 14:42:06.759"></status>
</kw>
<kw name="Read" library="SSHLibrary">
<doc>Consumes and returns everything available on the server output.</doc>
<arguments>
<arg>loglevel=Trace</arg>
<arg>delay=1s</arg>
</arguments>
<assign>
<var>${stdout}</var>
</assign>
<msg timestamp="20191120 14:42:08.786" level="INFO">${stdout} = result=success
command=plugin
test_setup=on
bus_connect=on
bus_power=on
rack=1
panel=1
type=1100ps
panel_state=RUN
row=1
serial=28FFFF600001
count=11
# </msg>
<status status="PASS" starttime="20191120 14:42:06.760" endtime="20191120 14:42:08.786"></status>
</kw>
<kw name="Log" library="BuiltIn">
<doc>Logs the given message with the given level.</doc>
<arguments>
<arg>${stdout}</arg>
</arguments>
<msg timestamp="20191120 14:42:08.786" level="INFO">result=success
command=plugin
test_setup=on
bus_connect=on
bus_power=on
rack=1
panel=1
type=1100ps
panel_state=RUN
row=1
serial=28FFFF600001
count=11
# </msg>
<status status="PASS" starttime="20191120 14:42:08.786" endtime="20191120 14:42:08.786"></status>
</kw>
<status status="PASS" starttime="20191120 14:42:06.736" endtime="20191120 14:42:08.786"></status>
</kw>
<status status="PASS" starttime="20191120 14:42:06.716" endtime="20191120 14:42:08.786"></status>
</kw>
<kw name="When Plugin Copper Tip to Rack &quot;1&quot; Panel &quot;1&quot; Row &quot;1&quot; Port &quot;3&quot;" library="Virtual Panel definitions">
<kw name="Get Copper Panel Index" library="Virtual Panel definitions">
<arguments>
<arg>${rackID}</arg>
<arg>${panelID}</arg>
<arg>${row}</arg>
</arguments>
<assign>
<var>${panel index}</var>
</assign>
<kw name="Get Length" library="BuiltIn">
<doc>Returns and logs the length of the given item as an integer.</doc>
<arguments>
<arg>${VPpanels}</arg>
</arguments>
<assign>
<var>${panels number}</var>
</assign>
<msg timestamp="20191120 14:42:08.799" level="INFO">Length is 12</msg>
<msg timestamp="20191120 14:42:08.799" level="INFO">${panels number} = 12</msg>
<status status="PASS" starttime="20191120 14:42:08.796" endtime="20191120 14:42:08.799"></status>
</kw>
<kw name="${panel index} IN RANGE [ ${panels number-1} ]" type="for">
<kw name="${panel index} = 0" type="foritem">
<kw name="Run Keyword If" library="BuiltIn">
<doc>Runs the given keyword with the given arguments, if ``condition`` is true.</doc>
<arguments>
<arg>'${VPpanels[${panel index+1}][&amp;{dic panels table}[panel type]]}' == '${VIRTUAL PANELS TYPE}[COPPER]' and '${VPpanels[${panel index+1}][&amp;{dic panels table}[rackID]]}' == '${input rackID}' and '${VPpanels[${panel index+1}][&amp;{dic panels table}[panelID]]}' == '${input panelID}' and '${VPpanels[${panel index+1}][&amp;{dic panels table}[row]]}' == '${input row}'</arg>
<arg>Exit For Loop</arg>
</arguments>
<kw name="Exit For Loop" library="BuiltIn">
<doc>Stops executing the enclosing for loop.</doc>
<msg timestamp="20191120 14:42:08.809" level="INFO">Exiting for loop altogether.</msg>
<status status="PASS" starttime="20191120 14:42:08.809" endtime="20191120 14:42:08.809"></status>
</kw>
<status status="PASS" starttime="20191120 14:42:08.799" endtime="20191120 14:42:08.809"></status>
</kw>
<status status="PASS" starttime="20191120 14:42:08.799" endtime="20191120 14:42:08.809"></status>
</kw>
<status status="PASS" starttime="20191120 14:42:08.799" endtime="20191120 14:42:08.809"></status>
</kw>
<msg timestamp="20191120 14:42:08.816" level="INFO">${panel index} = 1</msg>
<status status="PASS" starttime="20191120 14:42:08.796" endtime="20191120 14:42:08.816"></status>
</kw>
<kw name="Log" library="BuiltIn">
<doc>Logs the given message with the given level.</doc>
<arguments>
<arg>${panel index}</arg>
</arguments>
<msg timestamp="20191120 14:42:08.816" level="INFO">1</msg>
<status status="PASS" starttime="20191120 14:42:08.816" endtime="20191120 14:42:08.816"></status>
</kw>
<kw name="Catenate" library="BuiltIn">
<doc>Catenates the given items together and returns the resulted string.</doc>
<arguments>
<arg>vp_cmd_helper --plugin --rack</arg>
<arg>${rackID}</arg>
<arg>--panel</arg>
<arg>${panel index}</arg>
<arg>--port</arg>
<arg>${portID}</arg>
</arguments>
<assign>
<var>${completed command}</var>
</assign>
<msg timestamp="20191120 14:42:08.816" level="INFO">${completed command} = vp_cmd_helper --plugin --rack 1 --panel 1 --port 3</msg>
<status status="PASS" starttime="20191120 14:42:08.816" endtime="20191120 14:42:08.816"></status>
</kw>
<kw name="Log" library="BuiltIn">
<doc>Logs the given message with the given level.</doc>
<arguments>
<arg>${completed command}</arg>
</arguments>
<msg timestamp="20191120 14:42:08.816" level="INFO">vp_cmd_helper --plugin --rack 1 --panel 1 --port 3</msg>
<status status="PASS" starttime="20191120 14:42:08.816" endtime="20191120 14:42:08.816"></status>
</kw>
<kw name="Enter Virtual Command ${completed command}" library="SSH definitions">
<kw name="Write" library="SSHLibrary">
<doc>Writes the given ``text`` on the remote machine and appends a newline.</doc>
<arguments>
<arg>${command}</arg>
</arguments>
<msg timestamp="20191120 14:42:08.866" level="INFO">vp_cmd_helper --plugin --rack 1 --panel 1 --port 3</msg>
<status status="PASS" starttime="20191120 14:42:08.816" endtime="20191120 14:42:08.866"></status>
</kw>
<kw name="Read" library="SSHLibrary">
<doc>Consumes and returns everything available on the server output.</doc>
<arguments>
<arg>loglevel=Trace</arg>
<arg>delay=1s</arg>
</arguments>
<assign>
<var>${stdout}</var>
</assign>
<msg timestamp="20191120 14:42:10.886" level="INFO">${stdout} = result=success
command=plugin
test_setup=on
bus_connect=on
bus_power=on
rack=1
panel=1
type=1100ps
panel_state=RUN
row=1
serial=28FFFF600001
count=11
# </msg>
<status status="PASS" starttime="20191120 14:42:08.866" endtime="20191120 14:42:10.886"></status>
</kw>
<kw name="Log" library="BuiltIn">
<doc>Logs the given message with the given level.</doc>
<arguments>
<arg>${stdout}</arg>
</arguments>
<msg timestamp="20191120 14:42:10.886" level="INFO">result=success
command=plugin
test_setup=on
bus_connect=on
bus_power=on
rack=1
panel=1
type=1100ps
panel_state=RUN
row=1
serial=28FFFF600001
count=11
# </msg>
<status status="PASS" starttime="20191120 14:42:10.886" endtime="20191120 14:42:10.886"></status>
</kw>
<status status="PASS" starttime="20191120 14:42:08.816" endtime="20191120 14:42:10.886"></status>
</kw>
<status status="PASS" starttime="20191120 14:42:08.786" endtime="20191120 14:42:10.886"></status>
</kw>
<kw name="When Plugin Copper Tip to Rack &quot;1&quot; Panel &quot;1&quot; Row &quot;1&quot; Port &quot;4&quot;" library="Virtual Panel definitions">
<kw name="Get Copper Panel Index" library="Virtual Panel definitions">
<arguments>
<arg>${rackID}</arg>
<arg>${panelID}</arg>
<arg>${row}</arg>
</arguments>
<assign>
<var>${panel index}</var>
</assign>
<kw name="Get Length" library="BuiltIn">
<doc>Returns and logs the length of the given item as an integer.</doc>
<arguments>
<arg>${VPpanels}</arg>
</arguments>
<assign>
<var>${panels number}</var>
</assign>
<msg timestamp="20191120 14:42:10.886" level="INFO">Length is 12</msg>
<msg timestamp="20191120 14:42:10.886" level="INFO">${panels number} = 12</msg>
<status status="PASS" starttime="20191120 14:42:10.886" endtime="20191120 14:42:10.886"></status>
</kw>
<kw name="${panel index} IN RANGE [ ${panels number-1} ]" type="for">
<kw name="${panel index} = 0" type="foritem">
<kw name="Run Keyword If" library="BuiltIn">
<doc>Runs the given keyword with the given arguments, if ``condition`` is true.</doc>
<arguments>
<arg>'${VPpanels[${panel index+1}][&amp;{dic panels table}[panel type]]}' == '${VIRTUAL PANELS TYPE}[COPPER]' and '${VPpanels[${panel index+1}][&amp;{dic panels table}[rackID]]}' == '${input rackID}' and '${VPpanels[${panel index+1}][&amp;{dic panels table}[panelID]]}' == '${input panelID}' and '${VPpanels[${panel index+1}][&amp;{dic panels table}[row]]}' == '${input row}'</arg>
<arg>Exit For Loop</arg>
</arguments>
<kw name="Exit For Loop" library="BuiltIn">
<doc>Stops executing the enclosing for loop.</doc>
<msg timestamp="20191120 14:42:10.886" level="INFO">Exiting for loop altogether.</msg>
<status status="PASS" starttime="20191120 14:42:10.886" endtime="20191120 14:42:10.886"></status>
</kw>
<status status="PASS" starttime="20191120 14:42:10.886" endtime="20191120 14:42:10.886"></status>
</kw>
<status status="PASS" starttime="20191120 14:42:10.886" endtime="20191120 14:42:10.886"></status>
</kw>
<status status="PASS" starttime="20191120 14:42:10.886" endtime="20191120 14:42:10.886"></status>
</kw>
<msg timestamp="20191120 14:42:10.886" level="INFO">${panel index} = 1</msg>
<status status="PASS" starttime="20191120 14:42:10.886" endtime="20191120 14:42:10.886"></status>
</kw>
<kw name="Log" library="BuiltIn">
<doc>Logs the given message with the given level.</doc>
<arguments>
<arg>${panel index}</arg>
</arguments>
<msg timestamp="20191120 14:42:10.886" level="INFO">1</msg>
<status status="PASS" starttime="20191120 14:42:10.886" endtime="20191120 14:42:10.886"></status>
</kw>
<kw name="Catenate" library="BuiltIn">
<doc>Catenates the given items together and returns the resulted string.</doc>
<arguments>
<arg>vp_cmd_helper --plugin --rack</arg>
<arg>${rackID}</arg>
<arg>--panel</arg>
<arg>${panel index}</arg>
<arg>--port</arg>
<arg>${portID}</arg>
</arguments>
<assign>
<var>${completed command}</var>
</assign>
<msg timestamp="20191120 14:42:10.886" level="INFO">${completed command} = vp_cmd_helper --plugin --rack 1 --panel 1 --port 4</msg>
<status status="PASS" starttime="20191120 14:42:10.886" endtime="20191120 14:42:10.886"></status>
</kw>
<kw name="Log" library="BuiltIn">
<doc>Logs the given message with the given level.</doc>
<arguments>
<arg>${completed command}</arg>
</arguments>
<msg timestamp="20191120 14:42:10.896" level="INFO">vp_cmd_helper --plugin --rack 1 --panel 1 --port 4</msg>
<status status="PASS" starttime="20191120 14:42:10.896" endtime="20191120 14:42:10.896"></status>
</kw>
<kw name="Enter Virtual Command ${completed command}" library="SSH definitions">
<kw name="Write" library="SSHLibrary">
<doc>Writes the given ``text`` on the remote machine and appends a newline.</doc>
<arguments>
<arg>${command}</arg>
</arguments>
<msg timestamp="20191120 14:42:10.986" level="INFO">vp_cmd_helper --plugin --rack 1 --panel 1 --port 4</msg>
<status status="PASS" starttime="20191120 14:42:10.896" endtime="20191120 14:42:10.986"></status>
</kw>
<kw name="Read" library="SSHLibrary">
<doc>Consumes and returns everything available on the server output.</doc>
<arguments>
<arg>loglevel=Trace</arg>
<arg>delay=1s</arg>
</arguments>
<assign>
<var>${stdout}</var>
</assign>
<msg timestamp="20191120 14:42:12.988" level="INFO">${stdout} = result=success
command=plugin
test_setup=on
bus_connect=on
bus_power=on
rack=1
panel=1
type=1100ps
panel_state=RUN
row=1
serial=28FFFF600001
count=11
# </msg>
<status status="PASS" starttime="20191120 14:42:10.988" endtime="20191120 14:42:12.988"></status>
</kw>
<kw name="Log" library="BuiltIn">
<doc>Logs the given message with the given level.</doc>
<arguments>
<arg>${stdout}</arg>
</arguments>
<msg timestamp="20191120 14:42:12.989" level="INFO">result=success
command=plugin
test_setup=on
bus_connect=on
bus_power=on
rack=1
panel=1
type=1100ps
panel_state=RUN
row=1
serial=28FFFF600001
count=11
# </msg>
<status status="PASS" starttime="20191120 14:42:12.988" endtime="20191120 14:42:12.989"></status>
</kw>
<status status="PASS" starttime="20191120 14:42:10.896" endtime="20191120 14:42:12.990"></status>
</kw>
<status status="PASS" starttime="20191120 14:42:10.886" endtime="20191120 14:42:12.990"></status>
</kw>
<kw name="When Plugout Copper Tip to Rack &quot;1&quot; Panel &quot;1&quot; Row &quot;1&quot; Port &quot;2&quot;" library="Virtual Panel definitions">
<kw name="Get Copper Panel Index" library="Virtual Panel definitions">
<arguments>
<arg>${rackID}</arg>
<arg>${panelID}</arg>
<arg>${row}</arg>
</arguments>
<assign>
<var>${panel index}</var>
</assign>
<kw name="Get Length" library="BuiltIn">
<doc>Returns and logs the length of the given item as an integer.</doc>
<arguments>
<arg>${VPpanels}</arg>
</arguments>
<assign>
<var>${panels number}</var>
</assign>
<msg timestamp="20191120 14:42:12.992" level="INFO">Length is 12</msg>
<msg timestamp="20191120 14:42:12.992" level="INFO">${panels number} = 12</msg>
<status status="PASS" starttime="20191120 14:42:12.991" endtime="20191120 14:42:12.992"></status>
</kw>
<kw name="${panel index} IN RANGE [ ${panels number-1} ]" type="for">
<kw name="${panel index} = 0" type="foritem">
<kw name="Run Keyword If" library="BuiltIn">
<doc>Runs the given keyword with the given arguments, if ``condition`` is true.</doc>
<arguments>
<arg>'${VPpanels[${panel index+1}][&amp;{dic panels table}[panel type]]}' == '${VIRTUAL PANELS TYPE}[COPPER]' and '${VPpanels[${panel index+1}][&amp;{dic panels table}[rackID]]}' == '${input rackID}' and '${VPpanels[${panel index+1}][&amp;{dic panels table}[panelID]]}' == '${input panelID}' and '${VPpanels[${panel index+1}][&amp;{dic panels table}[row]]}' == '${input row}'</arg>
<arg>Exit For Loop</arg>
</arguments>
<kw name="Exit For Loop" library="BuiltIn">
<doc>Stops executing the enclosing for loop.</doc>
<msg timestamp="20191120 14:42:12.995" level="INFO">Exiting for loop altogether.</msg>
<status status="PASS" starttime="20191120 14:42:12.995" endtime="20191120 14:42:12.995"></status>
</kw>
<status status="PASS" starttime="20191120 14:42:12.993" endtime="20191120 14:42:12.995"></status>
</kw>
<status status="PASS" starttime="20191120 14:42:12.993" endtime="20191120 14:42:12.995"></status>
</kw>
<status status="PASS" starttime="20191120 14:42:12.992" endtime="20191120 14:42:12.996"></status>
</kw>
<msg timestamp="20191120 14:42:12.996" level="INFO">${panel index} = 1</msg>
<status status="PASS" starttime="20191120 14:42:12.991" endtime="20191120 14:42:12.996"></status>
</kw>
<kw name="Log" library="BuiltIn">
<doc>Logs the given message with the given level.</doc>
<arguments>
<arg>${panel index}</arg>
</arguments>
<msg timestamp="20191120 14:42:12.997" level="INFO">1</msg>
<status status="PASS" starttime="20191120 14:42:12.997" endtime="20191120 14:42:12.997"></status>
</kw>
<kw name="Catenate" library="BuiltIn">
<doc>Catenates the given items together and returns the resulted string.</doc>
<arguments>
<arg>vp_cmd_helper --plugout --rack</arg>
<arg>${rackID}</arg>
<arg>--panel</arg>
<arg>${panel index}</arg>
<arg>--port</arg>
<arg>${portID}</arg>
</arguments>
<assign>
<var>${completed command}</var>
</assign>
<msg timestamp="20191120 14:42:12.998" level="INFO">${completed command} = vp_cmd_helper --plugout --rack 1 --panel 1 --port 2</msg>
<status status="PASS" starttime="20191120 14:42:12.998" endtime="20191120 14:42:12.998"></status>
</kw>
<kw name="Log" library="BuiltIn">
<doc>Logs the given message with the given level.</doc>
<arguments>
<arg>${completed command}</arg>
</arguments>
<msg timestamp="20191120 14:42:12.999" level="INFO">vp_cmd_helper --plugout --rack 1 --panel 1 --port 2</msg>
<status status="PASS" starttime="20191120 14:42:12.998" endtime="20191120 14:42:12.999"></status>
</kw>
<kw name="Enter Virtual Command ${completed command}" library="SSH definitions">
<kw name="Write" library="SSHLibrary">
<doc>Writes the given ``text`` on the remote machine and appends a newline.</doc>
<arguments>
<arg>${command}</arg>
</arguments>
<msg timestamp="20191120 14:42:13.009" level="INFO">vp_cmd_helper --plugout --rack 1 --panel 1 --port 2</msg>
<status status="PASS" starttime="20191120 14:42:13.000" endtime="20191120 14:42:13.010"></status>
</kw>
<kw name="Read" library="SSHLibrary">
<doc>Consumes and returns everything available on the server output.</doc>
<arguments>
<arg>loglevel=Trace</arg>
<arg>delay=1s</arg>
</arguments>
<assign>
<var>${stdout}</var>
</assign>
<msg timestamp="20191120 14:42:15.016" level="INFO">${stdout} = result=success
command=plugout
test_setup=on
bus_connect=on
bus_power=on
rack=1
panel=1
type=1100ps
panel_state=RUN
row=1
serial=28FFFF600001
count=11
# </msg>
<status status="PASS" starttime="20191120 14:42:13.010" endtime="20191120 14:42:15.016"></status>
</kw>
<kw name="Log" library="BuiltIn">
<doc>Logs the given message with the given level.</doc>
<arguments>
<arg>${stdout}</arg>
</arguments>
<msg timestamp="20191120 14:42:15.016" level="INFO">result=success
command=plugout
test_setup=on
bus_connect=on
bus_power=on
rack=1
panel=1
type=1100ps
panel_state=RUN
row=1
serial=28FFFF600001
count=11
# </msg>
<status status="PASS" starttime="20191120 14:42:15.016" endtime="20191120 14:42:15.016"></status>
</kw>
<status status="PASS" starttime="20191120 14:42:12.999" endtime="20191120 14:42:15.016"></status>
</kw>
<status status="PASS" starttime="20191120 14:42:12.990" endtime="20191120 14:42:15.016"></status>
</kw>
<kw name="Then Check if Rack &quot;1&quot; Panel &quot;1&quot; Row &quot;1&quot; Port &quot;2&quot; in End &quot;A&quot; color &quot;red&quot;" library="Bulk Patching definitions">
<doc>This keyword is used to check the color of port information of Coper or LC panel displaying in either End A or End B on Bulk Patching screen</doc>
<kw name="Run Keyword If" library="BuiltIn">
<doc>Runs the given keyword with the given arguments, if ``condition`` is true.</doc>
<arguments>
<arg>'${end position}'=='a' or '${end position}'=='A'</arg>
<arg>Set Variable</arg>
<arg>2</arg>
<arg>ELSE IF</arg>
<arg>'${end position}'=='b' or '${end position}'=='B'</arg>
<arg>Set Variable</arg>
<arg>4</arg>
</arguments>
<assign>
<var>${input end position}</var>
</assign>
<kw name="Set Variable" library="BuiltIn">
<doc>Returns the given values which can then be assigned to a variables.</doc>
<arguments>
<arg>2</arg>
</arguments>
<status status="PASS" starttime="20191120 14:42:15.026" endtime="20191120 14:42:15.026"></status>
</kw>
<msg timestamp="20191120 14:42:15.026" level="INFO">${input end position} = 2</msg>
<status status="PASS" starttime="20191120 14:42:15.026" endtime="20191120 14:42:15.026"></status>
</kw>
<kw name="Catenate" library="BuiltIn">
<doc>Catenates the given items together and returns the resulted string.</doc>
<arguments>
<arg>Rack</arg>
<arg>${rackID}</arg>
</arguments>
<assign>
<var>${input rack}</var>
</assign>
<msg timestamp="20191120 14:42:15.026" level="INFO">${input rack} = Rack 1</msg>
<status status="PASS" starttime="20191120 14:42:15.026" endtime="20191120 14:42:15.026"></status>
</kw>
<kw name="Catenate" library="BuiltIn">
<doc>Catenates the given items together and returns the resulted string.</doc>
<arguments>
<arg>-Panel</arg>
<arg>${panelID}</arg>
</arguments>
<assign>
<var>${input panel}</var>
</assign>
<msg timestamp="20191120 14:42:15.037" level="INFO">${input panel} = -Panel 1</msg>
<status status="PASS" starttime="20191120 14:42:15.036" endtime="20191120 14:42:15.037"></status>
</kw>
<kw name="Catenate" library="BuiltIn">
<doc>Catenates the given items together and returns the resulted string.</doc>
<arguments>
<arg>-Port</arg>
<arg>${portID}</arg>
</arguments>
<assign>
<var>${input port}</var>
</assign>
<msg timestamp="20191120 14:42:15.037" level="INFO">${input port} = -Port 2</msg>
<status status="PASS" starttime="20191120 14:42:15.037" endtime="20191120 14:42:15.037"></status>
</kw>
<kw name="Catenate" library="BuiltIn">
<doc>Catenates the given items together and returns the resulted string.</doc>
<arguments>
<arg>SEPARATOR=</arg>
<arg>${input rack}</arg>
<arg>${input panel}</arg>
<arg>${input port}</arg>
</arguments>
<assign>
<var>${input port information}</var>
</assign>
<msg timestamp="20191120 14:42:15.037" level="INFO">${input port information} = Rack 1-Panel 1-Port 2</msg>
<status status="PASS" starttime="20191120 14:42:15.037" endtime="20191120 14:42:15.037"></status>
</kw>
<kw name="Get Color Code of Port Information" library="Bulk Patching definitions">
<arguments>
<arg>${color}</arg>
</arguments>
<assign>
<var>${input color}</var>
</assign>
<kw name="Convert To Lowercase" library="String">
<doc>Converts string to lowercase.</doc>
<arguments>
<arg>${color}</arg>
</arguments>
<assign>
<var>${color}</var>
</assign>
<msg timestamp="20191120 14:42:15.046" level="INFO">${color} = red</msg>
<status status="PASS" starttime="20191120 14:42:15.046" endtime="20191120 14:42:15.046"></status>
</kw>
<kw name="Run Keyword If" library="BuiltIn">
<doc>Runs the given keyword with the given arguments, if ``condition`` is true.</doc>
<arguments>
<arg>'${color}' == 'red'</arg>
<arg>Set Variable</arg>
<arg>color:#F00;</arg>
<arg>ELSE IF</arg>
<arg>'${color}' == 'black'</arg>
<arg>Set Variable</arg>
<arg>color:#000;</arg>
</arguments>
<assign>
<var>${color code}</var>
</assign>
<kw name="Set Variable" library="BuiltIn">
<doc>Returns the given values which can then be assigned to a variables.</doc>
<arguments>
<arg>color:#F00;</arg>
</arguments>
<status status="PASS" starttime="20191120 14:42:15.046" endtime="20191120 14:42:15.046"></status>
</kw>
<msg timestamp="20191120 14:42:15.046" level="INFO">${color code} = color:#F00;</msg>
<status status="PASS" starttime="20191120 14:42:15.046" endtime="20191120 14:42:15.046"></status>
</kw>
<msg timestamp="20191120 14:42:15.056" level="INFO">${input color} = color:#F00;</msg>
<status status="PASS" starttime="20191120 14:42:15.037" endtime="20191120 14:42:15.056"></status>
</kw>
<kw name="Replace String" library="String">
<doc>Replaces ``search_for`` in the given ``string`` with ``replace_with``.</doc>
<arguments>
<arg>${dynamic port position with color}</arg>
<arg>End Position</arg>
<arg>${input end position}</arg>
</arguments>
<assign>
<var>${xPath syntax1}</var>
</assign>
<msg timestamp="20191120 14:42:15.058" level="INFO">${xPath syntax1} = //ul[@id='bulkPatchList']/li[Line Position]/div[2][@style='Color']/p[contains(text(),'Port Information')]</msg>
<status status="PASS" starttime="20191120 14:42:15.057" endtime="20191120 14:42:15.058"></status>
</kw>
<kw name="Replace String" library="String">
<doc>Replaces ``search_for`` in the given ``string`` with ``replace_with``.</doc>
<arguments>
<arg>${xPath syntax1}</arg>
<arg>Port Information</arg>
<arg>${input port information}</arg>
</arguments>
<assign>
<var>${xPath syntax2}</var>
</assign>
<msg timestamp="20191120 14:42:15.059" level="INFO">${xPath syntax2} = //ul[@id='bulkPatchList']/li[Line Position]/div[2][@style='Color']/p[contains(text(),'Rack 1-Panel 1-Port 2')]</msg>
<status status="PASS" starttime="20191120 14:42:15.058" endtime="20191120 14:42:15.059"></status>
</kw>
<kw name="Replace String" library="String">
<doc>Replaces ``search_for`` in the given ``string`` with ``replace_with``.</doc>
<arguments>
<arg>${xPath syntax2}</arg>
<arg>Color</arg>
<arg>${input color}</arg>
</arguments>
<assign>
<var>${xPath syntax2.1}</var>
</assign>
<msg timestamp="20191120 14:42:15.060" level="INFO">${xPath syntax2.1} = //ul[@id='bulkPatchList']/li[Line Position]/div[2][@style='color:#F00;']/p[contains(text(),'Rack 1-Panel 1-Port 2')]</msg>
<status status="PASS" starttime="20191120 14:42:15.060" endtime="20191120 14:42:15.061"></status>
</kw>
<kw name="Number of Lines in Bulk Patching Screen" library="Bulk Patching definitions">
<assign>
<var>${number of lines}</var>
</assign>
<kw name="Get Element Count" library="SeleniumLibrary">
<doc>Returns the number of elements matching ``locator``.</doc>
<arguments>
<arg>${number of lines}</arg>
</arguments>
<assign>
<var>${count}</var>
</assign>
<msg timestamp="20191120 14:42:15.084" level="INFO">${count} = 4</msg>
<status status="PASS" starttime="20191120 14:42:15.062" endtime="20191120 14:42:15.084"></status>
</kw>
<msg timestamp="20191120 14:42:15.084" level="INFO">${number of lines} = 4</msg>
<status status="PASS" starttime="20191120 14:42:15.061" endtime="20191120 14:42:15.084"></status>
</kw>
<kw name="Set Variable" library="BuiltIn">
<doc>Returns the given values which can then be assigned to a variables.</doc>
<arguments>
<arg>0</arg>
</arguments>
<assign>
<var>${count}</var>
</assign>
<msg timestamp="20191120 14:42:15.085" level="INFO">${count} = 0</msg>
<status status="PASS" starttime="20191120 14:42:15.085" endtime="20191120 14:42:15.086"></status>
</kw>
<kw name="${index} IN RANGE [ ${number of lines+1} ]" type="for">
<kw name="${index} = 0" type="foritem">
<kw name="Evaluate" library="BuiltIn">
<doc>Evaluates the given expression in Python and returns the results.</doc>
<arguments>
<arg>${index} + 1</arg>
</arguments>
<assign>
<var>${index temp}</var>
</assign>
<msg timestamp="20191120 14:42:15.087" level="INFO">${index temp} = 1</msg>
<status status="PASS" starttime="20191120 14:42:15.087" endtime="20191120 14:42:15.088"></status>
</kw>
<kw name="Convert To String" library="BuiltIn">
<doc>Converts the given item to a Unicode string.</doc>
<arguments>
<arg>${index+1}</arg>
</arguments>
<assign>
<var>${index string}</var>
</assign>
<msg timestamp="20191120 14:42:15.089" level="INFO">${index string} = 1</msg>
<status status="PASS" starttime="20191120 14:42:15.088" endtime="20191120 14:42:15.089"></status>
</kw>
<kw name="Replace String" library="String">
<doc>Replaces ``search_for`` in the given ``string`` with ``replace_with``.</doc>
<arguments>
<arg>${xPath syntax2.1}</arg>
<arg>Line Position</arg>
<arg>${index string}</arg>
</arguments>
<assign>
<var>${xPath syntax3}</var>
</assign>
<msg timestamp="20191120 14:42:15.090" level="INFO">${xPath syntax3} = //ul[@id='bulkPatchList']/li[1]/div[2][@style='color:#F00;']/p[contains(text(),'Rack 1-Panel 1-Port 2')]</msg>
<status status="PASS" starttime="20191120 14:42:15.089" endtime="20191120 14:42:15.090"></status>
</kw>
<kw name="Log" library="BuiltIn">
<doc>Logs the given message with the given level.</doc>
<arguments>
<arg>${xPath syntax3}</arg>
</arguments>
<msg timestamp="20191120 14:42:15.091" level="INFO">//ul[@id='bulkPatchList']/li[1]/div[2][@style='color:#F00;']/p[contains(text(),'Rack 1-Panel 1-Port 2')]</msg>
<status status="PASS" starttime="20191120 14:42:15.091" endtime="20191120 14:42:15.091"></status>
</kw>
<kw name="Get Element Count" library="SeleniumLibrary">
<doc>Returns the number of elements matching ``locator``.</doc>
<arguments>
<arg>${xPath syntax3}</arg>
</arguments>
<assign>
<var>${count}</var>
</assign>
<msg timestamp="20191120 14:42:15.108" level="INFO">${count} = 0</msg>
<status status="PASS" starttime="20191120 14:42:15.092" endtime="20191120 14:42:15.109"></status>
</kw>
<kw name="Exit For Loop If" library="BuiltIn">
<doc>Stops executing the enclosing for loop if the ``condition`` is true.</doc>
<arguments>
<arg>${count} == 1</arg>
</arguments>
<status status="PASS" starttime="20191120 14:42:15.109" endtime="20191120 14:42:15.109"></status>
</kw>
<status status="PASS" starttime="20191120 14:42:15.086" endtime="20191120 14:42:15.110"></status>
</kw>
<kw name="${index} = 1" type="foritem">
<kw name="Evaluate" library="BuiltIn">
<doc>Evaluates the given expression in Python and returns the results.</doc>
<arguments>
<arg>${index} + 1</arg>
</arguments>
<assign>
<var>${index temp}</var>
</assign>
<msg timestamp="20191120 14:42:15.110" level="INFO">${index temp} = 2</msg>
<status status="PASS" starttime="20191120 14:42:15.110" endtime="20191120 14:42:15.111"></status>
</kw>
<kw name="Convert To String" library="BuiltIn">
<doc>Converts the given item to a Unicode string.</doc>
<arguments>
<arg>${index+1}</arg>
</arguments>
<assign>
<var>${index string}</var>
</assign>
<msg timestamp="20191120 14:42:15.111" level="INFO">${index string} = 2</msg>
<status status="PASS" starttime="20191120 14:42:15.111" endtime="20191120 14:42:15.111"></status>
</kw>
<kw name="Replace String" library="String">
<doc>Replaces ``search_for`` in the given ``string`` with ``replace_with``.</doc>
<arguments>
<arg>${xPath syntax2.1}</arg>
<arg>Line Position</arg>
<arg>${index string}</arg>
</arguments>
<assign>
<var>${xPath syntax3}</var>
</assign>
<msg timestamp="20191120 14:42:15.112" level="INFO">${xPath syntax3} = //ul[@id='bulkPatchList']/li[2]/div[2][@style='color:#F00;']/p[contains(text(),'Rack 1-Panel 1-Port 2')]</msg>
<status status="PASS" starttime="20191120 14:42:15.112" endtime="20191120 14:42:15.112"></status>
</kw>
<kw name="Log" library="BuiltIn">
<doc>Logs the given message with the given level.</doc>
<arguments>
<arg>${xPath syntax3}</arg>
</arguments>
<msg timestamp="20191120 14:42:15.113" level="INFO">//ul[@id='bulkPatchList']/li[2]/div[2][@style='color:#F00;']/p[contains(text(),'Rack 1-Panel 1-Port 2')]</msg>
<status status="PASS" starttime="20191120 14:42:15.112" endtime="20191120 14:42:15.113"></status>
</kw>
<kw name="Get Element Count" library="SeleniumLibrary">
<doc>Returns the number of elements matching ``locator``.</doc>
<arguments>
<arg>${xPath syntax3}</arg>
</arguments>
<assign>
<var>${count}</var>
</assign>
<msg timestamp="20191120 14:42:15.124" level="INFO">${count} = 1</msg>
<status status="PASS" starttime="20191120 14:42:15.113" endtime="20191120 14:42:15.125"></status>
</kw>
<kw name="Exit For Loop If" library="BuiltIn">
<doc>Stops executing the enclosing for loop if the ``condition`` is true.</doc>
<arguments>
<arg>${count} == 1</arg>
</arguments>
<msg timestamp="20191120 14:42:15.125" level="INFO">Exiting for loop altogether.</msg>
<status status="PASS" starttime="20191120 14:42:15.125" endtime="20191120 14:42:15.126"></status>
</kw>
<status status="PASS" starttime="20191120 14:42:15.110" endtime="20191120 14:42:15.126"></status>
</kw>
<status status="PASS" starttime="20191120 14:42:15.086" endtime="20191120 14:42:15.126"></status>
</kw>
<kw name="Run Keyword And Continue On Failure" library="BuiltIn">
<doc>Runs the keyword and continues execution even if a failure occurs.</doc>
<arguments>
<arg>Should Be Equal</arg>
<arg>'${count}'</arg>
<arg>'1'</arg>
</arguments>
<kw name="Should Be Equal" library="BuiltIn">
<doc>Fails if the given objects are unequal.</doc>
<arguments>
<arg>'${count}'</arg>
<arg>'1'</arg>
</arguments>
<status status="PASS" starttime="20191120 14:42:15.127" endtime="20191120 14:42:15.127"></status>
</kw>
<status status="PASS" starttime="20191120 14:42:15.126" endtime="20191120 14:42:15.127"></status>
</kw>
<status status="PASS" starttime="20191120 14:42:15.016" endtime="20191120 14:42:15.127"></status>
</kw>
<kw name="When Plugout Copper Tip to Rack &quot;1&quot; Panel &quot;1&quot; Row &quot;1&quot; Port &quot;3&quot;" library="Virtual Panel definitions">
<kw name="Get Copper Panel Index" library="Virtual Panel definitions">
<arguments>
<arg>${rackID}</arg>
<arg>${panelID}</arg>
<arg>${row}</arg>
</arguments>
<assign>
<var>${panel index}</var>
</assign>
<kw name="Get Length" library="BuiltIn">
<doc>Returns and logs the length of the given item as an integer.</doc>
<arguments>
<arg>${VPpanels}</arg>
</arguments>
<assign>
<var>${panels number}</var>
</assign>
<msg timestamp="20191120 14:42:15.129" level="INFO">Length is 12</msg>
<msg timestamp="20191120 14:42:15.129" level="INFO">${panels number} = 12</msg>
<status status="PASS" starttime="20191120 14:42:15.129" endtime="20191120 14:42:15.129"></status>
</kw>
<kw name="${panel index} IN RANGE [ ${panels number-1} ]" type="for">
<kw name="${panel index} = 0" type="foritem">
<kw name="Run Keyword If" library="BuiltIn">
<doc>Runs the given keyword with the given arguments, if ``condition`` is true.</doc>
<arguments>
<arg>'${VPpanels[${panel index+1}][&amp;{dic panels table}[panel type]]}' == '${VIRTUAL PANELS TYPE}[COPPER]' and '${VPpanels[${panel index+1}][&amp;{dic panels table}[rackID]]}' == '${input rackID}' and '${VPpanels[${panel index+1}][&amp;{dic panels table}[panelID]]}' == '${input panelID}' and '${VPpanels[${panel index+1}][&amp;{dic panels table}[row]]}' == '${input row}'</arg>
<arg>Exit For Loop</arg>
</arguments>
<kw name="Exit For Loop" library="BuiltIn">
<doc>Stops executing the enclosing for loop.</doc>
<msg timestamp="20191120 14:42:15.132" level="INFO">Exiting for loop altogether.</msg>
<status status="PASS" starttime="20191120 14:42:15.132" endtime="20191120 14:42:15.132"></status>
</kw>
<status status="PASS" starttime="20191120 14:42:15.130" endtime="20191120 14:42:15.133"></status>
</kw>
<status status="PASS" starttime="20191120 14:42:15.130" endtime="20191120 14:42:15.133"></status>
</kw>
<status status="PASS" starttime="20191120 14:42:15.130" endtime="20191120 14:42:15.133"></status>
</kw>
<msg timestamp="20191120 14:42:15.133" level="INFO">${panel index} = 1</msg>
<status status="PASS" starttime="20191120 14:42:15.128" endtime="20191120 14:42:15.134"></status>
</kw>
<kw name="Log" library="BuiltIn">
<doc>Logs the given message with the given level.</doc>
<arguments>
<arg>${panel index}</arg>
</arguments>
<msg timestamp="20191120 14:42:15.134" level="INFO">1</msg>
<status status="PASS" starttime="20191120 14:42:15.134" endtime="20191120 14:42:15.134"></status>
</kw>
<kw name="Catenate" library="BuiltIn">
<doc>Catenates the given items together and returns the resulted string.</doc>
<arguments>
<arg>vp_cmd_helper --plugout --rack</arg>
<arg>${rackID}</arg>
<arg>--panel</arg>
<arg>${panel index}</arg>
<arg>--port</arg>
<arg>${portID}</arg>
</arguments>
<assign>
<var>${completed command}</var>
</assign>
<msg timestamp="20191120 14:42:15.135" level="INFO">${completed command} = vp_cmd_helper --plugout --rack 1 --panel 1 --port 3</msg>
<status status="PASS" starttime="20191120 14:42:15.135" endtime="20191120 14:42:15.135"></status>
</kw>
<kw name="Log" library="BuiltIn">
<doc>Logs the given message with the given level.</doc>
<arguments>
<arg>${completed command}</arg>
</arguments>
<msg timestamp="20191120 14:42:15.136" level="INFO">vp_cmd_helper --plugout --rack 1 --panel 1 --port 3</msg>
<status status="PASS" starttime="20191120 14:42:15.135" endtime="20191120 14:42:15.136"></status>
</kw>
<kw name="Enter Virtual Command ${completed command}" library="SSH definitions">
<kw name="Write" library="SSHLibrary">
<doc>Writes the given ``text`` on the remote machine and appends a newline.</doc>
<arguments>
<arg>${command}</arg>
</arguments>
<msg timestamp="20191120 14:42:15.146" level="INFO">vp_cmd_helper --plugout --rack 1 --panel 1 --port 3</msg>
<status status="PASS" starttime="20191120 14:42:15.136" endtime="20191120 14:42:15.146"></status>
</kw>
<kw name="Read" library="SSHLibrary">
<doc>Consumes and returns everything available on the server output.</doc>
<arguments>
<arg>loglevel=Trace</arg>
<arg>delay=1s</arg>
</arguments>
<assign>
<var>${stdout}</var>
</assign>
<msg timestamp="20191120 14:42:17.148" level="INFO">${stdout} = result=success
command=plugout
test_setup=on
bus_connect=on
bus_power=on
rack=1
panel=1
type=1100ps
panel_state=RUN
row=1
serial=28FFFF600001
count=11
# </msg>
<status status="PASS" starttime="20191120 14:42:15.147" endtime="20191120 14:42:17.149"></status>
</kw>
<kw name="Log" library="BuiltIn">
<doc>Logs the given message with the given level.</doc>
<arguments>
<arg>${stdout}</arg>
</arguments>
<msg timestamp="20191120 14:42:17.151" level="INFO">result=success
command=plugout
test_setup=on
bus_connect=on
bus_power=on
rack=1
panel=1
type=1100ps
panel_state=RUN
row=1
serial=28FFFF600001
count=11
# </msg>
<status status="PASS" starttime="20191120 14:42:17.150" endtime="20191120 14:42:17.152"></status>
</kw>
<status status="PASS" starttime="20191120 14:42:15.136" endtime="20191120 14:42:17.153"></status>
</kw>
<status status="PASS" starttime="20191120 14:42:15.128" endtime="20191120 14:42:17.154"></status>
</kw>
<kw name="Then Check if Rack &quot;1&quot; Panel &quot;1&quot; Row &quot;1&quot; Port &quot;3&quot; in End &quot;A&quot; color &quot;red&quot;" library="Bulk Patching definitions">
<doc>This keyword is used to check the color of port information of Coper or LC panel displaying in either End A or End B on Bulk Patching screen</doc>
<kw name="Run Keyword If" library="BuiltIn">
<doc>Runs the given keyword with the given arguments, if ``condition`` is true.</doc>
<arguments>
<arg>'${end position}'=='a' or '${end position}'=='A'</arg>
<arg>Set Variable</arg>
<arg>2</arg>
<arg>ELSE IF</arg>
<arg>'${end position}'=='b' or '${end position}'=='B'</arg>
<arg>Set Variable</arg>
<arg>4</arg>
</arguments>
<assign>
<var>${input end position}</var>
</assign>
<kw name="Set Variable" library="BuiltIn">
<doc>Returns the given values which can then be assigned to a variables.</doc>
<arguments>
<arg>2</arg>
</arguments>
<status status="PASS" starttime="20191120 14:42:17.159" endtime="20191120 14:42:17.160"></status>
</kw>
<msg timestamp="20191120 14:42:17.160" level="INFO">${input end position} = 2</msg>
<status status="PASS" starttime="20191120 14:42:17.157" endtime="20191120 14:42:17.161"></status>
</kw>
<kw name="Catenate" library="BuiltIn">
<doc>Catenates the given items together and returns the resulted string.</doc>
<arguments>
<arg>Rack</arg>
<arg>${rackID}</arg>
</arguments>
<assign>
<var>${input rack}</var>
</assign>
<msg timestamp="20191120 14:42:17.163" level="INFO">${input rack} = Rack 1</msg>
<status status="PASS" starttime="20191120 14:42:17.161" endtime="20191120 14:42:17.163"></status>
</kw>
<kw name="Catenate" library="BuiltIn">
<doc>Catenates the given items together and returns the resulted string.</doc>
<arguments>
<arg>-Panel</arg>
<arg>${panelID}</arg>
</arguments>
<assign>
<var>${input panel}</var>
</assign>
<msg timestamp="20191120 14:42:17.165" level="INFO">${input panel} = -Panel 1</msg>
<status status="PASS" starttime="20191120 14:42:17.164" endtime="20191120 14:42:17.165"></status>
</kw>
<kw name="Catenate" library="BuiltIn">
<doc>Catenates the given items together and returns the resulted string.</doc>
<arguments>
<arg>-Port</arg>
<arg>${portID}</arg>
</arguments>
<assign>
<var>${input port}</var>
</assign>
<msg timestamp="20191120 14:42:17.167" level="INFO">${input port} = -Port 3</msg>
<status status="PASS" starttime="20191120 14:42:17.166" endtime="20191120 14:42:17.168"></status>
</kw>
<kw name="Catenate" library="BuiltIn">
<doc>Catenates the given items together and returns the resulted string.</doc>
<arguments>
<arg>SEPARATOR=</arg>
<arg>${input rack}</arg>
<arg>${input panel}</arg>
<arg>${input port}</arg>
</arguments>
<assign>
<var>${input port information}</var>
</assign>
<msg timestamp="20191120 14:42:17.170" level="INFO">${input port information} = Rack 1-Panel 1-Port 3</msg>
<status status="PASS" starttime="20191120 14:42:17.169" endtime="20191120 14:42:17.170"></status>
</kw>
<kw name="Get Color Code of Port Information" library="Bulk Patching definitions">
<arguments>
<arg>${color}</arg>
</arguments>
<assign>
<var>${input color}</var>
</assign>
<kw name="Convert To Lowercase" library="String">
<doc>Converts string to lowercase.</doc>
<arguments>
<arg>${color}</arg>
</arguments>
<assign>
<var>${color}</var>
</assign>
<msg timestamp="20191120 14:42:17.174" level="INFO">${color} = red</msg>
<status status="PASS" starttime="20191120 14:42:17.173" endtime="20191120 14:42:17.174"></status>
</kw>
<kw name="Run Keyword If" library="BuiltIn">
<doc>Runs the given keyword with the given arguments, if ``condition`` is true.</doc>
<arguments>
<arg>'${color}' == 'red'</arg>
<arg>Set Variable</arg>
<arg>color:#F00;</arg>
<arg>ELSE IF</arg>
<arg>'${color}' == 'black'</arg>
<arg>Set Variable</arg>
<arg>color:#000;</arg>
</arguments>
<assign>
<var>${color code}</var>
</assign>
<kw name="Set Variable" library="BuiltIn">
<doc>Returns the given values which can then be assigned to a variables.</doc>
<arguments>
<arg>color:#F00;</arg>
</arguments>
<status status="PASS" starttime="20191120 14:42:17.177" endtime="20191120 14:42:17.177"></status>
</kw>
<msg timestamp="20191120 14:42:17.179" level="INFO">${color code} = color:#F00;</msg>
<status status="PASS" starttime="20191120 14:42:17.175" endtime="20191120 14:42:17.179"></status>
</kw>
<msg timestamp="20191120 14:42:17.179" level="INFO">${input color} = color:#F00;</msg>
<status status="PASS" starttime="20191120 14:42:17.171" endtime="20191120 14:42:17.179"></status>
</kw>
<kw name="Replace String" library="String">
<doc>Replaces ``search_for`` in the given ``string`` with ``replace_with``.</doc>
<arguments>
<arg>${dynamic port position with color}</arg>
<arg>End Position</arg>
<arg>${input end position}</arg>
</arguments>
<assign>
<var>${xPath syntax1}</var>
</assign>
<msg timestamp="20191120 14:42:17.180" level="INFO">${xPath syntax1} = //ul[@id='bulkPatchList']/li[Line Position]/div[2][@style='Color']/p[contains(text(),'Port Information')]</msg>
<status status="PASS" starttime="20191120 14:42:17.179" endtime="20191120 14:42:17.180"></status>
</kw>
<kw name="Replace String" library="String">
<doc>Replaces ``search_for`` in the given ``string`` with ``replace_with``.</doc>
<arguments>
<arg>${xPath syntax1}</arg>
<arg>Port Information</arg>
<arg>${input port information}</arg>
</arguments>
<assign>
<var>${xPath syntax2}</var>
</assign>
<msg timestamp="20191120 14:42:17.181" level="INFO">${xPath syntax2} = //ul[@id='bulkPatchList']/li[Line Position]/div[2][@style='Color']/p[contains(text(),'Rack 1-Panel 1-Port 3')]</msg>
<status status="PASS" starttime="20191120 14:42:17.180" endtime="20191120 14:42:17.181"></status>
</kw>
<kw name="Replace String" library="String">
<doc>Replaces ``search_for`` in the given ``string`` with ``replace_with``.</doc>
<arguments>
<arg>${xPath syntax2}</arg>
<arg>Color</arg>
<arg>${input color}</arg>
</arguments>
<assign>
<var>${xPath syntax2.1}</var>
</assign>
<msg timestamp="20191120 14:42:17.183" level="INFO">${xPath syntax2.1} = //ul[@id='bulkPatchList']/li[Line Position]/div[2][@style='color:#F00;']/p[contains(text(),'Rack 1-Panel 1-Port 3')]</msg>
<status status="PASS" starttime="20191120 14:42:17.181" endtime="20191120 14:42:17.183"></status>
</kw>
<kw name="Number of Lines in Bulk Patching Screen" library="Bulk Patching definitions">
<assign>
<var>${number of lines}</var>
</assign>
<kw name="Get Element Count" library="SeleniumLibrary">
<doc>Returns the number of elements matching ``locator``.</doc>
<arguments>
<arg>${number of lines}</arg>
</arguments>
<assign>
<var>${count}</var>
</assign>
<msg timestamp="20191120 14:42:17.193" level="INFO">${count} = 4</msg>
<status status="PASS" starttime="20191120 14:42:17.184" endtime="20191120 14:42:17.193"></status>
</kw>
<msg timestamp="20191120 14:42:17.194" level="INFO">${number of lines} = 4</msg>
<status status="PASS" starttime="20191120 14:42:17.183" endtime="20191120 14:42:17.194"></status>
</kw>
<kw name="Set Variable" library="BuiltIn">
<doc>Returns the given values which can then be assigned to a variables.</doc>
<arguments>
<arg>0</arg>
</arguments>
<assign>
<var>${count}</var>
</assign>
<msg timestamp="20191120 14:42:17.195" level="INFO">${count} = 0</msg>
<status status="PASS" starttime="20191120 14:42:17.194" endtime="20191120 14:42:17.195"></status>
</kw>
<kw name="${index} IN RANGE [ ${number of lines+1} ]" type="for">
<kw name="${index} = 0" type="foritem">
<kw name="Evaluate" library="BuiltIn">
<doc>Evaluates the given expression in Python and returns the results.</doc>
<arguments>
<arg>${index} + 1</arg>
</arguments>
<assign>
<var>${index temp}</var>
</assign>
<msg timestamp="20191120 14:42:17.197" level="INFO">${index temp} = 1</msg>
<status status="PASS" starttime="20191120 14:42:17.197" endtime="20191120 14:42:17.197"></status>
</kw>
<kw name="Convert To String" library="BuiltIn">
<doc>Converts the given item to a Unicode string.</doc>
<arguments>
<arg>${index+1}</arg>
</arguments>
<assign>
<var>${index string}</var>
</assign>
<msg timestamp="20191120 14:42:17.197" level="INFO">${index string} = 1</msg>
<status status="PASS" starttime="20191120 14:42:17.197" endtime="20191120 14:42:17.197"></status>
</kw>
<kw name="Replace String" library="String">
<doc>Replaces ``search_for`` in the given ``string`` with ``replace_with``.</doc>
<arguments>
<arg>${xPath syntax2.1}</arg>
<arg>Line Position</arg>
<arg>${index string}</arg>
</arguments>
<assign>
<var>${xPath syntax3}</var>
</assign>
<msg timestamp="20191120 14:42:17.199" level="INFO">${xPath syntax3} = //ul[@id='bulkPatchList']/li[1]/div[2][@style='color:#F00;']/p[contains(text(),'Rack 1-Panel 1-Port 3')]</msg>
<status status="PASS" starttime="20191120 14:42:17.199" endtime="20191120 14:42:17.199"></status>
</kw>
<kw name="Log" library="BuiltIn">
<doc>Logs the given message with the given level.</doc>
<arguments>
<arg>${xPath syntax3}</arg>
</arguments>
<msg timestamp="20191120 14:42:17.200" level="INFO">//ul[@id='bulkPatchList']/li[1]/div[2][@style='color:#F00;']/p[contains(text(),'Rack 1-Panel 1-Port 3')]</msg>
<status status="PASS" starttime="20191120 14:42:17.200" endtime="20191120 14:42:17.201"></status>
</kw>
<kw name="Get Element Count" library="SeleniumLibrary">
<doc>Returns the number of elements matching ``locator``.</doc>
<arguments>
<arg>${xPath syntax3}</arg>
</arguments>
<assign>
<var>${count}</var>
</assign>
<msg timestamp="20191120 14:42:17.214" level="INFO">${count} = 0</msg>
<status status="PASS" starttime="20191120 14:42:17.201" endtime="20191120 14:42:17.214"></status>
</kw>
<kw name="Exit For Loop If" library="BuiltIn">
<doc>Stops executing the enclosing for loop if the ``condition`` is true.</doc>
<arguments>
<arg>${count} == 1</arg>
</arguments>
<status status="PASS" starttime="20191120 14:42:17.215" endtime="20191120 14:42:17.215"></status>
</kw>
<status status="PASS" starttime="20191120 14:42:17.195" endtime="20191120 14:42:17.216"></status>
</kw>
<kw name="${index} = 1" type="foritem">
<kw name="Evaluate" library="BuiltIn">
<doc>Evaluates the given expression in Python and returns the results.</doc>
<arguments>
<arg>${index} + 1</arg>
</arguments>
<assign>
<var>${index temp}</var>
</assign>
<msg timestamp="20191120 14:42:17.217" level="INFO">${index temp} = 2</msg>
<status status="PASS" starttime="20191120 14:42:17.216" endtime="20191120 14:42:17.217"></status>
</kw>
<kw name="Convert To String" library="BuiltIn">
<doc>Converts the given item to a Unicode string.</doc>
<arguments>
<arg>${index+1}</arg>
</arguments>
<assign>
<var>${index string}</var>
</assign>
<msg timestamp="20191120 14:42:17.218" level="INFO">${index string} = 2</msg>
<status status="PASS" starttime="20191120 14:42:17.217" endtime="20191120 14:42:17.218"></status>
</kw>
<kw name="Replace String" library="String">
<doc>Replaces ``search_for`` in the given ``string`` with ``replace_with``.</doc>
<arguments>
<arg>${xPath syntax2.1}</arg>
<arg>Line Position</arg>
<arg>${index string}</arg>
</arguments>
<assign>
<var>${xPath syntax3}</var>
</assign>
<msg timestamp="20191120 14:42:17.219" level="INFO">${xPath syntax3} = //ul[@id='bulkPatchList']/li[2]/div[2][@style='color:#F00;']/p[contains(text(),'Rack 1-Panel 1-Port 3')]</msg>
<status status="PASS" starttime="20191120 14:42:17.218" endtime="20191120 14:42:17.219"></status>
</kw>
<kw name="Log" library="BuiltIn">
<doc>Logs the given message with the given level.</doc>
<arguments>
<arg>${xPath syntax3}</arg>
</arguments>
<msg timestamp="20191120 14:42:17.220" level="INFO">//ul[@id='bulkPatchList']/li[2]/div[2][@style='color:#F00;']/p[contains(text(),'Rack 1-Panel 1-Port 3')]</msg>
<status status="PASS" starttime="20191120 14:42:17.219" endtime="20191120 14:42:17.220"></status>
</kw>
<kw name="Get Element Count" library="SeleniumLibrary">
<doc>Returns the number of elements matching ``locator``.</doc>
<arguments>
<arg>${xPath syntax3}</arg>
</arguments>
<assign>
<var>${count}</var>
</assign>
<msg timestamp="20191120 14:42:17.234" level="INFO">${count} = 0</msg>
<status status="PASS" starttime="20191120 14:42:17.220" endtime="20191120 14:42:17.234"></status>
</kw>
<kw name="Exit For Loop If" library="BuiltIn">
<doc>Stops executing the enclosing for loop if the ``condition`` is true.</doc>
<arguments>
<arg>${count} == 1</arg>
</arguments>
<status status="PASS" starttime="20191120 14:42:17.234" endtime="20191120 14:42:17.235"></status>
</kw>
<status status="PASS" starttime="20191120 14:42:17.216" endtime="20191120 14:42:17.235"></status>
</kw>
<kw name="${index} = 2" type="foritem">
<kw name="Evaluate" library="BuiltIn">
<doc>Evaluates the given expression in Python and returns the results.</doc>
<arguments>
<arg>${index} + 1</arg>
</arguments>
<assign>
<var>${index temp}</var>
</assign>
<msg timestamp="20191120 14:42:17.236" level="INFO">${index temp} = 3</msg>
<status status="PASS" starttime="20191120 14:42:17.236" endtime="20191120 14:42:17.236"></status>
</kw>
<kw name="Convert To String" library="BuiltIn">
<doc>Converts the given item to a Unicode string.</doc>
<arguments>
<arg>${index+1}</arg>
</arguments>
<assign>
<var>${index string}</var>
</assign>
<msg timestamp="20191120 14:42:17.237" level="INFO">${index string} = 3</msg>
<status status="PASS" starttime="20191120 14:42:17.237" endtime="20191120 14:42:17.237"></status>
</kw>
<kw name="Replace String" library="String">
<doc>Replaces ``search_for`` in the given ``string`` with ``replace_with``.</doc>
<arguments>
<arg>${xPath syntax2.1}</arg>
<arg>Line Position</arg>
<arg>${index string}</arg>
</arguments>
<assign>
<var>${xPath syntax3}</var>
</assign>
<msg timestamp="20191120 14:42:17.238" level="INFO">${xPath syntax3} = //ul[@id='bulkPatchList']/li[3]/div[2][@style='color:#F00;']/p[contains(text(),'Rack 1-Panel 1-Port 3')]</msg>
<status status="PASS" starttime="20191120 14:42:17.238" endtime="20191120 14:42:17.238"></status>
</kw>
<kw name="Log" library="BuiltIn">
<doc>Logs the given message with the given level.</doc>
<arguments>
<arg>${xPath syntax3}</arg>
</arguments>
<msg timestamp="20191120 14:42:17.239" level="INFO">//ul[@id='bulkPatchList']/li[3]/div[2][@style='color:#F00;']/p[contains(text(),'Rack 1-Panel 1-Port 3')]</msg>
<status status="PASS" starttime="20191120 14:42:17.239" endtime="20191120 14:42:17.239"></status>
</kw>
<kw name="Get Element Count" library="SeleniumLibrary">
<doc>Returns the number of elements matching ``locator``.</doc>
<arguments>
<arg>${xPath syntax3}</arg>
</arguments>
<assign>
<var>${count}</var>
</assign>
<msg timestamp="20191120 14:42:17.251" level="INFO">${count} = 1</msg>
<status status="PASS" starttime="20191120 14:42:17.239" endtime="20191120 14:42:17.251"></status>
</kw>
<kw name="Exit For Loop If" library="BuiltIn">
<doc>Stops executing the enclosing for loop if the ``condition`` is true.</doc>
<arguments>
<arg>${count} == 1</arg>
</arguments>
<msg timestamp="20191120 14:42:17.252" level="INFO">Exiting for loop altogether.</msg>
<status status="PASS" starttime="20191120 14:42:17.251" endtime="20191120 14:42:17.252"></status>
</kw>
<status status="PASS" starttime="20191120 14:42:17.235" endtime="20191120 14:42:17.252"></status>
</kw>
<status status="PASS" starttime="20191120 14:42:17.195" endtime="20191120 14:42:17.252"></status>
</kw>
<kw name="Run Keyword And Continue On Failure" library="BuiltIn">
<doc>Runs the keyword and continues execution even if a failure occurs.</doc>
<arguments>
<arg>Should Be Equal</arg>
<arg>'${count}'</arg>
<arg>'1'</arg>
</arguments>
<kw name="Should Be Equal" library="BuiltIn">
<doc>Fails if the given objects are unequal.</doc>
<arguments>
<arg>'${count}'</arg>
<arg>'1'</arg>
</arguments>
<status status="PASS" starttime="20191120 14:42:17.253" endtime="20191120 14:42:17.253"></status>
</kw>
<status status="PASS" starttime="20191120 14:42:17.252" endtime="20191120 14:42:17.253"></status>
</kw>
<status status="PASS" starttime="20191120 14:42:17.155" endtime="20191120 14:42:17.253"></status>
</kw>
<kw name="When Plugin Copper Tip to Rack &quot;1&quot; Panel &quot;1&quot; Row &quot;1&quot; Port &quot;3&quot;" library="Virtual Panel definitions">
<kw name="Get Copper Panel Index" library="Virtual Panel definitions">
<arguments>
<arg>${rackID}</arg>
<arg>${panelID}</arg>
<arg>${row}</arg>
</arguments>
<assign>
<var>${panel index}</var>
</assign>
<kw name="Get Length" library="BuiltIn">
<doc>Returns and logs the length of the given item as an integer.</doc>
<arguments>
<arg>${VPpanels}</arg>
</arguments>
<assign>
<var>${panels number}</var>
</assign>
<msg timestamp="20191120 14:42:17.255" level="INFO">Length is 12</msg>
<msg timestamp="20191120 14:42:17.255" level="INFO">${panels number} = 12</msg>
<status status="PASS" starttime="20191120 14:42:17.255" endtime="20191120 14:42:17.255"></status>
</kw>
<kw name="${panel index} IN RANGE [ ${panels number-1} ]" type="for">
<kw name="${panel index} = 0" type="foritem">
<kw name="Run Keyword If" library="BuiltIn">
<doc>Runs the given keyword with the given arguments, if ``condition`` is true.</doc>
<arguments>
<arg>'${VPpanels[${panel index+1}][&amp;{dic panels table}[panel type]]}' == '${VIRTUAL PANELS TYPE}[COPPER]' and '${VPpanels[${panel index+1}][&amp;{dic panels table}[rackID]]}' == '${input rackID}' and '${VPpanels[${panel index+1}][&amp;{dic panels table}[panelID]]}' == '${input panelID}' and '${VPpanels[${panel index+1}][&amp;{dic panels table}[row]]}' == '${input row}'</arg>
<arg>Exit For Loop</arg>
</arguments>
<kw name="Exit For Loop" library="BuiltIn">
<doc>Stops executing the enclosing for loop.</doc>
<msg timestamp="20191120 14:42:17.257" level="INFO">Exiting for loop altogether.</msg>
<status status="PASS" starttime="20191120 14:42:17.257" endtime="20191120 14:42:17.258"></status>
</kw>
<status status="PASS" starttime="20191120 14:42:17.256" endtime="20191120 14:42:17.258"></status>
</kw>
<status status="PASS" starttime="20191120 14:42:17.256" endtime="20191120 14:42:17.258"></status>
</kw>
<status status="PASS" starttime="20191120 14:42:17.255" endtime="20191120 14:42:17.258"></status>
</kw>
<msg timestamp="20191120 14:42:17.259" level="INFO">${panel index} = 1</msg>
<status status="PASS" starttime="20191120 14:42:17.254" endtime="20191120 14:42:17.259"></status>
</kw>
<kw name="Log" library="BuiltIn">
<doc>Logs the given message with the given level.</doc>
<arguments>
<arg>${panel index}</arg>
</arguments>
<msg timestamp="20191120 14:42:17.259" level="INFO">1</msg>
<status status="PASS" starttime="20191120 14:42:17.259" endtime="20191120 14:42:17.259"></status>
</kw>
<kw name="Catenate" library="BuiltIn">
<doc>Catenates the given items together and returns the resulted string.</doc>
<arguments>
<arg>vp_cmd_helper --plugin --rack</arg>
<arg>${rackID}</arg>
<arg>--panel</arg>
<arg>${panel index}</arg>
<arg>--port</arg>
<arg>${portID}</arg>
</arguments>
<assign>
<var>${completed command}</var>
</assign>
<msg timestamp="20191120 14:42:17.260" level="INFO">${completed command} = vp_cmd_helper --plugin --rack 1 --panel 1 --port 3</msg>
<status status="PASS" starttime="20191120 14:42:17.260" endtime="20191120 14:42:17.260"></status>
</kw>
<kw name="Log" library="BuiltIn">
<doc>Logs the given message with the given level.</doc>
<arguments>
<arg>${completed command}</arg>
</arguments>
<msg timestamp="20191120 14:42:17.261" level="INFO">vp_cmd_helper --plugin --rack 1 --panel 1 --port 3</msg>
<status status="PASS" starttime="20191120 14:42:17.260" endtime="20191120 14:42:17.261"></status>
</kw>
<kw name="Enter Virtual Command ${completed command}" library="SSH definitions">
<kw name="Write" library="SSHLibrary">
<doc>Writes the given ``text`` on the remote machine and appends a newline.</doc>
<arguments>
<arg>${command}</arg>
</arguments>
<msg timestamp="20191120 14:42:17.278" level="INFO">vp_cmd_helper --plugin --rack 1 --panel 1 --port 3</msg>
<status status="PASS" starttime="20191120 14:42:17.261" endtime="20191120 14:42:17.278"></status>
</kw>
<kw name="Read" library="SSHLibrary">
<doc>Consumes and returns everything available on the server output.</doc>
<arguments>
<arg>loglevel=Trace</arg>
<arg>delay=1s</arg>
</arguments>
<assign>
<var>${stdout}</var>
</assign>
<msg timestamp="20191120 14:42:19.286" level="INFO">${stdout} = result=success
command=plugin
test_setup=on
bus_connect=on
bus_power=on
rack=1
panel=1
type=1100ps
panel_state=RUN
row=1
serial=28FFFF600001
count=11
# </msg>
<status status="PASS" starttime="20191120 14:42:17.279" endtime="20191120 14:42:19.286"></status>
</kw>
<kw name="Log" library="BuiltIn">
<doc>Logs the given message with the given level.</doc>
<arguments>
<arg>${stdout}</arg>
</arguments>
<msg timestamp="20191120 14:42:19.286" level="INFO">result=success
command=plugin
test_setup=on
bus_connect=on
bus_power=on
rack=1
panel=1
type=1100ps
panel_state=RUN
row=1
serial=28FFFF600001
count=11
# </msg>
<status status="PASS" starttime="20191120 14:42:19.286" endtime="20191120 14:42:19.286"></status>
</kw>
<status status="PASS" starttime="20191120 14:42:17.261" endtime="20191120 14:42:19.286"></status>
</kw>
<status status="PASS" starttime="20191120 14:42:17.254" endtime="20191120 14:42:19.286"></status>
</kw>
<kw name="Then Check if Rack &quot;1&quot; Panel &quot;1&quot; Row &quot;1&quot; Port &quot;3&quot; in End &quot;A&quot; color &quot;black&quot;" library="Bulk Patching definitions">
<doc>This keyword is used to check the color of port information of Coper or LC panel displaying in either End A or End B on Bulk Patching screen</doc>
<kw name="Run Keyword If" library="BuiltIn">
<doc>Runs the given keyword with the given arguments, if ``condition`` is true.</doc>
<arguments>
<arg>'${end position}'=='a' or '${end position}'=='A'</arg>
<arg>Set Variable</arg>
<arg>2</arg>
<arg>ELSE IF</arg>
<arg>'${end position}'=='b' or '${end position}'=='B'</arg>
<arg>Set Variable</arg>
<arg>4</arg>
</arguments>
<assign>
<var>${input end position}</var>
</assign>
<kw name="Set Variable" library="BuiltIn">
<doc>Returns the given values which can then be assigned to a variables.</doc>
<arguments>
<arg>2</arg>
</arguments>
<status status="PASS" starttime="20191120 14:42:19.296" endtime="20191120 14:42:19.296"></status>
</kw>
<msg timestamp="20191120 14:42:19.296" level="INFO">${input end position} = 2</msg>
<status status="PASS" starttime="20191120 14:42:19.296" endtime="20191120 14:42:19.296"></status>
</kw>
<kw name="Catenate" library="BuiltIn">
<doc>Catenates the given items together and returns the resulted string.</doc>
<arguments>
<arg>Rack</arg>
<arg>${rackID}</arg>
</arguments>
<assign>
<var>${input rack}</var>
</assign>
<msg timestamp="20191120 14:42:19.296" level="INFO">${input rack} = Rack 1</msg>
<status status="PASS" starttime="20191120 14:42:19.296" endtime="20191120 14:42:19.296"></status>
</kw>
<kw name="Catenate" library="BuiltIn">
<doc>Catenates the given items together and returns the resulted string.</doc>
<arguments>
<arg>-Panel</arg>
<arg>${panelID}</arg>
</arguments>
<assign>
<var>${input panel}</var>
</assign>
<msg timestamp="20191120 14:42:19.306" level="INFO">${input panel} = -Panel 1</msg>
<status status="PASS" starttime="20191120 14:42:19.306" endtime="20191120 14:42:19.306"></status>
</kw>
<kw name="Catenate" library="BuiltIn">
<doc>Catenates the given items together and returns the resulted string.</doc>
<arguments>
<arg>-Port</arg>
<arg>${portID}</arg>
</arguments>
<assign>
<var>${input port}</var>
</assign>
<msg timestamp="20191120 14:42:19.306" level="INFO">${input port} = -Port 3</msg>
<status status="PASS" starttime="20191120 14:42:19.306" endtime="20191120 14:42:19.306"></status>
</kw>
<kw name="Catenate" library="BuiltIn">
<doc>Catenates the given items together and returns the resulted string.</doc>
<arguments>
<arg>SEPARATOR=</arg>
<arg>${input rack}</arg>
<arg>${input panel}</arg>
<arg>${input port}</arg>
</arguments>
<assign>
<var>${input port information}</var>
</assign>
<msg timestamp="20191120 14:42:19.306" level="INFO">${input port information} = Rack 1-Panel 1-Port 3</msg>
<status status="PASS" starttime="20191120 14:42:19.306" endtime="20191120 14:42:19.306"></status>
</kw>
<kw name="Get Color Code of Port Information" library="Bulk Patching definitions">
<arguments>
<arg>${color}</arg>
</arguments>
<assign>
<var>${input color}</var>
</assign>
<kw name="Convert To Lowercase" library="String">
<doc>Converts string to lowercase.</doc>
<arguments>
<arg>${color}</arg>
</arguments>
<assign>
<var>${color}</var>
</assign>
<msg timestamp="20191120 14:42:19.316" level="INFO">${color} = black</msg>
<status status="PASS" starttime="20191120 14:42:19.316" endtime="20191120 14:42:19.316"></status>
</kw>
<kw name="Run Keyword If" library="BuiltIn">
[...]
</kw>
<kw name="Log" library="BuiltIn">
<doc>Logs the given message with the given level.</doc>
<arguments>
<arg>${panel index}</arg>
</arguments>
<msg timestamp="20191120 14:43:41.062" level="INFO">1</msg>
<status status="PASS" starttime="20191120 14:43:41.062" endtime="20191120 14:43:41.062"></status>
</kw>
<kw name="Catenate" library="BuiltIn">
<doc>Catenates the given items together and returns the resulted string.</doc>
<arguments>
<arg>vp_cmd_helper --plugout --rack</arg>
<arg>${rackID}</arg>
<arg>--panel</arg>
<arg>${panel index}</arg>
<arg>--port</arg>
<arg>${portID}</arg>
</arguments>
<assign>
<var>${completed command}</var>
</assign>
<msg timestamp="20191120 14:43:41.062" level="INFO">${completed command} = vp_cmd_helper --plugout --rack 1 --panel 1 --port 3</msg>
<status status="PASS" starttime="20191120 14:43:41.062" endtime="20191120 14:43:41.062"></status>
</kw>
<kw name="Log" library="BuiltIn">
<doc>Logs the given message with the given level.</doc>
<arguments>
<arg>${completed command}</arg>
</arguments>
<msg timestamp="20191120 14:43:41.062" level="INFO">vp_cmd_helper --plugout --rack 1 --panel 1 --port 3</msg>
<status status="PASS" starttime="20191120 14:43:41.062" endtime="20191120 14:43:41.062"></status>
</kw>
<kw name="Enter Virtual Command ${completed command}" library="SSH definitions">
<kw name="Write" library="SSHLibrary">
<doc>Writes the given ``text`` on the remote machine and appends a newline.</doc>
<arguments>
<arg>${command}</arg>
</arguments>
<msg timestamp="20191120 14:43:41.107" level="INFO">vp_cmd_helper --plugout --rack 1 --panel 1 --port 3</msg>
<status status="PASS" starttime="20191120 14:43:41.062" endtime="20191120 14:43:41.107"></status>
</kw>
<kw name="Read" library="SSHLibrary">
<doc>Consumes and returns everything available on the server output.</doc>
<arguments>
<arg>loglevel=Trace</arg>
<arg>delay=1s</arg>
</arguments>
<assign>
<var>${stdout}</var>
</assign>
<msg timestamp="20191120 14:43:43.107" level="INFO">${stdout} = result=success
command=plugout
test_setup=on
bus_connect=on
bus_power=on
rack=1
panel=1
type=1100ps
panel_state=RUN
row=1
serial=28FFFF600001
count=11
# </msg>
<status status="PASS" starttime="20191120 14:43:41.107" endtime="20191120 14:43:43.108"></status>
</kw>
<kw name="Log" library="BuiltIn">
<doc>Logs the given message with the given level.</doc>
<arguments>
<arg>${stdout}</arg>
</arguments>
<msg timestamp="20191120 14:43:43.111" level="INFO">result=success
command=plugout
test_setup=on
bus_connect=on
bus_power=on
rack=1
panel=1
type=1100ps
panel_state=RUN
row=1
serial=28FFFF600001
count=11
# </msg>
<status status="PASS" starttime="20191120 14:43:43.110" endtime="20191120 14:43:43.112"></status>
</kw>
<status status="PASS" starttime="20191120 14:43:41.062" endtime="20191120 14:43:43.113"></status>
</kw>
<status status="PASS" starttime="20191120 14:43:41.049" endtime="20191120 14:43:43.114"></status>
</kw>
<kw name="Then Plugout Copper Tip to Rack &quot;1&quot; Panel &quot;1&quot; Row &quot;1&quot; Port &quot;2&quot;" library="Virtual Panel definitions">
<kw name="Get Copper Panel Index" library="Virtual Panel definitions">
<arguments>
<arg>${rackID}</arg>
<arg>${panelID}</arg>
<arg>${row}</arg>
</arguments>
<assign>
<var>${panel index}</var>
</assign>
<kw name="Get Length" library="BuiltIn">
<doc>Returns and logs the length of the given item as an integer.</doc>
<arguments>
<arg>${VPpanels}</arg>
</arguments>
<assign>
<var>${panels number}</var>
</assign>
<msg timestamp="20191120 14:43:43.121" level="INFO">Length is 12</msg>
<msg timestamp="20191120 14:43:43.121" level="INFO">${panels number} = 12</msg>
<status status="PASS" starttime="20191120 14:43:43.119" endtime="20191120 14:43:43.122"></status>
</kw>
<kw name="${panel index} IN RANGE [ ${panels number-1} ]" type="for">
<kw name="${panel index} = 0" type="foritem">
<kw name="Run Keyword If" library="BuiltIn">
<doc>Runs the given keyword with the given arguments, if ``condition`` is true.</doc>
<arguments>
<arg>'${VPpanels[${panel index+1}][&amp;{dic panels table}[panel type]]}' == '${VIRTUAL PANELS TYPE}[COPPER]' and '${VPpanels[${panel index+1}][&amp;{dic panels table}[rackID]]}' == '${input rackID}' and '${VPpanels[${panel index+1}][&amp;{dic panels table}[panelID]]}' == '${input panelID}' and '${VPpanels[${panel index+1}][&amp;{dic panels table}[row]]}' == '${input row}'</arg>
<arg>Exit For Loop</arg>
</arguments>
<kw name="Exit For Loop" library="BuiltIn">
<doc>Stops executing the enclosing for loop.</doc>
<msg timestamp="20191120 14:43:43.131" level="INFO">Exiting for loop altogether.</msg>
<status status="PASS" starttime="20191120 14:43:43.130" endtime="20191120 14:43:43.131"></status>
</kw>
<status status="PASS" starttime="20191120 14:43:43.125" endtime="20191120 14:43:43.132"></status>
</kw>
<status status="PASS" starttime="20191120 14:43:43.124" endtime="20191120 14:43:43.132"></status>
</kw>
<status status="PASS" starttime="20191120 14:43:43.122" endtime="20191120 14:43:43.132"></status>
</kw>
<msg timestamp="20191120 14:43:43.133" level="INFO">${panel index} = 1</msg>
<status status="PASS" starttime="20191120 14:43:43.117" endtime="20191120 14:43:43.134"></status>
</kw>
<kw name="Log" library="BuiltIn">
<doc>Logs the given message with the given level.</doc>
<arguments>
<arg>${panel index}</arg>
</arguments>
<msg timestamp="20191120 14:43:43.135" level="INFO">1</msg>
<status status="PASS" starttime="20191120 14:43:43.134" endtime="20191120 14:43:43.135"></status>
</kw>
<kw name="Catenate" library="BuiltIn">
<doc>Catenates the given items together and returns the resulted string.</doc>
<arguments>
<arg>vp_cmd_helper --plugout --rack</arg>
<arg>${rackID}</arg>
<arg>--panel</arg>
<arg>${panel index}</arg>
<arg>--port</arg>
<arg>${portID}</arg>
</arguments>
<assign>
<var>${completed command}</var>
</assign>
<msg timestamp="20191120 14:43:43.136" level="INFO">${completed command} = vp_cmd_helper --plugout --rack 1 --panel 1 --port 2</msg>
<status status="PASS" starttime="20191120 14:43:43.136" endtime="20191120 14:43:43.137"></status>
</kw>
<kw name="Log" library="BuiltIn">
<doc>Logs the given message with the given level.</doc>
<arguments>
<arg>${completed command}</arg>
</arguments>
<msg timestamp="20191120 14:43:43.138" level="INFO">vp_cmd_helper --plugout --rack 1 --panel 1 --port 2</msg>
<status status="PASS" starttime="20191120 14:43:43.137" endtime="20191120 14:43:43.138"></status>
</kw>
<kw name="Enter Virtual Command ${completed command}" library="SSH definitions">
<kw name="Write" library="SSHLibrary">
<doc>Writes the given ``text`` on the remote machine and appends a newline.</doc>
<arguments>
<arg>${command}</arg>
</arguments>
<msg timestamp="20191120 14:43:43.168" level="INFO">vp_cmd_helper --plugout --rack 1 --panel 1 --port 2</msg>
<status status="PASS" starttime="20191120 14:43:43.140" endtime="20191120 14:43:43.168"></status>
</kw>
<kw name="Read" library="SSHLibrary">
<doc>Consumes and returns everything available on the server output.</doc>
<arguments>
<arg>loglevel=Trace</arg>
<arg>delay=1s</arg>
</arguments>
<assign>
<var>${stdout}</var>
</assign>
<msg timestamp="20191120 14:43:45.170" level="INFO">${stdout} = result=success
command=plugout
test_setup=on
bus_connect=on
bus_power=on
rack=1
panel=1
type=1100ps
panel_state=RUN
row=1
serial=28FFFF600001
count=11
# </msg>
<status status="PASS" starttime="20191120 14:43:43.169" endtime="20191120 14:43:45.171"></status>
</kw>
<kw name="Log" library="BuiltIn">
<doc>Logs the given message with the given level.</doc>
<arguments>
<arg>${stdout}</arg>
</arguments>
<msg timestamp="20191120 14:43:45.173" level="INFO">result=success
command=plugout
test_setup=on
bus_connect=on
bus_power=on
rack=1
panel=1
type=1100ps
panel_state=RUN
row=1
serial=28FFFF600001
count=11
# </msg>
<status status="PASS" starttime="20191120 14:43:45.171" endtime="20191120 14:43:45.173"></status>
</kw>
<status status="PASS" starttime="20191120 14:43:43.139" endtime="20191120 14:43:45.174"></status>
</kw>
<status status="PASS" starttime="20191120 14:43:43.116" endtime="20191120 14:43:45.174"></status>
</kw>
<kw name="Then Plugout Copper Tip to Rack &quot;1&quot; Panel &quot;1&quot; Row &quot;1&quot; Port &quot;1&quot;" library="Virtual Panel definitions">
<kw name="Get Copper Panel Index" library="Virtual Panel definitions">
<arguments>
<arg>${rackID}</arg>
<arg>${panelID}</arg>
<arg>${row}</arg>
</arguments>
<assign>
<var>${panel index}</var>
</assign>
<kw name="Get Length" library="BuiltIn">
<doc>Returns and logs the length of the given item as an integer.</doc>
<arguments>
<arg>${VPpanels}</arg>
</arguments>
<assign>
<var>${panels number}</var>
</assign>
<msg timestamp="20191120 14:43:45.178" level="INFO">Length is 12</msg>
<msg timestamp="20191120 14:43:45.179" level="INFO">${panels number} = 12</msg>
<status status="PASS" starttime="20191120 14:43:45.178" endtime="20191120 14:43:45.179"></status>
</kw>
<kw name="${panel index} IN RANGE [ ${panels number-1} ]" type="for">
<kw name="${panel index} = 0" type="foritem">
<kw name="Run Keyword If" library="BuiltIn">
<doc>Runs the given keyword with the given arguments, if ``condition`` is true.</doc>
<arguments>
<arg>'${VPpanels[${panel index+1}][&amp;{dic panels table}[panel type]]}' == '${VIRTUAL PANELS TYPE}[COPPER]' and '${VPpanels[${panel index+1}][&amp;{dic panels table}[rackID]]}' == '${input rackID}' and '${VPpanels[${panel index+1}][&amp;{dic panels table}[panelID]]}' == '${input panelID}' and '${VPpanels[${panel index+1}][&amp;{dic panels table}[row]]}' == '${input row}'</arg>
<arg>Exit For Loop</arg>
</arguments>
<kw name="Exit For Loop" library="BuiltIn">
<doc>Stops executing the enclosing for loop.</doc>
<msg timestamp="20191120 14:43:45.185" level="INFO">Exiting for loop altogether.</msg>
<status status="PASS" starttime="20191120 14:43:45.185" endtime="20191120 14:43:45.186"></status>
</kw>
<status status="PASS" starttime="20191120 14:43:45.181" endtime="20191120 14:43:45.186"></status>
</kw>
<status status="PASS" starttime="20191120 14:43:45.180" endtime="20191120 14:43:45.186"></status>
</kw>
<status status="PASS" starttime="20191120 14:43:45.179" endtime="20191120 14:43:45.187"></status>
</kw>
<msg timestamp="20191120 14:43:45.188" level="INFO">${panel index} = 1</msg>
<status status="PASS" starttime="20191120 14:43:45.176" endtime="20191120 14:43:45.188"></status>
</kw>
<kw name="Log" library="BuiltIn">
<doc>Logs the given message with the given level.</doc>
<arguments>
<arg>${panel index}</arg>
</arguments>
<msg timestamp="20191120 14:43:45.190" level="INFO">1</msg>
<status status="PASS" starttime="20191120 14:43:45.189" endtime="20191120 14:43:45.190"></status>
</kw>
<kw name="Catenate" library="BuiltIn">
<doc>Catenates the given items together and returns the resulted string.</doc>
<arguments>
<arg>vp_cmd_helper --plugout --rack</arg>
<arg>${rackID}</arg>
<arg>--panel</arg>
<arg>${panel index}</arg>
<arg>--port</arg>
<arg>${portID}</arg>
</arguments>
<assign>
<var>${completed command}</var>
</assign>
<msg timestamp="20191120 14:43:45.192" level="INFO">${completed command} = vp_cmd_helper --plugout --rack 1 --panel 1 --port 1</msg>
<status status="PASS" starttime="20191120 14:43:45.191" endtime="20191120 14:43:45.192"></status>
</kw>
<kw name="Log" library="BuiltIn">
<doc>Logs the given message with the given level.</doc>
<arguments>
<arg>${completed command}</arg>
</arguments>
<msg timestamp="20191120 14:43:45.194" level="INFO">vp_cmd_helper --plugout --rack 1 --panel 1 --port 1</msg>
<status status="PASS" starttime="20191120 14:43:45.193" endtime="20191120 14:43:45.194"></status>
</kw>
<kw name="Enter Virtual Command ${completed command}" library="SSH definitions">
<kw name="Write" library="SSHLibrary">
<doc>Writes the given ``text`` on the remote machine and appends a newline.</doc>
<arguments>
<arg>${command}</arg>
</arguments>
<msg timestamp="20191120 14:43:45.224" level="INFO">vp_cmd_helper --plugout --rack 1 --panel 1 --port 1</msg>
<status status="PASS" starttime="20191120 14:43:45.196" endtime="20191120 14:43:45.225"></status>
</kw>
<kw name="Read" library="SSHLibrary">
<doc>Consumes and returns everything available on the server output.</doc>
<arguments>
<arg>loglevel=Trace</arg>
<arg>delay=1s</arg>
</arguments>
<assign>
<var>${stdout}</var>
</assign>
<msg timestamp="20191120 14:43:47.227" level="INFO">${stdout} = result=success
command=plugout
test_setup=on
bus_connect=on
bus_power=on
rack=1
panel=1
type=1100ps
panel_state=RUN
row=1
serial=28FFFF600001
count=11
# </msg>
<status status="PASS" starttime="20191120 14:43:45.225" endtime="20191120 14:43:47.228"></status>
</kw>
<kw name="Log" library="BuiltIn">
<doc>Logs the given message with the given level.</doc>
<arguments>
<arg>${stdout}</arg>
</arguments>
<msg timestamp="20191120 14:43:47.230" level="INFO">result=success
command=plugout
test_setup=on
bus_connect=on
bus_power=on
rack=1
panel=1
type=1100ps
panel_state=RUN
row=1
serial=28FFFF600001
count=11
# </msg>
<status status="PASS" starttime="20191120 14:43:47.229" endtime="20191120 14:43:47.231"></status>
</kw>
<status status="PASS" starttime="20191120 14:43:45.195" endtime="20191120 14:43:47.231"></status>
</kw>
<status status="PASS" starttime="20191120 14:43:45.175" endtime="20191120 14:43:47.232"></status>
</kw>
<kw name="Set Web UI to Stand By State and Close Current Browser" library="General Page" type="teardown">
<kw name="Get Element Count" library="SeleniumLibrary">
<doc>Returns the number of elements matching ``locator``.</doc>
<arguments>
<arg>${btnExit}</arg>
</arguments>
<assign>
<var>${count Exit button}</var>
</assign>
<msg timestamp="20191120 14:43:47.251" level="INFO">${count Exit button} = 1</msg>
<status status="PASS" starttime="20191120 14:43:47.234" endtime="20191120 14:43:47.252"></status>
</kw>
<kw name="Run Keyword If" library="BuiltIn">
<doc>Runs the given keyword with the given arguments, if ``condition`` is true.</doc>
<arguments>
<arg>${count Exit button} &gt; 0</arg>
<arg>Exit Screen</arg>
</arguments>
<kw name="Exit Screen" library="General Page">
<kw name="Click Web Button" library="General Page">
<arguments>
<arg>${btnExit}</arg>
</arguments>
<kw name="Click Element" library="SeleniumLibrary">
<doc>Click the element identified by ``locator``.</doc>
<arguments>
<arg>${btnName}</arg>
</arguments>
<msg timestamp="20191120 14:43:47.255" level="INFO">Clicking element '//div[@id='exit-footer' and @style='display: block;']/div[@id='exit-button']'.</msg>
<status status="PASS" starttime="20191120 14:43:47.255" endtime="20191120 14:43:47.305"></status>
</kw>
<status status="PASS" starttime="20191120 14:43:47.254" endtime="20191120 14:43:47.305"></status>
</kw>
<kw name="Wait For Page Load" library="General Page">
<kw name="Sleep" library="BuiltIn">
<doc>Pauses the test executed for the given time.</doc>
<arguments>
<arg>${PAGE LOAD TIMEOUT}</arg>
</arguments>
<msg timestamp="20191120 14:43:47.808" level="INFO">Slept 500 milliseconds</msg>
<status status="PASS" starttime="20191120 14:43:47.306" endtime="20191120 14:43:47.808"></status>
</kw>
<status status="PASS" starttime="20191120 14:43:47.306" endtime="20191120 14:43:47.808"></status>
</kw>
<status status="PASS" starttime="20191120 14:43:47.253" endtime="20191120 14:43:47.809"></status>
</kw>
<status status="PASS" starttime="20191120 14:43:47.252" endtime="20191120 14:43:47.809"></status>
</kw>
<kw name="Get Element Count" library="SeleniumLibrary">
<doc>Returns the number of elements matching ``locator``.</doc>
<arguments>
<arg>${lblimVisionX}</arg>
</arguments>
<assign>
<var>${count Home screen}</var>
</assign>
<msg timestamp="20191120 14:43:47.819" level="INFO">${count Home screen} = 1</msg>
<status status="PASS" starttime="20191120 14:43:47.810" endtime="20191120 14:43:47.819"></status>
</kw>
<kw name="Run Keyword If" library="BuiltIn">
<doc>Runs the given keyword with the given arguments, if ``condition`` is true.</doc>
<arguments>
<arg>${count Home screen} &gt; 0</arg>
<arg>Run Keywords</arg>
<arg>Click Web Button</arg>
<arg>${btnHome}</arg>
<arg>AND</arg>
<arg>Wait For Page Load</arg>
</arguments>
<kw name="Run Keywords" library="BuiltIn">
<doc>Executes all the given keywords in a sequence.</doc>
<arguments>
<arg>Click Web Button</arg>
<arg>${btnHome}</arg>
<arg>AND</arg>
<arg>Wait For Page Load</arg>
</arguments>
<kw name="Click Web Button" library="General Page">
<arguments>
<arg>${btnHome}</arg>
</arguments>
<kw name="Click Element" library="SeleniumLibrary">
<doc>Click the element identified by ``locator``.</doc>
<arguments>
<arg>${btnName}</arg>
</arguments>
<msg timestamp="20191120 14:43:47.822" level="INFO">Clicking element '//div[@id='home-lang']'.</msg>
<status status="PASS" starttime="20191120 14:43:47.821" endtime="20191120 14:43:47.853"></status>
</kw>
<status status="PASS" starttime="20191120 14:43:47.821" endtime="20191120 14:43:47.853"></status>
</kw>
<kw name="Wait For Page Load" library="General Page">
<kw name="Sleep" library="BuiltIn">
<doc>Pauses the test executed for the given time.</doc>
<arguments>
<arg>${PAGE LOAD TIMEOUT}</arg>
</arguments>
<msg timestamp="20191120 14:43:48.356" level="INFO">Slept 500 milliseconds</msg>
<status status="PASS" starttime="20191120 14:43:47.854" endtime="20191120 14:43:48.356"></status>
</kw>
<status status="PASS" starttime="20191120 14:43:47.854" endtime="20191120 14:43:48.357"></status>
</kw>
<status status="PASS" starttime="20191120 14:43:47.820" endtime="20191120 14:43:48.357"></status>
</kw>
<status status="PASS" starttime="20191120 14:43:47.820" endtime="20191120 14:43:48.357"></status>
</kw>
<kw name="Close Browser" library="SeleniumLibrary">
<doc>Closes the current browser.</doc>
<status status="PASS" starttime="20191120 14:43:48.358" endtime="20191120 14:43:50.547"></status>
</kw>
<status status="PASS" starttime="20191120 14:43:47.233" endtime="20191120 14:43:50.547"></status>
</kw>
<status status="PASS" starttime="20191120 14:43:11.024" endtime="20191120 14:43:50.548" critical="yes"></status>
</test>
<status status="PASS" starttime="20191120 14:41:55.695" endtime="20191120 14:43:50.548"></status>
</suite>
<status status="PASS" starttime="20191120 14:41:55.695" endtime="20191120 14:43:50.552"></status>
</suite>
<status status="PASS" starttime="20191120 14:41:55.689" endtime="20191120 14:43:50.555"></status>
</suite>
<status status="PASS" starttime="20191120 14:41:55.689" endtime="20191120 14:43:50.557"></status>
</suite>
<status status="PASS" starttime="20191120 14:41:55.666" endtime="20191120 14:43:50.560"></status>
</suite>
<statistics>
<total>
<stat pass="3" fail="0">Critical Tests</stat>
<stat pass="3" fail="0">All Tests</stat>
</total>
<tag>
</tag>
<suite>
<stat pass="3" fail="0" id="s1" name="BulkPatching Robot">BulkPatching Robot</stat>
<stat pass="3" fail="0" id="s1-s1" name="Test Resources">BulkPatching Robot.Test Resources</stat>
<stat pass="3" fail="0" id="s1-s1-s1" name="Test Suites">BulkPatching Robot.Test Resources.Test Suites</stat>
<stat pass="3" fail="0" id="s1-s1-s1-s1" name="2. Insert All End As">BulkPatching Robot.Test Resources.Test Suites.2. Insert All End As</stat>
<stat pass="3" fail="0" id="s1-s1-s1-s1-s1" name="2.4. Check End A when plugging correct tip in the middle of list of End A then replug">BulkPatching Robot.Test Resources.Test Suites.2. Insert All End As.2.4. Check End A when plugging correct tip in the middle of list of End A then replug</stat>
</suite>
</statistics>
<errors>
</errors>
</robot>
