<?xml version="1.0" encoding="UTF-8"?>
<robot generator="Robot 3.1.2 (Python 3.8.0 on win32)" generated="20191118 14:37:40.715" rpa="false">
<suite id="s1" name="BulkPatching Robot" source="D:\RobotFW_program\BulkPatching_Robot\BulkPatching_Robot">
<suite id="s1-s1" name="TestCucumber Invoke VP index" source="D:\RobotFW_program\BulkPatching_Robot\BulkPatching_Robot\TestCucumber_Invoke VP index.robot">
<kw name="Initial Panels Table Variable" type="setup">
<kw name="Get Panel Table_Index">
<assign>
<var>${panel table index}</var>
</assign>
<kw name="Get Index From List" library="Collections">
<doc>Returns the index of the first occurrence of the ``value`` on the list.</doc>
<arguments>
<arg>${menu}</arg>
<arg>${index}</arg>
</arguments>
<assign>
<var>${x}</var>
</assign>
<msg timestamp="20191118 14:37:40.780" level="INFO">${x} = 0</msg>
<status status="PASS" starttime="20191118 14:37:40.779" endtime="20191118 14:37:40.780"></status>
</kw>
<msg timestamp="20191118 14:37:40.780" level="INFO">${panel table index} = 0</msg>
<status status="PASS" starttime="20191118 14:37:40.779" endtime="20191118 14:37:40.780"></status>
</kw>
<kw name="Get Panel Table_Panel Type">
<assign>
<var>${panel type index}</var>
</assign>
<kw name="Get Index From List" library="Collections">
<doc>Returns the index of the first occurrence of the ``value`` on the list.</doc>
<arguments>
<arg>${menu}</arg>
<arg>${panel type}</arg>
</arguments>
<assign>
<var>${x}</var>
</assign>
<msg timestamp="20191118 14:37:40.781" level="INFO">${x} = 1</msg>
<status status="PASS" starttime="20191118 14:37:40.781" endtime="20191118 14:37:40.782"></status>
</kw>
<msg timestamp="20191118 14:37:40.782" level="INFO">${panel type index} = 1</msg>
<status status="PASS" starttime="20191118 14:37:40.781" endtime="20191118 14:37:40.782"></status>
</kw>
<kw name="Get Panel Table_Rack ID">
<assign>
<var>${rackID index}</var>
</assign>
<kw name="Get Index From List" library="Collections">
<doc>Returns the index of the first occurrence of the ``value`` on the list.</doc>
<arguments>
<arg>${menu}</arg>
<arg>${rack id}</arg>
</arguments>
<assign>
<var>${x}</var>
</assign>
<msg timestamp="20191118 14:37:40.783" level="INFO">${x} = 2</msg>
<status status="PASS" starttime="20191118 14:37:40.783" endtime="20191118 14:37:40.783"></status>
</kw>
<msg timestamp="20191118 14:37:40.783" level="INFO">${rackID index} = 2</msg>
<status status="PASS" starttime="20191118 14:37:40.782" endtime="20191118 14:37:40.784"></status>
</kw>
<kw name="Get Panel Table_Panel ID">
<assign>
<var>${panelID index}</var>
</assign>
<kw name="Get Index From List" library="Collections">
<doc>Returns the index of the first occurrence of the ``value`` on the list.</doc>
<arguments>
<arg>${menu}</arg>
<arg>${panel id}</arg>
</arguments>
<assign>
<var>${x}</var>
</assign>
<msg timestamp="20191118 14:37:40.785" level="INFO">${x} = 3</msg>
<status status="PASS" starttime="20191118 14:37:40.784" endtime="20191118 14:37:40.785"></status>
</kw>
<msg timestamp="20191118 14:37:40.785" level="INFO">${panelID index} = 3</msg>
<status status="PASS" starttime="20191118 14:37:40.784" endtime="20191118 14:37:40.785"></status>
</kw>
<kw name="Get Panel Table_Row">
<assign>
<var>${row index}</var>
</assign>
<kw name="Get Index From List" library="Collections">
<doc>Returns the index of the first occurrence of the ``value`` on the list.</doc>
<arguments>
<arg>${menu}</arg>
<arg>${row}</arg>
</arguments>
<assign>
<var>${x}</var>
</assign>
<msg timestamp="20191118 14:37:40.786" level="INFO">${x} = 4</msg>
<status status="PASS" starttime="20191118 14:37:40.786" endtime="20191118 14:37:40.786"></status>
</kw>
<msg timestamp="20191118 14:37:40.787" level="INFO">${row index} = 4</msg>
<status status="PASS" starttime="20191118 14:37:40.785" endtime="20191118 14:37:40.787"></status>
</kw>
<status status="PASS" starttime="20191118 14:37:40.779" endtime="20191118 14:37:40.787"></status>
</kw>
<test id="s1-s1-t1" name="2-Dimensional List">
<kw name="Set Variable" library="BuiltIn">
<doc>Returns the given values which can then be assigned to a variables.</doc>
<arguments>
<arg>1100ps</arg>
</arguments>
<assign>
<var>${input panel type}</var>
</assign>
<msg timestamp="20191118 14:37:40.789" level="INFO">${input panel type} = 1100ps</msg>
<status status="PASS" starttime="20191118 14:37:40.788" endtime="20191118 14:37:40.789"></status>
</kw>
<kw name="Set Variable" library="BuiltIn">
<doc>Returns the given values which can then be assigned to a variables.</doc>
<arguments>
<arg>1</arg>
</arguments>
<assign>
<var>${input rackID}</var>
</assign>
<msg timestamp="20191118 14:37:40.790" level="INFO">${input rackID} = 1</msg>
<status status="PASS" starttime="20191118 14:37:40.790" endtime="20191118 14:37:40.790"></status>
</kw>
<kw name="Set Variable" library="BuiltIn">
<doc>Returns the given values which can then be assigned to a variables.</doc>
<arguments>
<arg>2</arg>
</arguments>
<assign>
<var>${input panelID}</var>
</assign>
<msg timestamp="20191118 14:37:40.791" level="INFO">${input panelID} = 2</msg>
<status status="PASS" starttime="20191118 14:37:40.790" endtime="20191118 14:37:40.791"></status>
</kw>
<kw name="Set Variable" library="BuiltIn">
<doc>Returns the given values which can then be assigned to a variables.</doc>
<arguments>
<arg>2</arg>
</arguments>
<assign>
<var>${input row}</var>
</assign>
<msg timestamp="20191118 14:37:40.791" level="INFO">${input row} = 2</msg>
<status status="PASS" starttime="20191118 14:37:40.791" endtime="20191118 14:37:40.791"></status>
</kw>
<kw name="Log" library="BuiltIn">
<doc>Logs the given message with the given level.</doc>
<arguments>
<arg>${dictionary panels table}[panel type]</arg>
</arguments>
<msg timestamp="20191118 14:37:40.792" level="FAIL">Dictionary '${dictionary panels table}' has no key 'panel type'.</msg>
<status status="FAIL" starttime="20191118 14:37:40.792" endtime="20191118 14:37:40.792"></status>
</kw>
<status status="FAIL" starttime="20191118 14:37:40.787" endtime="20191118 14:37:40.792" critical="yes">Dictionary '${dictionary panels table}' has no key 'panel type'.</status>
</test>
<status status="FAIL" starttime="20191118 14:37:40.765" endtime="20191118 14:37:40.793"></status>
</suite>
<status status="FAIL" starttime="20191118 14:37:40.741" endtime="20191118 14:37:40.794"></status>
</suite>
<statistics>
<total>
<stat pass="0" fail="1">Critical Tests</stat>
<stat pass="0" fail="1">All Tests</stat>
</total>
<tag>
</tag>
<suite>
<stat pass="0" fail="1" id="s1" name="BulkPatching Robot">BulkPatching Robot</stat>
<stat pass="0" fail="1" id="s1-s1" name="TestCucumber Invoke VP index">BulkPatching Robot.TestCucumber Invoke VP index</stat>
</suite>
</statistics>
<errors>
</errors>
</robot>
